[2023-03-23T22:52:07.989+0000] {taskinstance.py:1165} INFO - Dependencies all met for <TaskInstance: tutorial.templated scheduled__2023-03-22T22:51:32.856874+00:00 [queued]>
[2023-03-23T22:52:08.031+0000] {taskinstance.py:1165} INFO - Dependencies all met for <TaskInstance: tutorial.templated scheduled__2023-03-22T22:51:32.856874+00:00 [queued]>
[2023-03-23T22:52:08.033+0000] {taskinstance.py:1362} INFO - 
--------------------------------------------------------------------------------
[2023-03-23T22:52:08.034+0000] {taskinstance.py:1363} INFO - Starting attempt 1 of 2
[2023-03-23T22:52:08.036+0000] {taskinstance.py:1364} INFO - 
--------------------------------------------------------------------------------
[2023-03-23T22:52:08.096+0000] {taskinstance.py:1383} INFO - Executing <Task(BashOperator): templated> on 2023-03-22 22:51:32.856874+00:00
[2023-03-23T22:52:08.105+0000] {standard_task_runner.py:55} INFO - Started process 191 to run task
[2023-03-23T22:52:08.110+0000] {standard_task_runner.py:82} INFO - Running: ['***', 'tasks', 'run', 'tutorial', 'templated', 'scheduled__2023-03-22T22:51:32.856874+00:00', '--job-id', '6', '--raw', '--subdir', '/home/***/.local/lib/python3.7/site-packages/***/example_dags/tutorial.py', '--cfg-path', '/tmp/tmpy63pjczh']
[2023-03-23T22:52:08.112+0000] {standard_task_runner.py:83} INFO - Job 6: Subtask templated
[2023-03-23T22:52:08.239+0000] {task_command.py:376} INFO - Running <TaskInstance: tutorial.templated scheduled__2023-03-22T22:51:32.856874+00:00 [running]> on host c0256e98f3f5
[2023-03-23T22:52:08.484+0000] {taskinstance.py:1592} INFO - Exporting the following env vars:
AIRFLOW_CTX_DAG_EMAIL=***@example.com
AIRFLOW_CTX_DAG_OWNER=***
AIRFLOW_CTX_DAG_ID=tutorial
AIRFLOW_CTX_TASK_ID=templated
AIRFLOW_CTX_EXECUTION_DATE=2023-03-22T22:51:32.856874+00:00
AIRFLOW_CTX_TRY_NUMBER=1
AIRFLOW_CTX_DAG_RUN_ID=scheduled__2023-03-22T22:51:32.856874+00:00
[2023-03-23T22:52:08.486+0000] {subprocess.py:63} INFO - Tmp dir root location: 
 /tmp
[2023-03-23T22:52:08.488+0000] {subprocess.py:75} INFO - Running command: ['/bin/bash', '-c', '\n\n    echo "2023-03-22"\n    echo "2023-03-29"\n\n    echo "2023-03-22"\n    echo "2023-03-29"\n\n    echo "2023-03-22"\n    echo "2023-03-29"\n\n    echo "2023-03-22"\n    echo "2023-03-29"\n\n    echo "2023-03-22"\n    echo "2023-03-29"\n']
[2023-03-23T22:52:08.509+0000] {subprocess.py:86} INFO - Output:
[2023-03-23T22:52:08.512+0000] {subprocess.py:93} INFO - 2023-03-22
[2023-03-23T22:52:08.512+0000] {subprocess.py:93} INFO - 2023-03-29
[2023-03-23T22:52:08.513+0000] {subprocess.py:93} INFO - 2023-03-22
[2023-03-23T22:52:08.513+0000] {subprocess.py:93} INFO - 2023-03-29
[2023-03-23T22:52:08.514+0000] {subprocess.py:93} INFO - 2023-03-22
[2023-03-23T22:52:08.514+0000] {subprocess.py:93} INFO - 2023-03-29
[2023-03-23T22:52:08.515+0000] {subprocess.py:93} INFO - 2023-03-22
[2023-03-23T22:52:08.515+0000] {subprocess.py:93} INFO - 2023-03-29
[2023-03-23T22:52:08.516+0000] {subprocess.py:93} INFO - 2023-03-22
[2023-03-23T22:52:08.517+0000] {subprocess.py:93} INFO - 2023-03-29
[2023-03-23T22:52:08.517+0000] {subprocess.py:97} INFO - Command exited with return code 0
[2023-03-23T22:52:08.562+0000] {taskinstance.py:1406} INFO - Marking task as SUCCESS. dag_id=tutorial, task_id=templated, execution_date=20230322T225132, start_date=20230323T225207, end_date=20230323T225208
[2023-03-23T22:52:08.609+0000] {local_task_job.py:164} INFO - Task exited with return code 0
[2023-03-23T22:52:08.643+0000] {local_task_job.py:273} INFO - 0 downstream tasks scheduled from follow-on schedule check
