[2023-03-23T22:52:06.141+0000] {taskinstance.py:1165} INFO - Dependencies all met for <TaskInstance: tutorial.print_date manual__2023-03-23T22:52:04.518899+00:00 [queued]>
[2023-03-23T22:52:06.156+0000] {taskinstance.py:1165} INFO - Dependencies all met for <TaskInstance: tutorial.print_date manual__2023-03-23T22:52:04.518899+00:00 [queued]>
[2023-03-23T22:52:06.156+0000] {taskinstance.py:1362} INFO - 
--------------------------------------------------------------------------------
[2023-03-23T22:52:06.157+0000] {taskinstance.py:1363} INFO - Starting attempt 1 of 2
[2023-03-23T22:52:06.158+0000] {taskinstance.py:1364} INFO - 
--------------------------------------------------------------------------------
[2023-03-23T22:52:06.180+0000] {taskinstance.py:1383} INFO - Executing <Task(BashOperator): print_date> on 2023-03-23 22:52:04.518899+00:00
[2023-03-23T22:52:06.186+0000] {standard_task_runner.py:55} INFO - Started process 173 to run task
[2023-03-23T22:52:06.190+0000] {standard_task_runner.py:82} INFO - Running: ['***', 'tasks', 'run', 'tutorial', 'print_date', 'manual__2023-03-23T22:52:04.518899+00:00', '--job-id', '4', '--raw', '--subdir', '/home/***/.local/lib/python3.7/site-packages/***/example_dags/tutorial.py', '--cfg-path', '/tmp/tmpdyhhu3dw']
[2023-03-23T22:52:06.192+0000] {standard_task_runner.py:83} INFO - Job 4: Subtask print_date
[2023-03-23T22:52:06.284+0000] {task_command.py:376} INFO - Running <TaskInstance: tutorial.print_date manual__2023-03-23T22:52:04.518899+00:00 [running]> on host c0256e98f3f5
[2023-03-23T22:52:06.422+0000] {taskinstance.py:1592} INFO - Exporting the following env vars:
AIRFLOW_CTX_DAG_EMAIL=***@example.com
AIRFLOW_CTX_DAG_OWNER=***
AIRFLOW_CTX_DAG_ID=tutorial
AIRFLOW_CTX_TASK_ID=print_date
AIRFLOW_CTX_EXECUTION_DATE=2023-03-23T22:52:04.518899+00:00
AIRFLOW_CTX_TRY_NUMBER=1
AIRFLOW_CTX_DAG_RUN_ID=manual__2023-03-23T22:52:04.518899+00:00
[2023-03-23T22:52:06.425+0000] {subprocess.py:63} INFO - Tmp dir root location: 
 /tmp
[2023-03-23T22:52:06.426+0000] {subprocess.py:75} INFO - Running command: ['/bin/bash', '-c', 'date']
[2023-03-23T22:52:06.441+0000] {subprocess.py:86} INFO - Output:
[2023-03-23T22:52:06.445+0000] {subprocess.py:93} INFO - Thu Mar 23 22:52:06 UTC 2023
[2023-03-23T22:52:06.446+0000] {subprocess.py:97} INFO - Command exited with return code 0
[2023-03-23T22:52:06.493+0000] {taskinstance.py:1406} INFO - Marking task as SUCCESS. dag_id=tutorial, task_id=print_date, execution_date=20230323T225204, start_date=20230323T225206, end_date=20230323T225206
[2023-03-23T22:52:06.563+0000] {local_task_job.py:164} INFO - Task exited with return code 0
[2023-03-23T22:52:06.644+0000] {local_task_job.py:273} INFO - 2 downstream tasks scheduled from follow-on schedule check
