[2023-03-23T22:52:08.089+0000] {taskinstance.py:1165} INFO - Dependencies all met for <TaskInstance: tutorial.sleep scheduled__2023-03-22T22:51:32.856874+00:00 [queued]>
[2023-03-23T22:52:08.126+0000] {taskinstance.py:1165} INFO - Dependencies all met for <TaskInstance: tutorial.sleep scheduled__2023-03-22T22:51:32.856874+00:00 [queued]>
[2023-03-23T22:52:08.127+0000] {taskinstance.py:1362} INFO - 
--------------------------------------------------------------------------------
[2023-03-23T22:52:08.128+0000] {taskinstance.py:1363} INFO - Starting attempt 1 of 4
[2023-03-23T22:52:08.129+0000] {taskinstance.py:1364} INFO - 
--------------------------------------------------------------------------------
[2023-03-23T22:52:08.163+0000] {taskinstance.py:1383} INFO - Executing <Task(BashOperator): sleep> on 2023-03-22 22:51:32.856874+00:00
[2023-03-23T22:52:08.172+0000] {standard_task_runner.py:55} INFO - Started process 193 to run task
[2023-03-23T22:52:08.179+0000] {standard_task_runner.py:82} INFO - Running: ['***', 'tasks', 'run', 'tutorial', 'sleep', 'scheduled__2023-03-22T22:51:32.856874+00:00', '--job-id', '8', '--raw', '--subdir', '/home/***/.local/lib/python3.7/site-packages/***/example_dags/tutorial.py', '--cfg-path', '/tmp/tmpku7ao74o']
[2023-03-23T22:52:08.180+0000] {standard_task_runner.py:83} INFO - Job 8: Subtask sleep
[2023-03-23T22:52:08.314+0000] {task_command.py:376} INFO - Running <TaskInstance: tutorial.sleep scheduled__2023-03-22T22:51:32.856874+00:00 [running]> on host c0256e98f3f5
[2023-03-23T22:52:08.544+0000] {taskinstance.py:1592} INFO - Exporting the following env vars:
AIRFLOW_CTX_DAG_EMAIL=***@example.com
AIRFLOW_CTX_DAG_OWNER=***
AIRFLOW_CTX_DAG_ID=tutorial
AIRFLOW_CTX_TASK_ID=sleep
AIRFLOW_CTX_EXECUTION_DATE=2023-03-22T22:51:32.856874+00:00
AIRFLOW_CTX_TRY_NUMBER=1
AIRFLOW_CTX_DAG_RUN_ID=scheduled__2023-03-22T22:51:32.856874+00:00
[2023-03-23T22:52:08.546+0000] {subprocess.py:63} INFO - Tmp dir root location: 
 /tmp
[2023-03-23T22:52:08.548+0000] {subprocess.py:75} INFO - Running command: ['/bin/bash', '-c', 'sleep 5']
[2023-03-23T22:52:08.568+0000] {subprocess.py:86} INFO - Output:
[2023-03-23T22:52:13.570+0000] {subprocess.py:97} INFO - Command exited with return code 0
[2023-03-23T22:52:13.601+0000] {taskinstance.py:1406} INFO - Marking task as SUCCESS. dag_id=tutorial, task_id=sleep, execution_date=20230322T225132, start_date=20230323T225208, end_date=20230323T225213
[2023-03-23T22:52:13.629+0000] {local_task_job.py:164} INFO - Task exited with return code 0
[2023-03-23T22:52:13.645+0000] {local_task_job.py:273} INFO - 0 downstream tasks scheduled from follow-on schedule check
