[2023-03-23T22:49:09.680+0000] {processor.py:154} INFO - Started process (PID=99) to work on /home/airflow/.local/lib/python3.7/site-packages/airflow/example_dags/example_xcomargs.py
[2023-03-23T22:49:09.691+0000] {processor.py:756} INFO - Processing file /home/airflow/.local/lib/python3.7/site-packages/airflow/example_dags/example_xcomargs.py for tasks to queue
[2023-03-23T22:49:09.694+0000] {logging_mixin.py:120} INFO - [2023-03-23T22:49:09.694+0000] {dagbag.py:537} INFO - Filling up the DagBag from /home/airflow/.local/lib/python3.7/site-packages/airflow/example_dags/example_xcomargs.py
[2023-03-23T22:49:09.838+0000] {processor.py:766} INFO - DAG(s) dict_keys(['example_xcom_args', 'example_xcom_args_with_operators']) retrieved from /home/airflow/.local/lib/python3.7/site-packages/airflow/example_dags/example_xcomargs.py
[2023-03-23T22:49:10.624+0000] {logging_mixin.py:120} INFO - [2023-03-23T22:49:10.624+0000] {manager.py:507} INFO - Created Permission View: can edit on DAG:example_xcom_args
[2023-03-23T22:49:10.728+0000] {logging_mixin.py:120} INFO - [2023-03-23T22:49:10.727+0000] {manager.py:507} INFO - Created Permission View: can read on DAG:example_xcom_args
[2023-03-23T22:49:10.811+0000] {logging_mixin.py:120} INFO - [2023-03-23T22:49:10.811+0000] {manager.py:507} INFO - Created Permission View: can delete on DAG:example_xcom_args
[2023-03-23T22:49:10.938+0000] {logging_mixin.py:120} INFO - [2023-03-23T22:49:10.938+0000] {manager.py:507} INFO - Created Permission View: can edit on DAG:example_xcom_args_with_operators
[2023-03-23T22:49:10.982+0000] {logging_mixin.py:120} INFO - [2023-03-23T22:49:10.982+0000] {manager.py:507} INFO - Created Permission View: can read on DAG:example_xcom_args_with_operators
[2023-03-23T22:49:11.006+0000] {logging_mixin.py:120} INFO - [2023-03-23T22:49:11.006+0000] {manager.py:507} INFO - Created Permission View: can delete on DAG:example_xcom_args_with_operators
[2023-03-23T22:49:11.007+0000] {logging_mixin.py:120} INFO - [2023-03-23T22:49:11.007+0000] {dag.py:2585} INFO - Sync 2 DAGs
[2023-03-23T22:49:11.103+0000] {logging_mixin.py:120} INFO - [2023-03-23T22:49:11.103+0000] {dag.py:2606} INFO - Creating ORM DAG for example_xcom_args
[2023-03-23T22:49:11.112+0000] {logging_mixin.py:120} INFO - [2023-03-23T22:49:11.111+0000] {dag.py:2606} INFO - Creating ORM DAG for example_xcom_args_with_operators
[2023-03-23T22:49:11.194+0000] {logging_mixin.py:120} INFO - [2023-03-23T22:49:11.193+0000] {dag.py:3340} INFO - Setting next_dagrun for example_xcom_args to None, run_after=None
[2023-03-23T22:49:11.200+0000] {logging_mixin.py:120} INFO - [2023-03-23T22:49:11.199+0000] {dag.py:3340} INFO - Setting next_dagrun for example_xcom_args_with_operators to None, run_after=None
[2023-03-23T22:49:11.338+0000] {processor.py:176} INFO - Processing /home/airflow/.local/lib/python3.7/site-packages/airflow/example_dags/example_xcomargs.py took 1.664 seconds
[2023-03-23T22:49:43.416+0000] {processor.py:154} INFO - Started process (PID=154) to work on /home/airflow/.local/lib/python3.7/site-packages/airflow/example_dags/example_xcomargs.py
[2023-03-23T22:49:43.423+0000] {processor.py:756} INFO - Processing file /home/airflow/.local/lib/python3.7/site-packages/airflow/example_dags/example_xcomargs.py for tasks to queue
[2023-03-23T22:49:43.471+0000] {logging_mixin.py:120} INFO - [2023-03-23T22:49:43.470+0000] {dagbag.py:537} INFO - Filling up the DagBag from /home/airflow/.local/lib/python3.7/site-packages/airflow/example_dags/example_xcomargs.py
[2023-03-23T22:49:43.574+0000] {processor.py:766} INFO - DAG(s) dict_keys(['example_xcom_args', 'example_xcom_args_with_operators']) retrieved from /home/airflow/.local/lib/python3.7/site-packages/airflow/example_dags/example_xcomargs.py
[2023-03-23T22:49:43.723+0000] {logging_mixin.py:120} INFO - [2023-03-23T22:49:43.723+0000] {dag.py:2585} INFO - Sync 2 DAGs
[2023-03-23T22:49:43.794+0000] {logging_mixin.py:120} INFO - [2023-03-23T22:49:43.793+0000] {dag.py:3340} INFO - Setting next_dagrun for example_xcom_args to None, run_after=None
[2023-03-23T22:49:44.481+0000] {logging_mixin.py:120} INFO - [2023-03-23T22:49:44.480+0000] {dag.py:3340} INFO - Setting next_dagrun for example_xcom_args_with_operators to None, run_after=None
[2023-03-23T22:49:44.622+0000] {processor.py:176} INFO - Processing /home/airflow/.local/lib/python3.7/site-packages/airflow/example_dags/example_xcomargs.py took 1.210 seconds
[2023-03-23T22:50:14.824+0000] {processor.py:154} INFO - Started process (PID=208) to work on /home/airflow/.local/lib/python3.7/site-packages/airflow/example_dags/example_xcomargs.py
[2023-03-23T22:50:14.828+0000] {processor.py:756} INFO - Processing file /home/airflow/.local/lib/python3.7/site-packages/airflow/example_dags/example_xcomargs.py for tasks to queue
[2023-03-23T22:50:14.830+0000] {logging_mixin.py:120} INFO - [2023-03-23T22:50:14.830+0000] {dagbag.py:537} INFO - Filling up the DagBag from /home/airflow/.local/lib/python3.7/site-packages/airflow/example_dags/example_xcomargs.py
[2023-03-23T22:50:14.894+0000] {processor.py:766} INFO - DAG(s) dict_keys(['example_xcom_args_with_operators', 'example_xcom_args']) retrieved from /home/airflow/.local/lib/python3.7/site-packages/airflow/example_dags/example_xcomargs.py
[2023-03-23T22:50:15.081+0000] {logging_mixin.py:120} INFO - [2023-03-23T22:50:15.081+0000] {dag.py:2585} INFO - Sync 2 DAGs
[2023-03-23T22:50:15.168+0000] {logging_mixin.py:120} INFO - [2023-03-23T22:50:15.168+0000] {dag.py:3340} INFO - Setting next_dagrun for example_xcom_args to None, run_after=None
[2023-03-23T22:50:15.185+0000] {logging_mixin.py:120} INFO - [2023-03-23T22:50:15.185+0000] {dag.py:3340} INFO - Setting next_dagrun for example_xcom_args_with_operators to None, run_after=None
[2023-03-23T22:50:15.240+0000] {processor.py:176} INFO - Processing /home/airflow/.local/lib/python3.7/site-packages/airflow/example_dags/example_xcomargs.py took 0.422 seconds
[2023-03-23T22:50:50.447+0000] {processor.py:154} INFO - Started process (PID=264) to work on /home/airflow/.local/lib/python3.7/site-packages/airflow/example_dags/example_xcomargs.py
[2023-03-23T22:50:50.451+0000] {processor.py:756} INFO - Processing file /home/airflow/.local/lib/python3.7/site-packages/airflow/example_dags/example_xcomargs.py for tasks to queue
[2023-03-23T22:50:50.453+0000] {logging_mixin.py:120} INFO - [2023-03-23T22:50:50.453+0000] {dagbag.py:537} INFO - Filling up the DagBag from /home/airflow/.local/lib/python3.7/site-packages/airflow/example_dags/example_xcomargs.py
[2023-03-23T22:50:50.576+0000] {processor.py:766} INFO - DAG(s) dict_keys(['example_xcom_args_with_operators', 'example_xcom_args']) retrieved from /home/airflow/.local/lib/python3.7/site-packages/airflow/example_dags/example_xcomargs.py
[2023-03-23T22:50:50.788+0000] {logging_mixin.py:120} INFO - [2023-03-23T22:50:50.787+0000] {dag.py:2585} INFO - Sync 2 DAGs
[2023-03-23T22:50:50.891+0000] {logging_mixin.py:120} INFO - [2023-03-23T22:50:50.891+0000] {dag.py:3340} INFO - Setting next_dagrun for example_xcom_args to None, run_after=None
[2023-03-23T22:50:50.898+0000] {logging_mixin.py:120} INFO - [2023-03-23T22:50:50.898+0000] {dag.py:3340} INFO - Setting next_dagrun for example_xcom_args_with_operators to None, run_after=None
[2023-03-23T22:50:50.959+0000] {processor.py:176} INFO - Processing /home/airflow/.local/lib/python3.7/site-packages/airflow/example_dags/example_xcomargs.py took 0.528 seconds
[2023-03-23T22:51:24.828+0000] {processor.py:154} INFO - Started process (PID=318) to work on /home/airflow/.local/lib/python3.7/site-packages/airflow/example_dags/example_xcomargs.py
[2023-03-23T22:51:24.830+0000] {processor.py:756} INFO - Processing file /home/airflow/.local/lib/python3.7/site-packages/airflow/example_dags/example_xcomargs.py for tasks to queue
[2023-03-23T22:51:24.831+0000] {logging_mixin.py:120} INFO - [2023-03-23T22:51:24.831+0000] {dagbag.py:537} INFO - Filling up the DagBag from /home/airflow/.local/lib/python3.7/site-packages/airflow/example_dags/example_xcomargs.py
[2023-03-23T22:51:24.872+0000] {processor.py:766} INFO - DAG(s) dict_keys(['example_xcom_args', 'example_xcom_args_with_operators']) retrieved from /home/airflow/.local/lib/python3.7/site-packages/airflow/example_dags/example_xcomargs.py
[2023-03-23T22:51:25.018+0000] {logging_mixin.py:120} INFO - [2023-03-23T22:51:25.008+0000] {dag.py:2585} INFO - Sync 2 DAGs
[2023-03-23T22:51:25.122+0000] {logging_mixin.py:120} INFO - [2023-03-23T22:51:25.122+0000] {dag.py:3340} INFO - Setting next_dagrun for example_xcom_args to None, run_after=None
[2023-03-23T22:51:25.140+0000] {logging_mixin.py:120} INFO - [2023-03-23T22:51:25.139+0000] {dag.py:3340} INFO - Setting next_dagrun for example_xcom_args_with_operators to None, run_after=None
[2023-03-23T22:51:25.203+0000] {processor.py:176} INFO - Processing /home/airflow/.local/lib/python3.7/site-packages/airflow/example_dags/example_xcomargs.py took 0.379 seconds
[2023-03-23T22:51:57.245+0000] {processor.py:154} INFO - Started process (PID=382) to work on /home/airflow/.local/lib/python3.7/site-packages/airflow/example_dags/example_xcomargs.py
[2023-03-23T22:51:57.246+0000] {processor.py:756} INFO - Processing file /home/airflow/.local/lib/python3.7/site-packages/airflow/example_dags/example_xcomargs.py for tasks to queue
[2023-03-23T22:51:57.248+0000] {logging_mixin.py:120} INFO - [2023-03-23T22:51:57.247+0000] {dagbag.py:537} INFO - Filling up the DagBag from /home/airflow/.local/lib/python3.7/site-packages/airflow/example_dags/example_xcomargs.py
[2023-03-23T22:51:57.322+0000] {processor.py:766} INFO - DAG(s) dict_keys(['example_xcom_args', 'example_xcom_args_with_operators']) retrieved from /home/airflow/.local/lib/python3.7/site-packages/airflow/example_dags/example_xcomargs.py
[2023-03-23T22:51:57.472+0000] {logging_mixin.py:120} INFO - [2023-03-23T22:51:57.472+0000] {dag.py:2585} INFO - Sync 2 DAGs
[2023-03-23T22:51:57.609+0000] {logging_mixin.py:120} INFO - [2023-03-23T22:51:57.609+0000] {dag.py:3340} INFO - Setting next_dagrun for example_xcom_args to None, run_after=None
[2023-03-23T22:51:57.630+0000] {logging_mixin.py:120} INFO - [2023-03-23T22:51:57.629+0000] {dag.py:3340} INFO - Setting next_dagrun for example_xcom_args_with_operators to None, run_after=None
[2023-03-23T22:51:57.822+0000] {processor.py:176} INFO - Processing /home/airflow/.local/lib/python3.7/site-packages/airflow/example_dags/example_xcomargs.py took 0.586 seconds
[2023-03-23T22:52:28.050+0000] {processor.py:154} INFO - Started process (PID=448) to work on /home/airflow/.local/lib/python3.7/site-packages/airflow/example_dags/example_xcomargs.py
[2023-03-23T22:52:28.051+0000] {processor.py:756} INFO - Processing file /home/airflow/.local/lib/python3.7/site-packages/airflow/example_dags/example_xcomargs.py for tasks to queue
[2023-03-23T22:52:28.052+0000] {logging_mixin.py:120} INFO - [2023-03-23T22:52:28.051+0000] {dagbag.py:537} INFO - Filling up the DagBag from /home/airflow/.local/lib/python3.7/site-packages/airflow/example_dags/example_xcomargs.py
[2023-03-23T22:52:28.075+0000] {processor.py:766} INFO - DAG(s) dict_keys(['example_xcom_args', 'example_xcom_args_with_operators']) retrieved from /home/airflow/.local/lib/python3.7/site-packages/airflow/example_dags/example_xcomargs.py
[2023-03-23T22:52:28.122+0000] {logging_mixin.py:120} INFO - [2023-03-23T22:52:28.122+0000] {dag.py:2585} INFO - Sync 2 DAGs
[2023-03-23T22:52:28.148+0000] {logging_mixin.py:120} INFO - [2023-03-23T22:52:28.148+0000] {dag.py:3340} INFO - Setting next_dagrun for example_xcom_args to None, run_after=None
[2023-03-23T22:52:28.151+0000] {logging_mixin.py:120} INFO - [2023-03-23T22:52:28.151+0000] {dag.py:3340} INFO - Setting next_dagrun for example_xcom_args_with_operators to None, run_after=None
[2023-03-23T22:52:28.171+0000] {processor.py:176} INFO - Processing /home/airflow/.local/lib/python3.7/site-packages/airflow/example_dags/example_xcomargs.py took 0.126 seconds
[2023-03-23T22:52:59.356+0000] {processor.py:154} INFO - Started process (PID=510) to work on /home/airflow/.local/lib/python3.7/site-packages/airflow/example_dags/example_xcomargs.py
[2023-03-23T22:52:59.358+0000] {processor.py:756} INFO - Processing file /home/airflow/.local/lib/python3.7/site-packages/airflow/example_dags/example_xcomargs.py for tasks to queue
[2023-03-23T22:52:59.360+0000] {logging_mixin.py:120} INFO - [2023-03-23T22:52:59.359+0000] {dagbag.py:537} INFO - Filling up the DagBag from /home/airflow/.local/lib/python3.7/site-packages/airflow/example_dags/example_xcomargs.py
[2023-03-23T22:52:59.420+0000] {processor.py:766} INFO - DAG(s) dict_keys(['example_xcom_args', 'example_xcom_args_with_operators']) retrieved from /home/airflow/.local/lib/python3.7/site-packages/airflow/example_dags/example_xcomargs.py
[2023-03-23T22:52:59.556+0000] {logging_mixin.py:120} INFO - [2023-03-23T22:52:59.556+0000] {dag.py:2585} INFO - Sync 2 DAGs
[2023-03-23T22:52:59.615+0000] {logging_mixin.py:120} INFO - [2023-03-23T22:52:59.615+0000] {dag.py:3340} INFO - Setting next_dagrun for example_xcom_args to None, run_after=None
[2023-03-23T22:52:59.624+0000] {logging_mixin.py:120} INFO - [2023-03-23T22:52:59.623+0000] {dag.py:3340} INFO - Setting next_dagrun for example_xcom_args_with_operators to None, run_after=None
[2023-03-23T22:52:59.663+0000] {processor.py:176} INFO - Processing /home/airflow/.local/lib/python3.7/site-packages/airflow/example_dags/example_xcomargs.py took 0.314 seconds
[2023-03-23T22:53:30.101+0000] {processor.py:154} INFO - Started process (PID=564) to work on /home/airflow/.local/lib/python3.7/site-packages/airflow/example_dags/example_xcomargs.py
[2023-03-23T22:53:30.102+0000] {processor.py:756} INFO - Processing file /home/airflow/.local/lib/python3.7/site-packages/airflow/example_dags/example_xcomargs.py for tasks to queue
[2023-03-23T22:53:30.103+0000] {logging_mixin.py:120} INFO - [2023-03-23T22:53:30.103+0000] {dagbag.py:537} INFO - Filling up the DagBag from /home/airflow/.local/lib/python3.7/site-packages/airflow/example_dags/example_xcomargs.py
[2023-03-23T22:53:30.132+0000] {processor.py:766} INFO - DAG(s) dict_keys(['example_xcom_args', 'example_xcom_args_with_operators']) retrieved from /home/airflow/.local/lib/python3.7/site-packages/airflow/example_dags/example_xcomargs.py
[2023-03-23T22:53:30.193+0000] {logging_mixin.py:120} INFO - [2023-03-23T22:53:30.193+0000] {dag.py:2585} INFO - Sync 2 DAGs
[2023-03-23T22:53:30.228+0000] {logging_mixin.py:120} INFO - [2023-03-23T22:53:30.227+0000] {dag.py:3340} INFO - Setting next_dagrun for example_xcom_args to None, run_after=None
[2023-03-23T22:53:30.233+0000] {logging_mixin.py:120} INFO - [2023-03-23T22:53:30.232+0000] {dag.py:3340} INFO - Setting next_dagrun for example_xcom_args_with_operators to None, run_after=None
[2023-03-23T22:53:30.263+0000] {processor.py:176} INFO - Processing /home/airflow/.local/lib/python3.7/site-packages/airflow/example_dags/example_xcomargs.py took 0.167 seconds
[2023-03-23T22:54:00.681+0000] {processor.py:154} INFO - Started process (PID=627) to work on /home/airflow/.local/lib/python3.7/site-packages/airflow/example_dags/example_xcomargs.py
[2023-03-23T22:54:00.683+0000] {processor.py:756} INFO - Processing file /home/airflow/.local/lib/python3.7/site-packages/airflow/example_dags/example_xcomargs.py for tasks to queue
[2023-03-23T22:54:00.684+0000] {logging_mixin.py:120} INFO - [2023-03-23T22:54:00.684+0000] {dagbag.py:537} INFO - Filling up the DagBag from /home/airflow/.local/lib/python3.7/site-packages/airflow/example_dags/example_xcomargs.py
[2023-03-23T22:54:00.741+0000] {processor.py:766} INFO - DAG(s) dict_keys(['example_xcom_args_with_operators', 'example_xcom_args']) retrieved from /home/airflow/.local/lib/python3.7/site-packages/airflow/example_dags/example_xcomargs.py
[2023-03-23T22:54:00.846+0000] {logging_mixin.py:120} INFO - [2023-03-23T22:54:00.845+0000] {dag.py:2585} INFO - Sync 2 DAGs
[2023-03-23T22:54:00.926+0000] {logging_mixin.py:120} INFO - [2023-03-23T22:54:00.925+0000] {dag.py:3340} INFO - Setting next_dagrun for example_xcom_args to None, run_after=None
[2023-03-23T22:54:00.933+0000] {logging_mixin.py:120} INFO - [2023-03-23T22:54:00.933+0000] {dag.py:3340} INFO - Setting next_dagrun for example_xcom_args_with_operators to None, run_after=None
[2023-03-23T22:54:00.973+0000] {processor.py:176} INFO - Processing /home/airflow/.local/lib/python3.7/site-packages/airflow/example_dags/example_xcomargs.py took 0.296 seconds
[2023-03-23T22:54:31.348+0000] {processor.py:154} INFO - Started process (PID=680) to work on /home/airflow/.local/lib/python3.7/site-packages/airflow/example_dags/example_xcomargs.py
[2023-03-23T22:54:31.350+0000] {processor.py:756} INFO - Processing file /home/airflow/.local/lib/python3.7/site-packages/airflow/example_dags/example_xcomargs.py for tasks to queue
[2023-03-23T22:54:31.351+0000] {logging_mixin.py:120} INFO - [2023-03-23T22:54:31.351+0000] {dagbag.py:537} INFO - Filling up the DagBag from /home/airflow/.local/lib/python3.7/site-packages/airflow/example_dags/example_xcomargs.py
[2023-03-23T22:54:31.447+0000] {processor.py:766} INFO - DAG(s) dict_keys(['example_xcom_args', 'example_xcom_args_with_operators']) retrieved from /home/airflow/.local/lib/python3.7/site-packages/airflow/example_dags/example_xcomargs.py
[2023-03-23T22:54:31.581+0000] {logging_mixin.py:120} INFO - [2023-03-23T22:54:31.580+0000] {dag.py:2585} INFO - Sync 2 DAGs
[2023-03-23T22:54:31.629+0000] {logging_mixin.py:120} INFO - [2023-03-23T22:54:31.629+0000] {dag.py:3340} INFO - Setting next_dagrun for example_xcom_args to None, run_after=None
[2023-03-23T22:54:31.638+0000] {logging_mixin.py:120} INFO - [2023-03-23T22:54:31.638+0000] {dag.py:3340} INFO - Setting next_dagrun for example_xcom_args_with_operators to None, run_after=None
[2023-03-23T22:54:31.699+0000] {processor.py:176} INFO - Processing /home/airflow/.local/lib/python3.7/site-packages/airflow/example_dags/example_xcomargs.py took 0.363 seconds
[2023-03-23T22:55:02.259+0000] {processor.py:154} INFO - Started process (PID=743) to work on /home/airflow/.local/lib/python3.7/site-packages/airflow/example_dags/example_xcomargs.py
[2023-03-23T22:55:02.260+0000] {processor.py:756} INFO - Processing file /home/airflow/.local/lib/python3.7/site-packages/airflow/example_dags/example_xcomargs.py for tasks to queue
[2023-03-23T22:55:02.261+0000] {logging_mixin.py:120} INFO - [2023-03-23T22:55:02.261+0000] {dagbag.py:537} INFO - Filling up the DagBag from /home/airflow/.local/lib/python3.7/site-packages/airflow/example_dags/example_xcomargs.py
[2023-03-23T22:55:02.298+0000] {processor.py:766} INFO - DAG(s) dict_keys(['example_xcom_args_with_operators', 'example_xcom_args']) retrieved from /home/airflow/.local/lib/python3.7/site-packages/airflow/example_dags/example_xcomargs.py
[2023-03-23T22:55:02.346+0000] {logging_mixin.py:120} INFO - [2023-03-23T22:55:02.345+0000] {dag.py:2585} INFO - Sync 2 DAGs
[2023-03-23T22:55:02.369+0000] {logging_mixin.py:120} INFO - [2023-03-23T22:55:02.369+0000] {dag.py:3340} INFO - Setting next_dagrun for example_xcom_args to None, run_after=None
[2023-03-23T22:55:02.373+0000] {logging_mixin.py:120} INFO - [2023-03-23T22:55:02.373+0000] {dag.py:3340} INFO - Setting next_dagrun for example_xcom_args_with_operators to None, run_after=None
[2023-03-23T22:55:02.392+0000] {processor.py:176} INFO - Processing /home/airflow/.local/lib/python3.7/site-packages/airflow/example_dags/example_xcomargs.py took 0.137 seconds
[2023-03-23T22:55:32.778+0000] {processor.py:154} INFO - Started process (PID=806) to work on /home/airflow/.local/lib/python3.7/site-packages/airflow/example_dags/example_xcomargs.py
[2023-03-23T22:55:32.779+0000] {processor.py:756} INFO - Processing file /home/airflow/.local/lib/python3.7/site-packages/airflow/example_dags/example_xcomargs.py for tasks to queue
[2023-03-23T22:55:32.780+0000] {logging_mixin.py:120} INFO - [2023-03-23T22:55:32.780+0000] {dagbag.py:537} INFO - Filling up the DagBag from /home/airflow/.local/lib/python3.7/site-packages/airflow/example_dags/example_xcomargs.py
[2023-03-23T22:55:32.801+0000] {processor.py:766} INFO - DAG(s) dict_keys(['example_xcom_args', 'example_xcom_args_with_operators']) retrieved from /home/airflow/.local/lib/python3.7/site-packages/airflow/example_dags/example_xcomargs.py
[2023-03-23T22:55:32.849+0000] {logging_mixin.py:120} INFO - [2023-03-23T22:55:32.848+0000] {dag.py:2585} INFO - Sync 2 DAGs
[2023-03-23T22:55:32.874+0000] {logging_mixin.py:120} INFO - [2023-03-23T22:55:32.873+0000] {dag.py:3340} INFO - Setting next_dagrun for example_xcom_args to None, run_after=None
[2023-03-23T22:55:32.879+0000] {logging_mixin.py:120} INFO - [2023-03-23T22:55:32.878+0000] {dag.py:3340} INFO - Setting next_dagrun for example_xcom_args_with_operators to None, run_after=None
[2023-03-23T22:55:32.900+0000] {processor.py:176} INFO - Processing /home/airflow/.local/lib/python3.7/site-packages/airflow/example_dags/example_xcomargs.py took 0.125 seconds
[2023-03-23T22:56:03.293+0000] {processor.py:154} INFO - Started process (PID=860) to work on /home/airflow/.local/lib/python3.7/site-packages/airflow/example_dags/example_xcomargs.py
[2023-03-23T22:56:03.294+0000] {processor.py:756} INFO - Processing file /home/airflow/.local/lib/python3.7/site-packages/airflow/example_dags/example_xcomargs.py for tasks to queue
[2023-03-23T22:56:03.295+0000] {logging_mixin.py:120} INFO - [2023-03-23T22:56:03.295+0000] {dagbag.py:537} INFO - Filling up the DagBag from /home/airflow/.local/lib/python3.7/site-packages/airflow/example_dags/example_xcomargs.py
[2023-03-23T22:56:03.321+0000] {processor.py:766} INFO - DAG(s) dict_keys(['example_xcom_args', 'example_xcom_args_with_operators']) retrieved from /home/airflow/.local/lib/python3.7/site-packages/airflow/example_dags/example_xcomargs.py
[2023-03-23T22:56:03.384+0000] {logging_mixin.py:120} INFO - [2023-03-23T22:56:03.384+0000] {dag.py:2585} INFO - Sync 2 DAGs
[2023-03-23T22:56:03.436+0000] {logging_mixin.py:120} INFO - [2023-03-23T22:56:03.436+0000] {dag.py:3340} INFO - Setting next_dagrun for example_xcom_args to None, run_after=None
[2023-03-23T22:56:03.444+0000] {logging_mixin.py:120} INFO - [2023-03-23T22:56:03.444+0000] {dag.py:3340} INFO - Setting next_dagrun for example_xcom_args_with_operators to None, run_after=None
[2023-03-23T22:56:03.478+0000] {processor.py:176} INFO - Processing /home/airflow/.local/lib/python3.7/site-packages/airflow/example_dags/example_xcomargs.py took 0.188 seconds
[2023-03-23T22:56:33.857+0000] {processor.py:154} INFO - Started process (PID=924) to work on /home/airflow/.local/lib/python3.7/site-packages/airflow/example_dags/example_xcomargs.py
[2023-03-23T22:56:33.857+0000] {processor.py:756} INFO - Processing file /home/airflow/.local/lib/python3.7/site-packages/airflow/example_dags/example_xcomargs.py for tasks to queue
[2023-03-23T22:56:33.858+0000] {logging_mixin.py:120} INFO - [2023-03-23T22:56:33.858+0000] {dagbag.py:537} INFO - Filling up the DagBag from /home/airflow/.local/lib/python3.7/site-packages/airflow/example_dags/example_xcomargs.py
[2023-03-23T22:56:33.883+0000] {processor.py:766} INFO - DAG(s) dict_keys(['example_xcom_args_with_operators', 'example_xcom_args']) retrieved from /home/airflow/.local/lib/python3.7/site-packages/airflow/example_dags/example_xcomargs.py
[2023-03-23T22:56:33.931+0000] {logging_mixin.py:120} INFO - [2023-03-23T22:56:33.930+0000] {dag.py:2585} INFO - Sync 2 DAGs
[2023-03-23T22:56:33.959+0000] {logging_mixin.py:120} INFO - [2023-03-23T22:56:33.959+0000] {dag.py:3340} INFO - Setting next_dagrun for example_xcom_args to None, run_after=None
[2023-03-23T22:56:33.963+0000] {logging_mixin.py:120} INFO - [2023-03-23T22:56:33.962+0000] {dag.py:3340} INFO - Setting next_dagrun for example_xcom_args_with_operators to None, run_after=None
[2023-03-23T22:56:33.984+0000] {processor.py:176} INFO - Processing /home/airflow/.local/lib/python3.7/site-packages/airflow/example_dags/example_xcomargs.py took 0.131 seconds
[2023-03-23T22:57:04.415+0000] {processor.py:154} INFO - Started process (PID=988) to work on /home/airflow/.local/lib/python3.7/site-packages/airflow/example_dags/example_xcomargs.py
[2023-03-23T22:57:04.416+0000] {processor.py:756} INFO - Processing file /home/airflow/.local/lib/python3.7/site-packages/airflow/example_dags/example_xcomargs.py for tasks to queue
[2023-03-23T22:57:04.418+0000] {logging_mixin.py:120} INFO - [2023-03-23T22:57:04.418+0000] {dagbag.py:537} INFO - Filling up the DagBag from /home/airflow/.local/lib/python3.7/site-packages/airflow/example_dags/example_xcomargs.py
[2023-03-23T22:57:04.456+0000] {processor.py:766} INFO - DAG(s) dict_keys(['example_xcom_args', 'example_xcom_args_with_operators']) retrieved from /home/airflow/.local/lib/python3.7/site-packages/airflow/example_dags/example_xcomargs.py
[2023-03-23T22:57:04.523+0000] {logging_mixin.py:120} INFO - [2023-03-23T22:57:04.523+0000] {dag.py:2585} INFO - Sync 2 DAGs
[2023-03-23T22:57:04.564+0000] {logging_mixin.py:120} INFO - [2023-03-23T22:57:04.564+0000] {dag.py:3340} INFO - Setting next_dagrun for example_xcom_args to None, run_after=None
[2023-03-23T22:57:04.570+0000] {logging_mixin.py:120} INFO - [2023-03-23T22:57:04.570+0000] {dag.py:3340} INFO - Setting next_dagrun for example_xcom_args_with_operators to None, run_after=None
[2023-03-23T22:57:04.597+0000] {processor.py:176} INFO - Processing /home/airflow/.local/lib/python3.7/site-packages/airflow/example_dags/example_xcomargs.py took 0.185 seconds
[2023-03-23T22:57:34.790+0000] {processor.py:154} INFO - Started process (PID=1041) to work on /home/airflow/.local/lib/python3.7/site-packages/airflow/example_dags/example_xcomargs.py
[2023-03-23T22:57:34.791+0000] {processor.py:756} INFO - Processing file /home/airflow/.local/lib/python3.7/site-packages/airflow/example_dags/example_xcomargs.py for tasks to queue
[2023-03-23T22:57:34.792+0000] {logging_mixin.py:120} INFO - [2023-03-23T22:57:34.791+0000] {dagbag.py:537} INFO - Filling up the DagBag from /home/airflow/.local/lib/python3.7/site-packages/airflow/example_dags/example_xcomargs.py
[2023-03-23T22:57:34.813+0000] {processor.py:766} INFO - DAG(s) dict_keys(['example_xcom_args', 'example_xcom_args_with_operators']) retrieved from /home/airflow/.local/lib/python3.7/site-packages/airflow/example_dags/example_xcomargs.py
[2023-03-23T22:57:34.859+0000] {logging_mixin.py:120} INFO - [2023-03-23T22:57:34.859+0000] {dag.py:2585} INFO - Sync 2 DAGs
[2023-03-23T22:57:34.883+0000] {logging_mixin.py:120} INFO - [2023-03-23T22:57:34.883+0000] {dag.py:3340} INFO - Setting next_dagrun for example_xcom_args to None, run_after=None
[2023-03-23T22:57:34.888+0000] {logging_mixin.py:120} INFO - [2023-03-23T22:57:34.888+0000] {dag.py:3340} INFO - Setting next_dagrun for example_xcom_args_with_operators to None, run_after=None
[2023-03-23T22:57:34.909+0000] {processor.py:176} INFO - Processing /home/airflow/.local/lib/python3.7/site-packages/airflow/example_dags/example_xcomargs.py took 0.123 seconds
[2023-03-23T22:58:06.207+0000] {processor.py:154} INFO - Started process (PID=1108) to work on /home/airflow/.local/lib/python3.7/site-packages/airflow/example_dags/example_xcomargs.py
[2023-03-23T22:58:06.209+0000] {processor.py:756} INFO - Processing file /home/airflow/.local/lib/python3.7/site-packages/airflow/example_dags/example_xcomargs.py for tasks to queue
[2023-03-23T22:58:06.210+0000] {logging_mixin.py:120} INFO - [2023-03-23T22:58:06.209+0000] {dagbag.py:537} INFO - Filling up the DagBag from /home/airflow/.local/lib/python3.7/site-packages/airflow/example_dags/example_xcomargs.py
[2023-03-23T22:58:06.232+0000] {processor.py:766} INFO - DAG(s) dict_keys(['example_xcom_args_with_operators', 'example_xcom_args']) retrieved from /home/airflow/.local/lib/python3.7/site-packages/airflow/example_dags/example_xcomargs.py
[2023-03-23T22:58:06.280+0000] {logging_mixin.py:120} INFO - [2023-03-23T22:58:06.279+0000] {dag.py:2585} INFO - Sync 2 DAGs
[2023-03-23T22:58:06.306+0000] {logging_mixin.py:120} INFO - [2023-03-23T22:58:06.306+0000] {dag.py:3340} INFO - Setting next_dagrun for example_xcom_args to None, run_after=None
[2023-03-23T22:58:06.310+0000] {logging_mixin.py:120} INFO - [2023-03-23T22:58:06.310+0000] {dag.py:3340} INFO - Setting next_dagrun for example_xcom_args_with_operators to None, run_after=None
[2023-03-23T22:58:06.335+0000] {processor.py:176} INFO - Processing /home/airflow/.local/lib/python3.7/site-packages/airflow/example_dags/example_xcomargs.py took 0.130 seconds
[2023-03-23T22:58:37.284+0000] {processor.py:154} INFO - Started process (PID=1172) to work on /home/airflow/.local/lib/python3.7/site-packages/airflow/example_dags/example_xcomargs.py
[2023-03-23T22:58:37.286+0000] {processor.py:756} INFO - Processing file /home/airflow/.local/lib/python3.7/site-packages/airflow/example_dags/example_xcomargs.py for tasks to queue
[2023-03-23T22:58:37.287+0000] {logging_mixin.py:120} INFO - [2023-03-23T22:58:37.287+0000] {dagbag.py:537} INFO - Filling up the DagBag from /home/airflow/.local/lib/python3.7/site-packages/airflow/example_dags/example_xcomargs.py
[2023-03-23T22:58:37.314+0000] {processor.py:766} INFO - DAG(s) dict_keys(['example_xcom_args_with_operators', 'example_xcom_args']) retrieved from /home/airflow/.local/lib/python3.7/site-packages/airflow/example_dags/example_xcomargs.py
[2023-03-23T22:58:37.360+0000] {logging_mixin.py:120} INFO - [2023-03-23T22:58:37.360+0000] {dag.py:2585} INFO - Sync 2 DAGs
[2023-03-23T22:58:37.390+0000] {logging_mixin.py:120} INFO - [2023-03-23T22:58:37.390+0000] {dag.py:3340} INFO - Setting next_dagrun for example_xcom_args to None, run_after=None
[2023-03-23T22:58:37.394+0000] {logging_mixin.py:120} INFO - [2023-03-23T22:58:37.394+0000] {dag.py:3340} INFO - Setting next_dagrun for example_xcom_args_with_operators to None, run_after=None
[2023-03-23T22:58:37.422+0000] {processor.py:176} INFO - Processing /home/airflow/.local/lib/python3.7/site-packages/airflow/example_dags/example_xcomargs.py took 0.141 seconds
[2023-03-23T22:59:07.869+0000] {processor.py:154} INFO - Started process (PID=1235) to work on /home/airflow/.local/lib/python3.7/site-packages/airflow/example_dags/example_xcomargs.py
[2023-03-23T22:59:07.870+0000] {processor.py:756} INFO - Processing file /home/airflow/.local/lib/python3.7/site-packages/airflow/example_dags/example_xcomargs.py for tasks to queue
[2023-03-23T22:59:07.871+0000] {logging_mixin.py:120} INFO - [2023-03-23T22:59:07.871+0000] {dagbag.py:537} INFO - Filling up the DagBag from /home/airflow/.local/lib/python3.7/site-packages/airflow/example_dags/example_xcomargs.py
[2023-03-23T22:59:07.892+0000] {processor.py:766} INFO - DAG(s) dict_keys(['example_xcom_args', 'example_xcom_args_with_operators']) retrieved from /home/airflow/.local/lib/python3.7/site-packages/airflow/example_dags/example_xcomargs.py
[2023-03-23T22:59:07.942+0000] {logging_mixin.py:120} INFO - [2023-03-23T22:59:07.941+0000] {dag.py:2585} INFO - Sync 2 DAGs
[2023-03-23T22:59:07.967+0000] {logging_mixin.py:120} INFO - [2023-03-23T22:59:07.967+0000] {dag.py:3340} INFO - Setting next_dagrun for example_xcom_args to None, run_after=None
[2023-03-23T22:59:07.971+0000] {logging_mixin.py:120} INFO - [2023-03-23T22:59:07.971+0000] {dag.py:3340} INFO - Setting next_dagrun for example_xcom_args_with_operators to None, run_after=None
[2023-03-23T22:59:07.990+0000] {processor.py:176} INFO - Processing /home/airflow/.local/lib/python3.7/site-packages/airflow/example_dags/example_xcomargs.py took 0.124 seconds
[2023-03-23T22:59:38.615+0000] {processor.py:154} INFO - Started process (PID=1289) to work on /home/airflow/.local/lib/python3.7/site-packages/airflow/example_dags/example_xcomargs.py
[2023-03-23T22:59:38.616+0000] {processor.py:756} INFO - Processing file /home/airflow/.local/lib/python3.7/site-packages/airflow/example_dags/example_xcomargs.py for tasks to queue
[2023-03-23T22:59:38.617+0000] {logging_mixin.py:120} INFO - [2023-03-23T22:59:38.617+0000] {dagbag.py:537} INFO - Filling up the DagBag from /home/airflow/.local/lib/python3.7/site-packages/airflow/example_dags/example_xcomargs.py
[2023-03-23T22:59:38.643+0000] {processor.py:766} INFO - DAG(s) dict_keys(['example_xcom_args', 'example_xcom_args_with_operators']) retrieved from /home/airflow/.local/lib/python3.7/site-packages/airflow/example_dags/example_xcomargs.py
[2023-03-23T22:59:38.685+0000] {logging_mixin.py:120} INFO - [2023-03-23T22:59:38.684+0000] {dag.py:2585} INFO - Sync 2 DAGs
[2023-03-23T22:59:38.711+0000] {logging_mixin.py:120} INFO - [2023-03-23T22:59:38.711+0000] {dag.py:3340} INFO - Setting next_dagrun for example_xcom_args to None, run_after=None
[2023-03-23T22:59:38.715+0000] {logging_mixin.py:120} INFO - [2023-03-23T22:59:38.715+0000] {dag.py:3340} INFO - Setting next_dagrun for example_xcom_args_with_operators to None, run_after=None
[2023-03-23T22:59:38.740+0000] {processor.py:176} INFO - Processing /home/airflow/.local/lib/python3.7/site-packages/airflow/example_dags/example_xcomargs.py took 0.128 seconds
