[2023-03-23T22:48:48.689+0000] {processor.py:154} INFO - Started process (PID=77) to work on /home/airflow/.local/lib/python3.7/site-packages/airflow/example_dags/example_branch_operator.py
[2023-03-23T22:48:48.741+0000] {processor.py:756} INFO - Processing file /home/airflow/.local/lib/python3.7/site-packages/airflow/example_dags/example_branch_operator.py for tasks to queue
[2023-03-23T22:48:48.807+0000] {logging_mixin.py:120} INFO - [2023-03-23T22:48:48.807+0000] {dagbag.py:537} INFO - Filling up the DagBag from /home/airflow/.local/lib/python3.7/site-packages/airflow/example_dags/example_branch_operator.py
[2023-03-23T22:48:48.911+0000] {processor.py:766} INFO - DAG(s) dict_keys(['example_branch_operator']) retrieved from /home/airflow/.local/lib/python3.7/site-packages/airflow/example_dags/example_branch_operator.py
[2023-03-23T22:48:49.894+0000] {logging_mixin.py:120} INFO - [2023-03-23T22:48:49.894+0000] {manager.py:507} INFO - Created Permission View: can edit on DAG:example_branch_operator
[2023-03-23T22:48:49.985+0000] {logging_mixin.py:120} INFO - [2023-03-23T22:48:49.985+0000] {manager.py:507} INFO - Created Permission View: can read on DAG:example_branch_operator
[2023-03-23T22:48:50.097+0000] {logging_mixin.py:120} INFO - [2023-03-23T22:48:50.097+0000] {manager.py:507} INFO - Created Permission View: can delete on DAG:example_branch_operator
[2023-03-23T22:48:50.108+0000] {logging_mixin.py:120} INFO - [2023-03-23T22:48:50.107+0000] {dag.py:2585} INFO - Sync 1 DAGs
[2023-03-23T22:48:50.230+0000] {logging_mixin.py:120} INFO - [2023-03-23T22:48:50.230+0000] {dag.py:2606} INFO - Creating ORM DAG for example_branch_operator
[2023-03-23T22:48:50.292+0000] {logging_mixin.py:120} INFO - [2023-03-23T22:48:50.292+0000] {dag.py:3340} INFO - Setting next_dagrun for example_branch_operator to 2023-03-22T00:00:00+00:00, run_after=2023-03-23T00:00:00+00:00
[2023-03-23T22:48:50.501+0000] {processor.py:176} INFO - Processing /home/airflow/.local/lib/python3.7/site-packages/airflow/example_dags/example_branch_operator.py took 1.833 seconds
[2023-03-23T22:49:20.664+0000] {processor.py:154} INFO - Started process (PID=131) to work on /home/airflow/.local/lib/python3.7/site-packages/airflow/example_dags/example_branch_operator.py
[2023-03-23T22:49:20.670+0000] {processor.py:756} INFO - Processing file /home/airflow/.local/lib/python3.7/site-packages/airflow/example_dags/example_branch_operator.py for tasks to queue
[2023-03-23T22:49:20.673+0000] {logging_mixin.py:120} INFO - [2023-03-23T22:49:20.672+0000] {dagbag.py:537} INFO - Filling up the DagBag from /home/airflow/.local/lib/python3.7/site-packages/airflow/example_dags/example_branch_operator.py
[2023-03-23T22:49:20.735+0000] {processor.py:766} INFO - DAG(s) dict_keys(['example_branch_operator']) retrieved from /home/airflow/.local/lib/python3.7/site-packages/airflow/example_dags/example_branch_operator.py
[2023-03-23T22:49:20.901+0000] {logging_mixin.py:120} INFO - [2023-03-23T22:49:20.901+0000] {dag.py:2585} INFO - Sync 1 DAGs
[2023-03-23T22:49:20.976+0000] {logging_mixin.py:120} INFO - [2023-03-23T22:49:20.975+0000] {dag.py:3340} INFO - Setting next_dagrun for example_branch_operator to 2023-03-22T00:00:00+00:00, run_after=2023-03-23T00:00:00+00:00
[2023-03-23T22:49:21.057+0000] {processor.py:176} INFO - Processing /home/airflow/.local/lib/python3.7/site-packages/airflow/example_dags/example_branch_operator.py took 0.397 seconds
[2023-03-23T22:50:00.745+0000] {processor.py:154} INFO - Started process (PID=186) to work on /home/airflow/.local/lib/python3.7/site-packages/airflow/example_dags/example_branch_operator.py
[2023-03-23T22:50:00.747+0000] {processor.py:756} INFO - Processing file /home/airflow/.local/lib/python3.7/site-packages/airflow/example_dags/example_branch_operator.py for tasks to queue
[2023-03-23T22:50:00.749+0000] {logging_mixin.py:120} INFO - [2023-03-23T22:50:00.749+0000] {dagbag.py:537} INFO - Filling up the DagBag from /home/airflow/.local/lib/python3.7/site-packages/airflow/example_dags/example_branch_operator.py
[2023-03-23T22:50:00.787+0000] {processor.py:766} INFO - DAG(s) dict_keys(['example_branch_operator']) retrieved from /home/airflow/.local/lib/python3.7/site-packages/airflow/example_dags/example_branch_operator.py
[2023-03-23T22:50:00.954+0000] {logging_mixin.py:120} INFO - [2023-03-23T22:50:00.954+0000] {dag.py:2585} INFO - Sync 1 DAGs
[2023-03-23T22:50:01.066+0000] {logging_mixin.py:120} INFO - [2023-03-23T22:50:01.066+0000] {dag.py:3340} INFO - Setting next_dagrun for example_branch_operator to 2023-03-22T00:00:00+00:00, run_after=2023-03-23T00:00:00+00:00
[2023-03-23T22:50:01.174+0000] {processor.py:176} INFO - Processing /home/airflow/.local/lib/python3.7/site-packages/airflow/example_dags/example_branch_operator.py took 0.443 seconds
[2023-03-23T22:50:32.802+0000] {processor.py:154} INFO - Started process (PID=240) to work on /home/airflow/.local/lib/python3.7/site-packages/airflow/example_dags/example_branch_operator.py
[2023-03-23T22:50:32.804+0000] {processor.py:756} INFO - Processing file /home/airflow/.local/lib/python3.7/site-packages/airflow/example_dags/example_branch_operator.py for tasks to queue
[2023-03-23T22:50:32.806+0000] {logging_mixin.py:120} INFO - [2023-03-23T22:50:32.806+0000] {dagbag.py:537} INFO - Filling up the DagBag from /home/airflow/.local/lib/python3.7/site-packages/airflow/example_dags/example_branch_operator.py
[2023-03-23T22:50:32.863+0000] {processor.py:766} INFO - DAG(s) dict_keys(['example_branch_operator']) retrieved from /home/airflow/.local/lib/python3.7/site-packages/airflow/example_dags/example_branch_operator.py
[2023-03-23T22:50:33.068+0000] {logging_mixin.py:120} INFO - [2023-03-23T22:50:33.068+0000] {dag.py:2585} INFO - Sync 1 DAGs
[2023-03-23T22:50:33.212+0000] {logging_mixin.py:120} INFO - [2023-03-23T22:50:33.212+0000] {dag.py:3340} INFO - Setting next_dagrun for example_branch_operator to 2023-03-22T00:00:00+00:00, run_after=2023-03-23T00:00:00+00:00
[2023-03-23T22:50:33.308+0000] {processor.py:176} INFO - Processing /home/airflow/.local/lib/python3.7/site-packages/airflow/example_dags/example_branch_operator.py took 0.510 seconds
[2023-03-23T22:51:03.519+0000] {processor.py:154} INFO - Started process (PID=294) to work on /home/airflow/.local/lib/python3.7/site-packages/airflow/example_dags/example_branch_operator.py
[2023-03-23T22:51:03.544+0000] {processor.py:756} INFO - Processing file /home/airflow/.local/lib/python3.7/site-packages/airflow/example_dags/example_branch_operator.py for tasks to queue
[2023-03-23T22:51:03.600+0000] {logging_mixin.py:120} INFO - [2023-03-23T22:51:03.600+0000] {dagbag.py:537} INFO - Filling up the DagBag from /home/airflow/.local/lib/python3.7/site-packages/airflow/example_dags/example_branch_operator.py
[2023-03-23T22:51:03.663+0000] {processor.py:766} INFO - DAG(s) dict_keys(['example_branch_operator']) retrieved from /home/airflow/.local/lib/python3.7/site-packages/airflow/example_dags/example_branch_operator.py
[2023-03-23T22:51:03.826+0000] {logging_mixin.py:120} INFO - [2023-03-23T22:51:03.826+0000] {dag.py:2585} INFO - Sync 1 DAGs
[2023-03-23T22:51:03.939+0000] {logging_mixin.py:120} INFO - [2023-03-23T22:51:03.939+0000] {dag.py:3340} INFO - Setting next_dagrun for example_branch_operator to 2023-03-22T00:00:00+00:00, run_after=2023-03-23T00:00:00+00:00
[2023-03-23T22:51:04.009+0000] {processor.py:176} INFO - Processing /home/airflow/.local/lib/python3.7/site-packages/airflow/example_dags/example_branch_operator.py took 0.495 seconds
[2023-03-23T22:51:40.611+0000] {processor.py:154} INFO - Started process (PID=356) to work on /home/airflow/.local/lib/python3.7/site-packages/airflow/example_dags/example_branch_operator.py
[2023-03-23T22:51:40.624+0000] {processor.py:756} INFO - Processing file /home/airflow/.local/lib/python3.7/site-packages/airflow/example_dags/example_branch_operator.py for tasks to queue
[2023-03-23T22:51:40.626+0000] {logging_mixin.py:120} INFO - [2023-03-23T22:51:40.626+0000] {dagbag.py:537} INFO - Filling up the DagBag from /home/airflow/.local/lib/python3.7/site-packages/airflow/example_dags/example_branch_operator.py
[2023-03-23T22:51:40.705+0000] {processor.py:766} INFO - DAG(s) dict_keys(['example_branch_operator']) retrieved from /home/airflow/.local/lib/python3.7/site-packages/airflow/example_dags/example_branch_operator.py
[2023-03-23T22:51:40.861+0000] {logging_mixin.py:120} INFO - [2023-03-23T22:51:40.861+0000] {dag.py:2585} INFO - Sync 1 DAGs
[2023-03-23T22:51:40.973+0000] {logging_mixin.py:120} INFO - [2023-03-23T22:51:40.972+0000] {dag.py:3340} INFO - Setting next_dagrun for example_branch_operator to 2023-03-22T00:00:00+00:00, run_after=2023-03-23T00:00:00+00:00
[2023-03-23T22:51:41.123+0000] {processor.py:176} INFO - Processing /home/airflow/.local/lib/python3.7/site-packages/airflow/example_dags/example_branch_operator.py took 0.518 seconds
[2023-03-23T22:52:11.393+0000] {processor.py:154} INFO - Started process (PID=422) to work on /home/airflow/.local/lib/python3.7/site-packages/airflow/example_dags/example_branch_operator.py
[2023-03-23T22:52:11.395+0000] {processor.py:756} INFO - Processing file /home/airflow/.local/lib/python3.7/site-packages/airflow/example_dags/example_branch_operator.py for tasks to queue
[2023-03-23T22:52:11.397+0000] {logging_mixin.py:120} INFO - [2023-03-23T22:52:11.396+0000] {dagbag.py:537} INFO - Filling up the DagBag from /home/airflow/.local/lib/python3.7/site-packages/airflow/example_dags/example_branch_operator.py
[2023-03-23T22:52:11.431+0000] {processor.py:766} INFO - DAG(s) dict_keys(['example_branch_operator']) retrieved from /home/airflow/.local/lib/python3.7/site-packages/airflow/example_dags/example_branch_operator.py
[2023-03-23T22:52:11.502+0000] {logging_mixin.py:120} INFO - [2023-03-23T22:52:11.502+0000] {dag.py:2585} INFO - Sync 1 DAGs
[2023-03-23T22:52:11.550+0000] {logging_mixin.py:120} INFO - [2023-03-23T22:52:11.549+0000] {dag.py:3340} INFO - Setting next_dagrun for example_branch_operator to 2023-03-22T00:00:00+00:00, run_after=2023-03-23T00:00:00+00:00
[2023-03-23T22:52:11.583+0000] {processor.py:176} INFO - Processing /home/airflow/.local/lib/python3.7/site-packages/airflow/example_dags/example_branch_operator.py took 0.196 seconds
[2023-03-23T22:52:41.775+0000] {processor.py:154} INFO - Started process (PID=476) to work on /home/airflow/.local/lib/python3.7/site-packages/airflow/example_dags/example_branch_operator.py
[2023-03-23T22:52:41.777+0000] {processor.py:756} INFO - Processing file /home/airflow/.local/lib/python3.7/site-packages/airflow/example_dags/example_branch_operator.py for tasks to queue
[2023-03-23T22:52:41.779+0000] {logging_mixin.py:120} INFO - [2023-03-23T22:52:41.778+0000] {dagbag.py:537} INFO - Filling up the DagBag from /home/airflow/.local/lib/python3.7/site-packages/airflow/example_dags/example_branch_operator.py
[2023-03-23T22:52:41.802+0000] {processor.py:766} INFO - DAG(s) dict_keys(['example_branch_operator']) retrieved from /home/airflow/.local/lib/python3.7/site-packages/airflow/example_dags/example_branch_operator.py
[2023-03-23T22:52:41.860+0000] {logging_mixin.py:120} INFO - [2023-03-23T22:52:41.859+0000] {dag.py:2585} INFO - Sync 1 DAGs
[2023-03-23T22:52:41.903+0000] {logging_mixin.py:120} INFO - [2023-03-23T22:52:41.903+0000] {dag.py:3340} INFO - Setting next_dagrun for example_branch_operator to 2023-03-22T00:00:00+00:00, run_after=2023-03-23T00:00:00+00:00
[2023-03-23T22:52:41.935+0000] {processor.py:176} INFO - Processing /home/airflow/.local/lib/python3.7/site-packages/airflow/example_dags/example_branch_operator.py took 0.165 seconds
[2023-03-23T22:53:12.486+0000] {processor.py:154} INFO - Started process (PID=539) to work on /home/airflow/.local/lib/python3.7/site-packages/airflow/example_dags/example_branch_operator.py
[2023-03-23T22:53:12.488+0000] {processor.py:756} INFO - Processing file /home/airflow/.local/lib/python3.7/site-packages/airflow/example_dags/example_branch_operator.py for tasks to queue
[2023-03-23T22:53:12.489+0000] {logging_mixin.py:120} INFO - [2023-03-23T22:53:12.489+0000] {dagbag.py:537} INFO - Filling up the DagBag from /home/airflow/.local/lib/python3.7/site-packages/airflow/example_dags/example_branch_operator.py
[2023-03-23T22:53:12.526+0000] {processor.py:766} INFO - DAG(s) dict_keys(['example_branch_operator']) retrieved from /home/airflow/.local/lib/python3.7/site-packages/airflow/example_dags/example_branch_operator.py
[2023-03-23T22:53:12.586+0000] {logging_mixin.py:120} INFO - [2023-03-23T22:53:12.586+0000] {dag.py:2585} INFO - Sync 1 DAGs
[2023-03-23T22:53:12.620+0000] {logging_mixin.py:120} INFO - [2023-03-23T22:53:12.620+0000] {dag.py:3340} INFO - Setting next_dagrun for example_branch_operator to 2023-03-22T00:00:00+00:00, run_after=2023-03-23T00:00:00+00:00
[2023-03-23T22:53:12.650+0000] {processor.py:176} INFO - Processing /home/airflow/.local/lib/python3.7/site-packages/airflow/example_dags/example_branch_operator.py took 0.170 seconds
[2023-03-23T22:53:42.885+0000] {processor.py:154} INFO - Started process (PID=593) to work on /home/airflow/.local/lib/python3.7/site-packages/airflow/example_dags/example_branch_operator.py
[2023-03-23T22:53:42.886+0000] {processor.py:756} INFO - Processing file /home/airflow/.local/lib/python3.7/site-packages/airflow/example_dags/example_branch_operator.py for tasks to queue
[2023-03-23T22:53:42.888+0000] {logging_mixin.py:120} INFO - [2023-03-23T22:53:42.888+0000] {dagbag.py:537} INFO - Filling up the DagBag from /home/airflow/.local/lib/python3.7/site-packages/airflow/example_dags/example_branch_operator.py
[2023-03-23T22:53:42.907+0000] {processor.py:766} INFO - DAG(s) dict_keys(['example_branch_operator']) retrieved from /home/airflow/.local/lib/python3.7/site-packages/airflow/example_dags/example_branch_operator.py
[2023-03-23T22:53:42.957+0000] {logging_mixin.py:120} INFO - [2023-03-23T22:53:42.957+0000] {dag.py:2585} INFO - Sync 1 DAGs
[2023-03-23T22:53:42.984+0000] {logging_mixin.py:120} INFO - [2023-03-23T22:53:42.984+0000] {dag.py:3340} INFO - Setting next_dagrun for example_branch_operator to 2023-03-22T00:00:00+00:00, run_after=2023-03-23T00:00:00+00:00
[2023-03-23T22:53:43.011+0000] {processor.py:176} INFO - Processing /home/airflow/.local/lib/python3.7/site-packages/airflow/example_dags/example_branch_operator.py took 0.128 seconds
[2023-03-23T22:54:13.529+0000] {processor.py:154} INFO - Started process (PID=656) to work on /home/airflow/.local/lib/python3.7/site-packages/airflow/example_dags/example_branch_operator.py
[2023-03-23T22:54:13.530+0000] {processor.py:756} INFO - Processing file /home/airflow/.local/lib/python3.7/site-packages/airflow/example_dags/example_branch_operator.py for tasks to queue
[2023-03-23T22:54:13.531+0000] {logging_mixin.py:120} INFO - [2023-03-23T22:54:13.531+0000] {dagbag.py:537} INFO - Filling up the DagBag from /home/airflow/.local/lib/python3.7/site-packages/airflow/example_dags/example_branch_operator.py
[2023-03-23T22:54:13.551+0000] {processor.py:766} INFO - DAG(s) dict_keys(['example_branch_operator']) retrieved from /home/airflow/.local/lib/python3.7/site-packages/airflow/example_dags/example_branch_operator.py
[2023-03-23T22:54:13.609+0000] {logging_mixin.py:120} INFO - [2023-03-23T22:54:13.609+0000] {dag.py:2585} INFO - Sync 1 DAGs
[2023-03-23T22:54:13.648+0000] {logging_mixin.py:120} INFO - [2023-03-23T22:54:13.647+0000] {dag.py:3340} INFO - Setting next_dagrun for example_branch_operator to 2023-03-22T00:00:00+00:00, run_after=2023-03-23T00:00:00+00:00
[2023-03-23T22:54:13.675+0000] {processor.py:176} INFO - Processing /home/airflow/.local/lib/python3.7/site-packages/airflow/example_dags/example_branch_operator.py took 0.150 seconds
[2023-03-23T22:54:43.907+0000] {processor.py:154} INFO - Started process (PID=709) to work on /home/airflow/.local/lib/python3.7/site-packages/airflow/example_dags/example_branch_operator.py
[2023-03-23T22:54:43.908+0000] {processor.py:756} INFO - Processing file /home/airflow/.local/lib/python3.7/site-packages/airflow/example_dags/example_branch_operator.py for tasks to queue
[2023-03-23T22:54:43.909+0000] {logging_mixin.py:120} INFO - [2023-03-23T22:54:43.909+0000] {dagbag.py:537} INFO - Filling up the DagBag from /home/airflow/.local/lib/python3.7/site-packages/airflow/example_dags/example_branch_operator.py
[2023-03-23T22:54:43.925+0000] {processor.py:766} INFO - DAG(s) dict_keys(['example_branch_operator']) retrieved from /home/airflow/.local/lib/python3.7/site-packages/airflow/example_dags/example_branch_operator.py
[2023-03-23T22:54:43.969+0000] {logging_mixin.py:120} INFO - [2023-03-23T22:54:43.968+0000] {dag.py:2585} INFO - Sync 1 DAGs
[2023-03-23T22:54:43.999+0000] {logging_mixin.py:120} INFO - [2023-03-23T22:54:43.998+0000] {dag.py:3340} INFO - Setting next_dagrun for example_branch_operator to 2023-03-22T00:00:00+00:00, run_after=2023-03-23T00:00:00+00:00
[2023-03-23T22:54:44.021+0000] {processor.py:176} INFO - Processing /home/airflow/.local/lib/python3.7/site-packages/airflow/example_dags/example_branch_operator.py took 0.117 seconds
[2023-03-23T22:55:14.275+0000] {processor.py:154} INFO - Started process (PID=772) to work on /home/airflow/.local/lib/python3.7/site-packages/airflow/example_dags/example_branch_operator.py
[2023-03-23T22:55:14.276+0000] {processor.py:756} INFO - Processing file /home/airflow/.local/lib/python3.7/site-packages/airflow/example_dags/example_branch_operator.py for tasks to queue
[2023-03-23T22:55:14.277+0000] {logging_mixin.py:120} INFO - [2023-03-23T22:55:14.277+0000] {dagbag.py:537} INFO - Filling up the DagBag from /home/airflow/.local/lib/python3.7/site-packages/airflow/example_dags/example_branch_operator.py
[2023-03-23T22:55:14.303+0000] {processor.py:766} INFO - DAG(s) dict_keys(['example_branch_operator']) retrieved from /home/airflow/.local/lib/python3.7/site-packages/airflow/example_dags/example_branch_operator.py
[2023-03-23T22:55:14.431+0000] {logging_mixin.py:120} INFO - [2023-03-23T22:55:14.430+0000] {dag.py:2585} INFO - Sync 1 DAGs
[2023-03-23T22:55:14.461+0000] {logging_mixin.py:120} INFO - [2023-03-23T22:55:14.461+0000] {dag.py:3340} INFO - Setting next_dagrun for example_branch_operator to 2023-03-22T00:00:00+00:00, run_after=2023-03-23T00:00:00+00:00
[2023-03-23T22:55:14.485+0000] {processor.py:176} INFO - Processing /home/airflow/.local/lib/python3.7/site-packages/airflow/example_dags/example_branch_operator.py took 0.214 seconds
[2023-03-23T22:55:44.587+0000] {processor.py:154} INFO - Started process (PID=835) to work on /home/airflow/.local/lib/python3.7/site-packages/airflow/example_dags/example_branch_operator.py
[2023-03-23T22:55:44.588+0000] {processor.py:756} INFO - Processing file /home/airflow/.local/lib/python3.7/site-packages/airflow/example_dags/example_branch_operator.py for tasks to queue
[2023-03-23T22:55:44.589+0000] {logging_mixin.py:120} INFO - [2023-03-23T22:55:44.589+0000] {dagbag.py:537} INFO - Filling up the DagBag from /home/airflow/.local/lib/python3.7/site-packages/airflow/example_dags/example_branch_operator.py
[2023-03-23T22:55:44.604+0000] {processor.py:766} INFO - DAG(s) dict_keys(['example_branch_operator']) retrieved from /home/airflow/.local/lib/python3.7/site-packages/airflow/example_dags/example_branch_operator.py
[2023-03-23T22:55:44.648+0000] {logging_mixin.py:120} INFO - [2023-03-23T22:55:44.648+0000] {dag.py:2585} INFO - Sync 1 DAGs
[2023-03-23T22:55:44.676+0000] {logging_mixin.py:120} INFO - [2023-03-23T22:55:44.675+0000] {dag.py:3340} INFO - Setting next_dagrun for example_branch_operator to 2023-03-22T00:00:00+00:00, run_after=2023-03-23T00:00:00+00:00
[2023-03-23T22:55:44.699+0000] {processor.py:176} INFO - Processing /home/airflow/.local/lib/python3.7/site-packages/airflow/example_dags/example_branch_operator.py took 0.115 seconds
[2023-03-23T22:56:15.039+0000] {processor.py:154} INFO - Started process (PID=889) to work on /home/airflow/.local/lib/python3.7/site-packages/airflow/example_dags/example_branch_operator.py
[2023-03-23T22:56:15.040+0000] {processor.py:756} INFO - Processing file /home/airflow/.local/lib/python3.7/site-packages/airflow/example_dags/example_branch_operator.py for tasks to queue
[2023-03-23T22:56:15.041+0000] {logging_mixin.py:120} INFO - [2023-03-23T22:56:15.041+0000] {dagbag.py:537} INFO - Filling up the DagBag from /home/airflow/.local/lib/python3.7/site-packages/airflow/example_dags/example_branch_operator.py
[2023-03-23T22:56:15.062+0000] {processor.py:766} INFO - DAG(s) dict_keys(['example_branch_operator']) retrieved from /home/airflow/.local/lib/python3.7/site-packages/airflow/example_dags/example_branch_operator.py
[2023-03-23T22:56:15.117+0000] {logging_mixin.py:120} INFO - [2023-03-23T22:56:15.117+0000] {dag.py:2585} INFO - Sync 1 DAGs
[2023-03-23T22:56:15.149+0000] {logging_mixin.py:120} INFO - [2023-03-23T22:56:15.149+0000] {dag.py:3340} INFO - Setting next_dagrun for example_branch_operator to 2023-03-22T00:00:00+00:00, run_after=2023-03-23T00:00:00+00:00
[2023-03-23T22:56:15.169+0000] {processor.py:176} INFO - Processing /home/airflow/.local/lib/python3.7/site-packages/airflow/example_dags/example_branch_operator.py took 0.134 seconds
[2023-03-23T22:56:45.471+0000] {processor.py:154} INFO - Started process (PID=952) to work on /home/airflow/.local/lib/python3.7/site-packages/airflow/example_dags/example_branch_operator.py
[2023-03-23T22:56:45.473+0000] {processor.py:756} INFO - Processing file /home/airflow/.local/lib/python3.7/site-packages/airflow/example_dags/example_branch_operator.py for tasks to queue
[2023-03-23T22:56:45.475+0000] {logging_mixin.py:120} INFO - [2023-03-23T22:56:45.475+0000] {dagbag.py:537} INFO - Filling up the DagBag from /home/airflow/.local/lib/python3.7/site-packages/airflow/example_dags/example_branch_operator.py
[2023-03-23T22:56:45.503+0000] {processor.py:766} INFO - DAG(s) dict_keys(['example_branch_operator']) retrieved from /home/airflow/.local/lib/python3.7/site-packages/airflow/example_dags/example_branch_operator.py
[2023-03-23T22:56:45.551+0000] {logging_mixin.py:120} INFO - [2023-03-23T22:56:45.551+0000] {dag.py:2585} INFO - Sync 1 DAGs
[2023-03-23T22:56:45.585+0000] {logging_mixin.py:120} INFO - [2023-03-23T22:56:45.585+0000] {dag.py:3340} INFO - Setting next_dagrun for example_branch_operator to 2023-03-22T00:00:00+00:00, run_after=2023-03-23T00:00:00+00:00
[2023-03-23T22:56:45.617+0000] {processor.py:176} INFO - Processing /home/airflow/.local/lib/python3.7/site-packages/airflow/example_dags/example_branch_operator.py took 0.151 seconds
[2023-03-23T22:57:15.849+0000] {processor.py:154} INFO - Started process (PID=1015) to work on /home/airflow/.local/lib/python3.7/site-packages/airflow/example_dags/example_branch_operator.py
[2023-03-23T22:57:15.850+0000] {processor.py:756} INFO - Processing file /home/airflow/.local/lib/python3.7/site-packages/airflow/example_dags/example_branch_operator.py for tasks to queue
[2023-03-23T22:57:15.852+0000] {logging_mixin.py:120} INFO - [2023-03-23T22:57:15.851+0000] {dagbag.py:537} INFO - Filling up the DagBag from /home/airflow/.local/lib/python3.7/site-packages/airflow/example_dags/example_branch_operator.py
[2023-03-23T22:57:15.868+0000] {processor.py:766} INFO - DAG(s) dict_keys(['example_branch_operator']) retrieved from /home/airflow/.local/lib/python3.7/site-packages/airflow/example_dags/example_branch_operator.py
[2023-03-23T22:57:15.911+0000] {logging_mixin.py:120} INFO - [2023-03-23T22:57:15.911+0000] {dag.py:2585} INFO - Sync 1 DAGs
[2023-03-23T22:57:15.935+0000] {logging_mixin.py:120} INFO - [2023-03-23T22:57:15.935+0000] {dag.py:3340} INFO - Setting next_dagrun for example_branch_operator to 2023-03-22T00:00:00+00:00, run_after=2023-03-23T00:00:00+00:00
[2023-03-23T22:57:15.956+0000] {processor.py:176} INFO - Processing /home/airflow/.local/lib/python3.7/site-packages/airflow/example_dags/example_branch_operator.py took 0.111 seconds
[2023-03-23T22:57:46.078+0000] {processor.py:154} INFO - Started process (PID=1069) to work on /home/airflow/.local/lib/python3.7/site-packages/airflow/example_dags/example_branch_operator.py
[2023-03-23T22:57:46.079+0000] {processor.py:756} INFO - Processing file /home/airflow/.local/lib/python3.7/site-packages/airflow/example_dags/example_branch_operator.py for tasks to queue
[2023-03-23T22:57:46.080+0000] {logging_mixin.py:120} INFO - [2023-03-23T22:57:46.080+0000] {dagbag.py:537} INFO - Filling up the DagBag from /home/airflow/.local/lib/python3.7/site-packages/airflow/example_dags/example_branch_operator.py
[2023-03-23T22:57:46.096+0000] {processor.py:766} INFO - DAG(s) dict_keys(['example_branch_operator']) retrieved from /home/airflow/.local/lib/python3.7/site-packages/airflow/example_dags/example_branch_operator.py
[2023-03-23T22:57:46.135+0000] {logging_mixin.py:120} INFO - [2023-03-23T22:57:46.135+0000] {dag.py:2585} INFO - Sync 1 DAGs
[2023-03-23T22:57:46.166+0000] {logging_mixin.py:120} INFO - [2023-03-23T22:57:46.166+0000] {dag.py:3340} INFO - Setting next_dagrun for example_branch_operator to 2023-03-22T00:00:00+00:00, run_after=2023-03-23T00:00:00+00:00
[2023-03-23T22:57:46.200+0000] {processor.py:176} INFO - Processing /home/airflow/.local/lib/python3.7/site-packages/airflow/example_dags/example_branch_operator.py took 0.124 seconds
[2023-03-23T22:58:16.318+0000] {processor.py:154} INFO - Started process (PID=1132) to work on /home/airflow/.local/lib/python3.7/site-packages/airflow/example_dags/example_branch_operator.py
[2023-03-23T22:58:16.319+0000] {processor.py:756} INFO - Processing file /home/airflow/.local/lib/python3.7/site-packages/airflow/example_dags/example_branch_operator.py for tasks to queue
[2023-03-23T22:58:16.320+0000] {logging_mixin.py:120} INFO - [2023-03-23T22:58:16.320+0000] {dagbag.py:537} INFO - Filling up the DagBag from /home/airflow/.local/lib/python3.7/site-packages/airflow/example_dags/example_branch_operator.py
[2023-03-23T22:58:16.335+0000] {processor.py:766} INFO - DAG(s) dict_keys(['example_branch_operator']) retrieved from /home/airflow/.local/lib/python3.7/site-packages/airflow/example_dags/example_branch_operator.py
[2023-03-23T22:58:16.377+0000] {logging_mixin.py:120} INFO - [2023-03-23T22:58:16.377+0000] {dag.py:2585} INFO - Sync 1 DAGs
[2023-03-23T22:58:16.405+0000] {logging_mixin.py:120} INFO - [2023-03-23T22:58:16.405+0000] {dag.py:3340} INFO - Setting next_dagrun for example_branch_operator to 2023-03-22T00:00:00+00:00, run_after=2023-03-23T00:00:00+00:00
[2023-03-23T22:58:16.428+0000] {processor.py:176} INFO - Processing /home/airflow/.local/lib/python3.7/site-packages/airflow/example_dags/example_branch_operator.py took 0.113 seconds
[2023-03-23T22:58:47.061+0000] {processor.py:154} INFO - Started process (PID=1195) to work on /home/airflow/.local/lib/python3.7/site-packages/airflow/example_dags/example_branch_operator.py
[2023-03-23T22:58:47.063+0000] {processor.py:756} INFO - Processing file /home/airflow/.local/lib/python3.7/site-packages/airflow/example_dags/example_branch_operator.py for tasks to queue
[2023-03-23T22:58:47.064+0000] {logging_mixin.py:120} INFO - [2023-03-23T22:58:47.064+0000] {dagbag.py:537} INFO - Filling up the DagBag from /home/airflow/.local/lib/python3.7/site-packages/airflow/example_dags/example_branch_operator.py
[2023-03-23T22:58:47.086+0000] {processor.py:766} INFO - DAG(s) dict_keys(['example_branch_operator']) retrieved from /home/airflow/.local/lib/python3.7/site-packages/airflow/example_dags/example_branch_operator.py
[2023-03-23T22:58:47.135+0000] {logging_mixin.py:120} INFO - [2023-03-23T22:58:47.134+0000] {dag.py:2585} INFO - Sync 1 DAGs
[2023-03-23T22:58:47.164+0000] {logging_mixin.py:120} INFO - [2023-03-23T22:58:47.164+0000] {dag.py:3340} INFO - Setting next_dagrun for example_branch_operator to 2023-03-22T00:00:00+00:00, run_after=2023-03-23T00:00:00+00:00
[2023-03-23T22:58:47.188+0000] {processor.py:176} INFO - Processing /home/airflow/.local/lib/python3.7/site-packages/airflow/example_dags/example_branch_operator.py took 0.129 seconds
[2023-03-23T22:59:17.810+0000] {processor.py:154} INFO - Started process (PID=1249) to work on /home/airflow/.local/lib/python3.7/site-packages/airflow/example_dags/example_branch_operator.py
[2023-03-23T22:59:17.811+0000] {processor.py:756} INFO - Processing file /home/airflow/.local/lib/python3.7/site-packages/airflow/example_dags/example_branch_operator.py for tasks to queue
[2023-03-23T22:59:17.812+0000] {logging_mixin.py:120} INFO - [2023-03-23T22:59:17.812+0000] {dagbag.py:537} INFO - Filling up the DagBag from /home/airflow/.local/lib/python3.7/site-packages/airflow/example_dags/example_branch_operator.py
[2023-03-23T22:59:17.828+0000] {processor.py:766} INFO - DAG(s) dict_keys(['example_branch_operator']) retrieved from /home/airflow/.local/lib/python3.7/site-packages/airflow/example_dags/example_branch_operator.py
[2023-03-23T22:59:17.876+0000] {logging_mixin.py:120} INFO - [2023-03-23T22:59:17.875+0000] {dag.py:2585} INFO - Sync 1 DAGs
[2023-03-23T22:59:17.905+0000] {logging_mixin.py:120} INFO - [2023-03-23T22:59:17.905+0000] {dag.py:3340} INFO - Setting next_dagrun for example_branch_operator to 2023-03-22T00:00:00+00:00, run_after=2023-03-23T00:00:00+00:00
[2023-03-23T22:59:17.931+0000] {processor.py:176} INFO - Processing /home/airflow/.local/lib/python3.7/site-packages/airflow/example_dags/example_branch_operator.py took 0.124 seconds
