[2023-03-23T22:48:38.054+0000] {processor.py:154} INFO - Started process (PID=62) to work on /home/airflow/.local/lib/python3.7/site-packages/airflow/example_dags/example_branch_labels.py
[2023-03-23T22:48:38.062+0000] {processor.py:756} INFO - Processing file /home/airflow/.local/lib/python3.7/site-packages/airflow/example_dags/example_branch_labels.py for tasks to queue
[2023-03-23T22:48:38.068+0000] {logging_mixin.py:120} INFO - [2023-03-23T22:48:38.067+0000] {dagbag.py:537} INFO - Filling up the DagBag from /home/airflow/.local/lib/python3.7/site-packages/airflow/example_dags/example_branch_labels.py
[2023-03-23T22:48:38.146+0000] {processor.py:766} INFO - DAG(s) dict_keys(['example_branch_labels']) retrieved from /home/airflow/.local/lib/python3.7/site-packages/airflow/example_dags/example_branch_labels.py
[2023-03-23T22:48:38.734+0000] {logging_mixin.py:120} INFO - [2023-03-23T22:48:38.733+0000] {manager.py:507} INFO - Created Permission View: can edit on DAG:example_branch_labels
[2023-03-23T22:48:38.798+0000] {logging_mixin.py:120} INFO - [2023-03-23T22:48:38.798+0000] {manager.py:507} INFO - Created Permission View: can read on DAG:example_branch_labels
[2023-03-23T22:48:38.847+0000] {logging_mixin.py:120} INFO - [2023-03-23T22:48:38.847+0000] {manager.py:507} INFO - Created Permission View: can delete on DAG:example_branch_labels
[2023-03-23T22:48:38.849+0000] {logging_mixin.py:120} INFO - [2023-03-23T22:48:38.848+0000] {dag.py:2585} INFO - Sync 1 DAGs
[2023-03-23T22:48:38.886+0000] {logging_mixin.py:120} INFO - [2023-03-23T22:48:38.886+0000] {dag.py:2606} INFO - Creating ORM DAG for example_branch_labels
[2023-03-23T22:48:38.937+0000] {logging_mixin.py:120} INFO - [2023-03-23T22:48:38.937+0000] {dag.py:3340} INFO - Setting next_dagrun for example_branch_labels to 2023-03-22T00:00:00+00:00, run_after=2023-03-23T00:00:00+00:00
[2023-03-23T22:48:39.030+0000] {processor.py:176} INFO - Processing /home/airflow/.local/lib/python3.7/site-packages/airflow/example_dags/example_branch_labels.py took 0.986 seconds
[2023-03-23T22:49:15.124+0000] {processor.py:154} INFO - Started process (PID=116) to work on /home/airflow/.local/lib/python3.7/site-packages/airflow/example_dags/example_branch_labels.py
[2023-03-23T22:49:15.140+0000] {processor.py:756} INFO - Processing file /home/airflow/.local/lib/python3.7/site-packages/airflow/example_dags/example_branch_labels.py for tasks to queue
[2023-03-23T22:49:15.154+0000] {logging_mixin.py:120} INFO - [2023-03-23T22:49:15.143+0000] {dagbag.py:537} INFO - Filling up the DagBag from /home/airflow/.local/lib/python3.7/site-packages/airflow/example_dags/example_branch_labels.py
[2023-03-23T22:49:15.253+0000] {processor.py:766} INFO - DAG(s) dict_keys(['example_branch_labels']) retrieved from /home/airflow/.local/lib/python3.7/site-packages/airflow/example_dags/example_branch_labels.py
[2023-03-23T22:49:15.618+0000] {logging_mixin.py:120} INFO - [2023-03-23T22:49:15.618+0000] {dag.py:2585} INFO - Sync 1 DAGs
[2023-03-23T22:49:15.976+0000] {logging_mixin.py:120} INFO - [2023-03-23T22:49:15.976+0000] {dag.py:3340} INFO - Setting next_dagrun for example_branch_labels to 2023-03-22T00:00:00+00:00, run_after=2023-03-23T00:00:00+00:00
[2023-03-23T22:49:16.178+0000] {processor.py:176} INFO - Processing /home/airflow/.local/lib/python3.7/site-packages/airflow/example_dags/example_branch_labels.py took 1.072 seconds
[2023-03-23T22:49:53.239+0000] {processor.py:154} INFO - Started process (PID=171) to work on /home/airflow/.local/lib/python3.7/site-packages/airflow/example_dags/example_branch_labels.py
[2023-03-23T22:49:53.253+0000] {processor.py:756} INFO - Processing file /home/airflow/.local/lib/python3.7/site-packages/airflow/example_dags/example_branch_labels.py for tasks to queue
[2023-03-23T22:49:53.270+0000] {logging_mixin.py:120} INFO - [2023-03-23T22:49:53.269+0000] {dagbag.py:537} INFO - Filling up the DagBag from /home/airflow/.local/lib/python3.7/site-packages/airflow/example_dags/example_branch_labels.py
[2023-03-23T22:49:53.354+0000] {processor.py:766} INFO - DAG(s) dict_keys(['example_branch_labels']) retrieved from /home/airflow/.local/lib/python3.7/site-packages/airflow/example_dags/example_branch_labels.py
[2023-03-23T22:49:53.493+0000] {logging_mixin.py:120} INFO - [2023-03-23T22:49:53.493+0000] {dag.py:2585} INFO - Sync 1 DAGs
[2023-03-23T22:49:53.589+0000] {logging_mixin.py:120} INFO - [2023-03-23T22:49:53.588+0000] {dag.py:3340} INFO - Setting next_dagrun for example_branch_labels to 2023-03-22T00:00:00+00:00, run_after=2023-03-23T00:00:00+00:00
[2023-03-23T22:49:53.650+0000] {processor.py:176} INFO - Processing /home/airflow/.local/lib/python3.7/site-packages/airflow/example_dags/example_branch_labels.py took 0.427 seconds
[2023-03-23T22:50:24.330+0000] {processor.py:154} INFO - Started process (PID=225) to work on /home/airflow/.local/lib/python3.7/site-packages/airflow/example_dags/example_branch_labels.py
[2023-03-23T22:50:24.342+0000] {processor.py:756} INFO - Processing file /home/airflow/.local/lib/python3.7/site-packages/airflow/example_dags/example_branch_labels.py for tasks to queue
[2023-03-23T22:50:24.378+0000] {logging_mixin.py:120} INFO - [2023-03-23T22:50:24.378+0000] {dagbag.py:537} INFO - Filling up the DagBag from /home/airflow/.local/lib/python3.7/site-packages/airflow/example_dags/example_branch_labels.py
[2023-03-23T22:50:24.470+0000] {processor.py:766} INFO - DAG(s) dict_keys(['example_branch_labels']) retrieved from /home/airflow/.local/lib/python3.7/site-packages/airflow/example_dags/example_branch_labels.py
[2023-03-23T22:50:24.616+0000] {logging_mixin.py:120} INFO - [2023-03-23T22:50:24.615+0000] {dag.py:2585} INFO - Sync 1 DAGs
[2023-03-23T22:50:24.724+0000] {logging_mixin.py:120} INFO - [2023-03-23T22:50:24.724+0000] {dag.py:3340} INFO - Setting next_dagrun for example_branch_labels to 2023-03-22T00:00:00+00:00, run_after=2023-03-23T00:00:00+00:00
[2023-03-23T22:50:24.794+0000] {processor.py:176} INFO - Processing /home/airflow/.local/lib/python3.7/site-packages/airflow/example_dags/example_branch_labels.py took 0.471 seconds
[2023-03-23T22:50:55.967+0000] {processor.py:154} INFO - Started process (PID=270) to work on /home/airflow/.local/lib/python3.7/site-packages/airflow/example_dags/example_branch_labels.py
[2023-03-23T22:50:55.970+0000] {processor.py:756} INFO - Processing file /home/airflow/.local/lib/python3.7/site-packages/airflow/example_dags/example_branch_labels.py for tasks to queue
[2023-03-23T22:50:55.973+0000] {logging_mixin.py:120} INFO - [2023-03-23T22:50:55.972+0000] {dagbag.py:537} INFO - Filling up the DagBag from /home/airflow/.local/lib/python3.7/site-packages/airflow/example_dags/example_branch_labels.py
[2023-03-23T22:50:56.035+0000] {processor.py:766} INFO - DAG(s) dict_keys(['example_branch_labels']) retrieved from /home/airflow/.local/lib/python3.7/site-packages/airflow/example_dags/example_branch_labels.py
[2023-03-23T22:50:56.199+0000] {logging_mixin.py:120} INFO - [2023-03-23T22:50:56.199+0000] {dag.py:2585} INFO - Sync 1 DAGs
[2023-03-23T22:50:56.328+0000] {logging_mixin.py:120} INFO - [2023-03-23T22:50:56.327+0000] {dag.py:3340} INFO - Setting next_dagrun for example_branch_labels to 2023-03-22T00:00:00+00:00, run_after=2023-03-23T00:00:00+00:00
[2023-03-23T22:50:56.453+0000] {processor.py:176} INFO - Processing /home/airflow/.local/lib/python3.7/site-packages/airflow/example_dags/example_branch_labels.py took 0.491 seconds
[2023-03-23T22:51:27.007+0000] {processor.py:154} INFO - Started process (PID=334) to work on /home/airflow/.local/lib/python3.7/site-packages/airflow/example_dags/example_branch_labels.py
[2023-03-23T22:51:27.034+0000] {processor.py:756} INFO - Processing file /home/airflow/.local/lib/python3.7/site-packages/airflow/example_dags/example_branch_labels.py for tasks to queue
[2023-03-23T22:51:27.036+0000] {logging_mixin.py:120} INFO - [2023-03-23T22:51:27.035+0000] {dagbag.py:537} INFO - Filling up the DagBag from /home/airflow/.local/lib/python3.7/site-packages/airflow/example_dags/example_branch_labels.py
[2023-03-23T22:51:27.099+0000] {processor.py:766} INFO - DAG(s) dict_keys(['example_branch_labels']) retrieved from /home/airflow/.local/lib/python3.7/site-packages/airflow/example_dags/example_branch_labels.py
[2023-03-23T22:51:27.308+0000] {logging_mixin.py:120} INFO - [2023-03-23T22:51:27.308+0000] {dag.py:2585} INFO - Sync 1 DAGs
[2023-03-23T22:51:27.414+0000] {logging_mixin.py:120} INFO - [2023-03-23T22:51:27.414+0000] {dag.py:3340} INFO - Setting next_dagrun for example_branch_labels to 2023-03-22T00:00:00+00:00, run_after=2023-03-23T00:00:00+00:00
[2023-03-23T22:51:27.505+0000] {processor.py:176} INFO - Processing /home/airflow/.local/lib/python3.7/site-packages/airflow/example_dags/example_branch_labels.py took 0.502 seconds
[2023-03-23T22:51:58.179+0000] {processor.py:154} INFO - Started process (PID=387) to work on /home/airflow/.local/lib/python3.7/site-packages/airflow/example_dags/example_branch_labels.py
[2023-03-23T22:51:58.206+0000] {processor.py:756} INFO - Processing file /home/airflow/.local/lib/python3.7/site-packages/airflow/example_dags/example_branch_labels.py for tasks to queue
[2023-03-23T22:51:58.210+0000] {logging_mixin.py:120} INFO - [2023-03-23T22:51:58.210+0000] {dagbag.py:537} INFO - Filling up the DagBag from /home/airflow/.local/lib/python3.7/site-packages/airflow/example_dags/example_branch_labels.py
[2023-03-23T22:51:58.271+0000] {processor.py:766} INFO - DAG(s) dict_keys(['example_branch_labels']) retrieved from /home/airflow/.local/lib/python3.7/site-packages/airflow/example_dags/example_branch_labels.py
[2023-03-23T22:51:58.361+0000] {logging_mixin.py:120} INFO - [2023-03-23T22:51:58.359+0000] {dag.py:2585} INFO - Sync 1 DAGs
[2023-03-23T22:51:58.440+0000] {logging_mixin.py:120} INFO - [2023-03-23T22:51:58.439+0000] {dag.py:3340} INFO - Setting next_dagrun for example_branch_labels to 2023-03-22T00:00:00+00:00, run_after=2023-03-23T00:00:00+00:00
[2023-03-23T22:51:58.493+0000] {processor.py:176} INFO - Processing /home/airflow/.local/lib/python3.7/site-packages/airflow/example_dags/example_branch_labels.py took 0.320 seconds
[2023-03-23T22:52:29.411+0000] {processor.py:154} INFO - Started process (PID=452) to work on /home/airflow/.local/lib/python3.7/site-packages/airflow/example_dags/example_branch_labels.py
[2023-03-23T22:52:29.413+0000] {processor.py:756} INFO - Processing file /home/airflow/.local/lib/python3.7/site-packages/airflow/example_dags/example_branch_labels.py for tasks to queue
[2023-03-23T22:52:29.414+0000] {logging_mixin.py:120} INFO - [2023-03-23T22:52:29.414+0000] {dagbag.py:537} INFO - Filling up the DagBag from /home/airflow/.local/lib/python3.7/site-packages/airflow/example_dags/example_branch_labels.py
[2023-03-23T22:52:29.436+0000] {processor.py:766} INFO - DAG(s) dict_keys(['example_branch_labels']) retrieved from /home/airflow/.local/lib/python3.7/site-packages/airflow/example_dags/example_branch_labels.py
[2023-03-23T22:52:29.505+0000] {logging_mixin.py:120} INFO - [2023-03-23T22:52:29.505+0000] {dag.py:2585} INFO - Sync 1 DAGs
[2023-03-23T22:52:29.557+0000] {logging_mixin.py:120} INFO - [2023-03-23T22:52:29.557+0000] {dag.py:3340} INFO - Setting next_dagrun for example_branch_labels to 2023-03-22T00:00:00+00:00, run_after=2023-03-23T00:00:00+00:00
[2023-03-23T22:52:29.594+0000] {processor.py:176} INFO - Processing /home/airflow/.local/lib/python3.7/site-packages/airflow/example_dags/example_branch_labels.py took 0.188 seconds
[2023-03-23T22:53:00.058+0000] {processor.py:154} INFO - Started process (PID=515) to work on /home/airflow/.local/lib/python3.7/site-packages/airflow/example_dags/example_branch_labels.py
[2023-03-23T22:53:00.060+0000] {processor.py:756} INFO - Processing file /home/airflow/.local/lib/python3.7/site-packages/airflow/example_dags/example_branch_labels.py for tasks to queue
[2023-03-23T22:53:00.062+0000] {logging_mixin.py:120} INFO - [2023-03-23T22:53:00.061+0000] {dagbag.py:537} INFO - Filling up the DagBag from /home/airflow/.local/lib/python3.7/site-packages/airflow/example_dags/example_branch_labels.py
[2023-03-23T22:53:00.087+0000] {processor.py:766} INFO - DAG(s) dict_keys(['example_branch_labels']) retrieved from /home/airflow/.local/lib/python3.7/site-packages/airflow/example_dags/example_branch_labels.py
[2023-03-23T22:53:00.163+0000] {logging_mixin.py:120} INFO - [2023-03-23T22:53:00.163+0000] {dag.py:2585} INFO - Sync 1 DAGs
[2023-03-23T22:53:00.237+0000] {logging_mixin.py:120} INFO - [2023-03-23T22:53:00.236+0000] {dag.py:3340} INFO - Setting next_dagrun for example_branch_labels to 2023-03-22T00:00:00+00:00, run_after=2023-03-23T00:00:00+00:00
[2023-03-23T22:53:00.270+0000] {processor.py:176} INFO - Processing /home/airflow/.local/lib/python3.7/site-packages/airflow/example_dags/example_branch_labels.py took 0.217 seconds
[2023-03-23T22:53:30.490+0000] {processor.py:154} INFO - Started process (PID=569) to work on /home/airflow/.local/lib/python3.7/site-packages/airflow/example_dags/example_branch_labels.py
[2023-03-23T22:53:30.492+0000] {processor.py:756} INFO - Processing file /home/airflow/.local/lib/python3.7/site-packages/airflow/example_dags/example_branch_labels.py for tasks to queue
[2023-03-23T22:53:30.493+0000] {logging_mixin.py:120} INFO - [2023-03-23T22:53:30.493+0000] {dagbag.py:537} INFO - Filling up the DagBag from /home/airflow/.local/lib/python3.7/site-packages/airflow/example_dags/example_branch_labels.py
[2023-03-23T22:53:30.512+0000] {processor.py:766} INFO - DAG(s) dict_keys(['example_branch_labels']) retrieved from /home/airflow/.local/lib/python3.7/site-packages/airflow/example_dags/example_branch_labels.py
[2023-03-23T22:53:30.565+0000] {logging_mixin.py:120} INFO - [2023-03-23T22:53:30.565+0000] {dag.py:2585} INFO - Sync 1 DAGs
[2023-03-23T22:53:30.610+0000] {logging_mixin.py:120} INFO - [2023-03-23T22:53:30.609+0000] {dag.py:3340} INFO - Setting next_dagrun for example_branch_labels to 2023-03-22T00:00:00+00:00, run_after=2023-03-23T00:00:00+00:00
[2023-03-23T22:53:30.645+0000] {processor.py:176} INFO - Processing /home/airflow/.local/lib/python3.7/site-packages/airflow/example_dags/example_branch_labels.py took 0.160 seconds
[2023-03-23T22:54:01.345+0000] {processor.py:154} INFO - Started process (PID=631) to work on /home/airflow/.local/lib/python3.7/site-packages/airflow/example_dags/example_branch_labels.py
[2023-03-23T22:54:01.347+0000] {processor.py:756} INFO - Processing file /home/airflow/.local/lib/python3.7/site-packages/airflow/example_dags/example_branch_labels.py for tasks to queue
[2023-03-23T22:54:01.348+0000] {logging_mixin.py:120} INFO - [2023-03-23T22:54:01.348+0000] {dagbag.py:537} INFO - Filling up the DagBag from /home/airflow/.local/lib/python3.7/site-packages/airflow/example_dags/example_branch_labels.py
[2023-03-23T22:54:01.380+0000] {processor.py:766} INFO - DAG(s) dict_keys(['example_branch_labels']) retrieved from /home/airflow/.local/lib/python3.7/site-packages/airflow/example_dags/example_branch_labels.py
[2023-03-23T22:54:01.438+0000] {logging_mixin.py:120} INFO - [2023-03-23T22:54:01.438+0000] {dag.py:2585} INFO - Sync 1 DAGs
[2023-03-23T22:54:01.473+0000] {logging_mixin.py:120} INFO - [2023-03-23T22:54:01.473+0000] {dag.py:3340} INFO - Setting next_dagrun for example_branch_labels to 2023-03-22T00:00:00+00:00, run_after=2023-03-23T00:00:00+00:00
[2023-03-23T22:54:01.501+0000] {processor.py:176} INFO - Processing /home/airflow/.local/lib/python3.7/site-packages/airflow/example_dags/example_branch_labels.py took 0.160 seconds
[2023-03-23T22:54:32.015+0000] {processor.py:154} INFO - Started process (PID=683) to work on /home/airflow/.local/lib/python3.7/site-packages/airflow/example_dags/example_branch_labels.py
[2023-03-23T22:54:32.016+0000] {processor.py:756} INFO - Processing file /home/airflow/.local/lib/python3.7/site-packages/airflow/example_dags/example_branch_labels.py for tasks to queue
[2023-03-23T22:54:32.018+0000] {logging_mixin.py:120} INFO - [2023-03-23T22:54:32.017+0000] {dagbag.py:537} INFO - Filling up the DagBag from /home/airflow/.local/lib/python3.7/site-packages/airflow/example_dags/example_branch_labels.py
[2023-03-23T22:54:32.036+0000] {processor.py:766} INFO - DAG(s) dict_keys(['example_branch_labels']) retrieved from /home/airflow/.local/lib/python3.7/site-packages/airflow/example_dags/example_branch_labels.py
[2023-03-23T22:54:32.091+0000] {logging_mixin.py:120} INFO - [2023-03-23T22:54:32.091+0000] {dag.py:2585} INFO - Sync 1 DAGs
[2023-03-23T22:54:32.131+0000] {logging_mixin.py:120} INFO - [2023-03-23T22:54:32.130+0000] {dag.py:3340} INFO - Setting next_dagrun for example_branch_labels to 2023-03-22T00:00:00+00:00, run_after=2023-03-23T00:00:00+00:00
[2023-03-23T22:54:32.164+0000] {processor.py:176} INFO - Processing /home/airflow/.local/lib/python3.7/site-packages/airflow/example_dags/example_branch_labels.py took 0.153 seconds
[2023-03-23T22:55:02.565+0000] {processor.py:154} INFO - Started process (PID=746) to work on /home/airflow/.local/lib/python3.7/site-packages/airflow/example_dags/example_branch_labels.py
[2023-03-23T22:55:02.566+0000] {processor.py:756} INFO - Processing file /home/airflow/.local/lib/python3.7/site-packages/airflow/example_dags/example_branch_labels.py for tasks to queue
[2023-03-23T22:55:02.567+0000] {logging_mixin.py:120} INFO - [2023-03-23T22:55:02.567+0000] {dagbag.py:537} INFO - Filling up the DagBag from /home/airflow/.local/lib/python3.7/site-packages/airflow/example_dags/example_branch_labels.py
[2023-03-23T22:55:02.580+0000] {processor.py:766} INFO - DAG(s) dict_keys(['example_branch_labels']) retrieved from /home/airflow/.local/lib/python3.7/site-packages/airflow/example_dags/example_branch_labels.py
[2023-03-23T22:55:02.620+0000] {logging_mixin.py:120} INFO - [2023-03-23T22:55:02.620+0000] {dag.py:2585} INFO - Sync 1 DAGs
[2023-03-23T22:55:02.649+0000] {logging_mixin.py:120} INFO - [2023-03-23T22:55:02.649+0000] {dag.py:3340} INFO - Setting next_dagrun for example_branch_labels to 2023-03-22T00:00:00+00:00, run_after=2023-03-23T00:00:00+00:00
[2023-03-23T22:55:02.674+0000] {processor.py:176} INFO - Processing /home/airflow/.local/lib/python3.7/site-packages/airflow/example_dags/example_branch_labels.py took 0.111 seconds
[2023-03-23T22:55:33.037+0000] {processor.py:154} INFO - Started process (PID=809) to work on /home/airflow/.local/lib/python3.7/site-packages/airflow/example_dags/example_branch_labels.py
[2023-03-23T22:55:33.038+0000] {processor.py:756} INFO - Processing file /home/airflow/.local/lib/python3.7/site-packages/airflow/example_dags/example_branch_labels.py for tasks to queue
[2023-03-23T22:55:33.038+0000] {logging_mixin.py:120} INFO - [2023-03-23T22:55:33.038+0000] {dagbag.py:537} INFO - Filling up the DagBag from /home/airflow/.local/lib/python3.7/site-packages/airflow/example_dags/example_branch_labels.py
[2023-03-23T22:55:33.054+0000] {processor.py:766} INFO - DAG(s) dict_keys(['example_branch_labels']) retrieved from /home/airflow/.local/lib/python3.7/site-packages/airflow/example_dags/example_branch_labels.py
[2023-03-23T22:55:33.098+0000] {logging_mixin.py:120} INFO - [2023-03-23T22:55:33.097+0000] {dag.py:2585} INFO - Sync 1 DAGs
[2023-03-23T22:55:33.132+0000] {logging_mixin.py:120} INFO - [2023-03-23T22:55:33.131+0000] {dag.py:3340} INFO - Setting next_dagrun for example_branch_labels to 2023-03-22T00:00:00+00:00, run_after=2023-03-23T00:00:00+00:00
[2023-03-23T22:55:33.163+0000] {processor.py:176} INFO - Processing /home/airflow/.local/lib/python3.7/site-packages/airflow/example_dags/example_branch_labels.py took 0.130 seconds
[2023-03-23T22:56:03.642+0000] {processor.py:154} INFO - Started process (PID=863) to work on /home/airflow/.local/lib/python3.7/site-packages/airflow/example_dags/example_branch_labels.py
[2023-03-23T22:56:03.643+0000] {processor.py:756} INFO - Processing file /home/airflow/.local/lib/python3.7/site-packages/airflow/example_dags/example_branch_labels.py for tasks to queue
[2023-03-23T22:56:03.644+0000] {logging_mixin.py:120} INFO - [2023-03-23T22:56:03.644+0000] {dagbag.py:537} INFO - Filling up the DagBag from /home/airflow/.local/lib/python3.7/site-packages/airflow/example_dags/example_branch_labels.py
[2023-03-23T22:56:03.669+0000] {processor.py:766} INFO - DAG(s) dict_keys(['example_branch_labels']) retrieved from /home/airflow/.local/lib/python3.7/site-packages/airflow/example_dags/example_branch_labels.py
[2023-03-23T22:56:03.735+0000] {logging_mixin.py:120} INFO - [2023-03-23T22:56:03.734+0000] {dag.py:2585} INFO - Sync 1 DAGs
[2023-03-23T22:56:03.786+0000] {logging_mixin.py:120} INFO - [2023-03-23T22:56:03.786+0000] {dag.py:3340} INFO - Setting next_dagrun for example_branch_labels to 2023-03-22T00:00:00+00:00, run_after=2023-03-23T00:00:00+00:00
[2023-03-23T22:56:03.814+0000] {processor.py:176} INFO - Processing /home/airflow/.local/lib/python3.7/site-packages/airflow/example_dags/example_branch_labels.py took 0.181 seconds
[2023-03-23T22:56:34.164+0000] {processor.py:154} INFO - Started process (PID=926) to work on /home/airflow/.local/lib/python3.7/site-packages/airflow/example_dags/example_branch_labels.py
[2023-03-23T22:56:34.166+0000] {processor.py:756} INFO - Processing file /home/airflow/.local/lib/python3.7/site-packages/airflow/example_dags/example_branch_labels.py for tasks to queue
[2023-03-23T22:56:34.166+0000] {logging_mixin.py:120} INFO - [2023-03-23T22:56:34.166+0000] {dagbag.py:537} INFO - Filling up the DagBag from /home/airflow/.local/lib/python3.7/site-packages/airflow/example_dags/example_branch_labels.py
[2023-03-23T22:56:34.180+0000] {processor.py:766} INFO - DAG(s) dict_keys(['example_branch_labels']) retrieved from /home/airflow/.local/lib/python3.7/site-packages/airflow/example_dags/example_branch_labels.py
[2023-03-23T22:56:34.223+0000] {logging_mixin.py:120} INFO - [2023-03-23T22:56:34.223+0000] {dag.py:2585} INFO - Sync 1 DAGs
[2023-03-23T22:56:34.249+0000] {logging_mixin.py:120} INFO - [2023-03-23T22:56:34.249+0000] {dag.py:3340} INFO - Setting next_dagrun for example_branch_labels to 2023-03-22T00:00:00+00:00, run_after=2023-03-23T00:00:00+00:00
[2023-03-23T22:56:34.274+0000] {processor.py:176} INFO - Processing /home/airflow/.local/lib/python3.7/site-packages/airflow/example_dags/example_branch_labels.py took 0.113 seconds
[2023-03-23T22:57:04.622+0000] {processor.py:154} INFO - Started process (PID=989) to work on /home/airflow/.local/lib/python3.7/site-packages/airflow/example_dags/example_branch_labels.py
[2023-03-23T22:57:04.623+0000] {processor.py:756} INFO - Processing file /home/airflow/.local/lib/python3.7/site-packages/airflow/example_dags/example_branch_labels.py for tasks to queue
[2023-03-23T22:57:04.624+0000] {logging_mixin.py:120} INFO - [2023-03-23T22:57:04.623+0000] {dagbag.py:537} INFO - Filling up the DagBag from /home/airflow/.local/lib/python3.7/site-packages/airflow/example_dags/example_branch_labels.py
[2023-03-23T22:57:04.639+0000] {processor.py:766} INFO - DAG(s) dict_keys(['example_branch_labels']) retrieved from /home/airflow/.local/lib/python3.7/site-packages/airflow/example_dags/example_branch_labels.py
[2023-03-23T22:57:04.679+0000] {logging_mixin.py:120} INFO - [2023-03-23T22:57:04.678+0000] {dag.py:2585} INFO - Sync 1 DAGs
[2023-03-23T22:57:04.705+0000] {logging_mixin.py:120} INFO - [2023-03-23T22:57:04.705+0000] {dag.py:3340} INFO - Setting next_dagrun for example_branch_labels to 2023-03-22T00:00:00+00:00, run_after=2023-03-23T00:00:00+00:00
[2023-03-23T22:57:04.727+0000] {processor.py:176} INFO - Processing /home/airflow/.local/lib/python3.7/site-packages/airflow/example_dags/example_branch_labels.py took 0.109 seconds
[2023-03-23T22:57:34.796+0000] {processor.py:154} INFO - Started process (PID=1042) to work on /home/airflow/.local/lib/python3.7/site-packages/airflow/example_dags/example_branch_labels.py
[2023-03-23T22:57:34.797+0000] {processor.py:756} INFO - Processing file /home/airflow/.local/lib/python3.7/site-packages/airflow/example_dags/example_branch_labels.py for tasks to queue
[2023-03-23T22:57:34.797+0000] {logging_mixin.py:120} INFO - [2023-03-23T22:57:34.797+0000] {dagbag.py:537} INFO - Filling up the DagBag from /home/airflow/.local/lib/python3.7/site-packages/airflow/example_dags/example_branch_labels.py
[2023-03-23T22:57:34.811+0000] {processor.py:766} INFO - DAG(s) dict_keys(['example_branch_labels']) retrieved from /home/airflow/.local/lib/python3.7/site-packages/airflow/example_dags/example_branch_labels.py
[2023-03-23T22:57:34.853+0000] {logging_mixin.py:120} INFO - [2023-03-23T22:57:34.853+0000] {dag.py:2585} INFO - Sync 1 DAGs
[2023-03-23T22:57:34.878+0000] {logging_mixin.py:120} INFO - [2023-03-23T22:57:34.878+0000] {dag.py:3340} INFO - Setting next_dagrun for example_branch_labels to 2023-03-22T00:00:00+00:00, run_after=2023-03-23T00:00:00+00:00
[2023-03-23T22:57:34.900+0000] {processor.py:176} INFO - Processing /home/airflow/.local/lib/python3.7/site-packages/airflow/example_dags/example_branch_labels.py took 0.107 seconds
[2023-03-23T22:58:05.571+0000] {processor.py:154} INFO - Started process (PID=1103) to work on /home/airflow/.local/lib/python3.7/site-packages/airflow/example_dags/example_branch_labels.py
[2023-03-23T22:58:05.573+0000] {processor.py:756} INFO - Processing file /home/airflow/.local/lib/python3.7/site-packages/airflow/example_dags/example_branch_labels.py for tasks to queue
[2023-03-23T22:58:05.574+0000] {logging_mixin.py:120} INFO - [2023-03-23T22:58:05.574+0000] {dagbag.py:537} INFO - Filling up the DagBag from /home/airflow/.local/lib/python3.7/site-packages/airflow/example_dags/example_branch_labels.py
[2023-03-23T22:58:05.595+0000] {processor.py:766} INFO - DAG(s) dict_keys(['example_branch_labels']) retrieved from /home/airflow/.local/lib/python3.7/site-packages/airflow/example_dags/example_branch_labels.py
[2023-03-23T22:58:05.656+0000] {logging_mixin.py:120} INFO - [2023-03-23T22:58:05.656+0000] {dag.py:2585} INFO - Sync 1 DAGs
[2023-03-23T22:58:05.694+0000] {logging_mixin.py:120} INFO - [2023-03-23T22:58:05.694+0000] {dag.py:3340} INFO - Setting next_dagrun for example_branch_labels to 2023-03-22T00:00:00+00:00, run_after=2023-03-23T00:00:00+00:00
[2023-03-23T22:58:05.724+0000] {processor.py:176} INFO - Processing /home/airflow/.local/lib/python3.7/site-packages/airflow/example_dags/example_branch_labels.py took 0.156 seconds
[2023-03-23T22:58:35.825+0000] {processor.py:154} INFO - Started process (PID=1166) to work on /home/airflow/.local/lib/python3.7/site-packages/airflow/example_dags/example_branch_labels.py
[2023-03-23T22:58:35.826+0000] {processor.py:756} INFO - Processing file /home/airflow/.local/lib/python3.7/site-packages/airflow/example_dags/example_branch_labels.py for tasks to queue
[2023-03-23T22:58:35.827+0000] {logging_mixin.py:120} INFO - [2023-03-23T22:58:35.827+0000] {dagbag.py:537} INFO - Filling up the DagBag from /home/airflow/.local/lib/python3.7/site-packages/airflow/example_dags/example_branch_labels.py
[2023-03-23T22:58:35.840+0000] {processor.py:766} INFO - DAG(s) dict_keys(['example_branch_labels']) retrieved from /home/airflow/.local/lib/python3.7/site-packages/airflow/example_dags/example_branch_labels.py
[2023-03-23T22:58:35.893+0000] {logging_mixin.py:120} INFO - [2023-03-23T22:58:35.892+0000] {dag.py:2585} INFO - Sync 1 DAGs
[2023-03-23T22:58:35.918+0000] {logging_mixin.py:120} INFO - [2023-03-23T22:58:35.918+0000] {dag.py:3340} INFO - Setting next_dagrun for example_branch_labels to 2023-03-22T00:00:00+00:00, run_after=2023-03-23T00:00:00+00:00
[2023-03-23T22:58:35.935+0000] {processor.py:176} INFO - Processing /home/airflow/.local/lib/python3.7/site-packages/airflow/example_dags/example_branch_labels.py took 0.113 seconds
[2023-03-23T22:59:06.364+0000] {processor.py:154} INFO - Started process (PID=1220) to work on /home/airflow/.local/lib/python3.7/site-packages/airflow/example_dags/example_branch_labels.py
[2023-03-23T22:59:06.364+0000] {processor.py:756} INFO - Processing file /home/airflow/.local/lib/python3.7/site-packages/airflow/example_dags/example_branch_labels.py for tasks to queue
[2023-03-23T22:59:06.365+0000] {logging_mixin.py:120} INFO - [2023-03-23T22:59:06.365+0000] {dagbag.py:537} INFO - Filling up the DagBag from /home/airflow/.local/lib/python3.7/site-packages/airflow/example_dags/example_branch_labels.py
[2023-03-23T22:59:06.378+0000] {processor.py:766} INFO - DAG(s) dict_keys(['example_branch_labels']) retrieved from /home/airflow/.local/lib/python3.7/site-packages/airflow/example_dags/example_branch_labels.py
[2023-03-23T22:59:06.422+0000] {logging_mixin.py:120} INFO - [2023-03-23T22:59:06.422+0000] {dag.py:2585} INFO - Sync 1 DAGs
[2023-03-23T22:59:06.448+0000] {logging_mixin.py:120} INFO - [2023-03-23T22:59:06.448+0000] {dag.py:3340} INFO - Setting next_dagrun for example_branch_labels to 2023-03-22T00:00:00+00:00, run_after=2023-03-23T00:00:00+00:00
[2023-03-23T22:59:06.470+0000] {processor.py:176} INFO - Processing /home/airflow/.local/lib/python3.7/site-packages/airflow/example_dags/example_branch_labels.py took 0.109 seconds
[2023-03-23T22:59:37.101+0000] {processor.py:154} INFO - Started process (PID=1283) to work on /home/airflow/.local/lib/python3.7/site-packages/airflow/example_dags/example_branch_labels.py
[2023-03-23T22:59:37.103+0000] {processor.py:756} INFO - Processing file /home/airflow/.local/lib/python3.7/site-packages/airflow/example_dags/example_branch_labels.py for tasks to queue
[2023-03-23T22:59:37.103+0000] {logging_mixin.py:120} INFO - [2023-03-23T22:59:37.103+0000] {dagbag.py:537} INFO - Filling up the DagBag from /home/airflow/.local/lib/python3.7/site-packages/airflow/example_dags/example_branch_labels.py
[2023-03-23T22:59:37.117+0000] {processor.py:766} INFO - DAG(s) dict_keys(['example_branch_labels']) retrieved from /home/airflow/.local/lib/python3.7/site-packages/airflow/example_dags/example_branch_labels.py
[2023-03-23T22:59:37.167+0000] {logging_mixin.py:120} INFO - [2023-03-23T22:59:37.167+0000] {dag.py:2585} INFO - Sync 1 DAGs
[2023-03-23T22:59:37.197+0000] {logging_mixin.py:120} INFO - [2023-03-23T22:59:37.197+0000] {dag.py:3340} INFO - Setting next_dagrun for example_branch_labels to 2023-03-22T00:00:00+00:00, run_after=2023-03-23T00:00:00+00:00
[2023-03-23T22:59:37.222+0000] {processor.py:176} INFO - Processing /home/airflow/.local/lib/python3.7/site-packages/airflow/example_dags/example_branch_labels.py took 0.123 seconds
