[2023-03-23T22:49:04.622+0000] {processor.py:154} INFO - Started process (PID=92) to work on /home/airflow/.local/lib/python3.7/site-packages/airflow/example_dags/example_branch_python_dop_operator_3.py
[2023-03-23T22:49:04.675+0000] {processor.py:756} INFO - Processing file /home/airflow/.local/lib/python3.7/site-packages/airflow/example_dags/example_branch_python_dop_operator_3.py for tasks to queue
[2023-03-23T22:49:04.703+0000] {logging_mixin.py:120} INFO - [2023-03-23T22:49:04.702+0000] {dagbag.py:537} INFO - Filling up the DagBag from /home/airflow/.local/lib/python3.7/site-packages/airflow/example_dags/example_branch_python_dop_operator_3.py
[2023-03-23T22:49:04.788+0000] {processor.py:766} INFO - DAG(s) dict_keys(['example_branch_dop_operator_v3']) retrieved from /home/airflow/.local/lib/python3.7/site-packages/airflow/example_dags/example_branch_python_dop_operator_3.py
[2023-03-23T22:49:05.753+0000] {logging_mixin.py:120} INFO - [2023-03-23T22:49:05.753+0000] {manager.py:507} INFO - Created Permission View: can edit on DAG:example_branch_dop_operator_v3
[2023-03-23T22:49:05.803+0000] {logging_mixin.py:120} INFO - [2023-03-23T22:49:05.803+0000] {manager.py:507} INFO - Created Permission View: can read on DAG:example_branch_dop_operator_v3
[2023-03-23T22:49:05.881+0000] {logging_mixin.py:120} INFO - [2023-03-23T22:49:05.881+0000] {manager.py:507} INFO - Created Permission View: can delete on DAG:example_branch_dop_operator_v3
[2023-03-23T22:49:05.883+0000] {logging_mixin.py:120} INFO - [2023-03-23T22:49:05.882+0000] {dag.py:2585} INFO - Sync 1 DAGs
[2023-03-23T22:49:05.928+0000] {logging_mixin.py:120} INFO - [2023-03-23T22:49:05.928+0000] {dag.py:2606} INFO - Creating ORM DAG for example_branch_dop_operator_v3
[2023-03-23T22:49:06.002+0000] {logging_mixin.py:120} INFO - [2023-03-23T22:49:06.001+0000] {dag.py:3340} INFO - Setting next_dagrun for example_branch_dop_operator_v3 to 2023-03-23T22:48:00+00:00, run_after=2023-03-23T22:49:00+00:00
[2023-03-23T22:49:06.114+0000] {processor.py:176} INFO - Processing /home/airflow/.local/lib/python3.7/site-packages/airflow/example_dags/example_branch_python_dop_operator_3.py took 1.510 seconds
[2023-03-23T22:49:37.385+0000] {processor.py:154} INFO - Started process (PID=146) to work on /home/airflow/.local/lib/python3.7/site-packages/airflow/example_dags/example_branch_python_dop_operator_3.py
[2023-03-23T22:49:37.387+0000] {processor.py:756} INFO - Processing file /home/airflow/.local/lib/python3.7/site-packages/airflow/example_dags/example_branch_python_dop_operator_3.py for tasks to queue
[2023-03-23T22:49:37.388+0000] {logging_mixin.py:120} INFO - [2023-03-23T22:49:37.388+0000] {dagbag.py:537} INFO - Filling up the DagBag from /home/airflow/.local/lib/python3.7/site-packages/airflow/example_dags/example_branch_python_dop_operator_3.py
[2023-03-23T22:49:37.447+0000] {processor.py:766} INFO - DAG(s) dict_keys(['example_branch_dop_operator_v3']) retrieved from /home/airflow/.local/lib/python3.7/site-packages/airflow/example_dags/example_branch_python_dop_operator_3.py
[2023-03-23T22:49:37.528+0000] {logging_mixin.py:120} INFO - [2023-03-23T22:49:37.528+0000] {dag.py:2585} INFO - Sync 1 DAGs
[2023-03-23T22:49:37.643+0000] {logging_mixin.py:120} INFO - [2023-03-23T22:49:37.642+0000] {dag.py:3340} INFO - Setting next_dagrun for example_branch_dop_operator_v3 to 2023-03-23T22:48:00+00:00, run_after=2023-03-23T22:49:00+00:00
[2023-03-23T22:49:37.736+0000] {processor.py:176} INFO - Processing /home/airflow/.local/lib/python3.7/site-packages/airflow/example_dags/example_branch_python_dop_operator_3.py took 0.356 seconds
[2023-03-23T22:50:12.219+0000] {processor.py:154} INFO - Started process (PID=201) to work on /home/airflow/.local/lib/python3.7/site-packages/airflow/example_dags/example_branch_python_dop_operator_3.py
[2023-03-23T22:50:12.229+0000] {processor.py:756} INFO - Processing file /home/airflow/.local/lib/python3.7/site-packages/airflow/example_dags/example_branch_python_dop_operator_3.py for tasks to queue
[2023-03-23T22:50:12.230+0000] {logging_mixin.py:120} INFO - [2023-03-23T22:50:12.230+0000] {dagbag.py:537} INFO - Filling up the DagBag from /home/airflow/.local/lib/python3.7/site-packages/airflow/example_dags/example_branch_python_dop_operator_3.py
[2023-03-23T22:50:12.346+0000] {processor.py:766} INFO - DAG(s) dict_keys(['example_branch_dop_operator_v3']) retrieved from /home/airflow/.local/lib/python3.7/site-packages/airflow/example_dags/example_branch_python_dop_operator_3.py
[2023-03-23T22:50:12.521+0000] {logging_mixin.py:120} INFO - [2023-03-23T22:50:12.521+0000] {dag.py:2585} INFO - Sync 1 DAGs
[2023-03-23T22:50:12.685+0000] {logging_mixin.py:120} INFO - [2023-03-23T22:50:12.685+0000] {dag.py:3340} INFO - Setting next_dagrun for example_branch_dop_operator_v3 to 2023-03-23T22:49:00+00:00, run_after=2023-03-23T22:50:00+00:00
[2023-03-23T22:50:12.804+0000] {processor.py:176} INFO - Processing /home/airflow/.local/lib/python3.7/site-packages/airflow/example_dags/example_branch_python_dop_operator_3.py took 0.590 seconds
[2023-03-23T22:50:43.702+0000] {processor.py:154} INFO - Started process (PID=255) to work on /home/airflow/.local/lib/python3.7/site-packages/airflow/example_dags/example_branch_python_dop_operator_3.py
[2023-03-23T22:50:43.732+0000] {processor.py:756} INFO - Processing file /home/airflow/.local/lib/python3.7/site-packages/airflow/example_dags/example_branch_python_dop_operator_3.py for tasks to queue
[2023-03-23T22:50:43.785+0000] {logging_mixin.py:120} INFO - [2023-03-23T22:50:43.784+0000] {dagbag.py:537} INFO - Filling up the DagBag from /home/airflow/.local/lib/python3.7/site-packages/airflow/example_dags/example_branch_python_dop_operator_3.py
[2023-03-23T22:50:43.889+0000] {processor.py:766} INFO - DAG(s) dict_keys(['example_branch_dop_operator_v3']) retrieved from /home/airflow/.local/lib/python3.7/site-packages/airflow/example_dags/example_branch_python_dop_operator_3.py
[2023-03-23T22:50:44.074+0000] {logging_mixin.py:120} INFO - [2023-03-23T22:50:44.074+0000] {dag.py:2585} INFO - Sync 1 DAGs
[2023-03-23T22:50:44.254+0000] {logging_mixin.py:120} INFO - [2023-03-23T22:50:44.254+0000] {dag.py:3340} INFO - Setting next_dagrun for example_branch_dop_operator_v3 to 2023-03-23T22:49:00+00:00, run_after=2023-03-23T22:50:00+00:00
[2023-03-23T22:50:46.839+0000] {processor.py:176} INFO - Processing /home/airflow/.local/lib/python3.7/site-packages/airflow/example_dags/example_branch_python_dop_operator_3.py took 3.142 seconds
[2023-03-23T22:51:18.574+0000] {processor.py:154} INFO - Started process (PID=309) to work on /home/airflow/.local/lib/python3.7/site-packages/airflow/example_dags/example_branch_python_dop_operator_3.py
[2023-03-23T22:51:18.601+0000] {processor.py:756} INFO - Processing file /home/airflow/.local/lib/python3.7/site-packages/airflow/example_dags/example_branch_python_dop_operator_3.py for tasks to queue
[2023-03-23T22:51:18.649+0000] {logging_mixin.py:120} INFO - [2023-03-23T22:51:18.649+0000] {dagbag.py:537} INFO - Filling up the DagBag from /home/airflow/.local/lib/python3.7/site-packages/airflow/example_dags/example_branch_python_dop_operator_3.py
[2023-03-23T22:51:18.713+0000] {processor.py:766} INFO - DAG(s) dict_keys(['example_branch_dop_operator_v3']) retrieved from /home/airflow/.local/lib/python3.7/site-packages/airflow/example_dags/example_branch_python_dop_operator_3.py
[2023-03-23T22:51:18.926+0000] {logging_mixin.py:120} INFO - [2023-03-23T22:51:18.925+0000] {dag.py:2585} INFO - Sync 1 DAGs
[2023-03-23T22:51:18.993+0000] {logging_mixin.py:120} INFO - [2023-03-23T22:51:18.992+0000] {dag.py:3340} INFO - Setting next_dagrun for example_branch_dop_operator_v3 to 2023-03-23T22:50:00+00:00, run_after=2023-03-23T22:51:00+00:00
[2023-03-23T22:51:21.861+0000] {processor.py:176} INFO - Processing /home/airflow/.local/lib/python3.7/site-packages/airflow/example_dags/example_branch_python_dop_operator_3.py took 3.251 seconds
[2023-03-23T22:51:52.277+0000] {processor.py:154} INFO - Started process (PID=364) to work on /home/airflow/.local/lib/python3.7/site-packages/airflow/example_dags/example_branch_python_dop_operator_3.py
[2023-03-23T22:51:52.279+0000] {processor.py:756} INFO - Processing file /home/airflow/.local/lib/python3.7/site-packages/airflow/example_dags/example_branch_python_dop_operator_3.py for tasks to queue
[2023-03-23T22:51:52.281+0000] {logging_mixin.py:120} INFO - [2023-03-23T22:51:52.280+0000] {dagbag.py:537} INFO - Filling up the DagBag from /home/airflow/.local/lib/python3.7/site-packages/airflow/example_dags/example_branch_python_dop_operator_3.py
[2023-03-23T22:51:52.363+0000] {processor.py:766} INFO - DAG(s) dict_keys(['example_branch_dop_operator_v3']) retrieved from /home/airflow/.local/lib/python3.7/site-packages/airflow/example_dags/example_branch_python_dop_operator_3.py
[2023-03-23T22:51:52.508+0000] {logging_mixin.py:120} INFO - [2023-03-23T22:51:52.508+0000] {dag.py:2585} INFO - Sync 1 DAGs
[2023-03-23T22:51:52.604+0000] {logging_mixin.py:120} INFO - [2023-03-23T22:51:52.602+0000] {dag.py:3340} INFO - Setting next_dagrun for example_branch_dop_operator_v3 to 2023-03-23T22:50:00+00:00, run_after=2023-03-23T22:51:00+00:00
[2023-03-23T22:51:53.318+0000] {processor.py:176} INFO - Processing /home/airflow/.local/lib/python3.7/site-packages/airflow/example_dags/example_branch_python_dop_operator_3.py took 1.046 seconds
[2023-03-23T22:52:23.856+0000] {processor.py:154} INFO - Started process (PID=437) to work on /home/airflow/.local/lib/python3.7/site-packages/airflow/example_dags/example_branch_python_dop_operator_3.py
[2023-03-23T22:52:23.859+0000] {processor.py:756} INFO - Processing file /home/airflow/.local/lib/python3.7/site-packages/airflow/example_dags/example_branch_python_dop_operator_3.py for tasks to queue
[2023-03-23T22:52:23.861+0000] {logging_mixin.py:120} INFO - [2023-03-23T22:52:23.861+0000] {dagbag.py:537} INFO - Filling up the DagBag from /home/airflow/.local/lib/python3.7/site-packages/airflow/example_dags/example_branch_python_dop_operator_3.py
[2023-03-23T22:52:23.905+0000] {processor.py:766} INFO - DAG(s) dict_keys(['example_branch_dop_operator_v3']) retrieved from /home/airflow/.local/lib/python3.7/site-packages/airflow/example_dags/example_branch_python_dop_operator_3.py
[2023-03-23T22:52:23.981+0000] {logging_mixin.py:120} INFO - [2023-03-23T22:52:23.981+0000] {dag.py:2585} INFO - Sync 1 DAGs
[2023-03-23T22:52:24.037+0000] {logging_mixin.py:120} INFO - [2023-03-23T22:52:24.037+0000] {dag.py:3340} INFO - Setting next_dagrun for example_branch_dop_operator_v3 to 2023-03-23T22:51:00+00:00, run_after=2023-03-23T22:52:00+00:00
[2023-03-23T22:52:24.076+0000] {processor.py:176} INFO - Processing /home/airflow/.local/lib/python3.7/site-packages/airflow/example_dags/example_branch_python_dop_operator_3.py took 0.224 seconds
[2023-03-23T22:52:54.258+0000] {processor.py:154} INFO - Started process (PID=491) to work on /home/airflow/.local/lib/python3.7/site-packages/airflow/example_dags/example_branch_python_dop_operator_3.py
[2023-03-23T22:52:54.259+0000] {processor.py:756} INFO - Processing file /home/airflow/.local/lib/python3.7/site-packages/airflow/example_dags/example_branch_python_dop_operator_3.py for tasks to queue
[2023-03-23T22:52:54.261+0000] {logging_mixin.py:120} INFO - [2023-03-23T22:52:54.260+0000] {dagbag.py:537} INFO - Filling up the DagBag from /home/airflow/.local/lib/python3.7/site-packages/airflow/example_dags/example_branch_python_dop_operator_3.py
[2023-03-23T22:52:54.309+0000] {processor.py:766} INFO - DAG(s) dict_keys(['example_branch_dop_operator_v3']) retrieved from /home/airflow/.local/lib/python3.7/site-packages/airflow/example_dags/example_branch_python_dop_operator_3.py
[2023-03-23T22:52:54.447+0000] {logging_mixin.py:120} INFO - [2023-03-23T22:52:54.446+0000] {dag.py:2585} INFO - Sync 1 DAGs
[2023-03-23T22:52:54.535+0000] {logging_mixin.py:120} INFO - [2023-03-23T22:52:54.535+0000] {dag.py:3340} INFO - Setting next_dagrun for example_branch_dop_operator_v3 to 2023-03-23T22:51:00+00:00, run_after=2023-03-23T22:52:00+00:00
[2023-03-23T22:52:54.712+0000] {processor.py:176} INFO - Processing /home/airflow/.local/lib/python3.7/site-packages/airflow/example_dags/example_branch_python_dop_operator_3.py took 0.460 seconds
[2023-03-23T22:53:25.062+0000] {processor.py:154} INFO - Started process (PID=554) to work on /home/airflow/.local/lib/python3.7/site-packages/airflow/example_dags/example_branch_python_dop_operator_3.py
[2023-03-23T22:53:25.063+0000] {processor.py:756} INFO - Processing file /home/airflow/.local/lib/python3.7/site-packages/airflow/example_dags/example_branch_python_dop_operator_3.py for tasks to queue
[2023-03-23T22:53:25.064+0000] {logging_mixin.py:120} INFO - [2023-03-23T22:53:25.064+0000] {dagbag.py:537} INFO - Filling up the DagBag from /home/airflow/.local/lib/python3.7/site-packages/airflow/example_dags/example_branch_python_dop_operator_3.py
[2023-03-23T22:53:25.093+0000] {processor.py:766} INFO - DAG(s) dict_keys(['example_branch_dop_operator_v3']) retrieved from /home/airflow/.local/lib/python3.7/site-packages/airflow/example_dags/example_branch_python_dop_operator_3.py
[2023-03-23T22:53:25.146+0000] {logging_mixin.py:120} INFO - [2023-03-23T22:53:25.146+0000] {dag.py:2585} INFO - Sync 1 DAGs
[2023-03-23T22:53:25.185+0000] {logging_mixin.py:120} INFO - [2023-03-23T22:53:25.185+0000] {dag.py:3340} INFO - Setting next_dagrun for example_branch_dop_operator_v3 to 2023-03-23T22:52:00+00:00, run_after=2023-03-23T22:53:00+00:00
[2023-03-23T22:53:25.213+0000] {processor.py:176} INFO - Processing /home/airflow/.local/lib/python3.7/site-packages/airflow/example_dags/example_branch_python_dop_operator_3.py took 0.155 seconds
[2023-03-23T22:53:55.442+0000] {processor.py:154} INFO - Started process (PID=608) to work on /home/airflow/.local/lib/python3.7/site-packages/airflow/example_dags/example_branch_python_dop_operator_3.py
[2023-03-23T22:53:55.443+0000] {processor.py:756} INFO - Processing file /home/airflow/.local/lib/python3.7/site-packages/airflow/example_dags/example_branch_python_dop_operator_3.py for tasks to queue
[2023-03-23T22:53:55.445+0000] {logging_mixin.py:120} INFO - [2023-03-23T22:53:55.444+0000] {dagbag.py:537} INFO - Filling up the DagBag from /home/airflow/.local/lib/python3.7/site-packages/airflow/example_dags/example_branch_python_dop_operator_3.py
[2023-03-23T22:53:55.467+0000] {processor.py:766} INFO - DAG(s) dict_keys(['example_branch_dop_operator_v3']) retrieved from /home/airflow/.local/lib/python3.7/site-packages/airflow/example_dags/example_branch_python_dop_operator_3.py
[2023-03-23T22:53:55.508+0000] {logging_mixin.py:120} INFO - [2023-03-23T22:53:55.508+0000] {dag.py:2585} INFO - Sync 1 DAGs
[2023-03-23T22:53:55.544+0000] {logging_mixin.py:120} INFO - [2023-03-23T22:53:55.544+0000] {dag.py:3340} INFO - Setting next_dagrun for example_branch_dop_operator_v3 to 2023-03-23T22:52:00+00:00, run_after=2023-03-23T22:53:00+00:00
[2023-03-23T22:53:55.574+0000] {processor.py:176} INFO - Processing /home/airflow/.local/lib/python3.7/site-packages/airflow/example_dags/example_branch_python_dop_operator_3.py took 0.135 seconds
[2023-03-23T22:54:26.083+0000] {processor.py:154} INFO - Started process (PID=670) to work on /home/airflow/.local/lib/python3.7/site-packages/airflow/example_dags/example_branch_python_dop_operator_3.py
[2023-03-23T22:54:26.084+0000] {processor.py:756} INFO - Processing file /home/airflow/.local/lib/python3.7/site-packages/airflow/example_dags/example_branch_python_dop_operator_3.py for tasks to queue
[2023-03-23T22:54:26.086+0000] {logging_mixin.py:120} INFO - [2023-03-23T22:54:26.085+0000] {dagbag.py:537} INFO - Filling up the DagBag from /home/airflow/.local/lib/python3.7/site-packages/airflow/example_dags/example_branch_python_dop_operator_3.py
[2023-03-23T22:54:26.120+0000] {processor.py:766} INFO - DAG(s) dict_keys(['example_branch_dop_operator_v3']) retrieved from /home/airflow/.local/lib/python3.7/site-packages/airflow/example_dags/example_branch_python_dop_operator_3.py
[2023-03-23T22:54:26.172+0000] {logging_mixin.py:120} INFO - [2023-03-23T22:54:26.172+0000] {dag.py:2585} INFO - Sync 1 DAGs
[2023-03-23T22:54:26.208+0000] {logging_mixin.py:120} INFO - [2023-03-23T22:54:26.208+0000] {dag.py:3340} INFO - Setting next_dagrun for example_branch_dop_operator_v3 to 2023-03-23T22:53:00+00:00, run_after=2023-03-23T22:54:00+00:00
[2023-03-23T22:54:26.237+0000] {processor.py:176} INFO - Processing /home/airflow/.local/lib/python3.7/site-packages/airflow/example_dags/example_branch_python_dop_operator_3.py took 0.158 seconds
[2023-03-23T22:54:56.437+0000] {processor.py:154} INFO - Started process (PID=724) to work on /home/airflow/.local/lib/python3.7/site-packages/airflow/example_dags/example_branch_python_dop_operator_3.py
[2023-03-23T22:54:56.441+0000] {processor.py:756} INFO - Processing file /home/airflow/.local/lib/python3.7/site-packages/airflow/example_dags/example_branch_python_dop_operator_3.py for tasks to queue
[2023-03-23T22:54:56.443+0000] {logging_mixin.py:120} INFO - [2023-03-23T22:54:56.442+0000] {dagbag.py:537} INFO - Filling up the DagBag from /home/airflow/.local/lib/python3.7/site-packages/airflow/example_dags/example_branch_python_dop_operator_3.py
[2023-03-23T22:54:56.473+0000] {processor.py:766} INFO - DAG(s) dict_keys(['example_branch_dop_operator_v3']) retrieved from /home/airflow/.local/lib/python3.7/site-packages/airflow/example_dags/example_branch_python_dop_operator_3.py
[2023-03-23T22:54:56.525+0000] {logging_mixin.py:120} INFO - [2023-03-23T22:54:56.524+0000] {dag.py:2585} INFO - Sync 1 DAGs
[2023-03-23T22:54:56.560+0000] {logging_mixin.py:120} INFO - [2023-03-23T22:54:56.559+0000] {dag.py:3340} INFO - Setting next_dagrun for example_branch_dop_operator_v3 to 2023-03-23T22:53:00+00:00, run_after=2023-03-23T22:54:00+00:00
[2023-03-23T22:54:56.584+0000] {processor.py:176} INFO - Processing /home/airflow/.local/lib/python3.7/site-packages/airflow/example_dags/example_branch_python_dop_operator_3.py took 0.153 seconds
[2023-03-23T22:55:26.795+0000] {processor.py:154} INFO - Started process (PID=787) to work on /home/airflow/.local/lib/python3.7/site-packages/airflow/example_dags/example_branch_python_dop_operator_3.py
[2023-03-23T22:55:26.796+0000] {processor.py:756} INFO - Processing file /home/airflow/.local/lib/python3.7/site-packages/airflow/example_dags/example_branch_python_dop_operator_3.py for tasks to queue
[2023-03-23T22:55:26.797+0000] {logging_mixin.py:120} INFO - [2023-03-23T22:55:26.797+0000] {dagbag.py:537} INFO - Filling up the DagBag from /home/airflow/.local/lib/python3.7/site-packages/airflow/example_dags/example_branch_python_dop_operator_3.py
[2023-03-23T22:55:26.820+0000] {processor.py:766} INFO - DAG(s) dict_keys(['example_branch_dop_operator_v3']) retrieved from /home/airflow/.local/lib/python3.7/site-packages/airflow/example_dags/example_branch_python_dop_operator_3.py
[2023-03-23T22:55:26.866+0000] {logging_mixin.py:120} INFO - [2023-03-23T22:55:26.866+0000] {dag.py:2585} INFO - Sync 1 DAGs
[2023-03-23T22:55:26.897+0000] {logging_mixin.py:120} INFO - [2023-03-23T22:55:26.897+0000] {dag.py:3340} INFO - Setting next_dagrun for example_branch_dop_operator_v3 to 2023-03-23T22:54:00+00:00, run_after=2023-03-23T22:55:00+00:00
[2023-03-23T22:55:26.924+0000] {processor.py:176} INFO - Processing /home/airflow/.local/lib/python3.7/site-packages/airflow/example_dags/example_branch_python_dop_operator_3.py took 0.131 seconds
[2023-03-23T22:55:57.194+0000] {processor.py:154} INFO - Started process (PID=850) to work on /home/airflow/.local/lib/python3.7/site-packages/airflow/example_dags/example_branch_python_dop_operator_3.py
[2023-03-23T22:55:57.195+0000] {processor.py:756} INFO - Processing file /home/airflow/.local/lib/python3.7/site-packages/airflow/example_dags/example_branch_python_dop_operator_3.py for tasks to queue
[2023-03-23T22:55:57.196+0000] {logging_mixin.py:120} INFO - [2023-03-23T22:55:57.196+0000] {dagbag.py:537} INFO - Filling up the DagBag from /home/airflow/.local/lib/python3.7/site-packages/airflow/example_dags/example_branch_python_dop_operator_3.py
[2023-03-23T22:55:57.221+0000] {processor.py:766} INFO - DAG(s) dict_keys(['example_branch_dop_operator_v3']) retrieved from /home/airflow/.local/lib/python3.7/site-packages/airflow/example_dags/example_branch_python_dop_operator_3.py
[2023-03-23T22:55:57.266+0000] {logging_mixin.py:120} INFO - [2023-03-23T22:55:57.266+0000] {dag.py:2585} INFO - Sync 1 DAGs
[2023-03-23T22:55:57.303+0000] {logging_mixin.py:120} INFO - [2023-03-23T22:55:57.303+0000] {dag.py:3340} INFO - Setting next_dagrun for example_branch_dop_operator_v3 to 2023-03-23T22:54:00+00:00, run_after=2023-03-23T22:55:00+00:00
[2023-03-23T22:55:57.328+0000] {processor.py:176} INFO - Processing /home/airflow/.local/lib/python3.7/site-packages/airflow/example_dags/example_branch_python_dop_operator_3.py took 0.136 seconds
[2023-03-23T22:56:27.627+0000] {processor.py:154} INFO - Started process (PID=904) to work on /home/airflow/.local/lib/python3.7/site-packages/airflow/example_dags/example_branch_python_dop_operator_3.py
[2023-03-23T22:56:27.628+0000] {processor.py:756} INFO - Processing file /home/airflow/.local/lib/python3.7/site-packages/airflow/example_dags/example_branch_python_dop_operator_3.py for tasks to queue
[2023-03-23T22:56:27.628+0000] {logging_mixin.py:120} INFO - [2023-03-23T22:56:27.628+0000] {dagbag.py:537} INFO - Filling up the DagBag from /home/airflow/.local/lib/python3.7/site-packages/airflow/example_dags/example_branch_python_dop_operator_3.py
[2023-03-23T22:56:27.655+0000] {processor.py:766} INFO - DAG(s) dict_keys(['example_branch_dop_operator_v3']) retrieved from /home/airflow/.local/lib/python3.7/site-packages/airflow/example_dags/example_branch_python_dop_operator_3.py
[2023-03-23T22:56:27.692+0000] {logging_mixin.py:120} INFO - [2023-03-23T22:56:27.692+0000] {dag.py:2585} INFO - Sync 1 DAGs
[2023-03-23T22:56:27.724+0000] {logging_mixin.py:120} INFO - [2023-03-23T22:56:27.724+0000] {dag.py:3340} INFO - Setting next_dagrun for example_branch_dop_operator_v3 to 2023-03-23T22:55:00+00:00, run_after=2023-03-23T22:56:00+00:00
[2023-03-23T22:56:27.747+0000] {processor.py:176} INFO - Processing /home/airflow/.local/lib/python3.7/site-packages/airflow/example_dags/example_branch_python_dop_operator_3.py took 0.124 seconds
[2023-03-23T22:56:57.981+0000] {processor.py:154} INFO - Started process (PID=967) to work on /home/airflow/.local/lib/python3.7/site-packages/airflow/example_dags/example_branch_python_dop_operator_3.py
[2023-03-23T22:56:57.983+0000] {processor.py:756} INFO - Processing file /home/airflow/.local/lib/python3.7/site-packages/airflow/example_dags/example_branch_python_dop_operator_3.py for tasks to queue
[2023-03-23T22:56:57.984+0000] {logging_mixin.py:120} INFO - [2023-03-23T22:56:57.984+0000] {dagbag.py:537} INFO - Filling up the DagBag from /home/airflow/.local/lib/python3.7/site-packages/airflow/example_dags/example_branch_python_dop_operator_3.py
[2023-03-23T22:56:58.008+0000] {processor.py:766} INFO - DAG(s) dict_keys(['example_branch_dop_operator_v3']) retrieved from /home/airflow/.local/lib/python3.7/site-packages/airflow/example_dags/example_branch_python_dop_operator_3.py
[2023-03-23T22:56:58.064+0000] {logging_mixin.py:120} INFO - [2023-03-23T22:56:58.064+0000] {dag.py:2585} INFO - Sync 1 DAGs
[2023-03-23T22:56:58.114+0000] {logging_mixin.py:120} INFO - [2023-03-23T22:56:58.114+0000] {dag.py:3340} INFO - Setting next_dagrun for example_branch_dop_operator_v3 to 2023-03-23T22:55:00+00:00, run_after=2023-03-23T22:56:00+00:00
[2023-03-23T22:56:58.138+0000] {processor.py:176} INFO - Processing /home/airflow/.local/lib/python3.7/site-packages/airflow/example_dags/example_branch_python_dop_operator_3.py took 0.159 seconds
[2023-03-23T22:57:28.237+0000] {processor.py:154} INFO - Started process (PID=1030) to work on /home/airflow/.local/lib/python3.7/site-packages/airflow/example_dags/example_branch_python_dop_operator_3.py
[2023-03-23T22:57:28.238+0000] {processor.py:756} INFO - Processing file /home/airflow/.local/lib/python3.7/site-packages/airflow/example_dags/example_branch_python_dop_operator_3.py for tasks to queue
[2023-03-23T22:57:28.239+0000] {logging_mixin.py:120} INFO - [2023-03-23T22:57:28.239+0000] {dagbag.py:537} INFO - Filling up the DagBag from /home/airflow/.local/lib/python3.7/site-packages/airflow/example_dags/example_branch_python_dop_operator_3.py
[2023-03-23T22:57:28.262+0000] {processor.py:766} INFO - DAG(s) dict_keys(['example_branch_dop_operator_v3']) retrieved from /home/airflow/.local/lib/python3.7/site-packages/airflow/example_dags/example_branch_python_dop_operator_3.py
[2023-03-23T22:57:28.304+0000] {logging_mixin.py:120} INFO - [2023-03-23T22:57:28.304+0000] {dag.py:2585} INFO - Sync 1 DAGs
[2023-03-23T22:57:28.332+0000] {logging_mixin.py:120} INFO - [2023-03-23T22:57:28.332+0000] {dag.py:3340} INFO - Setting next_dagrun for example_branch_dop_operator_v3 to 2023-03-23T22:56:00+00:00, run_after=2023-03-23T22:57:00+00:00
[2023-03-23T22:57:28.359+0000] {processor.py:176} INFO - Processing /home/airflow/.local/lib/python3.7/site-packages/airflow/example_dags/example_branch_python_dop_operator_3.py took 0.124 seconds
[2023-03-23T22:57:58.763+0000] {processor.py:154} INFO - Started process (PID=1084) to work on /home/airflow/.local/lib/python3.7/site-packages/airflow/example_dags/example_branch_python_dop_operator_3.py
[2023-03-23T22:57:58.765+0000] {processor.py:756} INFO - Processing file /home/airflow/.local/lib/python3.7/site-packages/airflow/example_dags/example_branch_python_dop_operator_3.py for tasks to queue
[2023-03-23T22:57:58.766+0000] {logging_mixin.py:120} INFO - [2023-03-23T22:57:58.766+0000] {dagbag.py:537} INFO - Filling up the DagBag from /home/airflow/.local/lib/python3.7/site-packages/airflow/example_dags/example_branch_python_dop_operator_3.py
[2023-03-23T22:57:58.786+0000] {processor.py:766} INFO - DAG(s) dict_keys(['example_branch_dop_operator_v3']) retrieved from /home/airflow/.local/lib/python3.7/site-packages/airflow/example_dags/example_branch_python_dop_operator_3.py
[2023-03-23T22:57:58.824+0000] {logging_mixin.py:120} INFO - [2023-03-23T22:57:58.824+0000] {dag.py:2585} INFO - Sync 1 DAGs
[2023-03-23T22:57:58.852+0000] {logging_mixin.py:120} INFO - [2023-03-23T22:57:58.852+0000] {dag.py:3340} INFO - Setting next_dagrun for example_branch_dop_operator_v3 to 2023-03-23T22:56:00+00:00, run_after=2023-03-23T22:57:00+00:00
[2023-03-23T22:57:58.878+0000] {processor.py:176} INFO - Processing /home/airflow/.local/lib/python3.7/site-packages/airflow/example_dags/example_branch_python_dop_operator_3.py took 0.116 seconds
[2023-03-23T22:58:28.999+0000] {processor.py:154} INFO - Started process (PID=1147) to work on /home/airflow/.local/lib/python3.7/site-packages/airflow/example_dags/example_branch_python_dop_operator_3.py
[2023-03-23T22:58:29.000+0000] {processor.py:756} INFO - Processing file /home/airflow/.local/lib/python3.7/site-packages/airflow/example_dags/example_branch_python_dop_operator_3.py for tasks to queue
[2023-03-23T22:58:29.002+0000] {logging_mixin.py:120} INFO - [2023-03-23T22:58:29.001+0000] {dagbag.py:537} INFO - Filling up the DagBag from /home/airflow/.local/lib/python3.7/site-packages/airflow/example_dags/example_branch_python_dop_operator_3.py
[2023-03-23T22:58:29.024+0000] {processor.py:766} INFO - DAG(s) dict_keys(['example_branch_dop_operator_v3']) retrieved from /home/airflow/.local/lib/python3.7/site-packages/airflow/example_dags/example_branch_python_dop_operator_3.py
[2023-03-23T22:58:29.066+0000] {logging_mixin.py:120} INFO - [2023-03-23T22:58:29.066+0000] {dag.py:2585} INFO - Sync 1 DAGs
[2023-03-23T22:58:29.095+0000] {logging_mixin.py:120} INFO - [2023-03-23T22:58:29.095+0000] {dag.py:3340} INFO - Setting next_dagrun for example_branch_dop_operator_v3 to 2023-03-23T22:57:00+00:00, run_after=2023-03-23T22:58:00+00:00
[2023-03-23T22:58:29.121+0000] {processor.py:176} INFO - Processing /home/airflow/.local/lib/python3.7/site-packages/airflow/example_dags/example_branch_python_dop_operator_3.py took 0.125 seconds
[2023-03-23T22:58:59.590+0000] {processor.py:154} INFO - Started process (PID=1210) to work on /home/airflow/.local/lib/python3.7/site-packages/airflow/example_dags/example_branch_python_dop_operator_3.py
[2023-03-23T22:58:59.591+0000] {processor.py:756} INFO - Processing file /home/airflow/.local/lib/python3.7/site-packages/airflow/example_dags/example_branch_python_dop_operator_3.py for tasks to queue
[2023-03-23T22:58:59.592+0000] {logging_mixin.py:120} INFO - [2023-03-23T22:58:59.591+0000] {dagbag.py:537} INFO - Filling up the DagBag from /home/airflow/.local/lib/python3.7/site-packages/airflow/example_dags/example_branch_python_dop_operator_3.py
[2023-03-23T22:58:59.616+0000] {processor.py:766} INFO - DAG(s) dict_keys(['example_branch_dop_operator_v3']) retrieved from /home/airflow/.local/lib/python3.7/site-packages/airflow/example_dags/example_branch_python_dop_operator_3.py
[2023-03-23T22:58:59.664+0000] {logging_mixin.py:120} INFO - [2023-03-23T22:58:59.664+0000] {dag.py:2585} INFO - Sync 1 DAGs
[2023-03-23T22:58:59.694+0000] {logging_mixin.py:120} INFO - [2023-03-23T22:58:59.694+0000] {dag.py:3340} INFO - Setting next_dagrun for example_branch_dop_operator_v3 to 2023-03-23T22:57:00+00:00, run_after=2023-03-23T22:58:00+00:00
[2023-03-23T22:58:59.716+0000] {processor.py:176} INFO - Processing /home/airflow/.local/lib/python3.7/site-packages/airflow/example_dags/example_branch_python_dop_operator_3.py took 0.129 seconds
[2023-03-23T22:59:30.318+0000] {processor.py:154} INFO - Started process (PID=1273) to work on /home/airflow/.local/lib/python3.7/site-packages/airflow/example_dags/example_branch_python_dop_operator_3.py
[2023-03-23T22:59:30.319+0000] {processor.py:756} INFO - Processing file /home/airflow/.local/lib/python3.7/site-packages/airflow/example_dags/example_branch_python_dop_operator_3.py for tasks to queue
[2023-03-23T22:59:30.320+0000] {logging_mixin.py:120} INFO - [2023-03-23T22:59:30.320+0000] {dagbag.py:537} INFO - Filling up the DagBag from /home/airflow/.local/lib/python3.7/site-packages/airflow/example_dags/example_branch_python_dop_operator_3.py
[2023-03-23T22:59:30.345+0000] {processor.py:766} INFO - DAG(s) dict_keys(['example_branch_dop_operator_v3']) retrieved from /home/airflow/.local/lib/python3.7/site-packages/airflow/example_dags/example_branch_python_dop_operator_3.py
[2023-03-23T22:59:30.387+0000] {logging_mixin.py:120} INFO - [2023-03-23T22:59:30.387+0000] {dag.py:2585} INFO - Sync 1 DAGs
[2023-03-23T22:59:30.415+0000] {logging_mixin.py:120} INFO - [2023-03-23T22:59:30.415+0000] {dag.py:3340} INFO - Setting next_dagrun for example_branch_dop_operator_v3 to 2023-03-23T22:58:00+00:00, run_after=2023-03-23T22:59:00+00:00
[2023-03-23T22:59:30.437+0000] {processor.py:176} INFO - Processing /home/airflow/.local/lib/python3.7/site-packages/airflow/example_dags/example_branch_python_dop_operator_3.py took 0.123 seconds
