[2023-03-23T22:49:08.865+0000] {processor.py:154} INFO - Started process (PID=98) to work on /home/airflow/.local/lib/python3.7/site-packages/airflow/example_dags/example_external_task_marker_dag.py
[2023-03-23T22:49:08.873+0000] {processor.py:756} INFO - Processing file /home/airflow/.local/lib/python3.7/site-packages/airflow/example_dags/example_external_task_marker_dag.py for tasks to queue
[2023-03-23T22:49:08.891+0000] {logging_mixin.py:120} INFO - [2023-03-23T22:49:08.890+0000] {dagbag.py:537} INFO - Filling up the DagBag from /home/airflow/.local/lib/python3.7/site-packages/airflow/example_dags/example_external_task_marker_dag.py
[2023-03-23T22:49:08.941+0000] {processor.py:766} INFO - DAG(s) dict_keys(['example_external_task_marker_child', 'example_external_task_marker_parent']) retrieved from /home/airflow/.local/lib/python3.7/site-packages/airflow/example_dags/example_external_task_marker_dag.py
[2023-03-23T22:49:10.527+0000] {logging_mixin.py:120} INFO - [2023-03-23T22:49:10.526+0000] {manager.py:507} INFO - Created Permission View: can edit on DAG:example_external_task_marker_child
[2023-03-23T22:49:10.577+0000] {logging_mixin.py:120} INFO - [2023-03-23T22:49:10.577+0000] {manager.py:507} INFO - Created Permission View: can read on DAG:example_external_task_marker_child
[2023-03-23T22:49:10.642+0000] {logging_mixin.py:120} INFO - [2023-03-23T22:49:10.642+0000] {manager.py:507} INFO - Created Permission View: can delete on DAG:example_external_task_marker_child
[2023-03-23T22:49:10.787+0000] {logging_mixin.py:120} INFO - [2023-03-23T22:49:10.782+0000] {manager.py:507} INFO - Created Permission View: can edit on DAG:example_external_task_marker_parent
[2023-03-23T22:49:10.851+0000] {logging_mixin.py:120} INFO - [2023-03-23T22:49:10.850+0000] {manager.py:507} INFO - Created Permission View: can read on DAG:example_external_task_marker_parent
[2023-03-23T22:49:10.952+0000] {logging_mixin.py:120} INFO - [2023-03-23T22:49:10.952+0000] {manager.py:507} INFO - Created Permission View: can delete on DAG:example_external_task_marker_parent
[2023-03-23T22:49:10.963+0000] {logging_mixin.py:120} INFO - [2023-03-23T22:49:10.962+0000] {dag.py:2585} INFO - Sync 2 DAGs
[2023-03-23T22:49:11.028+0000] {logging_mixin.py:120} INFO - [2023-03-23T22:49:11.028+0000] {dag.py:2606} INFO - Creating ORM DAG for example_external_task_marker_child
[2023-03-23T22:49:11.043+0000] {logging_mixin.py:120} INFO - [2023-03-23T22:49:11.042+0000] {dag.py:2606} INFO - Creating ORM DAG for example_external_task_marker_parent
[2023-03-23T22:49:11.101+0000] {logging_mixin.py:120} INFO - [2023-03-23T22:49:11.100+0000] {dag.py:3340} INFO - Setting next_dagrun for example_external_task_marker_child to None, run_after=None
[2023-03-23T22:49:11.123+0000] {logging_mixin.py:120} INFO - [2023-03-23T22:49:11.122+0000] {dag.py:3340} INFO - Setting next_dagrun for example_external_task_marker_parent to None, run_after=None
[2023-03-23T22:49:11.223+0000] {processor.py:176} INFO - Processing /home/airflow/.local/lib/python3.7/site-packages/airflow/example_dags/example_external_task_marker_dag.py took 2.372 seconds
[2023-03-23T22:49:42.359+0000] {processor.py:154} INFO - Started process (PID=153) to work on /home/airflow/.local/lib/python3.7/site-packages/airflow/example_dags/example_external_task_marker_dag.py
[2023-03-23T22:49:42.361+0000] {processor.py:756} INFO - Processing file /home/airflow/.local/lib/python3.7/site-packages/airflow/example_dags/example_external_task_marker_dag.py for tasks to queue
[2023-03-23T22:49:42.364+0000] {logging_mixin.py:120} INFO - [2023-03-23T22:49:42.364+0000] {dagbag.py:537} INFO - Filling up the DagBag from /home/airflow/.local/lib/python3.7/site-packages/airflow/example_dags/example_external_task_marker_dag.py
[2023-03-23T22:49:42.411+0000] {processor.py:766} INFO - DAG(s) dict_keys(['example_external_task_marker_child', 'example_external_task_marker_parent']) retrieved from /home/airflow/.local/lib/python3.7/site-packages/airflow/example_dags/example_external_task_marker_dag.py
[2023-03-23T22:49:43.008+0000] {logging_mixin.py:120} INFO - [2023-03-23T22:49:43.008+0000] {dag.py:2585} INFO - Sync 2 DAGs
[2023-03-23T22:49:43.134+0000] {logging_mixin.py:120} INFO - [2023-03-23T22:49:43.134+0000] {dag.py:3340} INFO - Setting next_dagrun for example_external_task_marker_child to None, run_after=None
[2023-03-23T22:49:43.153+0000] {logging_mixin.py:120} INFO - [2023-03-23T22:49:43.153+0000] {dag.py:3340} INFO - Setting next_dagrun for example_external_task_marker_parent to None, run_after=None
[2023-03-23T22:49:43.267+0000] {processor.py:176} INFO - Processing /home/airflow/.local/lib/python3.7/site-packages/airflow/example_dags/example_external_task_marker_dag.py took 0.913 seconds
[2023-03-23T22:50:14.099+0000] {processor.py:154} INFO - Started process (PID=207) to work on /home/airflow/.local/lib/python3.7/site-packages/airflow/example_dags/example_external_task_marker_dag.py
[2023-03-23T22:50:14.106+0000] {processor.py:756} INFO - Processing file /home/airflow/.local/lib/python3.7/site-packages/airflow/example_dags/example_external_task_marker_dag.py for tasks to queue
[2023-03-23T22:50:14.108+0000] {logging_mixin.py:120} INFO - [2023-03-23T22:50:14.108+0000] {dagbag.py:537} INFO - Filling up the DagBag from /home/airflow/.local/lib/python3.7/site-packages/airflow/example_dags/example_external_task_marker_dag.py
[2023-03-23T22:50:14.165+0000] {processor.py:766} INFO - DAG(s) dict_keys(['example_external_task_marker_child', 'example_external_task_marker_parent']) retrieved from /home/airflow/.local/lib/python3.7/site-packages/airflow/example_dags/example_external_task_marker_dag.py
[2023-03-23T22:50:14.854+0000] {logging_mixin.py:120} INFO - [2023-03-23T22:50:14.854+0000] {dag.py:2585} INFO - Sync 2 DAGs
[2023-03-23T22:50:14.947+0000] {logging_mixin.py:120} INFO - [2023-03-23T22:50:14.947+0000] {dag.py:3340} INFO - Setting next_dagrun for example_external_task_marker_child to None, run_after=None
[2023-03-23T22:50:14.968+0000] {logging_mixin.py:120} INFO - [2023-03-23T22:50:14.967+0000] {dag.py:3340} INFO - Setting next_dagrun for example_external_task_marker_parent to None, run_after=None
[2023-03-23T22:50:15.043+0000] {processor.py:176} INFO - Processing /home/airflow/.local/lib/python3.7/site-packages/airflow/example_dags/example_external_task_marker_dag.py took 0.950 seconds
[2023-03-23T22:50:49.161+0000] {processor.py:154} INFO - Started process (PID=263) to work on /home/airflow/.local/lib/python3.7/site-packages/airflow/example_dags/example_external_task_marker_dag.py
[2023-03-23T22:50:49.165+0000] {processor.py:756} INFO - Processing file /home/airflow/.local/lib/python3.7/site-packages/airflow/example_dags/example_external_task_marker_dag.py for tasks to queue
[2023-03-23T22:50:49.174+0000] {logging_mixin.py:120} INFO - [2023-03-23T22:50:49.174+0000] {dagbag.py:537} INFO - Filling up the DagBag from /home/airflow/.local/lib/python3.7/site-packages/airflow/example_dags/example_external_task_marker_dag.py
[2023-03-23T22:50:49.227+0000] {processor.py:766} INFO - DAG(s) dict_keys(['example_external_task_marker_parent', 'example_external_task_marker_child']) retrieved from /home/airflow/.local/lib/python3.7/site-packages/airflow/example_dags/example_external_task_marker_dag.py
[2023-03-23T22:50:49.917+0000] {logging_mixin.py:120} INFO - [2023-03-23T22:50:49.917+0000] {dag.py:2585} INFO - Sync 2 DAGs
[2023-03-23T22:50:50.056+0000] {logging_mixin.py:120} INFO - [2023-03-23T22:50:50.056+0000] {dag.py:3340} INFO - Setting next_dagrun for example_external_task_marker_child to None, run_after=None
[2023-03-23T22:50:50.081+0000] {logging_mixin.py:120} INFO - [2023-03-23T22:50:50.080+0000] {dag.py:3340} INFO - Setting next_dagrun for example_external_task_marker_parent to None, run_after=None
[2023-03-23T22:50:50.217+0000] {processor.py:176} INFO - Processing /home/airflow/.local/lib/python3.7/site-packages/airflow/example_dags/example_external_task_marker_dag.py took 1.061 seconds
[2023-03-23T22:51:23.837+0000] {processor.py:154} INFO - Started process (PID=317) to work on /home/airflow/.local/lib/python3.7/site-packages/airflow/example_dags/example_external_task_marker_dag.py
[2023-03-23T22:51:23.843+0000] {processor.py:756} INFO - Processing file /home/airflow/.local/lib/python3.7/site-packages/airflow/example_dags/example_external_task_marker_dag.py for tasks to queue
[2023-03-23T22:51:23.850+0000] {logging_mixin.py:120} INFO - [2023-03-23T22:51:23.850+0000] {dagbag.py:537} INFO - Filling up the DagBag from /home/airflow/.local/lib/python3.7/site-packages/airflow/example_dags/example_external_task_marker_dag.py
[2023-03-23T22:51:23.896+0000] {processor.py:766} INFO - DAG(s) dict_keys(['example_external_task_marker_child', 'example_external_task_marker_parent']) retrieved from /home/airflow/.local/lib/python3.7/site-packages/airflow/example_dags/example_external_task_marker_dag.py
[2023-03-23T22:51:24.426+0000] {logging_mixin.py:120} INFO - [2023-03-23T22:51:24.426+0000] {dag.py:2585} INFO - Sync 2 DAGs
[2023-03-23T22:51:24.537+0000] {logging_mixin.py:120} INFO - [2023-03-23T22:51:24.537+0000] {dag.py:3340} INFO - Setting next_dagrun for example_external_task_marker_child to None, run_after=None
[2023-03-23T22:51:24.551+0000] {logging_mixin.py:120} INFO - [2023-03-23T22:51:24.551+0000] {dag.py:3340} INFO - Setting next_dagrun for example_external_task_marker_parent to None, run_after=None
[2023-03-23T22:51:24.669+0000] {processor.py:176} INFO - Processing /home/airflow/.local/lib/python3.7/site-packages/airflow/example_dags/example_external_task_marker_dag.py took 0.837 seconds
[2023-03-23T22:51:56.099+0000] {processor.py:154} INFO - Started process (PID=381) to work on /home/airflow/.local/lib/python3.7/site-packages/airflow/example_dags/example_external_task_marker_dag.py
[2023-03-23T22:51:56.107+0000] {processor.py:756} INFO - Processing file /home/airflow/.local/lib/python3.7/site-packages/airflow/example_dags/example_external_task_marker_dag.py for tasks to queue
[2023-03-23T22:51:56.112+0000] {logging_mixin.py:120} INFO - [2023-03-23T22:51:56.112+0000] {dagbag.py:537} INFO - Filling up the DagBag from /home/airflow/.local/lib/python3.7/site-packages/airflow/example_dags/example_external_task_marker_dag.py
[2023-03-23T22:51:56.189+0000] {processor.py:766} INFO - DAG(s) dict_keys(['example_external_task_marker_parent', 'example_external_task_marker_child']) retrieved from /home/airflow/.local/lib/python3.7/site-packages/airflow/example_dags/example_external_task_marker_dag.py
[2023-03-23T22:51:56.999+0000] {logging_mixin.py:120} INFO - [2023-03-23T22:51:56.998+0000] {dag.py:2585} INFO - Sync 2 DAGs
[2023-03-23T22:51:57.084+0000] {logging_mixin.py:120} INFO - [2023-03-23T22:51:57.084+0000] {dag.py:3340} INFO - Setting next_dagrun for example_external_task_marker_child to None, run_after=None
[2023-03-23T22:51:57.094+0000] {logging_mixin.py:120} INFO - [2023-03-23T22:51:57.094+0000] {dag.py:3340} INFO - Setting next_dagrun for example_external_task_marker_parent to None, run_after=None
[2023-03-23T22:51:57.166+0000] {processor.py:176} INFO - Processing /home/airflow/.local/lib/python3.7/site-packages/airflow/example_dags/example_external_task_marker_dag.py took 1.072 seconds
[2023-03-23T22:52:27.674+0000] {processor.py:154} INFO - Started process (PID=445) to work on /home/airflow/.local/lib/python3.7/site-packages/airflow/example_dags/example_external_task_marker_dag.py
[2023-03-23T22:52:27.675+0000] {processor.py:756} INFO - Processing file /home/airflow/.local/lib/python3.7/site-packages/airflow/example_dags/example_external_task_marker_dag.py for tasks to queue
[2023-03-23T22:52:27.676+0000] {logging_mixin.py:120} INFO - [2023-03-23T22:52:27.675+0000] {dagbag.py:537} INFO - Filling up the DagBag from /home/airflow/.local/lib/python3.7/site-packages/airflow/example_dags/example_external_task_marker_dag.py
[2023-03-23T22:52:27.690+0000] {processor.py:766} INFO - DAG(s) dict_keys(['example_external_task_marker_parent', 'example_external_task_marker_child']) retrieved from /home/airflow/.local/lib/python3.7/site-packages/airflow/example_dags/example_external_task_marker_dag.py
[2023-03-23T22:52:27.919+0000] {logging_mixin.py:120} INFO - [2023-03-23T22:52:27.918+0000] {dag.py:2585} INFO - Sync 2 DAGs
[2023-03-23T22:52:27.947+0000] {logging_mixin.py:120} INFO - [2023-03-23T22:52:27.947+0000] {dag.py:3340} INFO - Setting next_dagrun for example_external_task_marker_child to None, run_after=None
[2023-03-23T22:52:27.953+0000] {logging_mixin.py:120} INFO - [2023-03-23T22:52:27.953+0000] {dag.py:3340} INFO - Setting next_dagrun for example_external_task_marker_parent to None, run_after=None
[2023-03-23T22:52:27.973+0000] {processor.py:176} INFO - Processing /home/airflow/.local/lib/python3.7/site-packages/airflow/example_dags/example_external_task_marker_dag.py took 0.302 seconds
[2023-03-23T22:52:59.046+0000] {processor.py:154} INFO - Started process (PID=509) to work on /home/airflow/.local/lib/python3.7/site-packages/airflow/example_dags/example_external_task_marker_dag.py
[2023-03-23T22:52:59.047+0000] {processor.py:756} INFO - Processing file /home/airflow/.local/lib/python3.7/site-packages/airflow/example_dags/example_external_task_marker_dag.py for tasks to queue
[2023-03-23T22:52:59.048+0000] {logging_mixin.py:120} INFO - [2023-03-23T22:52:59.048+0000] {dagbag.py:537} INFO - Filling up the DagBag from /home/airflow/.local/lib/python3.7/site-packages/airflow/example_dags/example_external_task_marker_dag.py
[2023-03-23T22:52:59.065+0000] {processor.py:766} INFO - DAG(s) dict_keys(['example_external_task_marker_child', 'example_external_task_marker_parent']) retrieved from /home/airflow/.local/lib/python3.7/site-packages/airflow/example_dags/example_external_task_marker_dag.py
[2023-03-23T22:52:59.410+0000] {logging_mixin.py:120} INFO - [2023-03-23T22:52:59.410+0000] {dag.py:2585} INFO - Sync 2 DAGs
[2023-03-23T22:52:59.472+0000] {logging_mixin.py:120} INFO - [2023-03-23T22:52:59.472+0000] {dag.py:3340} INFO - Setting next_dagrun for example_external_task_marker_child to None, run_after=None
[2023-03-23T22:52:59.486+0000] {logging_mixin.py:120} INFO - [2023-03-23T22:52:59.486+0000] {dag.py:3340} INFO - Setting next_dagrun for example_external_task_marker_parent to None, run_after=None
[2023-03-23T22:52:59.562+0000] {processor.py:176} INFO - Processing /home/airflow/.local/lib/python3.7/site-packages/airflow/example_dags/example_external_task_marker_dag.py took 0.521 seconds
[2023-03-23T22:53:29.896+0000] {processor.py:154} INFO - Started process (PID=563) to work on /home/airflow/.local/lib/python3.7/site-packages/airflow/example_dags/example_external_task_marker_dag.py
[2023-03-23T22:53:29.897+0000] {processor.py:756} INFO - Processing file /home/airflow/.local/lib/python3.7/site-packages/airflow/example_dags/example_external_task_marker_dag.py for tasks to queue
[2023-03-23T22:53:29.899+0000] {logging_mixin.py:120} INFO - [2023-03-23T22:53:29.899+0000] {dagbag.py:537} INFO - Filling up the DagBag from /home/airflow/.local/lib/python3.7/site-packages/airflow/example_dags/example_external_task_marker_dag.py
[2023-03-23T22:53:29.913+0000] {processor.py:766} INFO - DAG(s) dict_keys(['example_external_task_marker_parent', 'example_external_task_marker_child']) retrieved from /home/airflow/.local/lib/python3.7/site-packages/airflow/example_dags/example_external_task_marker_dag.py
[2023-03-23T22:53:30.174+0000] {logging_mixin.py:120} INFO - [2023-03-23T22:53:30.174+0000] {dag.py:2585} INFO - Sync 2 DAGs
[2023-03-23T22:53:30.210+0000] {logging_mixin.py:120} INFO - [2023-03-23T22:53:30.209+0000] {dag.py:3340} INFO - Setting next_dagrun for example_external_task_marker_child to None, run_after=None
[2023-03-23T22:53:30.215+0000] {logging_mixin.py:120} INFO - [2023-03-23T22:53:30.215+0000] {dag.py:3340} INFO - Setting next_dagrun for example_external_task_marker_parent to None, run_after=None
[2023-03-23T22:53:30.241+0000] {processor.py:176} INFO - Processing /home/airflow/.local/lib/python3.7/site-packages/airflow/example_dags/example_external_task_marker_dag.py took 0.350 seconds
[2023-03-23T22:54:00.377+0000] {processor.py:154} INFO - Started process (PID=626) to work on /home/airflow/.local/lib/python3.7/site-packages/airflow/example_dags/example_external_task_marker_dag.py
[2023-03-23T22:54:00.378+0000] {processor.py:756} INFO - Processing file /home/airflow/.local/lib/python3.7/site-packages/airflow/example_dags/example_external_task_marker_dag.py for tasks to queue
[2023-03-23T22:54:00.380+0000] {logging_mixin.py:120} INFO - [2023-03-23T22:54:00.379+0000] {dagbag.py:537} INFO - Filling up the DagBag from /home/airflow/.local/lib/python3.7/site-packages/airflow/example_dags/example_external_task_marker_dag.py
[2023-03-23T22:54:00.405+0000] {processor.py:766} INFO - DAG(s) dict_keys(['example_external_task_marker_parent', 'example_external_task_marker_child']) retrieved from /home/airflow/.local/lib/python3.7/site-packages/airflow/example_dags/example_external_task_marker_dag.py
[2023-03-23T22:54:00.802+0000] {logging_mixin.py:120} INFO - [2023-03-23T22:54:00.802+0000] {dag.py:2585} INFO - Sync 2 DAGs
[2023-03-23T22:54:00.868+0000] {logging_mixin.py:120} INFO - [2023-03-23T22:54:00.867+0000] {dag.py:3340} INFO - Setting next_dagrun for example_external_task_marker_child to None, run_after=None
[2023-03-23T22:54:00.881+0000] {logging_mixin.py:120} INFO - [2023-03-23T22:54:00.880+0000] {dag.py:3340} INFO - Setting next_dagrun for example_external_task_marker_parent to None, run_after=None
[2023-03-23T22:54:00.927+0000] {processor.py:176} INFO - Processing /home/airflow/.local/lib/python3.7/site-packages/airflow/example_dags/example_external_task_marker_dag.py took 0.556 seconds
[2023-03-23T22:54:31.021+0000] {processor.py:154} INFO - Started process (PID=679) to work on /home/airflow/.local/lib/python3.7/site-packages/airflow/example_dags/example_external_task_marker_dag.py
[2023-03-23T22:54:31.023+0000] {processor.py:756} INFO - Processing file /home/airflow/.local/lib/python3.7/site-packages/airflow/example_dags/example_external_task_marker_dag.py for tasks to queue
[2023-03-23T22:54:31.025+0000] {logging_mixin.py:120} INFO - [2023-03-23T22:54:31.025+0000] {dagbag.py:537} INFO - Filling up the DagBag from /home/airflow/.local/lib/python3.7/site-packages/airflow/example_dags/example_external_task_marker_dag.py
[2023-03-23T22:54:31.043+0000] {processor.py:766} INFO - DAG(s) dict_keys(['example_external_task_marker_parent', 'example_external_task_marker_child']) retrieved from /home/airflow/.local/lib/python3.7/site-packages/airflow/example_dags/example_external_task_marker_dag.py
[2023-03-23T22:54:31.489+0000] {logging_mixin.py:120} INFO - [2023-03-23T22:54:31.489+0000] {dag.py:2585} INFO - Sync 2 DAGs
[2023-03-23T22:54:31.554+0000] {logging_mixin.py:120} INFO - [2023-03-23T22:54:31.554+0000] {dag.py:3340} INFO - Setting next_dagrun for example_external_task_marker_child to None, run_after=None
[2023-03-23T22:54:31.562+0000] {logging_mixin.py:120} INFO - [2023-03-23T22:54:31.562+0000] {dag.py:3340} INFO - Setting next_dagrun for example_external_task_marker_parent to None, run_after=None
[2023-03-23T22:54:31.623+0000] {processor.py:176} INFO - Processing /home/airflow/.local/lib/python3.7/site-packages/airflow/example_dags/example_external_task_marker_dag.py took 0.607 seconds
[2023-03-23T22:55:02.066+0000] {processor.py:154} INFO - Started process (PID=742) to work on /home/airflow/.local/lib/python3.7/site-packages/airflow/example_dags/example_external_task_marker_dag.py
[2023-03-23T22:55:02.067+0000] {processor.py:756} INFO - Processing file /home/airflow/.local/lib/python3.7/site-packages/airflow/example_dags/example_external_task_marker_dag.py for tasks to queue
[2023-03-23T22:55:02.069+0000] {logging_mixin.py:120} INFO - [2023-03-23T22:55:02.068+0000] {dagbag.py:537} INFO - Filling up the DagBag from /home/airflow/.local/lib/python3.7/site-packages/airflow/example_dags/example_external_task_marker_dag.py
[2023-03-23T22:55:02.084+0000] {processor.py:766} INFO - DAG(s) dict_keys(['example_external_task_marker_child', 'example_external_task_marker_parent']) retrieved from /home/airflow/.local/lib/python3.7/site-packages/airflow/example_dags/example_external_task_marker_dag.py
[2023-03-23T22:55:02.337+0000] {logging_mixin.py:120} INFO - [2023-03-23T22:55:02.337+0000] {dag.py:2585} INFO - Sync 2 DAGs
[2023-03-23T22:55:02.360+0000] {logging_mixin.py:120} INFO - [2023-03-23T22:55:02.360+0000] {dag.py:3340} INFO - Setting next_dagrun for example_external_task_marker_child to None, run_after=None
[2023-03-23T22:55:02.363+0000] {logging_mixin.py:120} INFO - [2023-03-23T22:55:02.363+0000] {dag.py:3340} INFO - Setting next_dagrun for example_external_task_marker_parent to None, run_after=None
[2023-03-23T22:55:02.381+0000] {processor.py:176} INFO - Processing /home/airflow/.local/lib/python3.7/site-packages/airflow/example_dags/example_external_task_marker_dag.py took 0.319 seconds
[2023-03-23T22:55:32.599+0000] {processor.py:154} INFO - Started process (PID=803) to work on /home/airflow/.local/lib/python3.7/site-packages/airflow/example_dags/example_external_task_marker_dag.py
[2023-03-23T22:55:32.600+0000] {processor.py:756} INFO - Processing file /home/airflow/.local/lib/python3.7/site-packages/airflow/example_dags/example_external_task_marker_dag.py for tasks to queue
[2023-03-23T22:55:32.601+0000] {logging_mixin.py:120} INFO - [2023-03-23T22:55:32.601+0000] {dagbag.py:537} INFO - Filling up the DagBag from /home/airflow/.local/lib/python3.7/site-packages/airflow/example_dags/example_external_task_marker_dag.py
[2023-03-23T22:55:32.617+0000] {processor.py:766} INFO - DAG(s) dict_keys(['example_external_task_marker_child', 'example_external_task_marker_parent']) retrieved from /home/airflow/.local/lib/python3.7/site-packages/airflow/example_dags/example_external_task_marker_dag.py
[2023-03-23T22:55:32.814+0000] {logging_mixin.py:120} INFO - [2023-03-23T22:55:32.814+0000] {dag.py:2585} INFO - Sync 2 DAGs
[2023-03-23T22:55:32.839+0000] {logging_mixin.py:120} INFO - [2023-03-23T22:55:32.839+0000] {dag.py:3340} INFO - Setting next_dagrun for example_external_task_marker_child to None, run_after=None
[2023-03-23T22:55:32.844+0000] {logging_mixin.py:120} INFO - [2023-03-23T22:55:32.843+0000] {dag.py:3340} INFO - Setting next_dagrun for example_external_task_marker_parent to None, run_after=None
[2023-03-23T22:55:32.867+0000] {processor.py:176} INFO - Processing /home/airflow/.local/lib/python3.7/site-packages/airflow/example_dags/example_external_task_marker_dag.py took 0.272 seconds
[2023-03-23T22:56:03.092+0000] {processor.py:154} INFO - Started process (PID=859) to work on /home/airflow/.local/lib/python3.7/site-packages/airflow/example_dags/example_external_task_marker_dag.py
[2023-03-23T22:56:03.094+0000] {processor.py:756} INFO - Processing file /home/airflow/.local/lib/python3.7/site-packages/airflow/example_dags/example_external_task_marker_dag.py for tasks to queue
[2023-03-23T22:56:03.096+0000] {logging_mixin.py:120} INFO - [2023-03-23T22:56:03.095+0000] {dagbag.py:537} INFO - Filling up the DagBag from /home/airflow/.local/lib/python3.7/site-packages/airflow/example_dags/example_external_task_marker_dag.py
[2023-03-23T22:56:03.112+0000] {processor.py:766} INFO - DAG(s) dict_keys(['example_external_task_marker_parent', 'example_external_task_marker_child']) retrieved from /home/airflow/.local/lib/python3.7/site-packages/airflow/example_dags/example_external_task_marker_dag.py
[2023-03-23T22:56:03.321+0000] {logging_mixin.py:120} INFO - [2023-03-23T22:56:03.321+0000] {dag.py:2585} INFO - Sync 2 DAGs
[2023-03-23T22:56:03.360+0000] {logging_mixin.py:120} INFO - [2023-03-23T22:56:03.360+0000] {dag.py:3340} INFO - Setting next_dagrun for example_external_task_marker_child to None, run_after=None
[2023-03-23T22:56:03.366+0000] {logging_mixin.py:120} INFO - [2023-03-23T22:56:03.366+0000] {dag.py:3340} INFO - Setting next_dagrun for example_external_task_marker_parent to None, run_after=None
[2023-03-23T22:56:03.395+0000] {processor.py:176} INFO - Processing /home/airflow/.local/lib/python3.7/site-packages/airflow/example_dags/example_external_task_marker_dag.py took 0.305 seconds
[2023-03-23T22:56:33.693+0000] {processor.py:154} INFO - Started process (PID=923) to work on /home/airflow/.local/lib/python3.7/site-packages/airflow/example_dags/example_external_task_marker_dag.py
[2023-03-23T22:56:33.694+0000] {processor.py:756} INFO - Processing file /home/airflow/.local/lib/python3.7/site-packages/airflow/example_dags/example_external_task_marker_dag.py for tasks to queue
[2023-03-23T22:56:33.696+0000] {logging_mixin.py:120} INFO - [2023-03-23T22:56:33.696+0000] {dagbag.py:537} INFO - Filling up the DagBag from /home/airflow/.local/lib/python3.7/site-packages/airflow/example_dags/example_external_task_marker_dag.py
[2023-03-23T22:56:33.711+0000] {processor.py:766} INFO - DAG(s) dict_keys(['example_external_task_marker_parent', 'example_external_task_marker_child']) retrieved from /home/airflow/.local/lib/python3.7/site-packages/airflow/example_dags/example_external_task_marker_dag.py
[2023-03-23T22:56:33.930+0000] {logging_mixin.py:120} INFO - [2023-03-23T22:56:33.930+0000] {dag.py:2585} INFO - Sync 2 DAGs
[2023-03-23T22:56:33.956+0000] {logging_mixin.py:120} INFO - [2023-03-23T22:56:33.955+0000] {dag.py:3340} INFO - Setting next_dagrun for example_external_task_marker_child to None, run_after=None
[2023-03-23T22:56:33.960+0000] {logging_mixin.py:120} INFO - [2023-03-23T22:56:33.960+0000] {dag.py:3340} INFO - Setting next_dagrun for example_external_task_marker_parent to None, run_after=None
[2023-03-23T22:56:33.980+0000] {processor.py:176} INFO - Processing /home/airflow/.local/lib/python3.7/site-packages/airflow/example_dags/example_external_task_marker_dag.py took 0.291 seconds
[2023-03-23T22:57:04.396+0000] {processor.py:154} INFO - Started process (PID=987) to work on /home/airflow/.local/lib/python3.7/site-packages/airflow/example_dags/example_external_task_marker_dag.py
[2023-03-23T22:57:04.397+0000] {processor.py:756} INFO - Processing file /home/airflow/.local/lib/python3.7/site-packages/airflow/example_dags/example_external_task_marker_dag.py for tasks to queue
[2023-03-23T22:57:04.399+0000] {logging_mixin.py:120} INFO - [2023-03-23T22:57:04.399+0000] {dagbag.py:537} INFO - Filling up the DagBag from /home/airflow/.local/lib/python3.7/site-packages/airflow/example_dags/example_external_task_marker_dag.py
[2023-03-23T22:57:04.421+0000] {processor.py:766} INFO - DAG(s) dict_keys(['example_external_task_marker_parent', 'example_external_task_marker_child']) retrieved from /home/airflow/.local/lib/python3.7/site-packages/airflow/example_dags/example_external_task_marker_dag.py
[2023-03-23T22:57:04.688+0000] {logging_mixin.py:120} INFO - [2023-03-23T22:57:04.688+0000] {dag.py:2585} INFO - Sync 2 DAGs
[2023-03-23T22:57:04.714+0000] {logging_mixin.py:120} INFO - [2023-03-23T22:57:04.714+0000] {dag.py:3340} INFO - Setting next_dagrun for example_external_task_marker_child to None, run_after=None
[2023-03-23T22:57:04.718+0000] {logging_mixin.py:120} INFO - [2023-03-23T22:57:04.718+0000] {dag.py:3340} INFO - Setting next_dagrun for example_external_task_marker_parent to None, run_after=None
[2023-03-23T22:57:04.737+0000] {processor.py:176} INFO - Processing /home/airflow/.local/lib/python3.7/site-packages/airflow/example_dags/example_external_task_marker_dag.py took 0.347 seconds
[2023-03-23T22:57:34.927+0000] {processor.py:154} INFO - Started process (PID=1043) to work on /home/airflow/.local/lib/python3.7/site-packages/airflow/example_dags/example_external_task_marker_dag.py
[2023-03-23T22:57:34.928+0000] {processor.py:756} INFO - Processing file /home/airflow/.local/lib/python3.7/site-packages/airflow/example_dags/example_external_task_marker_dag.py for tasks to queue
[2023-03-23T22:57:34.929+0000] {logging_mixin.py:120} INFO - [2023-03-23T22:57:34.929+0000] {dagbag.py:537} INFO - Filling up the DagBag from /home/airflow/.local/lib/python3.7/site-packages/airflow/example_dags/example_external_task_marker_dag.py
[2023-03-23T22:57:34.947+0000] {processor.py:766} INFO - DAG(s) dict_keys(['example_external_task_marker_parent', 'example_external_task_marker_child']) retrieved from /home/airflow/.local/lib/python3.7/site-packages/airflow/example_dags/example_external_task_marker_dag.py
[2023-03-23T22:57:35.155+0000] {logging_mixin.py:120} INFO - [2023-03-23T22:57:35.154+0000] {dag.py:2585} INFO - Sync 2 DAGs
[2023-03-23T22:57:35.184+0000] {logging_mixin.py:120} INFO - [2023-03-23T22:57:35.184+0000] {dag.py:3340} INFO - Setting next_dagrun for example_external_task_marker_child to None, run_after=None
[2023-03-23T22:57:35.188+0000] {logging_mixin.py:120} INFO - [2023-03-23T22:57:35.188+0000] {dag.py:3340} INFO - Setting next_dagrun for example_external_task_marker_parent to None, run_after=None
[2023-03-23T22:57:35.210+0000] {processor.py:176} INFO - Processing /home/airflow/.local/lib/python3.7/site-packages/airflow/example_dags/example_external_task_marker_dag.py took 0.286 seconds
[2023-03-23T22:58:05.927+0000] {processor.py:154} INFO - Started process (PID=1107) to work on /home/airflow/.local/lib/python3.7/site-packages/airflow/example_dags/example_external_task_marker_dag.py
[2023-03-23T22:58:05.928+0000] {processor.py:756} INFO - Processing file /home/airflow/.local/lib/python3.7/site-packages/airflow/example_dags/example_external_task_marker_dag.py for tasks to queue
[2023-03-23T22:58:05.929+0000] {logging_mixin.py:120} INFO - [2023-03-23T22:58:05.928+0000] {dagbag.py:537} INFO - Filling up the DagBag from /home/airflow/.local/lib/python3.7/site-packages/airflow/example_dags/example_external_task_marker_dag.py
[2023-03-23T22:58:05.941+0000] {processor.py:766} INFO - DAG(s) dict_keys(['example_external_task_marker_child', 'example_external_task_marker_parent']) retrieved from /home/airflow/.local/lib/python3.7/site-packages/airflow/example_dags/example_external_task_marker_dag.py
[2023-03-23T22:58:06.133+0000] {logging_mixin.py:120} INFO - [2023-03-23T22:58:06.132+0000] {dag.py:2585} INFO - Sync 2 DAGs
[2023-03-23T22:58:06.158+0000] {logging_mixin.py:120} INFO - [2023-03-23T22:58:06.158+0000] {dag.py:3340} INFO - Setting next_dagrun for example_external_task_marker_child to None, run_after=None
[2023-03-23T22:58:06.162+0000] {logging_mixin.py:120} INFO - [2023-03-23T22:58:06.162+0000] {dag.py:3340} INFO - Setting next_dagrun for example_external_task_marker_parent to None, run_after=None
[2023-03-23T22:58:06.184+0000] {processor.py:176} INFO - Processing /home/airflow/.local/lib/python3.7/site-packages/airflow/example_dags/example_external_task_marker_dag.py took 0.261 seconds
[2023-03-23T22:58:37.167+0000] {processor.py:154} INFO - Started process (PID=1171) to work on /home/airflow/.local/lib/python3.7/site-packages/airflow/example_dags/example_external_task_marker_dag.py
[2023-03-23T22:58:37.168+0000] {processor.py:756} INFO - Processing file /home/airflow/.local/lib/python3.7/site-packages/airflow/example_dags/example_external_task_marker_dag.py for tasks to queue
[2023-03-23T22:58:37.169+0000] {logging_mixin.py:120} INFO - [2023-03-23T22:58:37.169+0000] {dagbag.py:537} INFO - Filling up the DagBag from /home/airflow/.local/lib/python3.7/site-packages/airflow/example_dags/example_external_task_marker_dag.py
[2023-03-23T22:58:37.184+0000] {processor.py:766} INFO - DAG(s) dict_keys(['example_external_task_marker_child', 'example_external_task_marker_parent']) retrieved from /home/airflow/.local/lib/python3.7/site-packages/airflow/example_dags/example_external_task_marker_dag.py
[2023-03-23T22:58:37.383+0000] {logging_mixin.py:120} INFO - [2023-03-23T22:58:37.383+0000] {dag.py:2585} INFO - Sync 2 DAGs
[2023-03-23T22:58:37.411+0000] {logging_mixin.py:120} INFO - [2023-03-23T22:58:37.411+0000] {dag.py:3340} INFO - Setting next_dagrun for example_external_task_marker_child to None, run_after=None
[2023-03-23T22:58:37.416+0000] {logging_mixin.py:120} INFO - [2023-03-23T22:58:37.416+0000] {dag.py:3340} INFO - Setting next_dagrun for example_external_task_marker_parent to None, run_after=None
[2023-03-23T22:58:37.441+0000] {processor.py:176} INFO - Processing /home/airflow/.local/lib/python3.7/site-packages/airflow/example_dags/example_external_task_marker_dag.py took 0.277 seconds
[2023-03-23T22:59:07.735+0000] {processor.py:154} INFO - Started process (PID=1234) to work on /home/airflow/.local/lib/python3.7/site-packages/airflow/example_dags/example_external_task_marker_dag.py
[2023-03-23T22:59:07.736+0000] {processor.py:756} INFO - Processing file /home/airflow/.local/lib/python3.7/site-packages/airflow/example_dags/example_external_task_marker_dag.py for tasks to queue
[2023-03-23T22:59:07.737+0000] {logging_mixin.py:120} INFO - [2023-03-23T22:59:07.737+0000] {dagbag.py:537} INFO - Filling up the DagBag from /home/airflow/.local/lib/python3.7/site-packages/airflow/example_dags/example_external_task_marker_dag.py
[2023-03-23T22:59:07.751+0000] {processor.py:766} INFO - DAG(s) dict_keys(['example_external_task_marker_child', 'example_external_task_marker_parent']) retrieved from /home/airflow/.local/lib/python3.7/site-packages/airflow/example_dags/example_external_task_marker_dag.py
[2023-03-23T22:59:07.953+0000] {logging_mixin.py:120} INFO - [2023-03-23T22:59:07.953+0000] {dag.py:2585} INFO - Sync 2 DAGs
[2023-03-23T22:59:07.979+0000] {logging_mixin.py:120} INFO - [2023-03-23T22:59:07.978+0000] {dag.py:3340} INFO - Setting next_dagrun for example_external_task_marker_child to None, run_after=None
[2023-03-23T22:59:07.982+0000] {logging_mixin.py:120} INFO - [2023-03-23T22:59:07.982+0000] {dag.py:3340} INFO - Setting next_dagrun for example_external_task_marker_parent to None, run_after=None
[2023-03-23T22:59:08.002+0000] {processor.py:176} INFO - Processing /home/airflow/.local/lib/python3.7/site-packages/airflow/example_dags/example_external_task_marker_dag.py took 0.270 seconds
[2023-03-23T22:59:38.483+0000] {processor.py:154} INFO - Started process (PID=1288) to work on /home/airflow/.local/lib/python3.7/site-packages/airflow/example_dags/example_external_task_marker_dag.py
[2023-03-23T22:59:38.485+0000] {processor.py:756} INFO - Processing file /home/airflow/.local/lib/python3.7/site-packages/airflow/example_dags/example_external_task_marker_dag.py for tasks to queue
[2023-03-23T22:59:38.486+0000] {logging_mixin.py:120} INFO - [2023-03-23T22:59:38.485+0000] {dagbag.py:537} INFO - Filling up the DagBag from /home/airflow/.local/lib/python3.7/site-packages/airflow/example_dags/example_external_task_marker_dag.py
[2023-03-23T22:59:38.498+0000] {processor.py:766} INFO - DAG(s) dict_keys(['example_external_task_marker_parent', 'example_external_task_marker_child']) retrieved from /home/airflow/.local/lib/python3.7/site-packages/airflow/example_dags/example_external_task_marker_dag.py
[2023-03-23T22:59:38.694+0000] {logging_mixin.py:120} INFO - [2023-03-23T22:59:38.694+0000] {dag.py:2585} INFO - Sync 2 DAGs
[2023-03-23T22:59:38.724+0000] {logging_mixin.py:120} INFO - [2023-03-23T22:59:38.723+0000] {dag.py:3340} INFO - Setting next_dagrun for example_external_task_marker_child to None, run_after=None
[2023-03-23T22:59:38.728+0000] {logging_mixin.py:120} INFO - [2023-03-23T22:59:38.728+0000] {dag.py:3340} INFO - Setting next_dagrun for example_external_task_marker_parent to None, run_after=None
[2023-03-23T22:59:38.750+0000] {processor.py:176} INFO - Processing /home/airflow/.local/lib/python3.7/site-packages/airflow/example_dags/example_external_task_marker_dag.py took 0.270 seconds
