[2023-03-23T22:48:42.178+0000] {processor.py:154} INFO - Started process (PID=67) to work on /home/airflow/.local/lib/python3.7/site-packages/airflow/example_dags/example_complex.py
[2023-03-23T22:48:42.180+0000] {processor.py:756} INFO - Processing file /home/airflow/.local/lib/python3.7/site-packages/airflow/example_dags/example_complex.py for tasks to queue
[2023-03-23T22:48:42.182+0000] {logging_mixin.py:120} INFO - [2023-03-23T22:48:42.181+0000] {dagbag.py:537} INFO - Filling up the DagBag from /home/airflow/.local/lib/python3.7/site-packages/airflow/example_dags/example_complex.py
[2023-03-23T22:48:42.238+0000] {logging_mixin.py:120} INFO - [2023-03-23T22:48:42.237+0000] {taskmixin.py:205} WARNING - Dependency <Task(BashOperator): create_entry_group>, delete_entry_group already registered for DAG: example_complex
[2023-03-23T22:48:42.239+0000] {logging_mixin.py:120} INFO - [2023-03-23T22:48:42.239+0000] {taskmixin.py:205} WARNING - Dependency <Task(BashOperator): delete_entry_group>, create_entry_group already registered for DAG: example_complex
[2023-03-23T22:48:42.250+0000] {logging_mixin.py:120} INFO - [2023-03-23T22:48:42.247+0000] {taskmixin.py:205} WARNING - Dependency <Task(BashOperator): create_entry_gcs>, delete_entry already registered for DAG: example_complex
[2023-03-23T22:48:42.251+0000] {logging_mixin.py:120} INFO - [2023-03-23T22:48:42.251+0000] {taskmixin.py:205} WARNING - Dependency <Task(BashOperator): delete_entry>, create_entry_gcs already registered for DAG: example_complex
[2023-03-23T22:48:42.252+0000] {logging_mixin.py:120} INFO - [2023-03-23T22:48:42.252+0000] {taskmixin.py:205} WARNING - Dependency <Task(BashOperator): create_tag>, delete_tag already registered for DAG: example_complex
[2023-03-23T22:48:42.272+0000] {logging_mixin.py:120} INFO - [2023-03-23T22:48:42.271+0000] {taskmixin.py:205} WARNING - Dependency <Task(BashOperator): delete_tag>, create_tag already registered for DAG: example_complex
[2023-03-23T22:48:42.317+0000] {processor.py:766} INFO - DAG(s) dict_keys(['example_complex']) retrieved from /home/airflow/.local/lib/python3.7/site-packages/airflow/example_dags/example_complex.py
[2023-03-23T22:48:43.092+0000] {logging_mixin.py:120} INFO - [2023-03-23T22:48:43.092+0000] {manager.py:507} INFO - Created Permission View: can edit on DAG:example_complex
[2023-03-23T22:48:43.147+0000] {logging_mixin.py:120} INFO - [2023-03-23T22:48:43.147+0000] {manager.py:507} INFO - Created Permission View: can read on DAG:example_complex
[2023-03-23T22:48:43.331+0000] {logging_mixin.py:120} INFO - [2023-03-23T22:48:43.331+0000] {manager.py:507} INFO - Created Permission View: can delete on DAG:example_complex
[2023-03-23T22:48:43.354+0000] {logging_mixin.py:120} INFO - [2023-03-23T22:48:43.353+0000] {dag.py:2585} INFO - Sync 1 DAGs
[2023-03-23T22:48:43.421+0000] {logging_mixin.py:120} INFO - [2023-03-23T22:48:43.421+0000] {dag.py:2606} INFO - Creating ORM DAG for example_complex
[2023-03-23T22:48:43.464+0000] {logging_mixin.py:120} INFO - [2023-03-23T22:48:43.463+0000] {dag.py:3340} INFO - Setting next_dagrun for example_complex to None, run_after=None
[2023-03-23T22:48:43.591+0000] {processor.py:176} INFO - Processing /home/airflow/.local/lib/python3.7/site-packages/airflow/example_dags/example_complex.py took 1.423 seconds
[2023-03-23T22:49:17.012+0000] {processor.py:154} INFO - Started process (PID=121) to work on /home/airflow/.local/lib/python3.7/site-packages/airflow/example_dags/example_complex.py
[2023-03-23T22:49:17.045+0000] {processor.py:756} INFO - Processing file /home/airflow/.local/lib/python3.7/site-packages/airflow/example_dags/example_complex.py for tasks to queue
[2023-03-23T22:49:17.060+0000] {logging_mixin.py:120} INFO - [2023-03-23T22:49:17.060+0000] {dagbag.py:537} INFO - Filling up the DagBag from /home/airflow/.local/lib/python3.7/site-packages/airflow/example_dags/example_complex.py
[2023-03-23T22:49:17.097+0000] {logging_mixin.py:120} INFO - [2023-03-23T22:49:17.097+0000] {taskmixin.py:205} WARNING - Dependency <Task(BashOperator): create_entry_group>, delete_entry_group already registered for DAG: example_complex
[2023-03-23T22:49:17.102+0000] {logging_mixin.py:120} INFO - [2023-03-23T22:49:17.102+0000] {taskmixin.py:205} WARNING - Dependency <Task(BashOperator): delete_entry_group>, create_entry_group already registered for DAG: example_complex
[2023-03-23T22:49:17.103+0000] {logging_mixin.py:120} INFO - [2023-03-23T22:49:17.103+0000] {taskmixin.py:205} WARNING - Dependency <Task(BashOperator): create_entry_gcs>, delete_entry already registered for DAG: example_complex
[2023-03-23T22:49:17.115+0000] {logging_mixin.py:120} INFO - [2023-03-23T22:49:17.114+0000] {taskmixin.py:205} WARNING - Dependency <Task(BashOperator): delete_entry>, create_entry_gcs already registered for DAG: example_complex
[2023-03-23T22:49:17.116+0000] {logging_mixin.py:120} INFO - [2023-03-23T22:49:17.116+0000] {taskmixin.py:205} WARNING - Dependency <Task(BashOperator): create_tag>, delete_tag already registered for DAG: example_complex
[2023-03-23T22:49:17.117+0000] {logging_mixin.py:120} INFO - [2023-03-23T22:49:17.117+0000] {taskmixin.py:205} WARNING - Dependency <Task(BashOperator): delete_tag>, create_tag already registered for DAG: example_complex
[2023-03-23T22:49:17.136+0000] {processor.py:766} INFO - DAG(s) dict_keys(['example_complex']) retrieved from /home/airflow/.local/lib/python3.7/site-packages/airflow/example_dags/example_complex.py
[2023-03-23T22:49:17.329+0000] {logging_mixin.py:120} INFO - [2023-03-23T22:49:17.329+0000] {dag.py:2585} INFO - Sync 1 DAGs
[2023-03-23T22:49:17.408+0000] {logging_mixin.py:120} INFO - [2023-03-23T22:49:17.408+0000] {dag.py:3340} INFO - Setting next_dagrun for example_complex to None, run_after=None
[2023-03-23T22:49:17.520+0000] {processor.py:176} INFO - Processing /home/airflow/.local/lib/python3.7/site-packages/airflow/example_dags/example_complex.py took 0.513 seconds
[2023-03-23T22:49:54.774+0000] {processor.py:154} INFO - Started process (PID=176) to work on /home/airflow/.local/lib/python3.7/site-packages/airflow/example_dags/example_complex.py
[2023-03-23T22:49:54.776+0000] {processor.py:756} INFO - Processing file /home/airflow/.local/lib/python3.7/site-packages/airflow/example_dags/example_complex.py for tasks to queue
[2023-03-23T22:49:54.778+0000] {logging_mixin.py:120} INFO - [2023-03-23T22:49:54.778+0000] {dagbag.py:537} INFO - Filling up the DagBag from /home/airflow/.local/lib/python3.7/site-packages/airflow/example_dags/example_complex.py
[2023-03-23T22:49:54.813+0000] {logging_mixin.py:120} INFO - [2023-03-23T22:49:54.813+0000] {taskmixin.py:205} WARNING - Dependency <Task(BashOperator): create_entry_group>, delete_entry_group already registered for DAG: example_complex
[2023-03-23T22:49:54.815+0000] {logging_mixin.py:120} INFO - [2023-03-23T22:49:54.814+0000] {taskmixin.py:205} WARNING - Dependency <Task(BashOperator): delete_entry_group>, create_entry_group already registered for DAG: example_complex
[2023-03-23T22:49:54.815+0000] {logging_mixin.py:120} INFO - [2023-03-23T22:49:54.815+0000] {taskmixin.py:205} WARNING - Dependency <Task(BashOperator): create_entry_gcs>, delete_entry already registered for DAG: example_complex
[2023-03-23T22:49:54.816+0000] {logging_mixin.py:120} INFO - [2023-03-23T22:49:54.816+0000] {taskmixin.py:205} WARNING - Dependency <Task(BashOperator): delete_entry>, create_entry_gcs already registered for DAG: example_complex
[2023-03-23T22:49:54.817+0000] {logging_mixin.py:120} INFO - [2023-03-23T22:49:54.817+0000] {taskmixin.py:205} WARNING - Dependency <Task(BashOperator): create_tag>, delete_tag already registered for DAG: example_complex
[2023-03-23T22:49:54.817+0000] {logging_mixin.py:120} INFO - [2023-03-23T22:49:54.817+0000] {taskmixin.py:205} WARNING - Dependency <Task(BashOperator): delete_tag>, create_tag already registered for DAG: example_complex
[2023-03-23T22:49:54.865+0000] {processor.py:766} INFO - DAG(s) dict_keys(['example_complex']) retrieved from /home/airflow/.local/lib/python3.7/site-packages/airflow/example_dags/example_complex.py
[2023-03-23T22:49:55.033+0000] {logging_mixin.py:120} INFO - [2023-03-23T22:49:55.032+0000] {dag.py:2585} INFO - Sync 1 DAGs
[2023-03-23T22:49:55.096+0000] {logging_mixin.py:120} INFO - [2023-03-23T22:49:55.096+0000] {dag.py:3340} INFO - Setting next_dagrun for example_complex to None, run_after=None
[2023-03-23T22:49:55.194+0000] {processor.py:176} INFO - Processing /home/airflow/.local/lib/python3.7/site-packages/airflow/example_dags/example_complex.py took 0.431 seconds
[2023-03-23T22:50:25.925+0000] {processor.py:154} INFO - Started process (PID=230) to work on /home/airflow/.local/lib/python3.7/site-packages/airflow/example_dags/example_complex.py
[2023-03-23T22:50:25.940+0000] {processor.py:756} INFO - Processing file /home/airflow/.local/lib/python3.7/site-packages/airflow/example_dags/example_complex.py for tasks to queue
[2023-03-23T22:50:25.992+0000] {logging_mixin.py:120} INFO - [2023-03-23T22:50:25.991+0000] {dagbag.py:537} INFO - Filling up the DagBag from /home/airflow/.local/lib/python3.7/site-packages/airflow/example_dags/example_complex.py
[2023-03-23T22:50:26.061+0000] {logging_mixin.py:120} INFO - [2023-03-23T22:50:26.060+0000] {taskmixin.py:205} WARNING - Dependency <Task(BashOperator): create_entry_group>, delete_entry_group already registered for DAG: example_complex
[2023-03-23T22:50:26.102+0000] {logging_mixin.py:120} INFO - [2023-03-23T22:50:26.101+0000] {taskmixin.py:205} WARNING - Dependency <Task(BashOperator): delete_entry_group>, create_entry_group already registered for DAG: example_complex
[2023-03-23T22:50:26.132+0000] {logging_mixin.py:120} INFO - [2023-03-23T22:50:26.131+0000] {taskmixin.py:205} WARNING - Dependency <Task(BashOperator): create_entry_gcs>, delete_entry already registered for DAG: example_complex
[2023-03-23T22:50:26.151+0000] {logging_mixin.py:120} INFO - [2023-03-23T22:50:26.151+0000] {taskmixin.py:205} WARNING - Dependency <Task(BashOperator): delete_entry>, create_entry_gcs already registered for DAG: example_complex
[2023-03-23T22:50:26.153+0000] {logging_mixin.py:120} INFO - [2023-03-23T22:50:26.153+0000] {taskmixin.py:205} WARNING - Dependency <Task(BashOperator): create_tag>, delete_tag already registered for DAG: example_complex
[2023-03-23T22:50:26.154+0000] {logging_mixin.py:120} INFO - [2023-03-23T22:50:26.154+0000] {taskmixin.py:205} WARNING - Dependency <Task(BashOperator): delete_tag>, create_tag already registered for DAG: example_complex
[2023-03-23T22:50:26.205+0000] {processor.py:766} INFO - DAG(s) dict_keys(['example_complex']) retrieved from /home/airflow/.local/lib/python3.7/site-packages/airflow/example_dags/example_complex.py
[2023-03-23T22:50:26.416+0000] {logging_mixin.py:120} INFO - [2023-03-23T22:50:26.415+0000] {dag.py:2585} INFO - Sync 1 DAGs
[2023-03-23T22:50:26.483+0000] {logging_mixin.py:120} INFO - [2023-03-23T22:50:26.483+0000] {dag.py:3340} INFO - Setting next_dagrun for example_complex to None, run_after=None
[2023-03-23T22:50:29.874+0000] {processor.py:176} INFO - Processing /home/airflow/.local/lib/python3.7/site-packages/airflow/example_dags/example_complex.py took 3.954 seconds
[2023-03-23T22:51:00.245+0000] {processor.py:154} INFO - Started process (PID=284) to work on /home/airflow/.local/lib/python3.7/site-packages/airflow/example_dags/example_complex.py
[2023-03-23T22:51:00.246+0000] {processor.py:756} INFO - Processing file /home/airflow/.local/lib/python3.7/site-packages/airflow/example_dags/example_complex.py for tasks to queue
[2023-03-23T22:51:00.248+0000] {logging_mixin.py:120} INFO - [2023-03-23T22:51:00.248+0000] {dagbag.py:537} INFO - Filling up the DagBag from /home/airflow/.local/lib/python3.7/site-packages/airflow/example_dags/example_complex.py
[2023-03-23T22:51:00.298+0000] {logging_mixin.py:120} INFO - [2023-03-23T22:51:00.298+0000] {taskmixin.py:205} WARNING - Dependency <Task(BashOperator): create_entry_group>, delete_entry_group already registered for DAG: example_complex
[2023-03-23T22:51:00.318+0000] {logging_mixin.py:120} INFO - [2023-03-23T22:51:00.317+0000] {taskmixin.py:205} WARNING - Dependency <Task(BashOperator): delete_entry_group>, create_entry_group already registered for DAG: example_complex
[2023-03-23T22:51:00.325+0000] {logging_mixin.py:120} INFO - [2023-03-23T22:51:00.325+0000] {taskmixin.py:205} WARNING - Dependency <Task(BashOperator): create_entry_gcs>, delete_entry already registered for DAG: example_complex
[2023-03-23T22:51:00.326+0000] {logging_mixin.py:120} INFO - [2023-03-23T22:51:00.325+0000] {taskmixin.py:205} WARNING - Dependency <Task(BashOperator): delete_entry>, create_entry_gcs already registered for DAG: example_complex
[2023-03-23T22:51:00.339+0000] {logging_mixin.py:120} INFO - [2023-03-23T22:51:00.339+0000] {taskmixin.py:205} WARNING - Dependency <Task(BashOperator): create_tag>, delete_tag already registered for DAG: example_complex
[2023-03-23T22:51:00.365+0000] {logging_mixin.py:120} INFO - [2023-03-23T22:51:00.365+0000] {taskmixin.py:205} WARNING - Dependency <Task(BashOperator): delete_tag>, create_tag already registered for DAG: example_complex
[2023-03-23T22:51:00.397+0000] {processor.py:766} INFO - DAG(s) dict_keys(['example_complex']) retrieved from /home/airflow/.local/lib/python3.7/site-packages/airflow/example_dags/example_complex.py
[2023-03-23T22:51:00.560+0000] {logging_mixin.py:120} INFO - [2023-03-23T22:51:00.559+0000] {dag.py:2585} INFO - Sync 1 DAGs
[2023-03-23T22:51:00.673+0000] {logging_mixin.py:120} INFO - [2023-03-23T22:51:00.672+0000] {dag.py:3340} INFO - Setting next_dagrun for example_complex to None, run_after=None
[2023-03-23T22:51:00.739+0000] {processor.py:176} INFO - Processing /home/airflow/.local/lib/python3.7/site-packages/airflow/example_dags/example_complex.py took 0.502 seconds
[2023-03-23T22:51:31.465+0000] {processor.py:154} INFO - Started process (PID=339) to work on /home/airflow/.local/lib/python3.7/site-packages/airflow/example_dags/example_complex.py
[2023-03-23T22:51:31.469+0000] {processor.py:756} INFO - Processing file /home/airflow/.local/lib/python3.7/site-packages/airflow/example_dags/example_complex.py for tasks to queue
[2023-03-23T22:51:31.470+0000] {logging_mixin.py:120} INFO - [2023-03-23T22:51:31.470+0000] {dagbag.py:537} INFO - Filling up the DagBag from /home/airflow/.local/lib/python3.7/site-packages/airflow/example_dags/example_complex.py
[2023-03-23T22:51:31.513+0000] {logging_mixin.py:120} INFO - [2023-03-23T22:51:31.513+0000] {taskmixin.py:205} WARNING - Dependency <Task(BashOperator): create_entry_group>, delete_entry_group already registered for DAG: example_complex
[2023-03-23T22:51:31.528+0000] {logging_mixin.py:120} INFO - [2023-03-23T22:51:31.527+0000] {taskmixin.py:205} WARNING - Dependency <Task(BashOperator): delete_entry_group>, create_entry_group already registered for DAG: example_complex
[2023-03-23T22:51:31.529+0000] {logging_mixin.py:120} INFO - [2023-03-23T22:51:31.529+0000] {taskmixin.py:205} WARNING - Dependency <Task(BashOperator): create_entry_gcs>, delete_entry already registered for DAG: example_complex
[2023-03-23T22:51:31.543+0000] {logging_mixin.py:120} INFO - [2023-03-23T22:51:31.542+0000] {taskmixin.py:205} WARNING - Dependency <Task(BashOperator): delete_entry>, create_entry_gcs already registered for DAG: example_complex
[2023-03-23T22:51:31.557+0000] {logging_mixin.py:120} INFO - [2023-03-23T22:51:31.556+0000] {taskmixin.py:205} WARNING - Dependency <Task(BashOperator): create_tag>, delete_tag already registered for DAG: example_complex
[2023-03-23T22:51:31.564+0000] {logging_mixin.py:120} INFO - [2023-03-23T22:51:31.563+0000] {taskmixin.py:205} WARNING - Dependency <Task(BashOperator): delete_tag>, create_tag already registered for DAG: example_complex
[2023-03-23T22:51:31.592+0000] {processor.py:766} INFO - DAG(s) dict_keys(['example_complex']) retrieved from /home/airflow/.local/lib/python3.7/site-packages/airflow/example_dags/example_complex.py
[2023-03-23T22:51:31.753+0000] {logging_mixin.py:120} INFO - [2023-03-23T22:51:31.753+0000] {dag.py:2585} INFO - Sync 1 DAGs
[2023-03-23T22:51:31.836+0000] {logging_mixin.py:120} INFO - [2023-03-23T22:51:31.836+0000] {dag.py:3340} INFO - Setting next_dagrun for example_complex to None, run_after=None
[2023-03-23T22:51:32.111+0000] {processor.py:176} INFO - Processing /home/airflow/.local/lib/python3.7/site-packages/airflow/example_dags/example_complex.py took 0.650 seconds
[2023-03-23T22:52:02.211+0000] {processor.py:154} INFO - Started process (PID=393) to work on /home/airflow/.local/lib/python3.7/site-packages/airflow/example_dags/example_complex.py
[2023-03-23T22:52:02.213+0000] {processor.py:756} INFO - Processing file /home/airflow/.local/lib/python3.7/site-packages/airflow/example_dags/example_complex.py for tasks to queue
[2023-03-23T22:52:02.214+0000] {logging_mixin.py:120} INFO - [2023-03-23T22:52:02.214+0000] {dagbag.py:537} INFO - Filling up the DagBag from /home/airflow/.local/lib/python3.7/site-packages/airflow/example_dags/example_complex.py
[2023-03-23T22:52:02.225+0000] {logging_mixin.py:120} INFO - [2023-03-23T22:52:02.225+0000] {taskmixin.py:205} WARNING - Dependency <Task(BashOperator): create_entry_group>, delete_entry_group already registered for DAG: example_complex
[2023-03-23T22:52:02.227+0000] {logging_mixin.py:120} INFO - [2023-03-23T22:52:02.226+0000] {taskmixin.py:205} WARNING - Dependency <Task(BashOperator): delete_entry_group>, create_entry_group already registered for DAG: example_complex
[2023-03-23T22:52:02.227+0000] {logging_mixin.py:120} INFO - [2023-03-23T22:52:02.227+0000] {taskmixin.py:205} WARNING - Dependency <Task(BashOperator): create_entry_gcs>, delete_entry already registered for DAG: example_complex
[2023-03-23T22:52:02.228+0000] {logging_mixin.py:120} INFO - [2023-03-23T22:52:02.228+0000] {taskmixin.py:205} WARNING - Dependency <Task(BashOperator): delete_entry>, create_entry_gcs already registered for DAG: example_complex
[2023-03-23T22:52:02.229+0000] {logging_mixin.py:120} INFO - [2023-03-23T22:52:02.229+0000] {taskmixin.py:205} WARNING - Dependency <Task(BashOperator): create_tag>, delete_tag already registered for DAG: example_complex
[2023-03-23T22:52:02.229+0000] {logging_mixin.py:120} INFO - [2023-03-23T22:52:02.229+0000] {taskmixin.py:205} WARNING - Dependency <Task(BashOperator): delete_tag>, create_tag already registered for DAG: example_complex
[2023-03-23T22:52:02.237+0000] {processor.py:766} INFO - DAG(s) dict_keys(['example_complex']) retrieved from /home/airflow/.local/lib/python3.7/site-packages/airflow/example_dags/example_complex.py
[2023-03-23T22:52:02.296+0000] {logging_mixin.py:120} INFO - [2023-03-23T22:52:02.296+0000] {dag.py:2585} INFO - Sync 1 DAGs
[2023-03-23T22:52:02.337+0000] {logging_mixin.py:120} INFO - [2023-03-23T22:52:02.336+0000] {dag.py:3340} INFO - Setting next_dagrun for example_complex to None, run_after=None
[2023-03-23T22:52:02.369+0000] {processor.py:176} INFO - Processing /home/airflow/.local/lib/python3.7/site-packages/airflow/example_dags/example_complex.py took 0.161 seconds
[2023-03-23T22:52:32.931+0000] {processor.py:154} INFO - Started process (PID=457) to work on /home/airflow/.local/lib/python3.7/site-packages/airflow/example_dags/example_complex.py
[2023-03-23T22:52:32.933+0000] {processor.py:756} INFO - Processing file /home/airflow/.local/lib/python3.7/site-packages/airflow/example_dags/example_complex.py for tasks to queue
[2023-03-23T22:52:32.935+0000] {logging_mixin.py:120} INFO - [2023-03-23T22:52:32.935+0000] {dagbag.py:537} INFO - Filling up the DagBag from /home/airflow/.local/lib/python3.7/site-packages/airflow/example_dags/example_complex.py
[2023-03-23T22:52:32.955+0000] {logging_mixin.py:120} INFO - [2023-03-23T22:52:32.955+0000] {taskmixin.py:205} WARNING - Dependency <Task(BashOperator): create_entry_group>, delete_entry_group already registered for DAG: example_complex
[2023-03-23T22:52:32.956+0000] {logging_mixin.py:120} INFO - [2023-03-23T22:52:32.956+0000] {taskmixin.py:205} WARNING - Dependency <Task(BashOperator): delete_entry_group>, create_entry_group already registered for DAG: example_complex
[2023-03-23T22:52:32.957+0000] {logging_mixin.py:120} INFO - [2023-03-23T22:52:32.957+0000] {taskmixin.py:205} WARNING - Dependency <Task(BashOperator): create_entry_gcs>, delete_entry already registered for DAG: example_complex
[2023-03-23T22:52:32.957+0000] {logging_mixin.py:120} INFO - [2023-03-23T22:52:32.957+0000] {taskmixin.py:205} WARNING - Dependency <Task(BashOperator): delete_entry>, create_entry_gcs already registered for DAG: example_complex
[2023-03-23T22:52:32.958+0000] {logging_mixin.py:120} INFO - [2023-03-23T22:52:32.958+0000] {taskmixin.py:205} WARNING - Dependency <Task(BashOperator): create_tag>, delete_tag already registered for DAG: example_complex
[2023-03-23T22:52:32.959+0000] {logging_mixin.py:120} INFO - [2023-03-23T22:52:32.958+0000] {taskmixin.py:205} WARNING - Dependency <Task(BashOperator): delete_tag>, create_tag already registered for DAG: example_complex
[2023-03-23T22:52:32.968+0000] {processor.py:766} INFO - DAG(s) dict_keys(['example_complex']) retrieved from /home/airflow/.local/lib/python3.7/site-packages/airflow/example_dags/example_complex.py
[2023-03-23T22:52:33.032+0000] {logging_mixin.py:120} INFO - [2023-03-23T22:52:33.032+0000] {dag.py:2585} INFO - Sync 1 DAGs
[2023-03-23T22:52:33.079+0000] {logging_mixin.py:120} INFO - [2023-03-23T22:52:33.079+0000] {dag.py:3340} INFO - Setting next_dagrun for example_complex to None, run_after=None
[2023-03-23T22:52:33.109+0000] {processor.py:176} INFO - Processing /home/airflow/.local/lib/python3.7/site-packages/airflow/example_dags/example_complex.py took 0.184 seconds
[2023-03-23T22:53:03.613+0000] {processor.py:154} INFO - Started process (PID=520) to work on /home/airflow/.local/lib/python3.7/site-packages/airflow/example_dags/example_complex.py
[2023-03-23T22:53:03.615+0000] {processor.py:756} INFO - Processing file /home/airflow/.local/lib/python3.7/site-packages/airflow/example_dags/example_complex.py for tasks to queue
[2023-03-23T22:53:03.616+0000] {logging_mixin.py:120} INFO - [2023-03-23T22:53:03.615+0000] {dagbag.py:537} INFO - Filling up the DagBag from /home/airflow/.local/lib/python3.7/site-packages/airflow/example_dags/example_complex.py
[2023-03-23T22:53:03.631+0000] {logging_mixin.py:120} INFO - [2023-03-23T22:53:03.631+0000] {taskmixin.py:205} WARNING - Dependency <Task(BashOperator): create_entry_group>, delete_entry_group already registered for DAG: example_complex
[2023-03-23T22:53:03.631+0000] {logging_mixin.py:120} INFO - [2023-03-23T22:53:03.631+0000] {taskmixin.py:205} WARNING - Dependency <Task(BashOperator): delete_entry_group>, create_entry_group already registered for DAG: example_complex
[2023-03-23T22:53:03.632+0000] {logging_mixin.py:120} INFO - [2023-03-23T22:53:03.632+0000] {taskmixin.py:205} WARNING - Dependency <Task(BashOperator): create_entry_gcs>, delete_entry already registered for DAG: example_complex
[2023-03-23T22:53:03.632+0000] {logging_mixin.py:120} INFO - [2023-03-23T22:53:03.632+0000] {taskmixin.py:205} WARNING - Dependency <Task(BashOperator): delete_entry>, create_entry_gcs already registered for DAG: example_complex
[2023-03-23T22:53:03.633+0000] {logging_mixin.py:120} INFO - [2023-03-23T22:53:03.632+0000] {taskmixin.py:205} WARNING - Dependency <Task(BashOperator): create_tag>, delete_tag already registered for DAG: example_complex
[2023-03-23T22:53:03.633+0000] {logging_mixin.py:120} INFO - [2023-03-23T22:53:03.633+0000] {taskmixin.py:205} WARNING - Dependency <Task(BashOperator): delete_tag>, create_tag already registered for DAG: example_complex
[2023-03-23T22:53:03.644+0000] {processor.py:766} INFO - DAG(s) dict_keys(['example_complex']) retrieved from /home/airflow/.local/lib/python3.7/site-packages/airflow/example_dags/example_complex.py
[2023-03-23T22:53:03.704+0000] {logging_mixin.py:120} INFO - [2023-03-23T22:53:03.704+0000] {dag.py:2585} INFO - Sync 1 DAGs
[2023-03-23T22:53:03.732+0000] {logging_mixin.py:120} INFO - [2023-03-23T22:53:03.732+0000] {dag.py:3340} INFO - Setting next_dagrun for example_complex to None, run_after=None
[2023-03-23T22:53:03.759+0000] {processor.py:176} INFO - Processing /home/airflow/.local/lib/python3.7/site-packages/airflow/example_dags/example_complex.py took 0.151 seconds
[2023-03-23T22:53:34.065+0000] {processor.py:154} INFO - Started process (PID=574) to work on /home/airflow/.local/lib/python3.7/site-packages/airflow/example_dags/example_complex.py
[2023-03-23T22:53:34.066+0000] {processor.py:756} INFO - Processing file /home/airflow/.local/lib/python3.7/site-packages/airflow/example_dags/example_complex.py for tasks to queue
[2023-03-23T22:53:34.067+0000] {logging_mixin.py:120} INFO - [2023-03-23T22:53:34.067+0000] {dagbag.py:537} INFO - Filling up the DagBag from /home/airflow/.local/lib/python3.7/site-packages/airflow/example_dags/example_complex.py
[2023-03-23T22:53:34.080+0000] {logging_mixin.py:120} INFO - [2023-03-23T22:53:34.079+0000] {taskmixin.py:205} WARNING - Dependency <Task(BashOperator): create_entry_group>, delete_entry_group already registered for DAG: example_complex
[2023-03-23T22:53:34.080+0000] {logging_mixin.py:120} INFO - [2023-03-23T22:53:34.080+0000] {taskmixin.py:205} WARNING - Dependency <Task(BashOperator): delete_entry_group>, create_entry_group already registered for DAG: example_complex
[2023-03-23T22:53:34.081+0000] {logging_mixin.py:120} INFO - [2023-03-23T22:53:34.081+0000] {taskmixin.py:205} WARNING - Dependency <Task(BashOperator): create_entry_gcs>, delete_entry already registered for DAG: example_complex
[2023-03-23T22:53:34.081+0000] {logging_mixin.py:120} INFO - [2023-03-23T22:53:34.081+0000] {taskmixin.py:205} WARNING - Dependency <Task(BashOperator): delete_entry>, create_entry_gcs already registered for DAG: example_complex
[2023-03-23T22:53:34.082+0000] {logging_mixin.py:120} INFO - [2023-03-23T22:53:34.082+0000] {taskmixin.py:205} WARNING - Dependency <Task(BashOperator): create_tag>, delete_tag already registered for DAG: example_complex
[2023-03-23T22:53:34.082+0000] {logging_mixin.py:120} INFO - [2023-03-23T22:53:34.082+0000] {taskmixin.py:205} WARNING - Dependency <Task(BashOperator): delete_tag>, create_tag already registered for DAG: example_complex
[2023-03-23T22:53:34.092+0000] {processor.py:766} INFO - DAG(s) dict_keys(['example_complex']) retrieved from /home/airflow/.local/lib/python3.7/site-packages/airflow/example_dags/example_complex.py
[2023-03-23T22:53:34.153+0000] {logging_mixin.py:120} INFO - [2023-03-23T22:53:34.153+0000] {dag.py:2585} INFO - Sync 1 DAGs
[2023-03-23T22:53:34.191+0000] {logging_mixin.py:120} INFO - [2023-03-23T22:53:34.190+0000] {dag.py:3340} INFO - Setting next_dagrun for example_complex to None, run_after=None
[2023-03-23T22:53:34.228+0000] {processor.py:176} INFO - Processing /home/airflow/.local/lib/python3.7/site-packages/airflow/example_dags/example_complex.py took 0.166 seconds
[2023-03-23T22:54:04.803+0000] {processor.py:154} INFO - Started process (PID=637) to work on /home/airflow/.local/lib/python3.7/site-packages/airflow/example_dags/example_complex.py
[2023-03-23T22:54:04.804+0000] {processor.py:756} INFO - Processing file /home/airflow/.local/lib/python3.7/site-packages/airflow/example_dags/example_complex.py for tasks to queue
[2023-03-23T22:54:04.805+0000] {logging_mixin.py:120} INFO - [2023-03-23T22:54:04.805+0000] {dagbag.py:537} INFO - Filling up the DagBag from /home/airflow/.local/lib/python3.7/site-packages/airflow/example_dags/example_complex.py
[2023-03-23T22:54:04.817+0000] {logging_mixin.py:120} INFO - [2023-03-23T22:54:04.816+0000] {taskmixin.py:205} WARNING - Dependency <Task(BashOperator): create_entry_group>, delete_entry_group already registered for DAG: example_complex
[2023-03-23T22:54:04.817+0000] {logging_mixin.py:120} INFO - [2023-03-23T22:54:04.817+0000] {taskmixin.py:205} WARNING - Dependency <Task(BashOperator): delete_entry_group>, create_entry_group already registered for DAG: example_complex
[2023-03-23T22:54:04.817+0000] {logging_mixin.py:120} INFO - [2023-03-23T22:54:04.817+0000] {taskmixin.py:205} WARNING - Dependency <Task(BashOperator): create_entry_gcs>, delete_entry already registered for DAG: example_complex
[2023-03-23T22:54:04.818+0000] {logging_mixin.py:120} INFO - [2023-03-23T22:54:04.818+0000] {taskmixin.py:205} WARNING - Dependency <Task(BashOperator): delete_entry>, create_entry_gcs already registered for DAG: example_complex
[2023-03-23T22:54:04.818+0000] {logging_mixin.py:120} INFO - [2023-03-23T22:54:04.818+0000] {taskmixin.py:205} WARNING - Dependency <Task(BashOperator): create_tag>, delete_tag already registered for DAG: example_complex
[2023-03-23T22:54:04.819+0000] {logging_mixin.py:120} INFO - [2023-03-23T22:54:04.819+0000] {taskmixin.py:205} WARNING - Dependency <Task(BashOperator): delete_tag>, create_tag already registered for DAG: example_complex
[2023-03-23T22:54:04.828+0000] {processor.py:766} INFO - DAG(s) dict_keys(['example_complex']) retrieved from /home/airflow/.local/lib/python3.7/site-packages/airflow/example_dags/example_complex.py
[2023-03-23T22:54:04.887+0000] {logging_mixin.py:120} INFO - [2023-03-23T22:54:04.887+0000] {dag.py:2585} INFO - Sync 1 DAGs
[2023-03-23T22:54:04.928+0000] {logging_mixin.py:120} INFO - [2023-03-23T22:54:04.927+0000] {dag.py:3340} INFO - Setting next_dagrun for example_complex to None, run_after=None
[2023-03-23T22:54:04.952+0000] {processor.py:176} INFO - Processing /home/airflow/.local/lib/python3.7/site-packages/airflow/example_dags/example_complex.py took 0.152 seconds
[2023-03-23T22:54:35.842+0000] {processor.py:154} INFO - Started process (PID=699) to work on /home/airflow/.local/lib/python3.7/site-packages/airflow/example_dags/example_complex.py
[2023-03-23T22:54:35.844+0000] {processor.py:756} INFO - Processing file /home/airflow/.local/lib/python3.7/site-packages/airflow/example_dags/example_complex.py for tasks to queue
[2023-03-23T22:54:35.846+0000] {logging_mixin.py:120} INFO - [2023-03-23T22:54:35.846+0000] {dagbag.py:537} INFO - Filling up the DagBag from /home/airflow/.local/lib/python3.7/site-packages/airflow/example_dags/example_complex.py
[2023-03-23T22:54:35.867+0000] {logging_mixin.py:120} INFO - [2023-03-23T22:54:35.866+0000] {taskmixin.py:205} WARNING - Dependency <Task(BashOperator): create_entry_group>, delete_entry_group already registered for DAG: example_complex
[2023-03-23T22:54:35.868+0000] {logging_mixin.py:120} INFO - [2023-03-23T22:54:35.867+0000] {taskmixin.py:205} WARNING - Dependency <Task(BashOperator): delete_entry_group>, create_entry_group already registered for DAG: example_complex
[2023-03-23T22:54:35.869+0000] {logging_mixin.py:120} INFO - [2023-03-23T22:54:35.868+0000] {taskmixin.py:205} WARNING - Dependency <Task(BashOperator): create_entry_gcs>, delete_entry already registered for DAG: example_complex
[2023-03-23T22:54:35.869+0000] {logging_mixin.py:120} INFO - [2023-03-23T22:54:35.869+0000] {taskmixin.py:205} WARNING - Dependency <Task(BashOperator): delete_entry>, create_entry_gcs already registered for DAG: example_complex
[2023-03-23T22:54:35.870+0000] {logging_mixin.py:120} INFO - [2023-03-23T22:54:35.870+0000] {taskmixin.py:205} WARNING - Dependency <Task(BashOperator): create_tag>, delete_tag already registered for DAG: example_complex
[2023-03-23T22:54:35.871+0000] {logging_mixin.py:120} INFO - [2023-03-23T22:54:35.871+0000] {taskmixin.py:205} WARNING - Dependency <Task(BashOperator): delete_tag>, create_tag already registered for DAG: example_complex
[2023-03-23T22:54:35.885+0000] {processor.py:766} INFO - DAG(s) dict_keys(['example_complex']) retrieved from /home/airflow/.local/lib/python3.7/site-packages/airflow/example_dags/example_complex.py
[2023-03-23T22:54:35.986+0000] {logging_mixin.py:120} INFO - [2023-03-23T22:54:35.986+0000] {dag.py:2585} INFO - Sync 1 DAGs
[2023-03-23T22:54:36.060+0000] {logging_mixin.py:120} INFO - [2023-03-23T22:54:36.060+0000] {dag.py:3340} INFO - Setting next_dagrun for example_complex to None, run_after=None
[2023-03-23T22:54:36.133+0000] {processor.py:176} INFO - Processing /home/airflow/.local/lib/python3.7/site-packages/airflow/example_dags/example_complex.py took 0.300 seconds
[2023-03-23T22:55:06.327+0000] {processor.py:154} INFO - Started process (PID=753) to work on /home/airflow/.local/lib/python3.7/site-packages/airflow/example_dags/example_complex.py
[2023-03-23T22:55:06.328+0000] {processor.py:756} INFO - Processing file /home/airflow/.local/lib/python3.7/site-packages/airflow/example_dags/example_complex.py for tasks to queue
[2023-03-23T22:55:06.330+0000] {logging_mixin.py:120} INFO - [2023-03-23T22:55:06.329+0000] {dagbag.py:537} INFO - Filling up the DagBag from /home/airflow/.local/lib/python3.7/site-packages/airflow/example_dags/example_complex.py
[2023-03-23T22:55:06.342+0000] {logging_mixin.py:120} INFO - [2023-03-23T22:55:06.342+0000] {taskmixin.py:205} WARNING - Dependency <Task(BashOperator): create_entry_group>, delete_entry_group already registered for DAG: example_complex
[2023-03-23T22:55:06.343+0000] {logging_mixin.py:120} INFO - [2023-03-23T22:55:06.342+0000] {taskmixin.py:205} WARNING - Dependency <Task(BashOperator): delete_entry_group>, create_entry_group already registered for DAG: example_complex
[2023-03-23T22:55:06.343+0000] {logging_mixin.py:120} INFO - [2023-03-23T22:55:06.343+0000] {taskmixin.py:205} WARNING - Dependency <Task(BashOperator): create_entry_gcs>, delete_entry already registered for DAG: example_complex
[2023-03-23T22:55:06.344+0000] {logging_mixin.py:120} INFO - [2023-03-23T22:55:06.344+0000] {taskmixin.py:205} WARNING - Dependency <Task(BashOperator): delete_entry>, create_entry_gcs already registered for DAG: example_complex
[2023-03-23T22:55:06.345+0000] {logging_mixin.py:120} INFO - [2023-03-23T22:55:06.344+0000] {taskmixin.py:205} WARNING - Dependency <Task(BashOperator): create_tag>, delete_tag already registered for DAG: example_complex
[2023-03-23T22:55:06.345+0000] {logging_mixin.py:120} INFO - [2023-03-23T22:55:06.345+0000] {taskmixin.py:205} WARNING - Dependency <Task(BashOperator): delete_tag>, create_tag already registered for DAG: example_complex
[2023-03-23T22:55:06.352+0000] {processor.py:766} INFO - DAG(s) dict_keys(['example_complex']) retrieved from /home/airflow/.local/lib/python3.7/site-packages/airflow/example_dags/example_complex.py
[2023-03-23T22:55:06.401+0000] {logging_mixin.py:120} INFO - [2023-03-23T22:55:06.401+0000] {dag.py:2585} INFO - Sync 1 DAGs
[2023-03-23T22:55:06.432+0000] {logging_mixin.py:120} INFO - [2023-03-23T22:55:06.432+0000] {dag.py:3340} INFO - Setting next_dagrun for example_complex to None, run_after=None
[2023-03-23T22:55:06.462+0000] {processor.py:176} INFO - Processing /home/airflow/.local/lib/python3.7/site-packages/airflow/example_dags/example_complex.py took 0.137 seconds
[2023-03-23T22:55:36.545+0000] {processor.py:154} INFO - Started process (PID=816) to work on /home/airflow/.local/lib/python3.7/site-packages/airflow/example_dags/example_complex.py
[2023-03-23T22:55:36.546+0000] {processor.py:756} INFO - Processing file /home/airflow/.local/lib/python3.7/site-packages/airflow/example_dags/example_complex.py for tasks to queue
[2023-03-23T22:55:36.547+0000] {logging_mixin.py:120} INFO - [2023-03-23T22:55:36.547+0000] {dagbag.py:537} INFO - Filling up the DagBag from /home/airflow/.local/lib/python3.7/site-packages/airflow/example_dags/example_complex.py
[2023-03-23T22:55:36.559+0000] {logging_mixin.py:120} INFO - [2023-03-23T22:55:36.559+0000] {taskmixin.py:205} WARNING - Dependency <Task(BashOperator): create_entry_group>, delete_entry_group already registered for DAG: example_complex
[2023-03-23T22:55:36.560+0000] {logging_mixin.py:120} INFO - [2023-03-23T22:55:36.559+0000] {taskmixin.py:205} WARNING - Dependency <Task(BashOperator): delete_entry_group>, create_entry_group already registered for DAG: example_complex
[2023-03-23T22:55:36.560+0000] {logging_mixin.py:120} INFO - [2023-03-23T22:55:36.560+0000] {taskmixin.py:205} WARNING - Dependency <Task(BashOperator): create_entry_gcs>, delete_entry already registered for DAG: example_complex
[2023-03-23T22:55:36.561+0000] {logging_mixin.py:120} INFO - [2023-03-23T22:55:36.560+0000] {taskmixin.py:205} WARNING - Dependency <Task(BashOperator): delete_entry>, create_entry_gcs already registered for DAG: example_complex
[2023-03-23T22:55:36.561+0000] {logging_mixin.py:120} INFO - [2023-03-23T22:55:36.561+0000] {taskmixin.py:205} WARNING - Dependency <Task(BashOperator): create_tag>, delete_tag already registered for DAG: example_complex
[2023-03-23T22:55:36.562+0000] {logging_mixin.py:120} INFO - [2023-03-23T22:55:36.562+0000] {taskmixin.py:205} WARNING - Dependency <Task(BashOperator): delete_tag>, create_tag already registered for DAG: example_complex
[2023-03-23T22:55:36.569+0000] {processor.py:766} INFO - DAG(s) dict_keys(['example_complex']) retrieved from /home/airflow/.local/lib/python3.7/site-packages/airflow/example_dags/example_complex.py
[2023-03-23T22:55:36.619+0000] {logging_mixin.py:120} INFO - [2023-03-23T22:55:36.619+0000] {dag.py:2585} INFO - Sync 1 DAGs
[2023-03-23T22:55:36.644+0000] {logging_mixin.py:120} INFO - [2023-03-23T22:55:36.644+0000] {dag.py:3340} INFO - Setting next_dagrun for example_complex to None, run_after=None
[2023-03-23T22:55:36.667+0000] {processor.py:176} INFO - Processing /home/airflow/.local/lib/python3.7/site-packages/airflow/example_dags/example_complex.py took 0.125 seconds
[2023-03-23T22:56:07.106+0000] {processor.py:154} INFO - Started process (PID=879) to work on /home/airflow/.local/lib/python3.7/site-packages/airflow/example_dags/example_complex.py
[2023-03-23T22:56:07.107+0000] {processor.py:756} INFO - Processing file /home/airflow/.local/lib/python3.7/site-packages/airflow/example_dags/example_complex.py for tasks to queue
[2023-03-23T22:56:07.108+0000] {logging_mixin.py:120} INFO - [2023-03-23T22:56:07.108+0000] {dagbag.py:537} INFO - Filling up the DagBag from /home/airflow/.local/lib/python3.7/site-packages/airflow/example_dags/example_complex.py
[2023-03-23T22:56:07.124+0000] {logging_mixin.py:120} INFO - [2023-03-23T22:56:07.124+0000] {taskmixin.py:205} WARNING - Dependency <Task(BashOperator): create_entry_group>, delete_entry_group already registered for DAG: example_complex
[2023-03-23T22:56:07.124+0000] {logging_mixin.py:120} INFO - [2023-03-23T22:56:07.124+0000] {taskmixin.py:205} WARNING - Dependency <Task(BashOperator): delete_entry_group>, create_entry_group already registered for DAG: example_complex
[2023-03-23T22:56:07.125+0000] {logging_mixin.py:120} INFO - [2023-03-23T22:56:07.125+0000] {taskmixin.py:205} WARNING - Dependency <Task(BashOperator): create_entry_gcs>, delete_entry already registered for DAG: example_complex
[2023-03-23T22:56:07.126+0000] {logging_mixin.py:120} INFO - [2023-03-23T22:56:07.126+0000] {taskmixin.py:205} WARNING - Dependency <Task(BashOperator): delete_entry>, create_entry_gcs already registered for DAG: example_complex
[2023-03-23T22:56:07.127+0000] {logging_mixin.py:120} INFO - [2023-03-23T22:56:07.127+0000] {taskmixin.py:205} WARNING - Dependency <Task(BashOperator): create_tag>, delete_tag already registered for DAG: example_complex
[2023-03-23T22:56:07.127+0000] {logging_mixin.py:120} INFO - [2023-03-23T22:56:07.127+0000] {taskmixin.py:205} WARNING - Dependency <Task(BashOperator): delete_tag>, create_tag already registered for DAG: example_complex
[2023-03-23T22:56:07.138+0000] {processor.py:766} INFO - DAG(s) dict_keys(['example_complex']) retrieved from /home/airflow/.local/lib/python3.7/site-packages/airflow/example_dags/example_complex.py
[2023-03-23T22:56:07.192+0000] {logging_mixin.py:120} INFO - [2023-03-23T22:56:07.192+0000] {dag.py:2585} INFO - Sync 1 DAGs
[2023-03-23T22:56:07.217+0000] {logging_mixin.py:120} INFO - [2023-03-23T22:56:07.217+0000] {dag.py:3340} INFO - Setting next_dagrun for example_complex to None, run_after=None
[2023-03-23T22:56:07.243+0000] {processor.py:176} INFO - Processing /home/airflow/.local/lib/python3.7/site-packages/airflow/example_dags/example_complex.py took 0.141 seconds
[2023-03-23T22:56:37.619+0000] {processor.py:154} INFO - Started process (PID=933) to work on /home/airflow/.local/lib/python3.7/site-packages/airflow/example_dags/example_complex.py
[2023-03-23T22:56:37.621+0000] {processor.py:756} INFO - Processing file /home/airflow/.local/lib/python3.7/site-packages/airflow/example_dags/example_complex.py for tasks to queue
[2023-03-23T22:56:37.622+0000] {logging_mixin.py:120} INFO - [2023-03-23T22:56:37.622+0000] {dagbag.py:537} INFO - Filling up the DagBag from /home/airflow/.local/lib/python3.7/site-packages/airflow/example_dags/example_complex.py
[2023-03-23T22:56:37.634+0000] {logging_mixin.py:120} INFO - [2023-03-23T22:56:37.634+0000] {taskmixin.py:205} WARNING - Dependency <Task(BashOperator): create_entry_group>, delete_entry_group already registered for DAG: example_complex
[2023-03-23T22:56:37.635+0000] {logging_mixin.py:120} INFO - [2023-03-23T22:56:37.635+0000] {taskmixin.py:205} WARNING - Dependency <Task(BashOperator): delete_entry_group>, create_entry_group already registered for DAG: example_complex
[2023-03-23T22:56:37.636+0000] {logging_mixin.py:120} INFO - [2023-03-23T22:56:37.635+0000] {taskmixin.py:205} WARNING - Dependency <Task(BashOperator): create_entry_gcs>, delete_entry already registered for DAG: example_complex
[2023-03-23T22:56:37.636+0000] {logging_mixin.py:120} INFO - [2023-03-23T22:56:37.636+0000] {taskmixin.py:205} WARNING - Dependency <Task(BashOperator): delete_entry>, create_entry_gcs already registered for DAG: example_complex
[2023-03-23T22:56:37.637+0000] {logging_mixin.py:120} INFO - [2023-03-23T22:56:37.637+0000] {taskmixin.py:205} WARNING - Dependency <Task(BashOperator): create_tag>, delete_tag already registered for DAG: example_complex
[2023-03-23T22:56:37.637+0000] {logging_mixin.py:120} INFO - [2023-03-23T22:56:37.637+0000] {taskmixin.py:205} WARNING - Dependency <Task(BashOperator): delete_tag>, create_tag already registered for DAG: example_complex
[2023-03-23T22:56:37.644+0000] {processor.py:766} INFO - DAG(s) dict_keys(['example_complex']) retrieved from /home/airflow/.local/lib/python3.7/site-packages/airflow/example_dags/example_complex.py
[2023-03-23T22:56:37.694+0000] {logging_mixin.py:120} INFO - [2023-03-23T22:56:37.694+0000] {dag.py:2585} INFO - Sync 1 DAGs
[2023-03-23T22:56:37.721+0000] {logging_mixin.py:120} INFO - [2023-03-23T22:56:37.720+0000] {dag.py:3340} INFO - Setting next_dagrun for example_complex to None, run_after=None
[2023-03-23T22:56:37.745+0000] {processor.py:176} INFO - Processing /home/airflow/.local/lib/python3.7/site-packages/airflow/example_dags/example_complex.py took 0.130 seconds
[2023-03-23T22:57:08.089+0000] {processor.py:154} INFO - Started process (PID=996) to work on /home/airflow/.local/lib/python3.7/site-packages/airflow/example_dags/example_complex.py
[2023-03-23T22:57:08.090+0000] {processor.py:756} INFO - Processing file /home/airflow/.local/lib/python3.7/site-packages/airflow/example_dags/example_complex.py for tasks to queue
[2023-03-23T22:57:08.092+0000] {logging_mixin.py:120} INFO - [2023-03-23T22:57:08.091+0000] {dagbag.py:537} INFO - Filling up the DagBag from /home/airflow/.local/lib/python3.7/site-packages/airflow/example_dags/example_complex.py
[2023-03-23T22:57:08.104+0000] {logging_mixin.py:120} INFO - [2023-03-23T22:57:08.104+0000] {taskmixin.py:205} WARNING - Dependency <Task(BashOperator): create_entry_group>, delete_entry_group already registered for DAG: example_complex
[2023-03-23T22:57:08.105+0000] {logging_mixin.py:120} INFO - [2023-03-23T22:57:08.105+0000] {taskmixin.py:205} WARNING - Dependency <Task(BashOperator): delete_entry_group>, create_entry_group already registered for DAG: example_complex
[2023-03-23T22:57:08.106+0000] {logging_mixin.py:120} INFO - [2023-03-23T22:57:08.106+0000] {taskmixin.py:205} WARNING - Dependency <Task(BashOperator): create_entry_gcs>, delete_entry already registered for DAG: example_complex
[2023-03-23T22:57:08.106+0000] {logging_mixin.py:120} INFO - [2023-03-23T22:57:08.106+0000] {taskmixin.py:205} WARNING - Dependency <Task(BashOperator): delete_entry>, create_entry_gcs already registered for DAG: example_complex
[2023-03-23T22:57:08.107+0000] {logging_mixin.py:120} INFO - [2023-03-23T22:57:08.107+0000] {taskmixin.py:205} WARNING - Dependency <Task(BashOperator): create_tag>, delete_tag already registered for DAG: example_complex
[2023-03-23T22:57:08.108+0000] {logging_mixin.py:120} INFO - [2023-03-23T22:57:08.108+0000] {taskmixin.py:205} WARNING - Dependency <Task(BashOperator): delete_tag>, create_tag already registered for DAG: example_complex
[2023-03-23T22:57:08.118+0000] {processor.py:766} INFO - DAG(s) dict_keys(['example_complex']) retrieved from /home/airflow/.local/lib/python3.7/site-packages/airflow/example_dags/example_complex.py
[2023-03-23T22:57:08.190+0000] {logging_mixin.py:120} INFO - [2023-03-23T22:57:08.190+0000] {dag.py:2585} INFO - Sync 1 DAGs
[2023-03-23T22:57:08.226+0000] {logging_mixin.py:120} INFO - [2023-03-23T22:57:08.226+0000] {dag.py:3340} INFO - Setting next_dagrun for example_complex to None, run_after=None
[2023-03-23T22:57:08.250+0000] {processor.py:176} INFO - Processing /home/airflow/.local/lib/python3.7/site-packages/airflow/example_dags/example_complex.py took 0.165 seconds
[2023-03-23T22:57:38.319+0000] {processor.py:154} INFO - Started process (PID=1058) to work on /home/airflow/.local/lib/python3.7/site-packages/airflow/example_dags/example_complex.py
[2023-03-23T22:57:38.320+0000] {processor.py:756} INFO - Processing file /home/airflow/.local/lib/python3.7/site-packages/airflow/example_dags/example_complex.py for tasks to queue
[2023-03-23T22:57:38.321+0000] {logging_mixin.py:120} INFO - [2023-03-23T22:57:38.321+0000] {dagbag.py:537} INFO - Filling up the DagBag from /home/airflow/.local/lib/python3.7/site-packages/airflow/example_dags/example_complex.py
[2023-03-23T22:57:38.331+0000] {logging_mixin.py:120} INFO - [2023-03-23T22:57:38.331+0000] {taskmixin.py:205} WARNING - Dependency <Task(BashOperator): create_entry_group>, delete_entry_group already registered for DAG: example_complex
[2023-03-23T22:57:38.332+0000] {logging_mixin.py:120} INFO - [2023-03-23T22:57:38.331+0000] {taskmixin.py:205} WARNING - Dependency <Task(BashOperator): delete_entry_group>, create_entry_group already registered for DAG: example_complex
[2023-03-23T22:57:38.332+0000] {logging_mixin.py:120} INFO - [2023-03-23T22:57:38.332+0000] {taskmixin.py:205} WARNING - Dependency <Task(BashOperator): create_entry_gcs>, delete_entry already registered for DAG: example_complex
[2023-03-23T22:57:38.333+0000] {logging_mixin.py:120} INFO - [2023-03-23T22:57:38.333+0000] {taskmixin.py:205} WARNING - Dependency <Task(BashOperator): delete_entry>, create_entry_gcs already registered for DAG: example_complex
[2023-03-23T22:57:38.334+0000] {logging_mixin.py:120} INFO - [2023-03-23T22:57:38.334+0000] {taskmixin.py:205} WARNING - Dependency <Task(BashOperator): create_tag>, delete_tag already registered for DAG: example_complex
[2023-03-23T22:57:38.334+0000] {logging_mixin.py:120} INFO - [2023-03-23T22:57:38.334+0000] {taskmixin.py:205} WARNING - Dependency <Task(BashOperator): delete_tag>, create_tag already registered for DAG: example_complex
[2023-03-23T22:57:38.342+0000] {processor.py:766} INFO - DAG(s) dict_keys(['example_complex']) retrieved from /home/airflow/.local/lib/python3.7/site-packages/airflow/example_dags/example_complex.py
[2023-03-23T22:57:38.390+0000] {logging_mixin.py:120} INFO - [2023-03-23T22:57:38.390+0000] {dag.py:2585} INFO - Sync 1 DAGs
[2023-03-23T22:57:38.423+0000] {logging_mixin.py:120} INFO - [2023-03-23T22:57:38.423+0000] {dag.py:3340} INFO - Setting next_dagrun for example_complex to None, run_after=None
[2023-03-23T22:57:38.445+0000] {processor.py:176} INFO - Processing /home/airflow/.local/lib/python3.7/site-packages/airflow/example_dags/example_complex.py took 0.129 seconds
[2023-03-23T22:58:08.510+0000] {processor.py:154} INFO - Started process (PID=1112) to work on /home/airflow/.local/lib/python3.7/site-packages/airflow/example_dags/example_complex.py
[2023-03-23T22:58:08.511+0000] {processor.py:756} INFO - Processing file /home/airflow/.local/lib/python3.7/site-packages/airflow/example_dags/example_complex.py for tasks to queue
[2023-03-23T22:58:08.512+0000] {logging_mixin.py:120} INFO - [2023-03-23T22:58:08.512+0000] {dagbag.py:537} INFO - Filling up the DagBag from /home/airflow/.local/lib/python3.7/site-packages/airflow/example_dags/example_complex.py
[2023-03-23T22:58:08.522+0000] {logging_mixin.py:120} INFO - [2023-03-23T22:58:08.522+0000] {taskmixin.py:205} WARNING - Dependency <Task(BashOperator): create_entry_group>, delete_entry_group already registered for DAG: example_complex
[2023-03-23T22:58:08.523+0000] {logging_mixin.py:120} INFO - [2023-03-23T22:58:08.523+0000] {taskmixin.py:205} WARNING - Dependency <Task(BashOperator): delete_entry_group>, create_entry_group already registered for DAG: example_complex
[2023-03-23T22:58:08.523+0000] {logging_mixin.py:120} INFO - [2023-03-23T22:58:08.523+0000] {taskmixin.py:205} WARNING - Dependency <Task(BashOperator): create_entry_gcs>, delete_entry already registered for DAG: example_complex
[2023-03-23T22:58:08.524+0000] {logging_mixin.py:120} INFO - [2023-03-23T22:58:08.524+0000] {taskmixin.py:205} WARNING - Dependency <Task(BashOperator): delete_entry>, create_entry_gcs already registered for DAG: example_complex
[2023-03-23T22:58:08.525+0000] {logging_mixin.py:120} INFO - [2023-03-23T22:58:08.525+0000] {taskmixin.py:205} WARNING - Dependency <Task(BashOperator): create_tag>, delete_tag already registered for DAG: example_complex
[2023-03-23T22:58:08.525+0000] {logging_mixin.py:120} INFO - [2023-03-23T22:58:08.525+0000] {taskmixin.py:205} WARNING - Dependency <Task(BashOperator): delete_tag>, create_tag already registered for DAG: example_complex
[2023-03-23T22:58:08.533+0000] {processor.py:766} INFO - DAG(s) dict_keys(['example_complex']) retrieved from /home/airflow/.local/lib/python3.7/site-packages/airflow/example_dags/example_complex.py
[2023-03-23T22:58:08.579+0000] {logging_mixin.py:120} INFO - [2023-03-23T22:58:08.579+0000] {dag.py:2585} INFO - Sync 1 DAGs
[2023-03-23T22:58:08.608+0000] {logging_mixin.py:120} INFO - [2023-03-23T22:58:08.608+0000] {dag.py:3340} INFO - Setting next_dagrun for example_complex to None, run_after=None
[2023-03-23T22:58:08.635+0000] {processor.py:176} INFO - Processing /home/airflow/.local/lib/python3.7/site-packages/airflow/example_dags/example_complex.py took 0.128 seconds
[2023-03-23T22:58:39.523+0000] {processor.py:154} INFO - Started process (PID=1176) to work on /home/airflow/.local/lib/python3.7/site-packages/airflow/example_dags/example_complex.py
[2023-03-23T22:58:39.524+0000] {processor.py:756} INFO - Processing file /home/airflow/.local/lib/python3.7/site-packages/airflow/example_dags/example_complex.py for tasks to queue
[2023-03-23T22:58:39.525+0000] {logging_mixin.py:120} INFO - [2023-03-23T22:58:39.525+0000] {dagbag.py:537} INFO - Filling up the DagBag from /home/airflow/.local/lib/python3.7/site-packages/airflow/example_dags/example_complex.py
[2023-03-23T22:58:39.539+0000] {logging_mixin.py:120} INFO - [2023-03-23T22:58:39.539+0000] {taskmixin.py:205} WARNING - Dependency <Task(BashOperator): create_entry_group>, delete_entry_group already registered for DAG: example_complex
[2023-03-23T22:58:39.540+0000] {logging_mixin.py:120} INFO - [2023-03-23T22:58:39.540+0000] {taskmixin.py:205} WARNING - Dependency <Task(BashOperator): delete_entry_group>, create_entry_group already registered for DAG: example_complex
[2023-03-23T22:58:39.541+0000] {logging_mixin.py:120} INFO - [2023-03-23T22:58:39.540+0000] {taskmixin.py:205} WARNING - Dependency <Task(BashOperator): create_entry_gcs>, delete_entry already registered for DAG: example_complex
[2023-03-23T22:58:39.541+0000] {logging_mixin.py:120} INFO - [2023-03-23T22:58:39.541+0000] {taskmixin.py:205} WARNING - Dependency <Task(BashOperator): delete_entry>, create_entry_gcs already registered for DAG: example_complex
[2023-03-23T22:58:39.541+0000] {logging_mixin.py:120} INFO - [2023-03-23T22:58:39.541+0000] {taskmixin.py:205} WARNING - Dependency <Task(BashOperator): create_tag>, delete_tag already registered for DAG: example_complex
[2023-03-23T22:58:39.542+0000] {logging_mixin.py:120} INFO - [2023-03-23T22:58:39.542+0000] {taskmixin.py:205} WARNING - Dependency <Task(BashOperator): delete_tag>, create_tag already registered for DAG: example_complex
[2023-03-23T22:58:39.550+0000] {processor.py:766} INFO - DAG(s) dict_keys(['example_complex']) retrieved from /home/airflow/.local/lib/python3.7/site-packages/airflow/example_dags/example_complex.py
[2023-03-23T22:58:39.593+0000] {logging_mixin.py:120} INFO - [2023-03-23T22:58:39.592+0000] {dag.py:2585} INFO - Sync 1 DAGs
[2023-03-23T22:58:39.619+0000] {logging_mixin.py:120} INFO - [2023-03-23T22:58:39.618+0000] {dag.py:3340} INFO - Setting next_dagrun for example_complex to None, run_after=None
[2023-03-23T22:58:39.638+0000] {processor.py:176} INFO - Processing /home/airflow/.local/lib/python3.7/site-packages/airflow/example_dags/example_complex.py took 0.119 seconds
[2023-03-23T22:59:10.081+0000] {processor.py:154} INFO - Started process (PID=1239) to work on /home/airflow/.local/lib/python3.7/site-packages/airflow/example_dags/example_complex.py
[2023-03-23T22:59:10.083+0000] {processor.py:756} INFO - Processing file /home/airflow/.local/lib/python3.7/site-packages/airflow/example_dags/example_complex.py for tasks to queue
[2023-03-23T22:59:10.084+0000] {logging_mixin.py:120} INFO - [2023-03-23T22:59:10.084+0000] {dagbag.py:537} INFO - Filling up the DagBag from /home/airflow/.local/lib/python3.7/site-packages/airflow/example_dags/example_complex.py
[2023-03-23T22:59:10.098+0000] {logging_mixin.py:120} INFO - [2023-03-23T22:59:10.098+0000] {taskmixin.py:205} WARNING - Dependency <Task(BashOperator): create_entry_group>, delete_entry_group already registered for DAG: example_complex
[2023-03-23T22:59:10.099+0000] {logging_mixin.py:120} INFO - [2023-03-23T22:59:10.099+0000] {taskmixin.py:205} WARNING - Dependency <Task(BashOperator): delete_entry_group>, create_entry_group already registered for DAG: example_complex
[2023-03-23T22:59:10.100+0000] {logging_mixin.py:120} INFO - [2023-03-23T22:59:10.100+0000] {taskmixin.py:205} WARNING - Dependency <Task(BashOperator): create_entry_gcs>, delete_entry already registered for DAG: example_complex
[2023-03-23T22:59:10.100+0000] {logging_mixin.py:120} INFO - [2023-03-23T22:59:10.100+0000] {taskmixin.py:205} WARNING - Dependency <Task(BashOperator): delete_entry>, create_entry_gcs already registered for DAG: example_complex
[2023-03-23T22:59:10.101+0000] {logging_mixin.py:120} INFO - [2023-03-23T22:59:10.101+0000] {taskmixin.py:205} WARNING - Dependency <Task(BashOperator): create_tag>, delete_tag already registered for DAG: example_complex
[2023-03-23T22:59:10.102+0000] {logging_mixin.py:120} INFO - [2023-03-23T22:59:10.102+0000] {taskmixin.py:205} WARNING - Dependency <Task(BashOperator): delete_tag>, create_tag already registered for DAG: example_complex
[2023-03-23T22:59:10.109+0000] {processor.py:766} INFO - DAG(s) dict_keys(['example_complex']) retrieved from /home/airflow/.local/lib/python3.7/site-packages/airflow/example_dags/example_complex.py
[2023-03-23T22:59:10.159+0000] {logging_mixin.py:120} INFO - [2023-03-23T22:59:10.159+0000] {dag.py:2585} INFO - Sync 1 DAGs
[2023-03-23T22:59:10.184+0000] {logging_mixin.py:120} INFO - [2023-03-23T22:59:10.184+0000] {dag.py:3340} INFO - Setting next_dagrun for example_complex to None, run_after=None
[2023-03-23T22:59:10.212+0000] {processor.py:176} INFO - Processing /home/airflow/.local/lib/python3.7/site-packages/airflow/example_dags/example_complex.py took 0.135 seconds
[2023-03-23T22:59:40.803+0000] {processor.py:154} INFO - Started process (PID=1293) to work on /home/airflow/.local/lib/python3.7/site-packages/airflow/example_dags/example_complex.py
[2023-03-23T22:59:40.804+0000] {processor.py:756} INFO - Processing file /home/airflow/.local/lib/python3.7/site-packages/airflow/example_dags/example_complex.py for tasks to queue
[2023-03-23T22:59:40.805+0000] {logging_mixin.py:120} INFO - [2023-03-23T22:59:40.805+0000] {dagbag.py:537} INFO - Filling up the DagBag from /home/airflow/.local/lib/python3.7/site-packages/airflow/example_dags/example_complex.py
[2023-03-23T22:59:40.818+0000] {logging_mixin.py:120} INFO - [2023-03-23T22:59:40.818+0000] {taskmixin.py:205} WARNING - Dependency <Task(BashOperator): create_entry_group>, delete_entry_group already registered for DAG: example_complex
[2023-03-23T22:59:40.818+0000] {logging_mixin.py:120} INFO - [2023-03-23T22:59:40.818+0000] {taskmixin.py:205} WARNING - Dependency <Task(BashOperator): delete_entry_group>, create_entry_group already registered for DAG: example_complex
[2023-03-23T22:59:40.819+0000] {logging_mixin.py:120} INFO - [2023-03-23T22:59:40.819+0000] {taskmixin.py:205} WARNING - Dependency <Task(BashOperator): create_entry_gcs>, delete_entry already registered for DAG: example_complex
[2023-03-23T22:59:40.819+0000] {logging_mixin.py:120} INFO - [2023-03-23T22:59:40.819+0000] {taskmixin.py:205} WARNING - Dependency <Task(BashOperator): delete_entry>, create_entry_gcs already registered for DAG: example_complex
[2023-03-23T22:59:40.819+0000] {logging_mixin.py:120} INFO - [2023-03-23T22:59:40.819+0000] {taskmixin.py:205} WARNING - Dependency <Task(BashOperator): create_tag>, delete_tag already registered for DAG: example_complex
[2023-03-23T22:59:40.820+0000] {logging_mixin.py:120} INFO - [2023-03-23T22:59:40.820+0000] {taskmixin.py:205} WARNING - Dependency <Task(BashOperator): delete_tag>, create_tag already registered for DAG: example_complex
[2023-03-23T22:59:40.827+0000] {processor.py:766} INFO - DAG(s) dict_keys(['example_complex']) retrieved from /home/airflow/.local/lib/python3.7/site-packages/airflow/example_dags/example_complex.py
[2023-03-23T22:59:40.874+0000] {logging_mixin.py:120} INFO - [2023-03-23T22:59:40.874+0000] {dag.py:2585} INFO - Sync 1 DAGs
[2023-03-23T22:59:40.911+0000] {logging_mixin.py:120} INFO - [2023-03-23T22:59:40.911+0000] {dag.py:3340} INFO - Setting next_dagrun for example_complex to None, run_after=None
[2023-03-23T22:59:40.943+0000] {processor.py:176} INFO - Processing /home/airflow/.local/lib/python3.7/site-packages/airflow/example_dags/example_complex.py took 0.143 seconds
