[2023-03-23T22:48:46.008+0000] {processor.py:154} INFO - Started process (PID=72) to work on /home/airflow/.local/lib/python3.7/site-packages/airflow/example_dags/example_branch_day_of_week_operator.py
[2023-03-23T22:48:46.021+0000] {processor.py:756} INFO - Processing file /home/airflow/.local/lib/python3.7/site-packages/airflow/example_dags/example_branch_day_of_week_operator.py for tasks to queue
[2023-03-23T22:48:46.028+0000] {logging_mixin.py:120} INFO - [2023-03-23T22:48:46.028+0000] {dagbag.py:537} INFO - Filling up the DagBag from /home/airflow/.local/lib/python3.7/site-packages/airflow/example_dags/example_branch_day_of_week_operator.py
[2023-03-23T22:48:46.119+0000] {processor.py:766} INFO - DAG(s) dict_keys(['example_weekday_branch_operator']) retrieved from /home/airflow/.local/lib/python3.7/site-packages/airflow/example_dags/example_branch_day_of_week_operator.py
[2023-03-23T22:48:46.810+0000] {logging_mixin.py:120} INFO - [2023-03-23T22:48:46.809+0000] {manager.py:507} INFO - Created Permission View: can edit on DAG:example_weekday_branch_operator
[2023-03-23T22:48:46.894+0000] {logging_mixin.py:120} INFO - [2023-03-23T22:48:46.894+0000] {manager.py:507} INFO - Created Permission View: can read on DAG:example_weekday_branch_operator
[2023-03-23T22:48:46.978+0000] {logging_mixin.py:120} INFO - [2023-03-23T22:48:46.978+0000] {manager.py:507} INFO - Created Permission View: can delete on DAG:example_weekday_branch_operator
[2023-03-23T22:48:46.979+0000] {logging_mixin.py:120} INFO - [2023-03-23T22:48:46.979+0000] {dag.py:2585} INFO - Sync 1 DAGs
[2023-03-23T22:48:47.049+0000] {logging_mixin.py:120} INFO - [2023-03-23T22:48:47.049+0000] {dag.py:2606} INFO - Creating ORM DAG for example_weekday_branch_operator
[2023-03-23T22:48:47.126+0000] {logging_mixin.py:120} INFO - [2023-03-23T22:48:47.126+0000] {dag.py:3340} INFO - Setting next_dagrun for example_weekday_branch_operator to 2023-03-22T00:00:00+00:00, run_after=2023-03-23T00:00:00+00:00
[2023-03-23T22:48:47.231+0000] {processor.py:176} INFO - Processing /home/airflow/.local/lib/python3.7/site-packages/airflow/example_dags/example_branch_day_of_week_operator.py took 1.228 seconds
[2023-03-23T22:49:18.953+0000] {processor.py:154} INFO - Started process (PID=126) to work on /home/airflow/.local/lib/python3.7/site-packages/airflow/example_dags/example_branch_day_of_week_operator.py
[2023-03-23T22:49:18.955+0000] {processor.py:756} INFO - Processing file /home/airflow/.local/lib/python3.7/site-packages/airflow/example_dags/example_branch_day_of_week_operator.py for tasks to queue
[2023-03-23T22:49:18.956+0000] {logging_mixin.py:120} INFO - [2023-03-23T22:49:18.956+0000] {dagbag.py:537} INFO - Filling up the DagBag from /home/airflow/.local/lib/python3.7/site-packages/airflow/example_dags/example_branch_day_of_week_operator.py
[2023-03-23T22:49:19.050+0000] {processor.py:766} INFO - DAG(s) dict_keys(['example_weekday_branch_operator']) retrieved from /home/airflow/.local/lib/python3.7/site-packages/airflow/example_dags/example_branch_day_of_week_operator.py
[2023-03-23T22:49:19.293+0000] {logging_mixin.py:120} INFO - [2023-03-23T22:49:19.293+0000] {dag.py:2585} INFO - Sync 1 DAGs
[2023-03-23T22:49:19.449+0000] {logging_mixin.py:120} INFO - [2023-03-23T22:49:19.449+0000] {dag.py:3340} INFO - Setting next_dagrun for example_weekday_branch_operator to 2023-03-22T00:00:00+00:00, run_after=2023-03-23T00:00:00+00:00
[2023-03-23T22:49:19.560+0000] {processor.py:176} INFO - Processing /home/airflow/.local/lib/python3.7/site-packages/airflow/example_dags/example_branch_day_of_week_operator.py took 0.621 seconds
[2023-03-23T22:49:56.433+0000] {processor.py:154} INFO - Started process (PID=181) to work on /home/airflow/.local/lib/python3.7/site-packages/airflow/example_dags/example_branch_day_of_week_operator.py
[2023-03-23T22:49:56.444+0000] {processor.py:756} INFO - Processing file /home/airflow/.local/lib/python3.7/site-packages/airflow/example_dags/example_branch_day_of_week_operator.py for tasks to queue
[2023-03-23T22:49:56.452+0000] {logging_mixin.py:120} INFO - [2023-03-23T22:49:56.451+0000] {dagbag.py:537} INFO - Filling up the DagBag from /home/airflow/.local/lib/python3.7/site-packages/airflow/example_dags/example_branch_day_of_week_operator.py
[2023-03-23T22:49:56.551+0000] {processor.py:766} INFO - DAG(s) dict_keys(['example_weekday_branch_operator']) retrieved from /home/airflow/.local/lib/python3.7/site-packages/airflow/example_dags/example_branch_day_of_week_operator.py
[2023-03-23T22:49:56.732+0000] {logging_mixin.py:120} INFO - [2023-03-23T22:49:56.732+0000] {dag.py:2585} INFO - Sync 1 DAGs
[2023-03-23T22:49:56.893+0000] {logging_mixin.py:120} INFO - [2023-03-23T22:49:56.892+0000] {dag.py:3340} INFO - Setting next_dagrun for example_weekday_branch_operator to 2023-03-22T00:00:00+00:00, run_after=2023-03-23T00:00:00+00:00
[2023-03-23T22:49:57.073+0000] {processor.py:176} INFO - Processing /home/airflow/.local/lib/python3.7/site-packages/airflow/example_dags/example_branch_day_of_week_operator.py took 0.646 seconds
[2023-03-23T22:50:31.087+0000] {processor.py:154} INFO - Started process (PID=235) to work on /home/airflow/.local/lib/python3.7/site-packages/airflow/example_dags/example_branch_day_of_week_operator.py
[2023-03-23T22:50:31.088+0000] {processor.py:756} INFO - Processing file /home/airflow/.local/lib/python3.7/site-packages/airflow/example_dags/example_branch_day_of_week_operator.py for tasks to queue
[2023-03-23T22:50:31.090+0000] {logging_mixin.py:120} INFO - [2023-03-23T22:50:31.090+0000] {dagbag.py:537} INFO - Filling up the DagBag from /home/airflow/.local/lib/python3.7/site-packages/airflow/example_dags/example_branch_day_of_week_operator.py
[2023-03-23T22:50:31.129+0000] {processor.py:766} INFO - DAG(s) dict_keys(['example_weekday_branch_operator']) retrieved from /home/airflow/.local/lib/python3.7/site-packages/airflow/example_dags/example_branch_day_of_week_operator.py
[2023-03-23T22:50:31.275+0000] {logging_mixin.py:120} INFO - [2023-03-23T22:50:31.275+0000] {dag.py:2585} INFO - Sync 1 DAGs
[2023-03-23T22:50:31.352+0000] {logging_mixin.py:120} INFO - [2023-03-23T22:50:31.351+0000] {dag.py:3340} INFO - Setting next_dagrun for example_weekday_branch_operator to 2023-03-22T00:00:00+00:00, run_after=2023-03-23T00:00:00+00:00
[2023-03-23T22:50:31.442+0000] {processor.py:176} INFO - Processing /home/airflow/.local/lib/python3.7/site-packages/airflow/example_dags/example_branch_day_of_week_operator.py took 0.361 seconds
[2023-03-23T22:51:02.282+0000] {processor.py:154} INFO - Started process (PID=289) to work on /home/airflow/.local/lib/python3.7/site-packages/airflow/example_dags/example_branch_day_of_week_operator.py
[2023-03-23T22:51:02.283+0000] {processor.py:756} INFO - Processing file /home/airflow/.local/lib/python3.7/site-packages/airflow/example_dags/example_branch_day_of_week_operator.py for tasks to queue
[2023-03-23T22:51:02.285+0000] {logging_mixin.py:120} INFO - [2023-03-23T22:51:02.285+0000] {dagbag.py:537} INFO - Filling up the DagBag from /home/airflow/.local/lib/python3.7/site-packages/airflow/example_dags/example_branch_day_of_week_operator.py
[2023-03-23T22:51:02.368+0000] {processor.py:766} INFO - DAG(s) dict_keys(['example_weekday_branch_operator']) retrieved from /home/airflow/.local/lib/python3.7/site-packages/airflow/example_dags/example_branch_day_of_week_operator.py
[2023-03-23T22:51:02.554+0000] {logging_mixin.py:120} INFO - [2023-03-23T22:51:02.554+0000] {dag.py:2585} INFO - Sync 1 DAGs
[2023-03-23T22:51:02.681+0000] {logging_mixin.py:120} INFO - [2023-03-23T22:51:02.680+0000] {dag.py:3340} INFO - Setting next_dagrun for example_weekday_branch_operator to 2023-03-22T00:00:00+00:00, run_after=2023-03-23T00:00:00+00:00
[2023-03-23T22:51:02.794+0000] {processor.py:176} INFO - Processing /home/airflow/.local/lib/python3.7/site-packages/airflow/example_dags/example_branch_day_of_week_operator.py took 0.521 seconds
[2023-03-23T22:51:36.814+0000] {processor.py:154} INFO - Started process (PID=344) to work on /home/airflow/.local/lib/python3.7/site-packages/airflow/example_dags/example_branch_day_of_week_operator.py
[2023-03-23T22:51:36.816+0000] {processor.py:756} INFO - Processing file /home/airflow/.local/lib/python3.7/site-packages/airflow/example_dags/example_branch_day_of_week_operator.py for tasks to queue
[2023-03-23T22:51:36.817+0000] {logging_mixin.py:120} INFO - [2023-03-23T22:51:36.817+0000] {dagbag.py:537} INFO - Filling up the DagBag from /home/airflow/.local/lib/python3.7/site-packages/airflow/example_dags/example_branch_day_of_week_operator.py
[2023-03-23T22:51:36.876+0000] {processor.py:766} INFO - DAG(s) dict_keys(['example_weekday_branch_operator']) retrieved from /home/airflow/.local/lib/python3.7/site-packages/airflow/example_dags/example_branch_day_of_week_operator.py
[2023-03-23T22:51:37.021+0000] {logging_mixin.py:120} INFO - [2023-03-23T22:51:37.020+0000] {dag.py:2585} INFO - Sync 1 DAGs
[2023-03-23T22:51:37.122+0000] {logging_mixin.py:120} INFO - [2023-03-23T22:51:37.122+0000] {dag.py:3340} INFO - Setting next_dagrun for example_weekday_branch_operator to 2023-03-22T00:00:00+00:00, run_after=2023-03-23T00:00:00+00:00
[2023-03-23T22:51:37.204+0000] {processor.py:176} INFO - Processing /home/airflow/.local/lib/python3.7/site-packages/airflow/example_dags/example_branch_day_of_week_operator.py took 0.394 seconds
[2023-03-23T22:52:07.687+0000] {processor.py:154} INFO - Started process (PID=408) to work on /home/airflow/.local/lib/python3.7/site-packages/airflow/example_dags/example_branch_day_of_week_operator.py
[2023-03-23T22:52:07.691+0000] {processor.py:756} INFO - Processing file /home/airflow/.local/lib/python3.7/site-packages/airflow/example_dags/example_branch_day_of_week_operator.py for tasks to queue
[2023-03-23T22:52:07.694+0000] {logging_mixin.py:120} INFO - [2023-03-23T22:52:07.693+0000] {dagbag.py:537} INFO - Filling up the DagBag from /home/airflow/.local/lib/python3.7/site-packages/airflow/example_dags/example_branch_day_of_week_operator.py
[2023-03-23T22:52:07.729+0000] {processor.py:766} INFO - DAG(s) dict_keys(['example_weekday_branch_operator']) retrieved from /home/airflow/.local/lib/python3.7/site-packages/airflow/example_dags/example_branch_day_of_week_operator.py
[2023-03-23T22:52:07.833+0000] {logging_mixin.py:120} INFO - [2023-03-23T22:52:07.832+0000] {dag.py:2585} INFO - Sync 1 DAGs
[2023-03-23T22:52:07.910+0000] {logging_mixin.py:120} INFO - [2023-03-23T22:52:07.910+0000] {dag.py:3340} INFO - Setting next_dagrun for example_weekday_branch_operator to 2023-03-22T00:00:00+00:00, run_after=2023-03-23T00:00:00+00:00
[2023-03-23T22:52:07.982+0000] {processor.py:176} INFO - Processing /home/airflow/.local/lib/python3.7/site-packages/airflow/example_dags/example_branch_day_of_week_operator.py took 0.301 seconds
[2023-03-23T22:52:38.325+0000] {processor.py:154} INFO - Started process (PID=471) to work on /home/airflow/.local/lib/python3.7/site-packages/airflow/example_dags/example_branch_day_of_week_operator.py
[2023-03-23T22:52:38.326+0000] {processor.py:756} INFO - Processing file /home/airflow/.local/lib/python3.7/site-packages/airflow/example_dags/example_branch_day_of_week_operator.py for tasks to queue
[2023-03-23T22:52:38.327+0000] {logging_mixin.py:120} INFO - [2023-03-23T22:52:38.327+0000] {dagbag.py:537} INFO - Filling up the DagBag from /home/airflow/.local/lib/python3.7/site-packages/airflow/example_dags/example_branch_day_of_week_operator.py
[2023-03-23T22:52:38.342+0000] {processor.py:766} INFO - DAG(s) dict_keys(['example_weekday_branch_operator']) retrieved from /home/airflow/.local/lib/python3.7/site-packages/airflow/example_dags/example_branch_day_of_week_operator.py
[2023-03-23T22:52:38.387+0000] {logging_mixin.py:120} INFO - [2023-03-23T22:52:38.387+0000] {dag.py:2585} INFO - Sync 1 DAGs
[2023-03-23T22:52:38.417+0000] {logging_mixin.py:120} INFO - [2023-03-23T22:52:38.417+0000] {dag.py:3340} INFO - Setting next_dagrun for example_weekday_branch_operator to 2023-03-22T00:00:00+00:00, run_after=2023-03-23T00:00:00+00:00
[2023-03-23T22:52:38.441+0000] {processor.py:176} INFO - Processing /home/airflow/.local/lib/python3.7/site-packages/airflow/example_dags/example_branch_day_of_week_operator.py took 0.120 seconds
[2023-03-23T22:53:08.988+0000] {processor.py:154} INFO - Started process (PID=525) to work on /home/airflow/.local/lib/python3.7/site-packages/airflow/example_dags/example_branch_day_of_week_operator.py
[2023-03-23T22:53:08.991+0000] {processor.py:756} INFO - Processing file /home/airflow/.local/lib/python3.7/site-packages/airflow/example_dags/example_branch_day_of_week_operator.py for tasks to queue
[2023-03-23T22:53:08.992+0000] {logging_mixin.py:120} INFO - [2023-03-23T22:53:08.992+0000] {dagbag.py:537} INFO - Filling up the DagBag from /home/airflow/.local/lib/python3.7/site-packages/airflow/example_dags/example_branch_day_of_week_operator.py
[2023-03-23T22:53:09.017+0000] {processor.py:766} INFO - DAG(s) dict_keys(['example_weekday_branch_operator']) retrieved from /home/airflow/.local/lib/python3.7/site-packages/airflow/example_dags/example_branch_day_of_week_operator.py
[2023-03-23T22:53:09.075+0000] {logging_mixin.py:120} INFO - [2023-03-23T22:53:09.075+0000] {dag.py:2585} INFO - Sync 1 DAGs
[2023-03-23T22:53:09.108+0000] {logging_mixin.py:120} INFO - [2023-03-23T22:53:09.108+0000] {dag.py:3340} INFO - Setting next_dagrun for example_weekday_branch_operator to 2023-03-22T00:00:00+00:00, run_after=2023-03-23T00:00:00+00:00
[2023-03-23T22:53:09.141+0000] {processor.py:176} INFO - Processing /home/airflow/.local/lib/python3.7/site-packages/airflow/example_dags/example_branch_day_of_week_operator.py took 0.157 seconds
[2023-03-23T22:53:39.493+0000] {processor.py:154} INFO - Started process (PID=588) to work on /home/airflow/.local/lib/python3.7/site-packages/airflow/example_dags/example_branch_day_of_week_operator.py
[2023-03-23T22:53:39.494+0000] {processor.py:756} INFO - Processing file /home/airflow/.local/lib/python3.7/site-packages/airflow/example_dags/example_branch_day_of_week_operator.py for tasks to queue
[2023-03-23T22:53:39.495+0000] {logging_mixin.py:120} INFO - [2023-03-23T22:53:39.495+0000] {dagbag.py:537} INFO - Filling up the DagBag from /home/airflow/.local/lib/python3.7/site-packages/airflow/example_dags/example_branch_day_of_week_operator.py
[2023-03-23T22:53:39.521+0000] {processor.py:766} INFO - DAG(s) dict_keys(['example_weekday_branch_operator']) retrieved from /home/airflow/.local/lib/python3.7/site-packages/airflow/example_dags/example_branch_day_of_week_operator.py
[2023-03-23T22:53:39.576+0000] {logging_mixin.py:120} INFO - [2023-03-23T22:53:39.576+0000] {dag.py:2585} INFO - Sync 1 DAGs
[2023-03-23T22:53:39.608+0000] {logging_mixin.py:120} INFO - [2023-03-23T22:53:39.608+0000] {dag.py:3340} INFO - Setting next_dagrun for example_weekday_branch_operator to 2023-03-22T00:00:00+00:00, run_after=2023-03-23T00:00:00+00:00
[2023-03-23T22:53:39.638+0000] {processor.py:176} INFO - Processing /home/airflow/.local/lib/python3.7/site-packages/airflow/example_dags/example_branch_day_of_week_operator.py took 0.149 seconds
[2023-03-23T22:54:10.169+0000] {processor.py:154} INFO - Started process (PID=642) to work on /home/airflow/.local/lib/python3.7/site-packages/airflow/example_dags/example_branch_day_of_week_operator.py
[2023-03-23T22:54:10.170+0000] {processor.py:756} INFO - Processing file /home/airflow/.local/lib/python3.7/site-packages/airflow/example_dags/example_branch_day_of_week_operator.py for tasks to queue
[2023-03-23T22:54:10.171+0000] {logging_mixin.py:120} INFO - [2023-03-23T22:54:10.171+0000] {dagbag.py:537} INFO - Filling up the DagBag from /home/airflow/.local/lib/python3.7/site-packages/airflow/example_dags/example_branch_day_of_week_operator.py
[2023-03-23T22:54:10.188+0000] {processor.py:766} INFO - DAG(s) dict_keys(['example_weekday_branch_operator']) retrieved from /home/airflow/.local/lib/python3.7/site-packages/airflow/example_dags/example_branch_day_of_week_operator.py
[2023-03-23T22:54:10.231+0000] {logging_mixin.py:120} INFO - [2023-03-23T22:54:10.231+0000] {dag.py:2585} INFO - Sync 1 DAGs
[2023-03-23T22:54:10.259+0000] {logging_mixin.py:120} INFO - [2023-03-23T22:54:10.259+0000] {dag.py:3340} INFO - Setting next_dagrun for example_weekday_branch_operator to 2023-03-22T00:00:00+00:00, run_after=2023-03-23T00:00:00+00:00
[2023-03-23T22:54:10.285+0000] {processor.py:176} INFO - Processing /home/airflow/.local/lib/python3.7/site-packages/airflow/example_dags/example_branch_day_of_week_operator.py took 0.120 seconds
[2023-03-23T22:54:40.398+0000] {processor.py:154} INFO - Started process (PID=704) to work on /home/airflow/.local/lib/python3.7/site-packages/airflow/example_dags/example_branch_day_of_week_operator.py
[2023-03-23T22:54:40.399+0000] {processor.py:756} INFO - Processing file /home/airflow/.local/lib/python3.7/site-packages/airflow/example_dags/example_branch_day_of_week_operator.py for tasks to queue
[2023-03-23T22:54:40.400+0000] {logging_mixin.py:120} INFO - [2023-03-23T22:54:40.400+0000] {dagbag.py:537} INFO - Filling up the DagBag from /home/airflow/.local/lib/python3.7/site-packages/airflow/example_dags/example_branch_day_of_week_operator.py
[2023-03-23T22:54:40.419+0000] {processor.py:766} INFO - DAG(s) dict_keys(['example_weekday_branch_operator']) retrieved from /home/airflow/.local/lib/python3.7/site-packages/airflow/example_dags/example_branch_day_of_week_operator.py
[2023-03-23T22:54:40.458+0000] {logging_mixin.py:120} INFO - [2023-03-23T22:54:40.458+0000] {dag.py:2585} INFO - Sync 1 DAGs
[2023-03-23T22:54:40.487+0000] {logging_mixin.py:120} INFO - [2023-03-23T22:54:40.487+0000] {dag.py:3340} INFO - Setting next_dagrun for example_weekday_branch_operator to 2023-03-22T00:00:00+00:00, run_after=2023-03-23T00:00:00+00:00
[2023-03-23T22:54:40.510+0000] {processor.py:176} INFO - Processing /home/airflow/.local/lib/python3.7/site-packages/airflow/example_dags/example_branch_day_of_week_operator.py took 0.116 seconds
[2023-03-23T22:55:10.730+0000] {processor.py:154} INFO - Started process (PID=767) to work on /home/airflow/.local/lib/python3.7/site-packages/airflow/example_dags/example_branch_day_of_week_operator.py
[2023-03-23T22:55:10.733+0000] {processor.py:756} INFO - Processing file /home/airflow/.local/lib/python3.7/site-packages/airflow/example_dags/example_branch_day_of_week_operator.py for tasks to queue
[2023-03-23T22:55:10.735+0000] {logging_mixin.py:120} INFO - [2023-03-23T22:55:10.734+0000] {dagbag.py:537} INFO - Filling up the DagBag from /home/airflow/.local/lib/python3.7/site-packages/airflow/example_dags/example_branch_day_of_week_operator.py
[2023-03-23T22:55:10.760+0000] {processor.py:766} INFO - DAG(s) dict_keys(['example_weekday_branch_operator']) retrieved from /home/airflow/.local/lib/python3.7/site-packages/airflow/example_dags/example_branch_day_of_week_operator.py
[2023-03-23T22:55:10.807+0000] {logging_mixin.py:120} INFO - [2023-03-23T22:55:10.807+0000] {dag.py:2585} INFO - Sync 1 DAGs
[2023-03-23T22:55:10.856+0000] {logging_mixin.py:120} INFO - [2023-03-23T22:55:10.856+0000] {dag.py:3340} INFO - Setting next_dagrun for example_weekday_branch_operator to 2023-03-22T00:00:00+00:00, run_after=2023-03-23T00:00:00+00:00
[2023-03-23T22:55:10.888+0000] {processor.py:176} INFO - Processing /home/airflow/.local/lib/python3.7/site-packages/airflow/example_dags/example_branch_day_of_week_operator.py took 0.166 seconds
[2023-03-23T22:55:41.051+0000] {processor.py:154} INFO - Started process (PID=821) to work on /home/airflow/.local/lib/python3.7/site-packages/airflow/example_dags/example_branch_day_of_week_operator.py
[2023-03-23T22:55:41.052+0000] {processor.py:756} INFO - Processing file /home/airflow/.local/lib/python3.7/site-packages/airflow/example_dags/example_branch_day_of_week_operator.py for tasks to queue
[2023-03-23T22:55:41.053+0000] {logging_mixin.py:120} INFO - [2023-03-23T22:55:41.053+0000] {dagbag.py:537} INFO - Filling up the DagBag from /home/airflow/.local/lib/python3.7/site-packages/airflow/example_dags/example_branch_day_of_week_operator.py
[2023-03-23T22:55:41.068+0000] {processor.py:766} INFO - DAG(s) dict_keys(['example_weekday_branch_operator']) retrieved from /home/airflow/.local/lib/python3.7/site-packages/airflow/example_dags/example_branch_day_of_week_operator.py
[2023-03-23T22:55:41.110+0000] {logging_mixin.py:120} INFO - [2023-03-23T22:55:41.110+0000] {dag.py:2585} INFO - Sync 1 DAGs
[2023-03-23T22:55:41.134+0000] {logging_mixin.py:120} INFO - [2023-03-23T22:55:41.134+0000] {dag.py:3340} INFO - Setting next_dagrun for example_weekday_branch_operator to 2023-03-22T00:00:00+00:00, run_after=2023-03-23T00:00:00+00:00
[2023-03-23T22:55:41.158+0000] {processor.py:176} INFO - Processing /home/airflow/.local/lib/python3.7/site-packages/airflow/example_dags/example_branch_day_of_week_operator.py took 0.110 seconds
[2023-03-23T22:56:11.461+0000] {processor.py:154} INFO - Started process (PID=884) to work on /home/airflow/.local/lib/python3.7/site-packages/airflow/example_dags/example_branch_day_of_week_operator.py
[2023-03-23T22:56:11.462+0000] {processor.py:756} INFO - Processing file /home/airflow/.local/lib/python3.7/site-packages/airflow/example_dags/example_branch_day_of_week_operator.py for tasks to queue
[2023-03-23T22:56:11.463+0000] {logging_mixin.py:120} INFO - [2023-03-23T22:56:11.463+0000] {dagbag.py:537} INFO - Filling up the DagBag from /home/airflow/.local/lib/python3.7/site-packages/airflow/example_dags/example_branch_day_of_week_operator.py
[2023-03-23T22:56:11.490+0000] {processor.py:766} INFO - DAG(s) dict_keys(['example_weekday_branch_operator']) retrieved from /home/airflow/.local/lib/python3.7/site-packages/airflow/example_dags/example_branch_day_of_week_operator.py
[2023-03-23T22:56:11.545+0000] {logging_mixin.py:120} INFO - [2023-03-23T22:56:11.545+0000] {dag.py:2585} INFO - Sync 1 DAGs
[2023-03-23T22:56:11.577+0000] {logging_mixin.py:120} INFO - [2023-03-23T22:56:11.576+0000] {dag.py:3340} INFO - Setting next_dagrun for example_weekday_branch_operator to 2023-03-22T00:00:00+00:00, run_after=2023-03-23T00:00:00+00:00
[2023-03-23T22:56:11.605+0000] {processor.py:176} INFO - Processing /home/airflow/.local/lib/python3.7/site-packages/airflow/example_dags/example_branch_day_of_week_operator.py took 0.148 seconds
[2023-03-23T22:56:41.977+0000] {processor.py:154} INFO - Started process (PID=947) to work on /home/airflow/.local/lib/python3.7/site-packages/airflow/example_dags/example_branch_day_of_week_operator.py
[2023-03-23T22:56:41.978+0000] {processor.py:756} INFO - Processing file /home/airflow/.local/lib/python3.7/site-packages/airflow/example_dags/example_branch_day_of_week_operator.py for tasks to queue
[2023-03-23T22:56:41.980+0000] {logging_mixin.py:120} INFO - [2023-03-23T22:56:41.980+0000] {dagbag.py:537} INFO - Filling up the DagBag from /home/airflow/.local/lib/python3.7/site-packages/airflow/example_dags/example_branch_day_of_week_operator.py
[2023-03-23T22:56:41.997+0000] {processor.py:766} INFO - DAG(s) dict_keys(['example_weekday_branch_operator']) retrieved from /home/airflow/.local/lib/python3.7/site-packages/airflow/example_dags/example_branch_day_of_week_operator.py
[2023-03-23T22:56:42.043+0000] {logging_mixin.py:120} INFO - [2023-03-23T22:56:42.043+0000] {dag.py:2585} INFO - Sync 1 DAGs
[2023-03-23T22:56:42.071+0000] {logging_mixin.py:120} INFO - [2023-03-23T22:56:42.071+0000] {dag.py:3340} INFO - Setting next_dagrun for example_weekday_branch_operator to 2023-03-22T00:00:00+00:00, run_after=2023-03-23T00:00:00+00:00
[2023-03-23T22:56:42.097+0000] {processor.py:176} INFO - Processing /home/airflow/.local/lib/python3.7/site-packages/airflow/example_dags/example_branch_day_of_week_operator.py took 0.123 seconds
[2023-03-23T22:57:12.470+0000] {processor.py:154} INFO - Started process (PID=1001) to work on /home/airflow/.local/lib/python3.7/site-packages/airflow/example_dags/example_branch_day_of_week_operator.py
[2023-03-23T22:57:12.472+0000] {processor.py:756} INFO - Processing file /home/airflow/.local/lib/python3.7/site-packages/airflow/example_dags/example_branch_day_of_week_operator.py for tasks to queue
[2023-03-23T22:57:12.473+0000] {logging_mixin.py:120} INFO - [2023-03-23T22:57:12.472+0000] {dagbag.py:537} INFO - Filling up the DagBag from /home/airflow/.local/lib/python3.7/site-packages/airflow/example_dags/example_branch_day_of_week_operator.py
[2023-03-23T22:57:12.488+0000] {processor.py:766} INFO - DAG(s) dict_keys(['example_weekday_branch_operator']) retrieved from /home/airflow/.local/lib/python3.7/site-packages/airflow/example_dags/example_branch_day_of_week_operator.py
[2023-03-23T22:57:12.531+0000] {logging_mixin.py:120} INFO - [2023-03-23T22:57:12.531+0000] {dag.py:2585} INFO - Sync 1 DAGs
[2023-03-23T22:57:12.558+0000] {logging_mixin.py:120} INFO - [2023-03-23T22:57:12.558+0000] {dag.py:3340} INFO - Setting next_dagrun for example_weekday_branch_operator to 2023-03-22T00:00:00+00:00, run_after=2023-03-23T00:00:00+00:00
[2023-03-23T22:57:12.582+0000] {processor.py:176} INFO - Processing /home/airflow/.local/lib/python3.7/site-packages/airflow/example_dags/example_branch_day_of_week_operator.py took 0.115 seconds
[2023-03-23T22:57:42.673+0000] {processor.py:154} INFO - Started process (PID=1064) to work on /home/airflow/.local/lib/python3.7/site-packages/airflow/example_dags/example_branch_day_of_week_operator.py
[2023-03-23T22:57:42.674+0000] {processor.py:756} INFO - Processing file /home/airflow/.local/lib/python3.7/site-packages/airflow/example_dags/example_branch_day_of_week_operator.py for tasks to queue
[2023-03-23T22:57:42.676+0000] {logging_mixin.py:120} INFO - [2023-03-23T22:57:42.676+0000] {dagbag.py:537} INFO - Filling up the DagBag from /home/airflow/.local/lib/python3.7/site-packages/airflow/example_dags/example_branch_day_of_week_operator.py
[2023-03-23T22:57:42.692+0000] {processor.py:766} INFO - DAG(s) dict_keys(['example_weekday_branch_operator']) retrieved from /home/airflow/.local/lib/python3.7/site-packages/airflow/example_dags/example_branch_day_of_week_operator.py
[2023-03-23T22:57:42.741+0000] {logging_mixin.py:120} INFO - [2023-03-23T22:57:42.741+0000] {dag.py:2585} INFO - Sync 1 DAGs
[2023-03-23T22:57:42.773+0000] {logging_mixin.py:120} INFO - [2023-03-23T22:57:42.773+0000] {dag.py:3340} INFO - Setting next_dagrun for example_weekday_branch_operator to 2023-03-22T00:00:00+00:00, run_after=2023-03-23T00:00:00+00:00
[2023-03-23T22:57:42.798+0000] {processor.py:176} INFO - Processing /home/airflow/.local/lib/python3.7/site-packages/airflow/example_dags/example_branch_day_of_week_operator.py took 0.129 seconds
[2023-03-23T22:58:12.986+0000] {processor.py:154} INFO - Started process (PID=1127) to work on /home/airflow/.local/lib/python3.7/site-packages/airflow/example_dags/example_branch_day_of_week_operator.py
[2023-03-23T22:58:12.987+0000] {processor.py:756} INFO - Processing file /home/airflow/.local/lib/python3.7/site-packages/airflow/example_dags/example_branch_day_of_week_operator.py for tasks to queue
[2023-03-23T22:58:12.989+0000] {logging_mixin.py:120} INFO - [2023-03-23T22:58:12.989+0000] {dagbag.py:537} INFO - Filling up the DagBag from /home/airflow/.local/lib/python3.7/site-packages/airflow/example_dags/example_branch_day_of_week_operator.py
[2023-03-23T22:58:13.003+0000] {processor.py:766} INFO - DAG(s) dict_keys(['example_weekday_branch_operator']) retrieved from /home/airflow/.local/lib/python3.7/site-packages/airflow/example_dags/example_branch_day_of_week_operator.py
[2023-03-23T22:58:13.044+0000] {logging_mixin.py:120} INFO - [2023-03-23T22:58:13.044+0000] {dag.py:2585} INFO - Sync 1 DAGs
[2023-03-23T22:58:13.070+0000] {logging_mixin.py:120} INFO - [2023-03-23T22:58:13.070+0000] {dag.py:3340} INFO - Setting next_dagrun for example_weekday_branch_operator to 2023-03-22T00:00:00+00:00, run_after=2023-03-23T00:00:00+00:00
[2023-03-23T22:58:13.096+0000] {processor.py:176} INFO - Processing /home/airflow/.local/lib/python3.7/site-packages/airflow/example_dags/example_branch_day_of_week_operator.py took 0.113 seconds
[2023-03-23T22:58:43.864+0000] {processor.py:154} INFO - Started process (PID=1181) to work on /home/airflow/.local/lib/python3.7/site-packages/airflow/example_dags/example_branch_day_of_week_operator.py
[2023-03-23T22:58:43.865+0000] {processor.py:756} INFO - Processing file /home/airflow/.local/lib/python3.7/site-packages/airflow/example_dags/example_branch_day_of_week_operator.py for tasks to queue
[2023-03-23T22:58:43.866+0000] {logging_mixin.py:120} INFO - [2023-03-23T22:58:43.866+0000] {dagbag.py:537} INFO - Filling up the DagBag from /home/airflow/.local/lib/python3.7/site-packages/airflow/example_dags/example_branch_day_of_week_operator.py
[2023-03-23T22:58:43.882+0000] {processor.py:766} INFO - DAG(s) dict_keys(['example_weekday_branch_operator']) retrieved from /home/airflow/.local/lib/python3.7/site-packages/airflow/example_dags/example_branch_day_of_week_operator.py
[2023-03-23T22:58:43.920+0000] {logging_mixin.py:120} INFO - [2023-03-23T22:58:43.919+0000] {dag.py:2585} INFO - Sync 1 DAGs
[2023-03-23T22:58:43.947+0000] {logging_mixin.py:120} INFO - [2023-03-23T22:58:43.947+0000] {dag.py:3340} INFO - Setting next_dagrun for example_weekday_branch_operator to 2023-03-22T00:00:00+00:00, run_after=2023-03-23T00:00:00+00:00
[2023-03-23T22:58:43.975+0000] {processor.py:176} INFO - Processing /home/airflow/.local/lib/python3.7/site-packages/airflow/example_dags/example_branch_day_of_week_operator.py took 0.115 seconds
[2023-03-23T22:59:14.481+0000] {processor.py:154} INFO - Started process (PID=1244) to work on /home/airflow/.local/lib/python3.7/site-packages/airflow/example_dags/example_branch_day_of_week_operator.py
[2023-03-23T22:59:14.482+0000] {processor.py:756} INFO - Processing file /home/airflow/.local/lib/python3.7/site-packages/airflow/example_dags/example_branch_day_of_week_operator.py for tasks to queue
[2023-03-23T22:59:14.483+0000] {logging_mixin.py:120} INFO - [2023-03-23T22:59:14.483+0000] {dagbag.py:537} INFO - Filling up the DagBag from /home/airflow/.local/lib/python3.7/site-packages/airflow/example_dags/example_branch_day_of_week_operator.py
[2023-03-23T22:59:14.502+0000] {processor.py:766} INFO - DAG(s) dict_keys(['example_weekday_branch_operator']) retrieved from /home/airflow/.local/lib/python3.7/site-packages/airflow/example_dags/example_branch_day_of_week_operator.py
[2023-03-23T22:59:14.551+0000] {logging_mixin.py:120} INFO - [2023-03-23T22:59:14.550+0000] {dag.py:2585} INFO - Sync 1 DAGs
[2023-03-23T22:59:14.581+0000] {logging_mixin.py:120} INFO - [2023-03-23T22:59:14.581+0000] {dag.py:3340} INFO - Setting next_dagrun for example_weekday_branch_operator to 2023-03-22T00:00:00+00:00, run_after=2023-03-23T00:00:00+00:00
[2023-03-23T22:59:14.601+0000] {processor.py:176} INFO - Processing /home/airflow/.local/lib/python3.7/site-packages/airflow/example_dags/example_branch_day_of_week_operator.py took 0.128 seconds
