[2023-03-23T22:48:34.786+0000] {processor.py:154} INFO - Started process (PID=48) to work on /home/airflow/.local/lib/python3.7/site-packages/airflow/example_dags/example_short_circuit_operator.py
[2023-03-23T22:48:34.787+0000] {processor.py:756} INFO - Processing file /home/airflow/.local/lib/python3.7/site-packages/airflow/example_dags/example_short_circuit_operator.py for tasks to queue
[2023-03-23T22:48:34.788+0000] {logging_mixin.py:120} INFO - [2023-03-23T22:48:34.788+0000] {dagbag.py:537} INFO - Filling up the DagBag from /home/airflow/.local/lib/python3.7/site-packages/airflow/example_dags/example_short_circuit_operator.py
[2023-03-23T22:48:34.881+0000] {processor.py:766} INFO - DAG(s) dict_keys(['example_short_circuit_operator']) retrieved from /home/airflow/.local/lib/python3.7/site-packages/airflow/example_dags/example_short_circuit_operator.py
[2023-03-23T22:48:35.751+0000] {logging_mixin.py:120} INFO - [2023-03-23T22:48:35.751+0000] {manager.py:507} INFO - Created Permission View: can edit on DAG:example_short_circuit_operator
[2023-03-23T22:48:35.873+0000] {logging_mixin.py:120} INFO - [2023-03-23T22:48:35.873+0000] {manager.py:507} INFO - Created Permission View: can read on DAG:example_short_circuit_operator
[2023-03-23T22:48:36.032+0000] {logging_mixin.py:120} INFO - [2023-03-23T22:48:36.032+0000] {manager.py:507} INFO - Created Permission View: can delete on DAG:example_short_circuit_operator
[2023-03-23T22:48:36.036+0000] {logging_mixin.py:120} INFO - [2023-03-23T22:48:36.035+0000] {dag.py:2585} INFO - Sync 1 DAGs
[2023-03-23T22:48:36.110+0000] {logging_mixin.py:120} INFO - [2023-03-23T22:48:36.110+0000] {dag.py:2606} INFO - Creating ORM DAG for example_short_circuit_operator
[2023-03-23T22:48:36.181+0000] {logging_mixin.py:120} INFO - [2023-03-23T22:48:36.181+0000] {dag.py:3340} INFO - Setting next_dagrun for example_short_circuit_operator to 2023-03-22T22:48:36.181228+00:00, run_after=2023-03-23T22:48:36.181228+00:00
[2023-03-23T22:48:36.331+0000] {processor.py:176} INFO - Processing /home/airflow/.local/lib/python3.7/site-packages/airflow/example_dags/example_short_circuit_operator.py took 1.549 seconds
[2023-03-23T22:49:11.792+0000] {processor.py:154} INFO - Started process (PID=103) to work on /home/airflow/.local/lib/python3.7/site-packages/airflow/example_dags/example_short_circuit_operator.py
[2023-03-23T22:49:11.803+0000] {processor.py:756} INFO - Processing file /home/airflow/.local/lib/python3.7/site-packages/airflow/example_dags/example_short_circuit_operator.py for tasks to queue
[2023-03-23T22:49:11.816+0000] {logging_mixin.py:120} INFO - [2023-03-23T22:49:11.816+0000] {dagbag.py:537} INFO - Filling up the DagBag from /home/airflow/.local/lib/python3.7/site-packages/airflow/example_dags/example_short_circuit_operator.py
[2023-03-23T22:49:11.902+0000] {processor.py:766} INFO - DAG(s) dict_keys(['example_short_circuit_operator']) retrieved from /home/airflow/.local/lib/python3.7/site-packages/airflow/example_dags/example_short_circuit_operator.py
[2023-03-23T22:49:12.191+0000] {logging_mixin.py:120} INFO - [2023-03-23T22:49:12.191+0000] {dag.py:2585} INFO - Sync 1 DAGs
[2023-03-23T22:49:12.392+0000] {logging_mixin.py:120} INFO - [2023-03-23T22:49:12.391+0000] {dag.py:3340} INFO - Setting next_dagrun for example_short_circuit_operator to 2023-03-22T22:49:12.391208+00:00, run_after=2023-03-23T22:49:12.391208+00:00
[2023-03-23T22:49:12.570+0000] {processor.py:176} INFO - Processing /home/airflow/.local/lib/python3.7/site-packages/airflow/example_dags/example_short_circuit_operator.py took 0.785 seconds
[2023-03-23T22:49:45.459+0000] {processor.py:154} INFO - Started process (PID=164) to work on /home/airflow/.local/lib/python3.7/site-packages/airflow/example_dags/example_short_circuit_operator.py
[2023-03-23T22:49:45.468+0000] {processor.py:756} INFO - Processing file /home/airflow/.local/lib/python3.7/site-packages/airflow/example_dags/example_short_circuit_operator.py for tasks to queue
[2023-03-23T22:49:45.477+0000] {logging_mixin.py:120} INFO - [2023-03-23T22:49:45.476+0000] {dagbag.py:537} INFO - Filling up the DagBag from /home/airflow/.local/lib/python3.7/site-packages/airflow/example_dags/example_short_circuit_operator.py
[2023-03-23T22:49:45.540+0000] {processor.py:766} INFO - DAG(s) dict_keys(['example_short_circuit_operator']) retrieved from /home/airflow/.local/lib/python3.7/site-packages/airflow/example_dags/example_short_circuit_operator.py
[2023-03-23T22:49:45.735+0000] {logging_mixin.py:120} INFO - [2023-03-23T22:49:45.734+0000] {dag.py:2585} INFO - Sync 1 DAGs
[2023-03-23T22:49:45.857+0000] {logging_mixin.py:120} INFO - [2023-03-23T22:49:45.857+0000] {dag.py:3340} INFO - Setting next_dagrun for example_short_circuit_operator to 2023-03-22T22:49:45.856636+00:00, run_after=2023-03-23T22:49:45.856636+00:00
[2023-03-23T22:49:46.208+0000] {processor.py:176} INFO - Processing /home/airflow/.local/lib/python3.7/site-packages/airflow/example_dags/example_short_circuit_operator.py took 0.767 seconds
[2023-03-23T22:50:16.342+0000] {processor.py:154} INFO - Started process (PID=210) to work on /home/airflow/.local/lib/python3.7/site-packages/airflow/example_dags/example_short_circuit_operator.py
[2023-03-23T22:50:16.351+0000] {processor.py:756} INFO - Processing file /home/airflow/.local/lib/python3.7/site-packages/airflow/example_dags/example_short_circuit_operator.py for tasks to queue
[2023-03-23T22:50:16.361+0000] {logging_mixin.py:120} INFO - [2023-03-23T22:50:16.361+0000] {dagbag.py:537} INFO - Filling up the DagBag from /home/airflow/.local/lib/python3.7/site-packages/airflow/example_dags/example_short_circuit_operator.py
[2023-03-23T22:50:16.414+0000] {processor.py:766} INFO - DAG(s) dict_keys(['example_short_circuit_operator']) retrieved from /home/airflow/.local/lib/python3.7/site-packages/airflow/example_dags/example_short_circuit_operator.py
[2023-03-23T22:50:16.552+0000] {logging_mixin.py:120} INFO - [2023-03-23T22:50:16.552+0000] {dag.py:2585} INFO - Sync 1 DAGs
[2023-03-23T22:50:16.694+0000] {logging_mixin.py:120} INFO - [2023-03-23T22:50:16.694+0000] {dag.py:3340} INFO - Setting next_dagrun for example_short_circuit_operator to 2023-03-22T22:50:16.684233+00:00, run_after=2023-03-23T22:50:16.684233+00:00
[2023-03-23T22:50:16.800+0000] {processor.py:176} INFO - Processing /home/airflow/.local/lib/python3.7/site-packages/airflow/example_dags/example_short_circuit_operator.py took 0.462 seconds
[2023-03-23T22:50:48.001+0000] {processor.py:154} INFO - Started process (PID=260) to work on /home/airflow/.local/lib/python3.7/site-packages/airflow/example_dags/example_short_circuit_operator.py
[2023-03-23T22:50:48.008+0000] {processor.py:756} INFO - Processing file /home/airflow/.local/lib/python3.7/site-packages/airflow/example_dags/example_short_circuit_operator.py for tasks to queue
[2023-03-23T22:50:48.012+0000] {logging_mixin.py:120} INFO - [2023-03-23T22:50:48.010+0000] {dagbag.py:537} INFO - Filling up the DagBag from /home/airflow/.local/lib/python3.7/site-packages/airflow/example_dags/example_short_circuit_operator.py
[2023-03-23T22:50:48.054+0000] {processor.py:766} INFO - DAG(s) dict_keys(['example_short_circuit_operator']) retrieved from /home/airflow/.local/lib/python3.7/site-packages/airflow/example_dags/example_short_circuit_operator.py
[2023-03-23T22:50:48.205+0000] {logging_mixin.py:120} INFO - [2023-03-23T22:50:48.205+0000] {dag.py:2585} INFO - Sync 1 DAGs
[2023-03-23T22:50:48.339+0000] {logging_mixin.py:120} INFO - [2023-03-23T22:50:48.339+0000] {dag.py:3340} INFO - Setting next_dagrun for example_short_circuit_operator to 2023-03-22T22:50:48.338943+00:00, run_after=2023-03-23T22:50:48.338943+00:00
[2023-03-23T22:50:48.470+0000] {processor.py:176} INFO - Processing /home/airflow/.local/lib/python3.7/site-packages/airflow/example_dags/example_short_circuit_operator.py took 0.474 seconds
[2023-03-23T22:51:22.443+0000] {processor.py:154} INFO - Started process (PID=312) to work on /home/airflow/.local/lib/python3.7/site-packages/airflow/example_dags/example_short_circuit_operator.py
[2023-03-23T22:51:22.459+0000] {processor.py:756} INFO - Processing file /home/airflow/.local/lib/python3.7/site-packages/airflow/example_dags/example_short_circuit_operator.py for tasks to queue
[2023-03-23T22:51:22.479+0000] {logging_mixin.py:120} INFO - [2023-03-23T22:51:22.479+0000] {dagbag.py:537} INFO - Filling up the DagBag from /home/airflow/.local/lib/python3.7/site-packages/airflow/example_dags/example_short_circuit_operator.py
[2023-03-23T22:51:22.596+0000] {processor.py:766} INFO - DAG(s) dict_keys(['example_short_circuit_operator']) retrieved from /home/airflow/.local/lib/python3.7/site-packages/airflow/example_dags/example_short_circuit_operator.py
[2023-03-23T22:51:22.782+0000] {logging_mixin.py:120} INFO - [2023-03-23T22:51:22.772+0000] {dag.py:2585} INFO - Sync 1 DAGs
[2023-03-23T22:51:22.909+0000] {logging_mixin.py:120} INFO - [2023-03-23T22:51:22.909+0000] {dag.py:3340} INFO - Setting next_dagrun for example_short_circuit_operator to 2023-03-22T22:51:22.909236+00:00, run_after=2023-03-23T22:51:22.909236+00:00
[2023-03-23T22:51:23.035+0000] {processor.py:176} INFO - Processing /home/airflow/.local/lib/python3.7/site-packages/airflow/example_dags/example_short_circuit_operator.py took 0.601 seconds
[2023-03-23T22:51:54.303+0000] {processor.py:154} INFO - Started process (PID=366) to work on /home/airflow/.local/lib/python3.7/site-packages/airflow/example_dags/example_short_circuit_operator.py
[2023-03-23T22:51:54.305+0000] {processor.py:756} INFO - Processing file /home/airflow/.local/lib/python3.7/site-packages/airflow/example_dags/example_short_circuit_operator.py for tasks to queue
[2023-03-23T22:51:54.307+0000] {logging_mixin.py:120} INFO - [2023-03-23T22:51:54.306+0000] {dagbag.py:537} INFO - Filling up the DagBag from /home/airflow/.local/lib/python3.7/site-packages/airflow/example_dags/example_short_circuit_operator.py
[2023-03-23T22:51:54.348+0000] {processor.py:766} INFO - DAG(s) dict_keys(['example_short_circuit_operator']) retrieved from /home/airflow/.local/lib/python3.7/site-packages/airflow/example_dags/example_short_circuit_operator.py
[2023-03-23T22:51:54.583+0000] {logging_mixin.py:120} INFO - [2023-03-23T22:51:54.583+0000] {dag.py:2585} INFO - Sync 1 DAGs
[2023-03-23T22:51:54.706+0000] {logging_mixin.py:120} INFO - [2023-03-23T22:51:54.706+0000] {dag.py:3340} INFO - Setting next_dagrun for example_short_circuit_operator to 2023-03-22T22:51:54.705715+00:00, run_after=2023-03-23T22:51:54.705715+00:00
[2023-03-23T22:51:54.827+0000] {processor.py:176} INFO - Processing /home/airflow/.local/lib/python3.7/site-packages/airflow/example_dags/example_short_circuit_operator.py took 0.528 seconds
[2023-03-23T22:52:25.005+0000] {processor.py:154} INFO - Started process (PID=439) to work on /home/airflow/.local/lib/python3.7/site-packages/airflow/example_dags/example_short_circuit_operator.py
[2023-03-23T22:52:25.007+0000] {processor.py:756} INFO - Processing file /home/airflow/.local/lib/python3.7/site-packages/airflow/example_dags/example_short_circuit_operator.py for tasks to queue
[2023-03-23T22:52:25.009+0000] {logging_mixin.py:120} INFO - [2023-03-23T22:52:25.008+0000] {dagbag.py:537} INFO - Filling up the DagBag from /home/airflow/.local/lib/python3.7/site-packages/airflow/example_dags/example_short_circuit_operator.py
[2023-03-23T22:52:25.032+0000] {processor.py:766} INFO - DAG(s) dict_keys(['example_short_circuit_operator']) retrieved from /home/airflow/.local/lib/python3.7/site-packages/airflow/example_dags/example_short_circuit_operator.py
[2023-03-23T22:52:25.094+0000] {logging_mixin.py:120} INFO - [2023-03-23T22:52:25.094+0000] {dag.py:2585} INFO - Sync 1 DAGs
[2023-03-23T22:52:25.134+0000] {logging_mixin.py:120} INFO - [2023-03-23T22:52:25.134+0000] {dag.py:3340} INFO - Setting next_dagrun for example_short_circuit_operator to 2023-03-22T22:52:25.134210+00:00, run_after=2023-03-23T22:52:25.134210+00:00
[2023-03-23T22:52:25.162+0000] {processor.py:176} INFO - Processing /home/airflow/.local/lib/python3.7/site-packages/airflow/example_dags/example_short_circuit_operator.py took 0.160 seconds
[2023-03-23T22:52:55.463+0000] {processor.py:154} INFO - Started process (PID=493) to work on /home/airflow/.local/lib/python3.7/site-packages/airflow/example_dags/example_short_circuit_operator.py
[2023-03-23T22:52:55.464+0000] {processor.py:756} INFO - Processing file /home/airflow/.local/lib/python3.7/site-packages/airflow/example_dags/example_short_circuit_operator.py for tasks to queue
[2023-03-23T22:52:55.466+0000] {logging_mixin.py:120} INFO - [2023-03-23T22:52:55.465+0000] {dagbag.py:537} INFO - Filling up the DagBag from /home/airflow/.local/lib/python3.7/site-packages/airflow/example_dags/example_short_circuit_operator.py
[2023-03-23T22:52:55.492+0000] {processor.py:766} INFO - DAG(s) dict_keys(['example_short_circuit_operator']) retrieved from /home/airflow/.local/lib/python3.7/site-packages/airflow/example_dags/example_short_circuit_operator.py
[2023-03-23T22:52:55.558+0000] {logging_mixin.py:120} INFO - [2023-03-23T22:52:55.557+0000] {dag.py:2585} INFO - Sync 1 DAGs
[2023-03-23T22:52:55.597+0000] {logging_mixin.py:120} INFO - [2023-03-23T22:52:55.597+0000] {dag.py:3340} INFO - Setting next_dagrun for example_short_circuit_operator to 2023-03-22T22:52:55.596993+00:00, run_after=2023-03-23T22:52:55.596993+00:00
[2023-03-23T22:52:55.636+0000] {processor.py:176} INFO - Processing /home/airflow/.local/lib/python3.7/site-packages/airflow/example_dags/example_short_circuit_operator.py took 0.177 seconds
[2023-03-23T22:53:26.247+0000] {processor.py:154} INFO - Started process (PID=556) to work on /home/airflow/.local/lib/python3.7/site-packages/airflow/example_dags/example_short_circuit_operator.py
[2023-03-23T22:53:26.248+0000] {processor.py:756} INFO - Processing file /home/airflow/.local/lib/python3.7/site-packages/airflow/example_dags/example_short_circuit_operator.py for tasks to queue
[2023-03-23T22:53:26.249+0000] {logging_mixin.py:120} INFO - [2023-03-23T22:53:26.249+0000] {dagbag.py:537} INFO - Filling up the DagBag from /home/airflow/.local/lib/python3.7/site-packages/airflow/example_dags/example_short_circuit_operator.py
[2023-03-23T22:53:26.268+0000] {processor.py:766} INFO - DAG(s) dict_keys(['example_short_circuit_operator']) retrieved from /home/airflow/.local/lib/python3.7/site-packages/airflow/example_dags/example_short_circuit_operator.py
[2023-03-23T22:53:26.322+0000] {logging_mixin.py:120} INFO - [2023-03-23T22:53:26.322+0000] {dag.py:2585} INFO - Sync 1 DAGs
[2023-03-23T22:53:26.352+0000] {logging_mixin.py:120} INFO - [2023-03-23T22:53:26.351+0000] {dag.py:3340} INFO - Setting next_dagrun for example_short_circuit_operator to 2023-03-22T22:53:26.351437+00:00, run_after=2023-03-23T22:53:26.351437+00:00
[2023-03-23T22:53:26.394+0000] {processor.py:176} INFO - Processing /home/airflow/.local/lib/python3.7/site-packages/airflow/example_dags/example_short_circuit_operator.py took 0.150 seconds
[2023-03-23T22:53:56.618+0000] {processor.py:154} INFO - Started process (PID=610) to work on /home/airflow/.local/lib/python3.7/site-packages/airflow/example_dags/example_short_circuit_operator.py
[2023-03-23T22:53:56.619+0000] {processor.py:756} INFO - Processing file /home/airflow/.local/lib/python3.7/site-packages/airflow/example_dags/example_short_circuit_operator.py for tasks to queue
[2023-03-23T22:53:56.620+0000] {logging_mixin.py:120} INFO - [2023-03-23T22:53:56.620+0000] {dagbag.py:537} INFO - Filling up the DagBag from /home/airflow/.local/lib/python3.7/site-packages/airflow/example_dags/example_short_circuit_operator.py
[2023-03-23T22:53:56.644+0000] {processor.py:766} INFO - DAG(s) dict_keys(['example_short_circuit_operator']) retrieved from /home/airflow/.local/lib/python3.7/site-packages/airflow/example_dags/example_short_circuit_operator.py
[2023-03-23T22:53:56.695+0000] {logging_mixin.py:120} INFO - [2023-03-23T22:53:56.694+0000] {dag.py:2585} INFO - Sync 1 DAGs
[2023-03-23T22:53:56.725+0000] {logging_mixin.py:120} INFO - [2023-03-23T22:53:56.725+0000] {dag.py:3340} INFO - Setting next_dagrun for example_short_circuit_operator to 2023-03-22T22:53:56.725341+00:00, run_after=2023-03-23T22:53:56.725341+00:00
[2023-03-23T22:53:56.754+0000] {processor.py:176} INFO - Processing /home/airflow/.local/lib/python3.7/site-packages/airflow/example_dags/example_short_circuit_operator.py took 0.141 seconds
[2023-03-23T22:54:27.282+0000] {processor.py:154} INFO - Started process (PID=672) to work on /home/airflow/.local/lib/python3.7/site-packages/airflow/example_dags/example_short_circuit_operator.py
[2023-03-23T22:54:27.283+0000] {processor.py:756} INFO - Processing file /home/airflow/.local/lib/python3.7/site-packages/airflow/example_dags/example_short_circuit_operator.py for tasks to queue
[2023-03-23T22:54:27.283+0000] {logging_mixin.py:120} INFO - [2023-03-23T22:54:27.283+0000] {dagbag.py:537} INFO - Filling up the DagBag from /home/airflow/.local/lib/python3.7/site-packages/airflow/example_dags/example_short_circuit_operator.py
[2023-03-23T22:54:27.301+0000] {processor.py:766} INFO - DAG(s) dict_keys(['example_short_circuit_operator']) retrieved from /home/airflow/.local/lib/python3.7/site-packages/airflow/example_dags/example_short_circuit_operator.py
[2023-03-23T22:54:27.351+0000] {logging_mixin.py:120} INFO - [2023-03-23T22:54:27.351+0000] {dag.py:2585} INFO - Sync 1 DAGs
[2023-03-23T22:54:27.382+0000] {logging_mixin.py:120} INFO - [2023-03-23T22:54:27.382+0000] {dag.py:3340} INFO - Setting next_dagrun for example_short_circuit_operator to 2023-03-22T22:54:27.382242+00:00, run_after=2023-03-23T22:54:27.382242+00:00
[2023-03-23T22:54:27.408+0000] {processor.py:176} INFO - Processing /home/airflow/.local/lib/python3.7/site-packages/airflow/example_dags/example_short_circuit_operator.py took 0.129 seconds
[2023-03-23T22:54:57.457+0000] {processor.py:154} INFO - Started process (PID=725) to work on /home/airflow/.local/lib/python3.7/site-packages/airflow/example_dags/example_short_circuit_operator.py
[2023-03-23T22:54:57.458+0000] {processor.py:756} INFO - Processing file /home/airflow/.local/lib/python3.7/site-packages/airflow/example_dags/example_short_circuit_operator.py for tasks to queue
[2023-03-23T22:54:57.459+0000] {logging_mixin.py:120} INFO - [2023-03-23T22:54:57.459+0000] {dagbag.py:537} INFO - Filling up the DagBag from /home/airflow/.local/lib/python3.7/site-packages/airflow/example_dags/example_short_circuit_operator.py
[2023-03-23T22:54:57.474+0000] {processor.py:766} INFO - DAG(s) dict_keys(['example_short_circuit_operator']) retrieved from /home/airflow/.local/lib/python3.7/site-packages/airflow/example_dags/example_short_circuit_operator.py
[2023-03-23T22:54:57.528+0000] {logging_mixin.py:120} INFO - [2023-03-23T22:54:57.528+0000] {dag.py:2585} INFO - Sync 1 DAGs
[2023-03-23T22:54:57.559+0000] {logging_mixin.py:120} INFO - [2023-03-23T22:54:57.559+0000] {dag.py:3340} INFO - Setting next_dagrun for example_short_circuit_operator to 2023-03-22T22:54:57.559160+00:00, run_after=2023-03-23T22:54:57.559160+00:00
[2023-03-23T22:54:57.584+0000] {processor.py:176} INFO - Processing /home/airflow/.local/lib/python3.7/site-packages/airflow/example_dags/example_short_circuit_operator.py took 0.131 seconds
[2023-03-23T22:55:27.969+0000] {processor.py:154} INFO - Started process (PID=789) to work on /home/airflow/.local/lib/python3.7/site-packages/airflow/example_dags/example_short_circuit_operator.py
[2023-03-23T22:55:27.971+0000] {processor.py:756} INFO - Processing file /home/airflow/.local/lib/python3.7/site-packages/airflow/example_dags/example_short_circuit_operator.py for tasks to queue
[2023-03-23T22:55:27.972+0000] {logging_mixin.py:120} INFO - [2023-03-23T22:55:27.972+0000] {dagbag.py:537} INFO - Filling up the DagBag from /home/airflow/.local/lib/python3.7/site-packages/airflow/example_dags/example_short_circuit_operator.py
[2023-03-23T22:55:27.987+0000] {processor.py:766} INFO - DAG(s) dict_keys(['example_short_circuit_operator']) retrieved from /home/airflow/.local/lib/python3.7/site-packages/airflow/example_dags/example_short_circuit_operator.py
[2023-03-23T22:55:28.038+0000] {logging_mixin.py:120} INFO - [2023-03-23T22:55:28.038+0000] {dag.py:2585} INFO - Sync 1 DAGs
[2023-03-23T22:55:28.064+0000] {logging_mixin.py:120} INFO - [2023-03-23T22:55:28.064+0000] {dag.py:3340} INFO - Setting next_dagrun for example_short_circuit_operator to 2023-03-22T22:55:28.064398+00:00, run_after=2023-03-23T22:55:28.064398+00:00
[2023-03-23T22:55:28.090+0000] {processor.py:176} INFO - Processing /home/airflow/.local/lib/python3.7/site-packages/airflow/example_dags/example_short_circuit_operator.py took 0.123 seconds
[2023-03-23T22:55:58.362+0000] {processor.py:154} INFO - Started process (PID=852) to work on /home/airflow/.local/lib/python3.7/site-packages/airflow/example_dags/example_short_circuit_operator.py
[2023-03-23T22:55:58.363+0000] {processor.py:756} INFO - Processing file /home/airflow/.local/lib/python3.7/site-packages/airflow/example_dags/example_short_circuit_operator.py for tasks to queue
[2023-03-23T22:55:58.364+0000] {logging_mixin.py:120} INFO - [2023-03-23T22:55:58.364+0000] {dagbag.py:537} INFO - Filling up the DagBag from /home/airflow/.local/lib/python3.7/site-packages/airflow/example_dags/example_short_circuit_operator.py
[2023-03-23T22:55:58.384+0000] {processor.py:766} INFO - DAG(s) dict_keys(['example_short_circuit_operator']) retrieved from /home/airflow/.local/lib/python3.7/site-packages/airflow/example_dags/example_short_circuit_operator.py
[2023-03-23T22:55:58.435+0000] {logging_mixin.py:120} INFO - [2023-03-23T22:55:58.435+0000] {dag.py:2585} INFO - Sync 1 DAGs
[2023-03-23T22:55:58.467+0000] {logging_mixin.py:120} INFO - [2023-03-23T22:55:58.467+0000] {dag.py:3340} INFO - Setting next_dagrun for example_short_circuit_operator to 2023-03-22T22:55:58.467155+00:00, run_after=2023-03-23T22:55:58.467155+00:00
[2023-03-23T22:55:58.495+0000] {processor.py:176} INFO - Processing /home/airflow/.local/lib/python3.7/site-packages/airflow/example_dags/example_short_circuit_operator.py took 0.136 seconds
[2023-03-23T22:56:28.651+0000] {processor.py:154} INFO - Started process (PID=906) to work on /home/airflow/.local/lib/python3.7/site-packages/airflow/example_dags/example_short_circuit_operator.py
[2023-03-23T22:56:28.653+0000] {processor.py:756} INFO - Processing file /home/airflow/.local/lib/python3.7/site-packages/airflow/example_dags/example_short_circuit_operator.py for tasks to queue
[2023-03-23T22:56:28.654+0000] {logging_mixin.py:120} INFO - [2023-03-23T22:56:28.654+0000] {dagbag.py:537} INFO - Filling up the DagBag from /home/airflow/.local/lib/python3.7/site-packages/airflow/example_dags/example_short_circuit_operator.py
[2023-03-23T22:56:28.669+0000] {processor.py:766} INFO - DAG(s) dict_keys(['example_short_circuit_operator']) retrieved from /home/airflow/.local/lib/python3.7/site-packages/airflow/example_dags/example_short_circuit_operator.py
[2023-03-23T22:56:28.713+0000] {logging_mixin.py:120} INFO - [2023-03-23T22:56:28.713+0000] {dag.py:2585} INFO - Sync 1 DAGs
[2023-03-23T22:56:28.741+0000] {logging_mixin.py:120} INFO - [2023-03-23T22:56:28.741+0000] {dag.py:3340} INFO - Setting next_dagrun for example_short_circuit_operator to 2023-03-22T22:56:28.741276+00:00, run_after=2023-03-23T22:56:28.741276+00:00
[2023-03-23T22:56:28.765+0000] {processor.py:176} INFO - Processing /home/airflow/.local/lib/python3.7/site-packages/airflow/example_dags/example_short_circuit_operator.py took 0.117 seconds
[2023-03-23T22:56:59.176+0000] {processor.py:154} INFO - Started process (PID=969) to work on /home/airflow/.local/lib/python3.7/site-packages/airflow/example_dags/example_short_circuit_operator.py
[2023-03-23T22:56:59.177+0000] {processor.py:756} INFO - Processing file /home/airflow/.local/lib/python3.7/site-packages/airflow/example_dags/example_short_circuit_operator.py for tasks to queue
[2023-03-23T22:56:59.178+0000] {logging_mixin.py:120} INFO - [2023-03-23T22:56:59.178+0000] {dagbag.py:537} INFO - Filling up the DagBag from /home/airflow/.local/lib/python3.7/site-packages/airflow/example_dags/example_short_circuit_operator.py
[2023-03-23T22:56:59.196+0000] {processor.py:766} INFO - DAG(s) dict_keys(['example_short_circuit_operator']) retrieved from /home/airflow/.local/lib/python3.7/site-packages/airflow/example_dags/example_short_circuit_operator.py
[2023-03-23T22:56:59.251+0000] {logging_mixin.py:120} INFO - [2023-03-23T22:56:59.250+0000] {dag.py:2585} INFO - Sync 1 DAGs
[2023-03-23T22:56:59.288+0000] {logging_mixin.py:120} INFO - [2023-03-23T22:56:59.288+0000] {dag.py:3340} INFO - Setting next_dagrun for example_short_circuit_operator to 2023-03-22T22:56:59.288023+00:00, run_after=2023-03-23T22:56:59.288023+00:00
[2023-03-23T22:56:59.320+0000] {processor.py:176} INFO - Processing /home/airflow/.local/lib/python3.7/site-packages/airflow/example_dags/example_short_circuit_operator.py took 0.147 seconds
[2023-03-23T22:57:29.435+0000] {processor.py:154} INFO - Started process (PID=1032) to work on /home/airflow/.local/lib/python3.7/site-packages/airflow/example_dags/example_short_circuit_operator.py
[2023-03-23T22:57:29.436+0000] {processor.py:756} INFO - Processing file /home/airflow/.local/lib/python3.7/site-packages/airflow/example_dags/example_short_circuit_operator.py for tasks to queue
[2023-03-23T22:57:29.438+0000] {logging_mixin.py:120} INFO - [2023-03-23T22:57:29.437+0000] {dagbag.py:537} INFO - Filling up the DagBag from /home/airflow/.local/lib/python3.7/site-packages/airflow/example_dags/example_short_circuit_operator.py
[2023-03-23T22:57:29.464+0000] {processor.py:766} INFO - DAG(s) dict_keys(['example_short_circuit_operator']) retrieved from /home/airflow/.local/lib/python3.7/site-packages/airflow/example_dags/example_short_circuit_operator.py
[2023-03-23T22:57:29.525+0000] {logging_mixin.py:120} INFO - [2023-03-23T22:57:29.525+0000] {dag.py:2585} INFO - Sync 1 DAGs
[2023-03-23T22:57:29.565+0000] {logging_mixin.py:120} INFO - [2023-03-23T22:57:29.565+0000] {dag.py:3340} INFO - Setting next_dagrun for example_short_circuit_operator to 2023-03-22T22:57:29.564968+00:00, run_after=2023-03-23T22:57:29.564968+00:00
[2023-03-23T22:57:29.608+0000] {processor.py:176} INFO - Processing /home/airflow/.local/lib/python3.7/site-packages/airflow/example_dags/example_short_circuit_operator.py took 0.177 seconds
[2023-03-23T22:57:59.919+0000] {processor.py:154} INFO - Started process (PID=1093) to work on /home/airflow/.local/lib/python3.7/site-packages/airflow/example_dags/example_short_circuit_operator.py
[2023-03-23T22:57:59.920+0000] {processor.py:756} INFO - Processing file /home/airflow/.local/lib/python3.7/site-packages/airflow/example_dags/example_short_circuit_operator.py for tasks to queue
[2023-03-23T22:57:59.922+0000] {logging_mixin.py:120} INFO - [2023-03-23T22:57:59.921+0000] {dagbag.py:537} INFO - Filling up the DagBag from /home/airflow/.local/lib/python3.7/site-packages/airflow/example_dags/example_short_circuit_operator.py
[2023-03-23T22:57:59.942+0000] {processor.py:766} INFO - DAG(s) dict_keys(['example_short_circuit_operator']) retrieved from /home/airflow/.local/lib/python3.7/site-packages/airflow/example_dags/example_short_circuit_operator.py
[2023-03-23T22:57:59.996+0000] {logging_mixin.py:120} INFO - [2023-03-23T22:57:59.996+0000] {dag.py:2585} INFO - Sync 1 DAGs
[2023-03-23T22:58:00.032+0000] {logging_mixin.py:120} INFO - [2023-03-23T22:58:00.032+0000] {dag.py:3340} INFO - Setting next_dagrun for example_short_circuit_operator to 2023-03-22T22:58:00.031762+00:00, run_after=2023-03-23T22:58:00.031762+00:00
[2023-03-23T22:58:00.056+0000] {processor.py:176} INFO - Processing /home/airflow/.local/lib/python3.7/site-packages/airflow/example_dags/example_short_circuit_operator.py took 0.144 seconds
[2023-03-23T22:58:30.157+0000] {processor.py:154} INFO - Started process (PID=1149) to work on /home/airflow/.local/lib/python3.7/site-packages/airflow/example_dags/example_short_circuit_operator.py
[2023-03-23T22:58:30.158+0000] {processor.py:756} INFO - Processing file /home/airflow/.local/lib/python3.7/site-packages/airflow/example_dags/example_short_circuit_operator.py for tasks to queue
[2023-03-23T22:58:30.159+0000] {logging_mixin.py:120} INFO - [2023-03-23T22:58:30.159+0000] {dagbag.py:537} INFO - Filling up the DagBag from /home/airflow/.local/lib/python3.7/site-packages/airflow/example_dags/example_short_circuit_operator.py
[2023-03-23T22:58:30.178+0000] {processor.py:766} INFO - DAG(s) dict_keys(['example_short_circuit_operator']) retrieved from /home/airflow/.local/lib/python3.7/site-packages/airflow/example_dags/example_short_circuit_operator.py
[2023-03-23T22:58:30.220+0000] {logging_mixin.py:120} INFO - [2023-03-23T22:58:30.220+0000] {dag.py:2585} INFO - Sync 1 DAGs
[2023-03-23T22:58:30.244+0000] {logging_mixin.py:120} INFO - [2023-03-23T22:58:30.244+0000] {dag.py:3340} INFO - Setting next_dagrun for example_short_circuit_operator to 2023-03-22T22:58:30.243827+00:00, run_after=2023-03-23T22:58:30.243827+00:00
[2023-03-23T22:58:30.271+0000] {processor.py:176} INFO - Processing /home/airflow/.local/lib/python3.7/site-packages/airflow/example_dags/example_short_circuit_operator.py took 0.117 seconds
[2023-03-23T22:59:00.754+0000] {processor.py:154} INFO - Started process (PID=1212) to work on /home/airflow/.local/lib/python3.7/site-packages/airflow/example_dags/example_short_circuit_operator.py
[2023-03-23T22:59:00.755+0000] {processor.py:756} INFO - Processing file /home/airflow/.local/lib/python3.7/site-packages/airflow/example_dags/example_short_circuit_operator.py for tasks to queue
[2023-03-23T22:59:00.756+0000] {logging_mixin.py:120} INFO - [2023-03-23T22:59:00.755+0000] {dagbag.py:537} INFO - Filling up the DagBag from /home/airflow/.local/lib/python3.7/site-packages/airflow/example_dags/example_short_circuit_operator.py
[2023-03-23T22:59:00.794+0000] {processor.py:766} INFO - DAG(s) dict_keys(['example_short_circuit_operator']) retrieved from /home/airflow/.local/lib/python3.7/site-packages/airflow/example_dags/example_short_circuit_operator.py
[2023-03-23T22:59:00.846+0000] {logging_mixin.py:120} INFO - [2023-03-23T22:59:00.845+0000] {dag.py:2585} INFO - Sync 1 DAGs
[2023-03-23T22:59:00.888+0000] {logging_mixin.py:120} INFO - [2023-03-23T22:59:00.888+0000] {dag.py:3340} INFO - Setting next_dagrun for example_short_circuit_operator to 2023-03-22T22:59:00.887843+00:00, run_after=2023-03-23T22:59:00.887843+00:00
[2023-03-23T22:59:00.916+0000] {processor.py:176} INFO - Processing /home/airflow/.local/lib/python3.7/site-packages/airflow/example_dags/example_short_circuit_operator.py took 0.166 seconds
[2023-03-23T22:59:31.485+0000] {processor.py:154} INFO - Started process (PID=1275) to work on /home/airflow/.local/lib/python3.7/site-packages/airflow/example_dags/example_short_circuit_operator.py
[2023-03-23T22:59:31.486+0000] {processor.py:756} INFO - Processing file /home/airflow/.local/lib/python3.7/site-packages/airflow/example_dags/example_short_circuit_operator.py for tasks to queue
[2023-03-23T22:59:31.487+0000] {logging_mixin.py:120} INFO - [2023-03-23T22:59:31.487+0000] {dagbag.py:537} INFO - Filling up the DagBag from /home/airflow/.local/lib/python3.7/site-packages/airflow/example_dags/example_short_circuit_operator.py
[2023-03-23T22:59:31.503+0000] {processor.py:766} INFO - DAG(s) dict_keys(['example_short_circuit_operator']) retrieved from /home/airflow/.local/lib/python3.7/site-packages/airflow/example_dags/example_short_circuit_operator.py
[2023-03-23T22:59:31.545+0000] {logging_mixin.py:120} INFO - [2023-03-23T22:59:31.545+0000] {dag.py:2585} INFO - Sync 1 DAGs
[2023-03-23T22:59:31.570+0000] {logging_mixin.py:120} INFO - [2023-03-23T22:59:31.570+0000] {dag.py:3340} INFO - Setting next_dagrun for example_short_circuit_operator to 2023-03-22T22:59:31.569867+00:00, run_after=2023-03-23T22:59:31.569867+00:00
[2023-03-23T22:59:31.593+0000] {processor.py:176} INFO - Processing /home/airflow/.local/lib/python3.7/site-packages/airflow/example_dags/example_short_circuit_operator.py took 0.111 seconds
