[2023-03-23T22:48:54.190+0000] {processor.py:154} INFO - Started process (PID=90) to work on /home/airflow/.local/lib/python3.7/site-packages/airflow/example_dags/example_branch_datetime_operator.py
[2023-03-23T22:48:54.195+0000] {processor.py:756} INFO - Processing file /home/airflow/.local/lib/python3.7/site-packages/airflow/example_dags/example_branch_datetime_operator.py for tasks to queue
[2023-03-23T22:48:54.201+0000] {logging_mixin.py:120} INFO - [2023-03-23T22:48:54.201+0000] {dagbag.py:537} INFO - Filling up the DagBag from /home/airflow/.local/lib/python3.7/site-packages/airflow/example_dags/example_branch_datetime_operator.py
[2023-03-23T22:48:54.332+0000] {processor.py:766} INFO - DAG(s) dict_keys(['example_branch_datetime_operator_3', 'example_branch_datetime_operator', 'example_branch_datetime_operator_2']) retrieved from /home/airflow/.local/lib/python3.7/site-packages/airflow/example_dags/example_branch_datetime_operator.py
[2023-03-23T22:49:01.560+0000] {logging_mixin.py:120} INFO - [2023-03-23T22:49:01.560+0000] {manager.py:507} INFO - Created Permission View: can edit on DAG:example_branch_datetime_operator_3
[2023-03-23T22:49:01.652+0000] {logging_mixin.py:120} INFO - [2023-03-23T22:49:01.652+0000] {manager.py:507} INFO - Created Permission View: can read on DAG:example_branch_datetime_operator_3
[2023-03-23T22:49:01.685+0000] {logging_mixin.py:120} INFO - [2023-03-23T22:49:01.685+0000] {manager.py:507} INFO - Created Permission View: can delete on DAG:example_branch_datetime_operator_3
[2023-03-23T22:49:01.792+0000] {logging_mixin.py:120} INFO - [2023-03-23T22:49:01.792+0000] {manager.py:507} INFO - Created Permission View: can edit on DAG:example_branch_datetime_operator
[2023-03-23T22:49:01.939+0000] {logging_mixin.py:120} INFO - [2023-03-23T22:49:01.938+0000] {manager.py:507} INFO - Created Permission View: can read on DAG:example_branch_datetime_operator
[2023-03-23T22:49:01.998+0000] {logging_mixin.py:120} INFO - [2023-03-23T22:49:01.998+0000] {manager.py:507} INFO - Created Permission View: can delete on DAG:example_branch_datetime_operator
[2023-03-23T22:49:02.106+0000] {logging_mixin.py:120} INFO - [2023-03-23T22:49:02.106+0000] {manager.py:507} INFO - Created Permission View: can edit on DAG:example_branch_datetime_operator_2
[2023-03-23T22:49:02.160+0000] {logging_mixin.py:120} INFO - [2023-03-23T22:49:02.159+0000] {manager.py:507} INFO - Created Permission View: can read on DAG:example_branch_datetime_operator_2
[2023-03-23T22:49:02.272+0000] {logging_mixin.py:120} INFO - [2023-03-23T22:49:02.272+0000] {manager.py:507} INFO - Created Permission View: can delete on DAG:example_branch_datetime_operator_2
[2023-03-23T22:49:02.315+0000] {logging_mixin.py:120} INFO - [2023-03-23T22:49:02.315+0000] {dag.py:2585} INFO - Sync 3 DAGs
[2023-03-23T22:49:02.411+0000] {logging_mixin.py:120} INFO - [2023-03-23T22:49:02.411+0000] {dag.py:2606} INFO - Creating ORM DAG for example_branch_datetime_operator_3
[2023-03-23T22:49:02.435+0000] {logging_mixin.py:120} INFO - [2023-03-23T22:49:02.434+0000] {dag.py:2606} INFO - Creating ORM DAG for example_branch_datetime_operator_2
[2023-03-23T22:49:02.436+0000] {logging_mixin.py:120} INFO - [2023-03-23T22:49:02.436+0000] {dag.py:2606} INFO - Creating ORM DAG for example_branch_datetime_operator
[2023-03-23T22:49:04.370+0000] {logging_mixin.py:120} INFO - [2023-03-23T22:49:04.370+0000] {dag.py:3340} INFO - Setting next_dagrun for example_branch_datetime_operator to 2023-03-22T00:00:00+00:00, run_after=2023-03-23T00:00:00+00:00
[2023-03-23T22:49:04.392+0000] {logging_mixin.py:120} INFO - [2023-03-23T22:49:04.391+0000] {dag.py:3340} INFO - Setting next_dagrun for example_branch_datetime_operator_2 to 2023-03-22T00:00:00+00:00, run_after=2023-03-23T00:00:00+00:00
[2023-03-23T22:49:04.397+0000] {logging_mixin.py:120} INFO - [2023-03-23T22:49:04.397+0000] {dag.py:3340} INFO - Setting next_dagrun for example_branch_datetime_operator_3 to 2023-03-22T00:00:00+00:00, run_after=2023-03-23T00:00:00+00:00
[2023-03-23T22:49:04.522+0000] {processor.py:176} INFO - Processing /home/airflow/.local/lib/python3.7/site-packages/airflow/example_dags/example_branch_datetime_operator.py took 10.515 seconds
[2023-03-23T22:49:34.794+0000] {processor.py:154} INFO - Started process (PID=144) to work on /home/airflow/.local/lib/python3.7/site-packages/airflow/example_dags/example_branch_datetime_operator.py
[2023-03-23T22:49:34.802+0000] {processor.py:756} INFO - Processing file /home/airflow/.local/lib/python3.7/site-packages/airflow/example_dags/example_branch_datetime_operator.py for tasks to queue
[2023-03-23T22:49:34.803+0000] {logging_mixin.py:120} INFO - [2023-03-23T22:49:34.803+0000] {dagbag.py:537} INFO - Filling up the DagBag from /home/airflow/.local/lib/python3.7/site-packages/airflow/example_dags/example_branch_datetime_operator.py
[2023-03-23T22:49:34.865+0000] {processor.py:766} INFO - DAG(s) dict_keys(['example_branch_datetime_operator_3', 'example_branch_datetime_operator_2', 'example_branch_datetime_operator']) retrieved from /home/airflow/.local/lib/python3.7/site-packages/airflow/example_dags/example_branch_datetime_operator.py
[2023-03-23T22:49:35.016+0000] {logging_mixin.py:120} INFO - [2023-03-23T22:49:35.014+0000] {dag.py:2585} INFO - Sync 3 DAGs
[2023-03-23T22:49:35.142+0000] {logging_mixin.py:120} INFO - [2023-03-23T22:49:35.142+0000] {dag.py:3340} INFO - Setting next_dagrun for example_branch_datetime_operator to 2023-03-22T00:00:00+00:00, run_after=2023-03-23T00:00:00+00:00
[2023-03-23T22:49:35.184+0000] {logging_mixin.py:120} INFO - [2023-03-23T22:49:35.178+0000] {dag.py:3340} INFO - Setting next_dagrun for example_branch_datetime_operator_2 to 2023-03-22T00:00:00+00:00, run_after=2023-03-23T00:00:00+00:00
[2023-03-23T22:49:35.218+0000] {logging_mixin.py:120} INFO - [2023-03-23T22:49:35.218+0000] {dag.py:3340} INFO - Setting next_dagrun for example_branch_datetime_operator_3 to 2023-03-22T00:00:00+00:00, run_after=2023-03-23T00:00:00+00:00
[2023-03-23T22:49:37.309+0000] {processor.py:176} INFO - Processing /home/airflow/.local/lib/python3.7/site-packages/airflow/example_dags/example_branch_datetime_operator.py took 2.520 seconds
[2023-03-23T22:50:07.591+0000] {processor.py:154} INFO - Started process (PID=199) to work on /home/airflow/.local/lib/python3.7/site-packages/airflow/example_dags/example_branch_datetime_operator.py
[2023-03-23T22:50:07.667+0000] {processor.py:756} INFO - Processing file /home/airflow/.local/lib/python3.7/site-packages/airflow/example_dags/example_branch_datetime_operator.py for tasks to queue
[2023-03-23T22:50:07.677+0000] {logging_mixin.py:120} INFO - [2023-03-23T22:50:07.677+0000] {dagbag.py:537} INFO - Filling up the DagBag from /home/airflow/.local/lib/python3.7/site-packages/airflow/example_dags/example_branch_datetime_operator.py
[2023-03-23T22:50:07.728+0000] {processor.py:766} INFO - DAG(s) dict_keys(['example_branch_datetime_operator', 'example_branch_datetime_operator_3', 'example_branch_datetime_operator_2']) retrieved from /home/airflow/.local/lib/python3.7/site-packages/airflow/example_dags/example_branch_datetime_operator.py
[2023-03-23T22:50:08.144+0000] {logging_mixin.py:120} INFO - [2023-03-23T22:50:08.143+0000] {dag.py:2585} INFO - Sync 3 DAGs
[2023-03-23T22:50:09.316+0000] {logging_mixin.py:120} INFO - [2023-03-23T22:50:09.316+0000] {dag.py:3340} INFO - Setting next_dagrun for example_branch_datetime_operator to 2023-03-22T00:00:00+00:00, run_after=2023-03-23T00:00:00+00:00
[2023-03-23T22:50:09.334+0000] {logging_mixin.py:120} INFO - [2023-03-23T22:50:09.333+0000] {dag.py:3340} INFO - Setting next_dagrun for example_branch_datetime_operator_2 to 2023-03-22T00:00:00+00:00, run_after=2023-03-23T00:00:00+00:00
[2023-03-23T22:50:09.341+0000] {logging_mixin.py:120} INFO - [2023-03-23T22:50:09.341+0000] {dag.py:3340} INFO - Setting next_dagrun for example_branch_datetime_operator_3 to 2023-03-22T00:00:00+00:00, run_after=2023-03-23T00:00:00+00:00
[2023-03-23T22:50:12.165+0000] {processor.py:176} INFO - Processing /home/airflow/.local/lib/python3.7/site-packages/airflow/example_dags/example_branch_datetime_operator.py took 4.580 seconds
[2023-03-23T22:50:43.026+0000] {processor.py:154} INFO - Started process (PID=253) to work on /home/airflow/.local/lib/python3.7/site-packages/airflow/example_dags/example_branch_datetime_operator.py
[2023-03-23T22:50:43.038+0000] {processor.py:756} INFO - Processing file /home/airflow/.local/lib/python3.7/site-packages/airflow/example_dags/example_branch_datetime_operator.py for tasks to queue
[2023-03-23T22:50:43.039+0000] {logging_mixin.py:120} INFO - [2023-03-23T22:50:43.039+0000] {dagbag.py:537} INFO - Filling up the DagBag from /home/airflow/.local/lib/python3.7/site-packages/airflow/example_dags/example_branch_datetime_operator.py
[2023-03-23T22:50:43.138+0000] {processor.py:766} INFO - DAG(s) dict_keys(['example_branch_datetime_operator_3', 'example_branch_datetime_operator_2', 'example_branch_datetime_operator']) retrieved from /home/airflow/.local/lib/python3.7/site-packages/airflow/example_dags/example_branch_datetime_operator.py
[2023-03-23T22:50:43.369+0000] {logging_mixin.py:120} INFO - [2023-03-23T22:50:43.369+0000] {dag.py:2585} INFO - Sync 3 DAGs
[2023-03-23T22:50:43.542+0000] {logging_mixin.py:120} INFO - [2023-03-23T22:50:43.541+0000] {dag.py:3340} INFO - Setting next_dagrun for example_branch_datetime_operator to 2023-03-22T00:00:00+00:00, run_after=2023-03-23T00:00:00+00:00
[2023-03-23T22:50:43.609+0000] {logging_mixin.py:120} INFO - [2023-03-23T22:50:43.608+0000] {dag.py:3340} INFO - Setting next_dagrun for example_branch_datetime_operator_2 to 2023-03-22T00:00:00+00:00, run_after=2023-03-23T00:00:00+00:00
[2023-03-23T22:50:43.626+0000] {logging_mixin.py:120} INFO - [2023-03-23T22:50:43.626+0000] {dag.py:3340} INFO - Setting next_dagrun for example_branch_datetime_operator_3 to 2023-03-22T00:00:00+00:00, run_after=2023-03-23T00:00:00+00:00
[2023-03-23T22:50:46.832+0000] {processor.py:176} INFO - Processing /home/airflow/.local/lib/python3.7/site-packages/airflow/example_dags/example_branch_datetime_operator.py took 3.814 seconds
[2023-03-23T22:51:17.402+0000] {processor.py:154} INFO - Started process (PID=308) to work on /home/airflow/.local/lib/python3.7/site-packages/airflow/example_dags/example_branch_datetime_operator.py
[2023-03-23T22:51:17.541+0000] {processor.py:756} INFO - Processing file /home/airflow/.local/lib/python3.7/site-packages/airflow/example_dags/example_branch_datetime_operator.py for tasks to queue
[2023-03-23T22:51:18.567+0000] {logging_mixin.py:120} INFO - [2023-03-23T22:51:18.567+0000] {dagbag.py:537} INFO - Filling up the DagBag from /home/airflow/.local/lib/python3.7/site-packages/airflow/example_dags/example_branch_datetime_operator.py
[2023-03-23T22:51:18.628+0000] {processor.py:766} INFO - DAG(s) dict_keys(['example_branch_datetime_operator_2', 'example_branch_datetime_operator', 'example_branch_datetime_operator_3']) retrieved from /home/airflow/.local/lib/python3.7/site-packages/airflow/example_dags/example_branch_datetime_operator.py
[2023-03-23T22:51:18.766+0000] {logging_mixin.py:120} INFO - [2023-03-23T22:51:18.766+0000] {dag.py:2585} INFO - Sync 3 DAGs
[2023-03-23T22:51:18.844+0000] {logging_mixin.py:120} INFO - [2023-03-23T22:51:18.844+0000] {dag.py:3340} INFO - Setting next_dagrun for example_branch_datetime_operator to 2023-03-22T00:00:00+00:00, run_after=2023-03-23T00:00:00+00:00
[2023-03-23T22:51:18.865+0000] {logging_mixin.py:120} INFO - [2023-03-23T22:51:18.865+0000] {dag.py:3340} INFO - Setting next_dagrun for example_branch_datetime_operator_2 to 2023-03-22T00:00:00+00:00, run_after=2023-03-23T00:00:00+00:00
[2023-03-23T22:51:18.876+0000] {logging_mixin.py:120} INFO - [2023-03-23T22:51:18.876+0000] {dag.py:3340} INFO - Setting next_dagrun for example_branch_datetime_operator_3 to 2023-03-22T00:00:00+00:00, run_after=2023-03-23T00:00:00+00:00
[2023-03-23T22:51:21.848+0000] {processor.py:176} INFO - Processing /home/airflow/.local/lib/python3.7/site-packages/airflow/example_dags/example_branch_datetime_operator.py took 4.412 seconds
[2023-03-23T22:51:52.270+0000] {processor.py:154} INFO - Started process (PID=363) to work on /home/airflow/.local/lib/python3.7/site-packages/airflow/example_dags/example_branch_datetime_operator.py
[2023-03-23T22:51:52.273+0000] {processor.py:756} INFO - Processing file /home/airflow/.local/lib/python3.7/site-packages/airflow/example_dags/example_branch_datetime_operator.py for tasks to queue
[2023-03-23T22:51:52.280+0000] {logging_mixin.py:120} INFO - [2023-03-23T22:51:52.274+0000] {dagbag.py:537} INFO - Filling up the DagBag from /home/airflow/.local/lib/python3.7/site-packages/airflow/example_dags/example_branch_datetime_operator.py
[2023-03-23T22:51:52.329+0000] {processor.py:766} INFO - DAG(s) dict_keys(['example_branch_datetime_operator_3', 'example_branch_datetime_operator_2', 'example_branch_datetime_operator']) retrieved from /home/airflow/.local/lib/python3.7/site-packages/airflow/example_dags/example_branch_datetime_operator.py
[2023-03-23T22:51:52.471+0000] {logging_mixin.py:120} INFO - [2023-03-23T22:51:52.470+0000] {dag.py:2585} INFO - Sync 3 DAGs
[2023-03-23T22:51:52.596+0000] {logging_mixin.py:120} INFO - [2023-03-23T22:51:52.596+0000] {dag.py:3340} INFO - Setting next_dagrun for example_branch_datetime_operator to 2023-03-22T00:00:00+00:00, run_after=2023-03-23T00:00:00+00:00
[2023-03-23T22:51:52.616+0000] {logging_mixin.py:120} INFO - [2023-03-23T22:51:52.616+0000] {dag.py:3340} INFO - Setting next_dagrun for example_branch_datetime_operator_2 to 2023-03-22T00:00:00+00:00, run_after=2023-03-23T00:00:00+00:00
[2023-03-23T22:51:52.622+0000] {logging_mixin.py:120} INFO - [2023-03-23T22:51:52.622+0000] {dag.py:3340} INFO - Setting next_dagrun for example_branch_datetime_operator_3 to 2023-03-22T00:00:00+00:00, run_after=2023-03-23T00:00:00+00:00
[2023-03-23T22:51:53.326+0000] {processor.py:176} INFO - Processing /home/airflow/.local/lib/python3.7/site-packages/airflow/example_dags/example_branch_datetime_operator.py took 1.060 seconds
[2023-03-23T22:52:23.848+0000] {processor.py:154} INFO - Started process (PID=436) to work on /home/airflow/.local/lib/python3.7/site-packages/airflow/example_dags/example_branch_datetime_operator.py
[2023-03-23T22:52:23.851+0000] {processor.py:756} INFO - Processing file /home/airflow/.local/lib/python3.7/site-packages/airflow/example_dags/example_branch_datetime_operator.py for tasks to queue
[2023-03-23T22:52:23.853+0000] {logging_mixin.py:120} INFO - [2023-03-23T22:52:23.852+0000] {dagbag.py:537} INFO - Filling up the DagBag from /home/airflow/.local/lib/python3.7/site-packages/airflow/example_dags/example_branch_datetime_operator.py
[2023-03-23T22:52:23.884+0000] {processor.py:766} INFO - DAG(s) dict_keys(['example_branch_datetime_operator_2', 'example_branch_datetime_operator_3', 'example_branch_datetime_operator']) retrieved from /home/airflow/.local/lib/python3.7/site-packages/airflow/example_dags/example_branch_datetime_operator.py
[2023-03-23T22:52:23.975+0000] {logging_mixin.py:120} INFO - [2023-03-23T22:52:23.975+0000] {dag.py:2585} INFO - Sync 3 DAGs
[2023-03-23T22:52:24.028+0000] {logging_mixin.py:120} INFO - [2023-03-23T22:52:24.028+0000] {dag.py:3340} INFO - Setting next_dagrun for example_branch_datetime_operator to 2023-03-22T00:00:00+00:00, run_after=2023-03-23T00:00:00+00:00
[2023-03-23T22:52:24.036+0000] {logging_mixin.py:120} INFO - [2023-03-23T22:52:24.035+0000] {dag.py:3340} INFO - Setting next_dagrun for example_branch_datetime_operator_2 to 2023-03-22T00:00:00+00:00, run_after=2023-03-23T00:00:00+00:00
[2023-03-23T22:52:24.041+0000] {logging_mixin.py:120} INFO - [2023-03-23T22:52:24.040+0000] {dag.py:3340} INFO - Setting next_dagrun for example_branch_datetime_operator_3 to 2023-03-22T00:00:00+00:00, run_after=2023-03-23T00:00:00+00:00
[2023-03-23T22:52:24.075+0000] {processor.py:176} INFO - Processing /home/airflow/.local/lib/python3.7/site-packages/airflow/example_dags/example_branch_datetime_operator.py took 0.231 seconds
[2023-03-23T22:52:54.256+0000] {processor.py:154} INFO - Started process (PID=490) to work on /home/airflow/.local/lib/python3.7/site-packages/airflow/example_dags/example_branch_datetime_operator.py
[2023-03-23T22:52:54.259+0000] {processor.py:756} INFO - Processing file /home/airflow/.local/lib/python3.7/site-packages/airflow/example_dags/example_branch_datetime_operator.py for tasks to queue
[2023-03-23T22:52:54.260+0000] {logging_mixin.py:120} INFO - [2023-03-23T22:52:54.260+0000] {dagbag.py:537} INFO - Filling up the DagBag from /home/airflow/.local/lib/python3.7/site-packages/airflow/example_dags/example_branch_datetime_operator.py
[2023-03-23T22:52:54.298+0000] {processor.py:766} INFO - DAG(s) dict_keys(['example_branch_datetime_operator_2', 'example_branch_datetime_operator', 'example_branch_datetime_operator_3']) retrieved from /home/airflow/.local/lib/python3.7/site-packages/airflow/example_dags/example_branch_datetime_operator.py
[2023-03-23T22:52:54.450+0000] {logging_mixin.py:120} INFO - [2023-03-23T22:52:54.449+0000] {dag.py:2585} INFO - Sync 3 DAGs
[2023-03-23T22:52:54.550+0000] {logging_mixin.py:120} INFO - [2023-03-23T22:52:54.549+0000] {dag.py:3340} INFO - Setting next_dagrun for example_branch_datetime_operator to 2023-03-22T00:00:00+00:00, run_after=2023-03-23T00:00:00+00:00
[2023-03-23T22:52:54.571+0000] {logging_mixin.py:120} INFO - [2023-03-23T22:52:54.571+0000] {dag.py:3340} INFO - Setting next_dagrun for example_branch_datetime_operator_2 to 2023-03-22T00:00:00+00:00, run_after=2023-03-23T00:00:00+00:00
[2023-03-23T22:52:54.590+0000] {logging_mixin.py:120} INFO - [2023-03-23T22:52:54.589+0000] {dag.py:3340} INFO - Setting next_dagrun for example_branch_datetime_operator_3 to 2023-03-22T00:00:00+00:00, run_after=2023-03-23T00:00:00+00:00
[2023-03-23T22:52:54.718+0000] {processor.py:176} INFO - Processing /home/airflow/.local/lib/python3.7/site-packages/airflow/example_dags/example_branch_datetime_operator.py took 0.466 seconds
[2023-03-23T22:53:25.063+0000] {processor.py:154} INFO - Started process (PID=553) to work on /home/airflow/.local/lib/python3.7/site-packages/airflow/example_dags/example_branch_datetime_operator.py
[2023-03-23T22:53:25.064+0000] {processor.py:756} INFO - Processing file /home/airflow/.local/lib/python3.7/site-packages/airflow/example_dags/example_branch_datetime_operator.py for tasks to queue
[2023-03-23T22:53:25.065+0000] {logging_mixin.py:120} INFO - [2023-03-23T22:53:25.065+0000] {dagbag.py:537} INFO - Filling up the DagBag from /home/airflow/.local/lib/python3.7/site-packages/airflow/example_dags/example_branch_datetime_operator.py
[2023-03-23T22:53:25.091+0000] {processor.py:766} INFO - DAG(s) dict_keys(['example_branch_datetime_operator_3', 'example_branch_datetime_operator_2', 'example_branch_datetime_operator']) retrieved from /home/airflow/.local/lib/python3.7/site-packages/airflow/example_dags/example_branch_datetime_operator.py
[2023-03-23T22:53:25.155+0000] {logging_mixin.py:120} INFO - [2023-03-23T22:53:25.155+0000] {dag.py:2585} INFO - Sync 3 DAGs
[2023-03-23T22:53:25.195+0000] {logging_mixin.py:120} INFO - [2023-03-23T22:53:25.195+0000] {dag.py:3340} INFO - Setting next_dagrun for example_branch_datetime_operator to 2023-03-22T00:00:00+00:00, run_after=2023-03-23T00:00:00+00:00
[2023-03-23T22:53:25.201+0000] {logging_mixin.py:120} INFO - [2023-03-23T22:53:25.201+0000] {dag.py:3340} INFO - Setting next_dagrun for example_branch_datetime_operator_2 to 2023-03-22T00:00:00+00:00, run_after=2023-03-23T00:00:00+00:00
[2023-03-23T22:53:25.207+0000] {logging_mixin.py:120} INFO - [2023-03-23T22:53:25.207+0000] {dag.py:3340} INFO - Setting next_dagrun for example_branch_datetime_operator_3 to 2023-03-22T00:00:00+00:00, run_after=2023-03-23T00:00:00+00:00
[2023-03-23T22:53:25.233+0000] {processor.py:176} INFO - Processing /home/airflow/.local/lib/python3.7/site-packages/airflow/example_dags/example_branch_datetime_operator.py took 0.175 seconds
[2023-03-23T22:53:55.442+0000] {processor.py:154} INFO - Started process (PID=607) to work on /home/airflow/.local/lib/python3.7/site-packages/airflow/example_dags/example_branch_datetime_operator.py
[2023-03-23T22:53:55.443+0000] {processor.py:756} INFO - Processing file /home/airflow/.local/lib/python3.7/site-packages/airflow/example_dags/example_branch_datetime_operator.py for tasks to queue
[2023-03-23T22:53:55.444+0000] {logging_mixin.py:120} INFO - [2023-03-23T22:53:55.444+0000] {dagbag.py:537} INFO - Filling up the DagBag from /home/airflow/.local/lib/python3.7/site-packages/airflow/example_dags/example_branch_datetime_operator.py
[2023-03-23T22:53:55.462+0000] {processor.py:766} INFO - DAG(s) dict_keys(['example_branch_datetime_operator_3', 'example_branch_datetime_operator', 'example_branch_datetime_operator_2']) retrieved from /home/airflow/.local/lib/python3.7/site-packages/airflow/example_dags/example_branch_datetime_operator.py
[2023-03-23T22:53:55.512+0000] {logging_mixin.py:120} INFO - [2023-03-23T22:53:55.512+0000] {dag.py:2585} INFO - Sync 3 DAGs
[2023-03-23T22:53:55.549+0000] {logging_mixin.py:120} INFO - [2023-03-23T22:53:55.548+0000] {dag.py:3340} INFO - Setting next_dagrun for example_branch_datetime_operator to 2023-03-22T00:00:00+00:00, run_after=2023-03-23T00:00:00+00:00
[2023-03-23T22:53:55.555+0000] {logging_mixin.py:120} INFO - [2023-03-23T22:53:55.555+0000] {dag.py:3340} INFO - Setting next_dagrun for example_branch_datetime_operator_2 to 2023-03-22T00:00:00+00:00, run_after=2023-03-23T00:00:00+00:00
[2023-03-23T22:53:55.560+0000] {logging_mixin.py:120} INFO - [2023-03-23T22:53:55.559+0000] {dag.py:3340} INFO - Setting next_dagrun for example_branch_datetime_operator_3 to 2023-03-22T00:00:00+00:00, run_after=2023-03-23T00:00:00+00:00
[2023-03-23T22:53:55.594+0000] {processor.py:176} INFO - Processing /home/airflow/.local/lib/python3.7/site-packages/airflow/example_dags/example_branch_datetime_operator.py took 0.155 seconds
[2023-03-23T22:54:26.083+0000] {processor.py:154} INFO - Started process (PID=669) to work on /home/airflow/.local/lib/python3.7/site-packages/airflow/example_dags/example_branch_datetime_operator.py
[2023-03-23T22:54:26.084+0000] {processor.py:756} INFO - Processing file /home/airflow/.local/lib/python3.7/site-packages/airflow/example_dags/example_branch_datetime_operator.py for tasks to queue
[2023-03-23T22:54:26.085+0000] {logging_mixin.py:120} INFO - [2023-03-23T22:54:26.085+0000] {dagbag.py:537} INFO - Filling up the DagBag from /home/airflow/.local/lib/python3.7/site-packages/airflow/example_dags/example_branch_datetime_operator.py
[2023-03-23T22:54:26.117+0000] {processor.py:766} INFO - DAG(s) dict_keys(['example_branch_datetime_operator_3', 'example_branch_datetime_operator', 'example_branch_datetime_operator_2']) retrieved from /home/airflow/.local/lib/python3.7/site-packages/airflow/example_dags/example_branch_datetime_operator.py
[2023-03-23T22:54:26.179+0000] {logging_mixin.py:120} INFO - [2023-03-23T22:54:26.178+0000] {dag.py:2585} INFO - Sync 3 DAGs
[2023-03-23T22:54:26.211+0000] {logging_mixin.py:120} INFO - [2023-03-23T22:54:26.211+0000] {dag.py:3340} INFO - Setting next_dagrun for example_branch_datetime_operator to 2023-03-22T00:00:00+00:00, run_after=2023-03-23T00:00:00+00:00
[2023-03-23T22:54:26.217+0000] {logging_mixin.py:120} INFO - [2023-03-23T22:54:26.217+0000] {dag.py:3340} INFO - Setting next_dagrun for example_branch_datetime_operator_2 to 2023-03-22T00:00:00+00:00, run_after=2023-03-23T00:00:00+00:00
[2023-03-23T22:54:26.220+0000] {logging_mixin.py:120} INFO - [2023-03-23T22:54:26.220+0000] {dag.py:3340} INFO - Setting next_dagrun for example_branch_datetime_operator_3 to 2023-03-22T00:00:00+00:00, run_after=2023-03-23T00:00:00+00:00
[2023-03-23T22:54:26.244+0000] {processor.py:176} INFO - Processing /home/airflow/.local/lib/python3.7/site-packages/airflow/example_dags/example_branch_datetime_operator.py took 0.166 seconds
[2023-03-23T22:54:56.434+0000] {processor.py:154} INFO - Started process (PID=723) to work on /home/airflow/.local/lib/python3.7/site-packages/airflow/example_dags/example_branch_datetime_operator.py
[2023-03-23T22:54:56.435+0000] {processor.py:756} INFO - Processing file /home/airflow/.local/lib/python3.7/site-packages/airflow/example_dags/example_branch_datetime_operator.py for tasks to queue
[2023-03-23T22:54:56.437+0000] {logging_mixin.py:120} INFO - [2023-03-23T22:54:56.436+0000] {dagbag.py:537} INFO - Filling up the DagBag from /home/airflow/.local/lib/python3.7/site-packages/airflow/example_dags/example_branch_datetime_operator.py
[2023-03-23T22:54:56.460+0000] {processor.py:766} INFO - DAG(s) dict_keys(['example_branch_datetime_operator_2', 'example_branch_datetime_operator', 'example_branch_datetime_operator_3']) retrieved from /home/airflow/.local/lib/python3.7/site-packages/airflow/example_dags/example_branch_datetime_operator.py
[2023-03-23T22:54:56.520+0000] {logging_mixin.py:120} INFO - [2023-03-23T22:54:56.520+0000] {dag.py:2585} INFO - Sync 3 DAGs
[2023-03-23T22:54:56.554+0000] {logging_mixin.py:120} INFO - [2023-03-23T22:54:56.553+0000] {dag.py:3340} INFO - Setting next_dagrun for example_branch_datetime_operator to 2023-03-22T00:00:00+00:00, run_after=2023-03-23T00:00:00+00:00
[2023-03-23T22:54:56.561+0000] {logging_mixin.py:120} INFO - [2023-03-23T22:54:56.560+0000] {dag.py:3340} INFO - Setting next_dagrun for example_branch_datetime_operator_2 to 2023-03-22T00:00:00+00:00, run_after=2023-03-23T00:00:00+00:00
[2023-03-23T22:54:56.565+0000] {logging_mixin.py:120} INFO - [2023-03-23T22:54:56.565+0000] {dag.py:3340} INFO - Setting next_dagrun for example_branch_datetime_operator_3 to 2023-03-22T00:00:00+00:00, run_after=2023-03-23T00:00:00+00:00
[2023-03-23T22:54:56.587+0000] {processor.py:176} INFO - Processing /home/airflow/.local/lib/python3.7/site-packages/airflow/example_dags/example_branch_datetime_operator.py took 0.157 seconds
[2023-03-23T22:55:26.795+0000] {processor.py:154} INFO - Started process (PID=786) to work on /home/airflow/.local/lib/python3.7/site-packages/airflow/example_dags/example_branch_datetime_operator.py
[2023-03-23T22:55:26.796+0000] {processor.py:756} INFO - Processing file /home/airflow/.local/lib/python3.7/site-packages/airflow/example_dags/example_branch_datetime_operator.py for tasks to queue
[2023-03-23T22:55:26.797+0000] {logging_mixin.py:120} INFO - [2023-03-23T22:55:26.797+0000] {dagbag.py:537} INFO - Filling up the DagBag from /home/airflow/.local/lib/python3.7/site-packages/airflow/example_dags/example_branch_datetime_operator.py
[2023-03-23T22:55:26.813+0000] {processor.py:766} INFO - DAG(s) dict_keys(['example_branch_datetime_operator', 'example_branch_datetime_operator_3', 'example_branch_datetime_operator_2']) retrieved from /home/airflow/.local/lib/python3.7/site-packages/airflow/example_dags/example_branch_datetime_operator.py
[2023-03-23T22:55:26.869+0000] {logging_mixin.py:120} INFO - [2023-03-23T22:55:26.869+0000] {dag.py:2585} INFO - Sync 3 DAGs
[2023-03-23T22:55:26.899+0000] {logging_mixin.py:120} INFO - [2023-03-23T22:55:26.899+0000] {dag.py:3340} INFO - Setting next_dagrun for example_branch_datetime_operator to 2023-03-22T00:00:00+00:00, run_after=2023-03-23T00:00:00+00:00
[2023-03-23T22:55:26.905+0000] {logging_mixin.py:120} INFO - [2023-03-23T22:55:26.905+0000] {dag.py:3340} INFO - Setting next_dagrun for example_branch_datetime_operator_2 to 2023-03-22T00:00:00+00:00, run_after=2023-03-23T00:00:00+00:00
[2023-03-23T22:55:26.908+0000] {logging_mixin.py:120} INFO - [2023-03-23T22:55:26.908+0000] {dag.py:3340} INFO - Setting next_dagrun for example_branch_datetime_operator_3 to 2023-03-22T00:00:00+00:00, run_after=2023-03-23T00:00:00+00:00
[2023-03-23T22:55:26.934+0000] {processor.py:176} INFO - Processing /home/airflow/.local/lib/python3.7/site-packages/airflow/example_dags/example_branch_datetime_operator.py took 0.141 seconds
[2023-03-23T22:55:57.194+0000] {processor.py:154} INFO - Started process (PID=849) to work on /home/airflow/.local/lib/python3.7/site-packages/airflow/example_dags/example_branch_datetime_operator.py
[2023-03-23T22:55:57.195+0000] {processor.py:756} INFO - Processing file /home/airflow/.local/lib/python3.7/site-packages/airflow/example_dags/example_branch_datetime_operator.py for tasks to queue
[2023-03-23T22:55:57.196+0000] {logging_mixin.py:120} INFO - [2023-03-23T22:55:57.195+0000] {dagbag.py:537} INFO - Filling up the DagBag from /home/airflow/.local/lib/python3.7/site-packages/airflow/example_dags/example_branch_datetime_operator.py
[2023-03-23T22:55:57.219+0000] {processor.py:766} INFO - DAG(s) dict_keys(['example_branch_datetime_operator_2', 'example_branch_datetime_operator_3', 'example_branch_datetime_operator']) retrieved from /home/airflow/.local/lib/python3.7/site-packages/airflow/example_dags/example_branch_datetime_operator.py
[2023-03-23T22:55:57.276+0000] {logging_mixin.py:120} INFO - [2023-03-23T22:55:57.276+0000] {dag.py:2585} INFO - Sync 3 DAGs
[2023-03-23T22:55:57.307+0000] {logging_mixin.py:120} INFO - [2023-03-23T22:55:57.307+0000] {dag.py:3340} INFO - Setting next_dagrun for example_branch_datetime_operator to 2023-03-22T00:00:00+00:00, run_after=2023-03-23T00:00:00+00:00
[2023-03-23T22:55:57.312+0000] {logging_mixin.py:120} INFO - [2023-03-23T22:55:57.312+0000] {dag.py:3340} INFO - Setting next_dagrun for example_branch_datetime_operator_2 to 2023-03-22T00:00:00+00:00, run_after=2023-03-23T00:00:00+00:00
[2023-03-23T22:55:57.315+0000] {logging_mixin.py:120} INFO - [2023-03-23T22:55:57.315+0000] {dag.py:3340} INFO - Setting next_dagrun for example_branch_datetime_operator_3 to 2023-03-22T00:00:00+00:00, run_after=2023-03-23T00:00:00+00:00
[2023-03-23T22:55:57.336+0000] {processor.py:176} INFO - Processing /home/airflow/.local/lib/python3.7/site-packages/airflow/example_dags/example_branch_datetime_operator.py took 0.145 seconds
[2023-03-23T22:56:27.626+0000] {processor.py:154} INFO - Started process (PID=903) to work on /home/airflow/.local/lib/python3.7/site-packages/airflow/example_dags/example_branch_datetime_operator.py
[2023-03-23T22:56:27.628+0000] {processor.py:756} INFO - Processing file /home/airflow/.local/lib/python3.7/site-packages/airflow/example_dags/example_branch_datetime_operator.py for tasks to queue
[2023-03-23T22:56:27.629+0000] {logging_mixin.py:120} INFO - [2023-03-23T22:56:27.628+0000] {dagbag.py:537} INFO - Filling up the DagBag from /home/airflow/.local/lib/python3.7/site-packages/airflow/example_dags/example_branch_datetime_operator.py
[2023-03-23T22:56:27.648+0000] {processor.py:766} INFO - DAG(s) dict_keys(['example_branch_datetime_operator', 'example_branch_datetime_operator_2', 'example_branch_datetime_operator_3']) retrieved from /home/airflow/.local/lib/python3.7/site-packages/airflow/example_dags/example_branch_datetime_operator.py
[2023-03-23T22:56:27.693+0000] {logging_mixin.py:120} INFO - [2023-03-23T22:56:27.693+0000] {dag.py:2585} INFO - Sync 3 DAGs
[2023-03-23T22:56:27.721+0000] {logging_mixin.py:120} INFO - [2023-03-23T22:56:27.721+0000] {dag.py:3340} INFO - Setting next_dagrun for example_branch_datetime_operator to 2023-03-22T00:00:00+00:00, run_after=2023-03-23T00:00:00+00:00
[2023-03-23T22:56:27.726+0000] {logging_mixin.py:120} INFO - [2023-03-23T22:56:27.726+0000] {dag.py:3340} INFO - Setting next_dagrun for example_branch_datetime_operator_2 to 2023-03-22T00:00:00+00:00, run_after=2023-03-23T00:00:00+00:00
[2023-03-23T22:56:27.729+0000] {logging_mixin.py:120} INFO - [2023-03-23T22:56:27.728+0000] {dag.py:3340} INFO - Setting next_dagrun for example_branch_datetime_operator_3 to 2023-03-22T00:00:00+00:00, run_after=2023-03-23T00:00:00+00:00
[2023-03-23T22:56:27.750+0000] {processor.py:176} INFO - Processing /home/airflow/.local/lib/python3.7/site-packages/airflow/example_dags/example_branch_datetime_operator.py took 0.127 seconds
[2023-03-23T22:56:57.981+0000] {processor.py:154} INFO - Started process (PID=966) to work on /home/airflow/.local/lib/python3.7/site-packages/airflow/example_dags/example_branch_datetime_operator.py
[2023-03-23T22:56:57.982+0000] {processor.py:756} INFO - Processing file /home/airflow/.local/lib/python3.7/site-packages/airflow/example_dags/example_branch_datetime_operator.py for tasks to queue
[2023-03-23T22:56:57.983+0000] {logging_mixin.py:120} INFO - [2023-03-23T22:56:57.983+0000] {dagbag.py:537} INFO - Filling up the DagBag from /home/airflow/.local/lib/python3.7/site-packages/airflow/example_dags/example_branch_datetime_operator.py
[2023-03-23T22:56:58.004+0000] {processor.py:766} INFO - DAG(s) dict_keys(['example_branch_datetime_operator_3', 'example_branch_datetime_operator', 'example_branch_datetime_operator_2']) retrieved from /home/airflow/.local/lib/python3.7/site-packages/airflow/example_dags/example_branch_datetime_operator.py
[2023-03-23T22:56:58.070+0000] {logging_mixin.py:120} INFO - [2023-03-23T22:56:58.070+0000] {dag.py:2585} INFO - Sync 3 DAGs
[2023-03-23T22:56:58.111+0000] {logging_mixin.py:120} INFO - [2023-03-23T22:56:58.111+0000] {dag.py:3340} INFO - Setting next_dagrun for example_branch_datetime_operator to 2023-03-22T00:00:00+00:00, run_after=2023-03-23T00:00:00+00:00
[2023-03-23T22:56:58.118+0000] {logging_mixin.py:120} INFO - [2023-03-23T22:56:58.117+0000] {dag.py:3340} INFO - Setting next_dagrun for example_branch_datetime_operator_2 to 2023-03-22T00:00:00+00:00, run_after=2023-03-23T00:00:00+00:00
[2023-03-23T22:56:58.122+0000] {logging_mixin.py:120} INFO - [2023-03-23T22:56:58.122+0000] {dag.py:3340} INFO - Setting next_dagrun for example_branch_datetime_operator_3 to 2023-03-22T00:00:00+00:00, run_after=2023-03-23T00:00:00+00:00
[2023-03-23T22:56:58.144+0000] {processor.py:176} INFO - Processing /home/airflow/.local/lib/python3.7/site-packages/airflow/example_dags/example_branch_datetime_operator.py took 0.167 seconds
[2023-03-23T22:57:28.237+0000] {processor.py:154} INFO - Started process (PID=1029) to work on /home/airflow/.local/lib/python3.7/site-packages/airflow/example_dags/example_branch_datetime_operator.py
[2023-03-23T22:57:28.238+0000] {processor.py:756} INFO - Processing file /home/airflow/.local/lib/python3.7/site-packages/airflow/example_dags/example_branch_datetime_operator.py for tasks to queue
[2023-03-23T22:57:28.240+0000] {logging_mixin.py:120} INFO - [2023-03-23T22:57:28.239+0000] {dagbag.py:537} INFO - Filling up the DagBag from /home/airflow/.local/lib/python3.7/site-packages/airflow/example_dags/example_branch_datetime_operator.py
[2023-03-23T22:57:28.257+0000] {processor.py:766} INFO - DAG(s) dict_keys(['example_branch_datetime_operator', 'example_branch_datetime_operator_2', 'example_branch_datetime_operator_3']) retrieved from /home/airflow/.local/lib/python3.7/site-packages/airflow/example_dags/example_branch_datetime_operator.py
[2023-03-23T22:57:28.311+0000] {logging_mixin.py:120} INFO - [2023-03-23T22:57:28.311+0000] {dag.py:2585} INFO - Sync 3 DAGs
[2023-03-23T22:57:28.338+0000] {logging_mixin.py:120} INFO - [2023-03-23T22:57:28.338+0000] {dag.py:3340} INFO - Setting next_dagrun for example_branch_datetime_operator to 2023-03-22T00:00:00+00:00, run_after=2023-03-23T00:00:00+00:00
[2023-03-23T22:57:28.343+0000] {logging_mixin.py:120} INFO - [2023-03-23T22:57:28.343+0000] {dag.py:3340} INFO - Setting next_dagrun for example_branch_datetime_operator_2 to 2023-03-22T00:00:00+00:00, run_after=2023-03-23T00:00:00+00:00
[2023-03-23T22:57:28.347+0000] {logging_mixin.py:120} INFO - [2023-03-23T22:57:28.347+0000] {dag.py:3340} INFO - Setting next_dagrun for example_branch_datetime_operator_3 to 2023-03-22T00:00:00+00:00, run_after=2023-03-23T00:00:00+00:00
[2023-03-23T22:57:28.372+0000] {processor.py:176} INFO - Processing /home/airflow/.local/lib/python3.7/site-packages/airflow/example_dags/example_branch_datetime_operator.py took 0.138 seconds
[2023-03-23T22:57:58.763+0000] {processor.py:154} INFO - Started process (PID=1083) to work on /home/airflow/.local/lib/python3.7/site-packages/airflow/example_dags/example_branch_datetime_operator.py
[2023-03-23T22:57:58.765+0000] {processor.py:756} INFO - Processing file /home/airflow/.local/lib/python3.7/site-packages/airflow/example_dags/example_branch_datetime_operator.py for tasks to queue
[2023-03-23T22:57:58.766+0000] {logging_mixin.py:120} INFO - [2023-03-23T22:57:58.766+0000] {dagbag.py:537} INFO - Filling up the DagBag from /home/airflow/.local/lib/python3.7/site-packages/airflow/example_dags/example_branch_datetime_operator.py
[2023-03-23T22:57:58.782+0000] {processor.py:766} INFO - DAG(s) dict_keys(['example_branch_datetime_operator_2', 'example_branch_datetime_operator_3', 'example_branch_datetime_operator']) retrieved from /home/airflow/.local/lib/python3.7/site-packages/airflow/example_dags/example_branch_datetime_operator.py
[2023-03-23T22:57:58.828+0000] {logging_mixin.py:120} INFO - [2023-03-23T22:57:58.828+0000] {dag.py:2585} INFO - Sync 3 DAGs
[2023-03-23T22:57:58.854+0000] {logging_mixin.py:120} INFO - [2023-03-23T22:57:58.854+0000] {dag.py:3340} INFO - Setting next_dagrun for example_branch_datetime_operator to 2023-03-22T00:00:00+00:00, run_after=2023-03-23T00:00:00+00:00
[2023-03-23T22:57:58.859+0000] {logging_mixin.py:120} INFO - [2023-03-23T22:57:58.859+0000] {dag.py:3340} INFO - Setting next_dagrun for example_branch_datetime_operator_2 to 2023-03-22T00:00:00+00:00, run_after=2023-03-23T00:00:00+00:00
[2023-03-23T22:57:58.863+0000] {logging_mixin.py:120} INFO - [2023-03-23T22:57:58.863+0000] {dag.py:3340} INFO - Setting next_dagrun for example_branch_datetime_operator_3 to 2023-03-22T00:00:00+00:00, run_after=2023-03-23T00:00:00+00:00
[2023-03-23T22:57:58.886+0000] {processor.py:176} INFO - Processing /home/airflow/.local/lib/python3.7/site-packages/airflow/example_dags/example_branch_datetime_operator.py took 0.125 seconds
[2023-03-23T22:58:28.999+0000] {processor.py:154} INFO - Started process (PID=1146) to work on /home/airflow/.local/lib/python3.7/site-packages/airflow/example_dags/example_branch_datetime_operator.py
[2023-03-23T22:58:29.000+0000] {processor.py:756} INFO - Processing file /home/airflow/.local/lib/python3.7/site-packages/airflow/example_dags/example_branch_datetime_operator.py for tasks to queue
[2023-03-23T22:58:29.001+0000] {logging_mixin.py:120} INFO - [2023-03-23T22:58:29.001+0000] {dagbag.py:537} INFO - Filling up the DagBag from /home/airflow/.local/lib/python3.7/site-packages/airflow/example_dags/example_branch_datetime_operator.py
[2023-03-23T22:58:29.019+0000] {processor.py:766} INFO - DAG(s) dict_keys(['example_branch_datetime_operator', 'example_branch_datetime_operator_3', 'example_branch_datetime_operator_2']) retrieved from /home/airflow/.local/lib/python3.7/site-packages/airflow/example_dags/example_branch_datetime_operator.py
[2023-03-23T22:58:29.069+0000] {logging_mixin.py:120} INFO - [2023-03-23T22:58:29.069+0000] {dag.py:2585} INFO - Sync 3 DAGs
[2023-03-23T22:58:29.095+0000] {logging_mixin.py:120} INFO - [2023-03-23T22:58:29.094+0000] {dag.py:3340} INFO - Setting next_dagrun for example_branch_datetime_operator to 2023-03-22T00:00:00+00:00, run_after=2023-03-23T00:00:00+00:00
[2023-03-23T22:58:29.100+0000] {logging_mixin.py:120} INFO - [2023-03-23T22:58:29.100+0000] {dag.py:3340} INFO - Setting next_dagrun for example_branch_datetime_operator_2 to 2023-03-22T00:00:00+00:00, run_after=2023-03-23T00:00:00+00:00
[2023-03-23T22:58:29.104+0000] {logging_mixin.py:120} INFO - [2023-03-23T22:58:29.104+0000] {dag.py:3340} INFO - Setting next_dagrun for example_branch_datetime_operator_3 to 2023-03-22T00:00:00+00:00, run_after=2023-03-23T00:00:00+00:00
[2023-03-23T22:58:29.126+0000] {processor.py:176} INFO - Processing /home/airflow/.local/lib/python3.7/site-packages/airflow/example_dags/example_branch_datetime_operator.py took 0.130 seconds
[2023-03-23T22:58:59.590+0000] {processor.py:154} INFO - Started process (PID=1209) to work on /home/airflow/.local/lib/python3.7/site-packages/airflow/example_dags/example_branch_datetime_operator.py
[2023-03-23T22:58:59.591+0000] {processor.py:756} INFO - Processing file /home/airflow/.local/lib/python3.7/site-packages/airflow/example_dags/example_branch_datetime_operator.py for tasks to queue
[2023-03-23T22:58:59.592+0000] {logging_mixin.py:120} INFO - [2023-03-23T22:58:59.591+0000] {dagbag.py:537} INFO - Filling up the DagBag from /home/airflow/.local/lib/python3.7/site-packages/airflow/example_dags/example_branch_datetime_operator.py
[2023-03-23T22:58:59.612+0000] {processor.py:766} INFO - DAG(s) dict_keys(['example_branch_datetime_operator_3', 'example_branch_datetime_operator_2', 'example_branch_datetime_operator']) retrieved from /home/airflow/.local/lib/python3.7/site-packages/airflow/example_dags/example_branch_datetime_operator.py
[2023-03-23T22:58:59.661+0000] {logging_mixin.py:120} INFO - [2023-03-23T22:58:59.661+0000] {dag.py:2585} INFO - Sync 3 DAGs
[2023-03-23T22:58:59.695+0000] {logging_mixin.py:120} INFO - [2023-03-23T22:58:59.694+0000] {dag.py:3340} INFO - Setting next_dagrun for example_branch_datetime_operator to 2023-03-22T00:00:00+00:00, run_after=2023-03-23T00:00:00+00:00
[2023-03-23T22:58:59.700+0000] {logging_mixin.py:120} INFO - [2023-03-23T22:58:59.700+0000] {dag.py:3340} INFO - Setting next_dagrun for example_branch_datetime_operator_2 to 2023-03-22T00:00:00+00:00, run_after=2023-03-23T00:00:00+00:00
[2023-03-23T22:58:59.703+0000] {logging_mixin.py:120} INFO - [2023-03-23T22:58:59.703+0000] {dag.py:3340} INFO - Setting next_dagrun for example_branch_datetime_operator_3 to 2023-03-22T00:00:00+00:00, run_after=2023-03-23T00:00:00+00:00
[2023-03-23T22:58:59.724+0000] {processor.py:176} INFO - Processing /home/airflow/.local/lib/python3.7/site-packages/airflow/example_dags/example_branch_datetime_operator.py took 0.137 seconds
[2023-03-23T22:59:30.318+0000] {processor.py:154} INFO - Started process (PID=1272) to work on /home/airflow/.local/lib/python3.7/site-packages/airflow/example_dags/example_branch_datetime_operator.py
[2023-03-23T22:59:30.319+0000] {processor.py:756} INFO - Processing file /home/airflow/.local/lib/python3.7/site-packages/airflow/example_dags/example_branch_datetime_operator.py for tasks to queue
[2023-03-23T22:59:30.320+0000] {logging_mixin.py:120} INFO - [2023-03-23T22:59:30.320+0000] {dagbag.py:537} INFO - Filling up the DagBag from /home/airflow/.local/lib/python3.7/site-packages/airflow/example_dags/example_branch_datetime_operator.py
[2023-03-23T22:59:30.342+0000] {processor.py:766} INFO - DAG(s) dict_keys(['example_branch_datetime_operator_3', 'example_branch_datetime_operator', 'example_branch_datetime_operator_2']) retrieved from /home/airflow/.local/lib/python3.7/site-packages/airflow/example_dags/example_branch_datetime_operator.py
[2023-03-23T22:59:30.390+0000] {logging_mixin.py:120} INFO - [2023-03-23T22:59:30.390+0000] {dag.py:2585} INFO - Sync 3 DAGs
[2023-03-23T22:59:30.416+0000] {logging_mixin.py:120} INFO - [2023-03-23T22:59:30.416+0000] {dag.py:3340} INFO - Setting next_dagrun for example_branch_datetime_operator to 2023-03-22T00:00:00+00:00, run_after=2023-03-23T00:00:00+00:00
[2023-03-23T22:59:30.422+0000] {logging_mixin.py:120} INFO - [2023-03-23T22:59:30.422+0000] {dag.py:3340} INFO - Setting next_dagrun for example_branch_datetime_operator_2 to 2023-03-22T00:00:00+00:00, run_after=2023-03-23T00:00:00+00:00
[2023-03-23T22:59:30.426+0000] {logging_mixin.py:120} INFO - [2023-03-23T22:59:30.426+0000] {dag.py:3340} INFO - Setting next_dagrun for example_branch_datetime_operator_3 to 2023-03-22T00:00:00+00:00, run_after=2023-03-23T00:00:00+00:00
[2023-03-23T22:59:30.448+0000] {processor.py:176} INFO - Processing /home/airflow/.local/lib/python3.7/site-packages/airflow/example_dags/example_branch_datetime_operator.py took 0.134 seconds
