[2023-03-23T22:48:39.112+0000] {processor.py:154} INFO - Started process (PID=63) to work on /home/airflow/.local/lib/python3.7/site-packages/airflow/example_dags/example_branch_operator_decorator.py
[2023-03-23T22:48:39.152+0000] {processor.py:756} INFO - Processing file /home/airflow/.local/lib/python3.7/site-packages/airflow/example_dags/example_branch_operator_decorator.py for tasks to queue
[2023-03-23T22:48:39.161+0000] {logging_mixin.py:120} INFO - [2023-03-23T22:48:39.161+0000] {dagbag.py:537} INFO - Filling up the DagBag from /home/airflow/.local/lib/python3.7/site-packages/airflow/example_dags/example_branch_operator_decorator.py
[2023-03-23T22:48:39.313+0000] {processor.py:766} INFO - DAG(s) dict_keys(['example_branch_python_operator_decorator']) retrieved from /home/airflow/.local/lib/python3.7/site-packages/airflow/example_dags/example_branch_operator_decorator.py
[2023-03-23T22:48:39.881+0000] {logging_mixin.py:120} INFO - [2023-03-23T22:48:39.881+0000] {manager.py:507} INFO - Created Permission View: can edit on DAG:example_branch_python_operator_decorator
[2023-03-23T22:48:39.940+0000] {logging_mixin.py:120} INFO - [2023-03-23T22:48:39.940+0000] {manager.py:507} INFO - Created Permission View: can read on DAG:example_branch_python_operator_decorator
[2023-03-23T22:48:40.035+0000] {logging_mixin.py:120} INFO - [2023-03-23T22:48:40.034+0000] {manager.py:507} INFO - Created Permission View: can delete on DAG:example_branch_python_operator_decorator
[2023-03-23T22:48:40.043+0000] {logging_mixin.py:120} INFO - [2023-03-23T22:48:40.042+0000] {dag.py:2585} INFO - Sync 1 DAGs
[2023-03-23T22:48:40.088+0000] {logging_mixin.py:120} INFO - [2023-03-23T22:48:40.087+0000] {dag.py:2606} INFO - Creating ORM DAG for example_branch_python_operator_decorator
[2023-03-23T22:48:40.157+0000] {logging_mixin.py:120} INFO - [2023-03-23T22:48:40.140+0000] {dag.py:3340} INFO - Setting next_dagrun for example_branch_python_operator_decorator to 2023-03-22T00:00:00+00:00, run_after=2023-03-23T00:00:00+00:00
[2023-03-23T22:48:40.288+0000] {processor.py:176} INFO - Processing /home/airflow/.local/lib/python3.7/site-packages/airflow/example_dags/example_branch_operator_decorator.py took 1.192 seconds
[2023-03-23T22:49:15.101+0000] {processor.py:154} INFO - Started process (PID=117) to work on /home/airflow/.local/lib/python3.7/site-packages/airflow/example_dags/example_branch_operator_decorator.py
[2023-03-23T22:49:15.109+0000] {processor.py:756} INFO - Processing file /home/airflow/.local/lib/python3.7/site-packages/airflow/example_dags/example_branch_operator_decorator.py for tasks to queue
[2023-03-23T22:49:15.112+0000] {logging_mixin.py:120} INFO - [2023-03-23T22:49:15.112+0000] {dagbag.py:537} INFO - Filling up the DagBag from /home/airflow/.local/lib/python3.7/site-packages/airflow/example_dags/example_branch_operator_decorator.py
[2023-03-23T22:49:15.213+0000] {processor.py:766} INFO - DAG(s) dict_keys(['example_branch_python_operator_decorator']) retrieved from /home/airflow/.local/lib/python3.7/site-packages/airflow/example_dags/example_branch_operator_decorator.py
[2023-03-23T22:49:15.432+0000] {logging_mixin.py:120} INFO - [2023-03-23T22:49:15.432+0000] {dag.py:2585} INFO - Sync 1 DAGs
[2023-03-23T22:49:15.533+0000] {logging_mixin.py:120} INFO - [2023-03-23T22:49:15.533+0000] {dag.py:3340} INFO - Setting next_dagrun for example_branch_python_operator_decorator to 2023-03-22T00:00:00+00:00, run_after=2023-03-23T00:00:00+00:00
[2023-03-23T22:49:15.772+0000] {processor.py:176} INFO - Processing /home/airflow/.local/lib/python3.7/site-packages/airflow/example_dags/example_branch_operator_decorator.py took 0.677 seconds
[2023-03-23T22:49:53.568+0000] {processor.py:154} INFO - Started process (PID=172) to work on /home/airflow/.local/lib/python3.7/site-packages/airflow/example_dags/example_branch_operator_decorator.py
[2023-03-23T22:49:53.589+0000] {processor.py:756} INFO - Processing file /home/airflow/.local/lib/python3.7/site-packages/airflow/example_dags/example_branch_operator_decorator.py for tasks to queue
[2023-03-23T22:49:53.592+0000] {logging_mixin.py:120} INFO - [2023-03-23T22:49:53.592+0000] {dagbag.py:537} INFO - Filling up the DagBag from /home/airflow/.local/lib/python3.7/site-packages/airflow/example_dags/example_branch_operator_decorator.py
[2023-03-23T22:49:53.708+0000] {processor.py:766} INFO - DAG(s) dict_keys(['example_branch_python_operator_decorator']) retrieved from /home/airflow/.local/lib/python3.7/site-packages/airflow/example_dags/example_branch_operator_decorator.py
[2023-03-23T22:49:53.858+0000] {logging_mixin.py:120} INFO - [2023-03-23T22:49:53.857+0000] {dag.py:2585} INFO - Sync 1 DAGs
[2023-03-23T22:49:53.950+0000] {logging_mixin.py:120} INFO - [2023-03-23T22:49:53.950+0000] {dag.py:3340} INFO - Setting next_dagrun for example_branch_python_operator_decorator to 2023-03-22T00:00:00+00:00, run_after=2023-03-23T00:00:00+00:00
[2023-03-23T22:49:54.084+0000] {processor.py:176} INFO - Processing /home/airflow/.local/lib/python3.7/site-packages/airflow/example_dags/example_branch_operator_decorator.py took 0.522 seconds
[2023-03-23T22:50:24.357+0000] {processor.py:154} INFO - Started process (PID=226) to work on /home/airflow/.local/lib/python3.7/site-packages/airflow/example_dags/example_branch_operator_decorator.py
[2023-03-23T22:50:24.360+0000] {processor.py:756} INFO - Processing file /home/airflow/.local/lib/python3.7/site-packages/airflow/example_dags/example_branch_operator_decorator.py for tasks to queue
[2023-03-23T22:50:24.388+0000] {logging_mixin.py:120} INFO - [2023-03-23T22:50:24.387+0000] {dagbag.py:537} INFO - Filling up the DagBag from /home/airflow/.local/lib/python3.7/site-packages/airflow/example_dags/example_branch_operator_decorator.py
[2023-03-23T22:50:24.579+0000] {processor.py:766} INFO - DAG(s) dict_keys(['example_branch_python_operator_decorator']) retrieved from /home/airflow/.local/lib/python3.7/site-packages/airflow/example_dags/example_branch_operator_decorator.py
[2023-03-23T22:50:24.782+0000] {logging_mixin.py:120} INFO - [2023-03-23T22:50:24.782+0000] {dag.py:2585} INFO - Sync 1 DAGs
[2023-03-23T22:50:24.896+0000] {logging_mixin.py:120} INFO - [2023-03-23T22:50:24.896+0000] {dag.py:3340} INFO - Setting next_dagrun for example_branch_python_operator_decorator to 2023-03-22T00:00:00+00:00, run_after=2023-03-23T00:00:00+00:00
[2023-03-23T22:50:25.041+0000] {processor.py:176} INFO - Processing /home/airflow/.local/lib/python3.7/site-packages/airflow/example_dags/example_branch_operator_decorator.py took 0.699 seconds
[2023-03-23T22:50:56.250+0000] {processor.py:154} INFO - Started process (PID=271) to work on /home/airflow/.local/lib/python3.7/site-packages/airflow/example_dags/example_branch_operator_decorator.py
[2023-03-23T22:50:56.253+0000] {processor.py:756} INFO - Processing file /home/airflow/.local/lib/python3.7/site-packages/airflow/example_dags/example_branch_operator_decorator.py for tasks to queue
[2023-03-23T22:50:56.254+0000] {logging_mixin.py:120} INFO - [2023-03-23T22:50:56.254+0000] {dagbag.py:537} INFO - Filling up the DagBag from /home/airflow/.local/lib/python3.7/site-packages/airflow/example_dags/example_branch_operator_decorator.py
[2023-03-23T22:50:56.362+0000] {processor.py:766} INFO - DAG(s) dict_keys(['example_branch_python_operator_decorator']) retrieved from /home/airflow/.local/lib/python3.7/site-packages/airflow/example_dags/example_branch_operator_decorator.py
[2023-03-23T22:50:56.490+0000] {logging_mixin.py:120} INFO - [2023-03-23T22:50:56.490+0000] {dag.py:2585} INFO - Sync 1 DAGs
[2023-03-23T22:50:56.577+0000] {logging_mixin.py:120} INFO - [2023-03-23T22:50:56.577+0000] {dag.py:3340} INFO - Setting next_dagrun for example_branch_python_operator_decorator to 2023-03-22T00:00:00+00:00, run_after=2023-03-23T00:00:00+00:00
[2023-03-23T22:50:56.660+0000] {processor.py:176} INFO - Processing /home/airflow/.local/lib/python3.7/site-packages/airflow/example_dags/example_branch_operator_decorator.py took 0.414 seconds
[2023-03-23T22:51:27.569+0000] {processor.py:154} INFO - Started process (PID=335) to work on /home/airflow/.local/lib/python3.7/site-packages/airflow/example_dags/example_branch_operator_decorator.py
[2023-03-23T22:51:27.577+0000] {processor.py:756} INFO - Processing file /home/airflow/.local/lib/python3.7/site-packages/airflow/example_dags/example_branch_operator_decorator.py for tasks to queue
[2023-03-23T22:51:27.583+0000] {logging_mixin.py:120} INFO - [2023-03-23T22:51:27.582+0000] {dagbag.py:537} INFO - Filling up the DagBag from /home/airflow/.local/lib/python3.7/site-packages/airflow/example_dags/example_branch_operator_decorator.py
[2023-03-23T22:51:27.638+0000] {processor.py:766} INFO - DAG(s) dict_keys(['example_branch_python_operator_decorator']) retrieved from /home/airflow/.local/lib/python3.7/site-packages/airflow/example_dags/example_branch_operator_decorator.py
[2023-03-23T22:51:27.731+0000] {logging_mixin.py:120} INFO - [2023-03-23T22:51:27.730+0000] {dag.py:2585} INFO - Sync 1 DAGs
[2023-03-23T22:51:27.798+0000] {logging_mixin.py:120} INFO - [2023-03-23T22:51:27.798+0000] {dag.py:3340} INFO - Setting next_dagrun for example_branch_python_operator_decorator to 2023-03-22T00:00:00+00:00, run_after=2023-03-23T00:00:00+00:00
[2023-03-23T22:51:27.888+0000] {processor.py:176} INFO - Processing /home/airflow/.local/lib/python3.7/site-packages/airflow/example_dags/example_branch_operator_decorator.py took 0.324 seconds
[2023-03-23T22:51:58.549+0000] {processor.py:154} INFO - Started process (PID=389) to work on /home/airflow/.local/lib/python3.7/site-packages/airflow/example_dags/example_branch_operator_decorator.py
[2023-03-23T22:51:58.551+0000] {processor.py:756} INFO - Processing file /home/airflow/.local/lib/python3.7/site-packages/airflow/example_dags/example_branch_operator_decorator.py for tasks to queue
[2023-03-23T22:51:58.552+0000] {logging_mixin.py:120} INFO - [2023-03-23T22:51:58.552+0000] {dagbag.py:537} INFO - Filling up the DagBag from /home/airflow/.local/lib/python3.7/site-packages/airflow/example_dags/example_branch_operator_decorator.py
[2023-03-23T22:51:58.617+0000] {processor.py:766} INFO - DAG(s) dict_keys(['example_branch_python_operator_decorator']) retrieved from /home/airflow/.local/lib/python3.7/site-packages/airflow/example_dags/example_branch_operator_decorator.py
[2023-03-23T22:51:58.698+0000] {logging_mixin.py:120} INFO - [2023-03-23T22:51:58.697+0000] {dag.py:2585} INFO - Sync 1 DAGs
[2023-03-23T22:51:58.798+0000] {logging_mixin.py:120} INFO - [2023-03-23T22:51:58.797+0000] {dag.py:3340} INFO - Setting next_dagrun for example_branch_python_operator_decorator to 2023-03-22T00:00:00+00:00, run_after=2023-03-23T00:00:00+00:00
[2023-03-23T22:51:58.867+0000] {processor.py:176} INFO - Processing /home/airflow/.local/lib/python3.7/site-packages/airflow/example_dags/example_branch_operator_decorator.py took 0.323 seconds
[2023-03-23T22:52:29.431+0000] {processor.py:154} INFO - Started process (PID=453) to work on /home/airflow/.local/lib/python3.7/site-packages/airflow/example_dags/example_branch_operator_decorator.py
[2023-03-23T22:52:29.432+0000] {processor.py:756} INFO - Processing file /home/airflow/.local/lib/python3.7/site-packages/airflow/example_dags/example_branch_operator_decorator.py for tasks to queue
[2023-03-23T22:52:29.433+0000] {logging_mixin.py:120} INFO - [2023-03-23T22:52:29.433+0000] {dagbag.py:537} INFO - Filling up the DagBag from /home/airflow/.local/lib/python3.7/site-packages/airflow/example_dags/example_branch_operator_decorator.py
[2023-03-23T22:52:29.482+0000] {processor.py:766} INFO - DAG(s) dict_keys(['example_branch_python_operator_decorator']) retrieved from /home/airflow/.local/lib/python3.7/site-packages/airflow/example_dags/example_branch_operator_decorator.py
[2023-03-23T22:52:29.552+0000] {logging_mixin.py:120} INFO - [2023-03-23T22:52:29.552+0000] {dag.py:2585} INFO - Sync 1 DAGs
[2023-03-23T22:52:29.603+0000] {logging_mixin.py:120} INFO - [2023-03-23T22:52:29.603+0000] {dag.py:3340} INFO - Setting next_dagrun for example_branch_python_operator_decorator to 2023-03-22T00:00:00+00:00, run_after=2023-03-23T00:00:00+00:00
[2023-03-23T22:52:29.686+0000] {processor.py:176} INFO - Processing /home/airflow/.local/lib/python3.7/site-packages/airflow/example_dags/example_branch_operator_decorator.py took 0.260 seconds
[2023-03-23T22:53:00.085+0000] {processor.py:154} INFO - Started process (PID=516) to work on /home/airflow/.local/lib/python3.7/site-packages/airflow/example_dags/example_branch_operator_decorator.py
[2023-03-23T22:53:00.086+0000] {processor.py:756} INFO - Processing file /home/airflow/.local/lib/python3.7/site-packages/airflow/example_dags/example_branch_operator_decorator.py for tasks to queue
[2023-03-23T22:53:00.088+0000] {logging_mixin.py:120} INFO - [2023-03-23T22:53:00.087+0000] {dagbag.py:537} INFO - Filling up the DagBag from /home/airflow/.local/lib/python3.7/site-packages/airflow/example_dags/example_branch_operator_decorator.py
[2023-03-23T22:53:00.128+0000] {processor.py:766} INFO - DAG(s) dict_keys(['example_branch_python_operator_decorator']) retrieved from /home/airflow/.local/lib/python3.7/site-packages/airflow/example_dags/example_branch_operator_decorator.py
[2023-03-23T22:53:00.228+0000] {logging_mixin.py:120} INFO - [2023-03-23T22:53:00.227+0000] {dag.py:2585} INFO - Sync 1 DAGs
[2023-03-23T22:53:00.274+0000] {logging_mixin.py:120} INFO - [2023-03-23T22:53:00.273+0000] {dag.py:3340} INFO - Setting next_dagrun for example_branch_python_operator_decorator to 2023-03-22T00:00:00+00:00, run_after=2023-03-23T00:00:00+00:00
[2023-03-23T22:53:00.315+0000] {processor.py:176} INFO - Processing /home/airflow/.local/lib/python3.7/site-packages/airflow/example_dags/example_branch_operator_decorator.py took 0.235 seconds
[2023-03-23T22:53:30.516+0000] {processor.py:154} INFO - Started process (PID=570) to work on /home/airflow/.local/lib/python3.7/site-packages/airflow/example_dags/example_branch_operator_decorator.py
[2023-03-23T22:53:30.517+0000] {processor.py:756} INFO - Processing file /home/airflow/.local/lib/python3.7/site-packages/airflow/example_dags/example_branch_operator_decorator.py for tasks to queue
[2023-03-23T22:53:30.518+0000] {logging_mixin.py:120} INFO - [2023-03-23T22:53:30.518+0000] {dagbag.py:537} INFO - Filling up the DagBag from /home/airflow/.local/lib/python3.7/site-packages/airflow/example_dags/example_branch_operator_decorator.py
[2023-03-23T22:53:30.550+0000] {processor.py:766} INFO - DAG(s) dict_keys(['example_branch_python_operator_decorator']) retrieved from /home/airflow/.local/lib/python3.7/site-packages/airflow/example_dags/example_branch_operator_decorator.py
[2023-03-23T22:53:30.617+0000] {logging_mixin.py:120} INFO - [2023-03-23T22:53:30.616+0000] {dag.py:2585} INFO - Sync 1 DAGs
[2023-03-23T22:53:30.662+0000] {logging_mixin.py:120} INFO - [2023-03-23T22:53:30.662+0000] {dag.py:3340} INFO - Setting next_dagrun for example_branch_python_operator_decorator to 2023-03-22T00:00:00+00:00, run_after=2023-03-23T00:00:00+00:00
[2023-03-23T22:53:30.712+0000] {processor.py:176} INFO - Processing /home/airflow/.local/lib/python3.7/site-packages/airflow/example_dags/example_branch_operator_decorator.py took 0.200 seconds
[2023-03-23T22:54:01.384+0000] {processor.py:154} INFO - Started process (PID=632) to work on /home/airflow/.local/lib/python3.7/site-packages/airflow/example_dags/example_branch_operator_decorator.py
[2023-03-23T22:54:01.385+0000] {processor.py:756} INFO - Processing file /home/airflow/.local/lib/python3.7/site-packages/airflow/example_dags/example_branch_operator_decorator.py for tasks to queue
[2023-03-23T22:54:01.386+0000] {logging_mixin.py:120} INFO - [2023-03-23T22:54:01.386+0000] {dagbag.py:537} INFO - Filling up the DagBag from /home/airflow/.local/lib/python3.7/site-packages/airflow/example_dags/example_branch_operator_decorator.py
[2023-03-23T22:54:01.424+0000] {processor.py:766} INFO - DAG(s) dict_keys(['example_branch_python_operator_decorator']) retrieved from /home/airflow/.local/lib/python3.7/site-packages/airflow/example_dags/example_branch_operator_decorator.py
[2023-03-23T22:54:01.477+0000] {logging_mixin.py:120} INFO - [2023-03-23T22:54:01.477+0000] {dag.py:2585} INFO - Sync 1 DAGs
[2023-03-23T22:54:01.514+0000] {logging_mixin.py:120} INFO - [2023-03-23T22:54:01.514+0000] {dag.py:3340} INFO - Setting next_dagrun for example_branch_python_operator_decorator to 2023-03-22T00:00:00+00:00, run_after=2023-03-23T00:00:00+00:00
[2023-03-23T22:54:01.542+0000] {processor.py:176} INFO - Processing /home/airflow/.local/lib/python3.7/site-packages/airflow/example_dags/example_branch_operator_decorator.py took 0.164 seconds
[2023-03-23T22:54:32.204+0000] {processor.py:154} INFO - Started process (PID=684) to work on /home/airflow/.local/lib/python3.7/site-packages/airflow/example_dags/example_branch_operator_decorator.py
[2023-03-23T22:54:32.206+0000] {processor.py:756} INFO - Processing file /home/airflow/.local/lib/python3.7/site-packages/airflow/example_dags/example_branch_operator_decorator.py for tasks to queue
[2023-03-23T22:54:32.208+0000] {logging_mixin.py:120} INFO - [2023-03-23T22:54:32.207+0000] {dagbag.py:537} INFO - Filling up the DagBag from /home/airflow/.local/lib/python3.7/site-packages/airflow/example_dags/example_branch_operator_decorator.py
[2023-03-23T22:54:32.255+0000] {processor.py:766} INFO - DAG(s) dict_keys(['example_branch_python_operator_decorator']) retrieved from /home/airflow/.local/lib/python3.7/site-packages/airflow/example_dags/example_branch_operator_decorator.py
[2023-03-23T22:54:32.359+0000] {logging_mixin.py:120} INFO - [2023-03-23T22:54:32.359+0000] {dag.py:2585} INFO - Sync 1 DAGs
[2023-03-23T22:54:32.462+0000] {logging_mixin.py:120} INFO - [2023-03-23T22:54:32.462+0000] {dag.py:3340} INFO - Setting next_dagrun for example_branch_python_operator_decorator to 2023-03-22T00:00:00+00:00, run_after=2023-03-23T00:00:00+00:00
[2023-03-23T22:54:32.524+0000] {processor.py:176} INFO - Processing /home/airflow/.local/lib/python3.7/site-packages/airflow/example_dags/example_branch_operator_decorator.py took 0.325 seconds
[2023-03-23T22:55:02.823+0000] {processor.py:154} INFO - Started process (PID=749) to work on /home/airflow/.local/lib/python3.7/site-packages/airflow/example_dags/example_branch_operator_decorator.py
[2023-03-23T22:55:02.824+0000] {processor.py:756} INFO - Processing file /home/airflow/.local/lib/python3.7/site-packages/airflow/example_dags/example_branch_operator_decorator.py for tasks to queue
[2023-03-23T22:55:02.825+0000] {logging_mixin.py:120} INFO - [2023-03-23T22:55:02.825+0000] {dagbag.py:537} INFO - Filling up the DagBag from /home/airflow/.local/lib/python3.7/site-packages/airflow/example_dags/example_branch_operator_decorator.py
[2023-03-23T22:55:02.849+0000] {processor.py:766} INFO - DAG(s) dict_keys(['example_branch_python_operator_decorator']) retrieved from /home/airflow/.local/lib/python3.7/site-packages/airflow/example_dags/example_branch_operator_decorator.py
[2023-03-23T22:55:02.889+0000] {logging_mixin.py:120} INFO - [2023-03-23T22:55:02.888+0000] {dag.py:2585} INFO - Sync 1 DAGs
[2023-03-23T22:55:02.917+0000] {logging_mixin.py:120} INFO - [2023-03-23T22:55:02.917+0000] {dag.py:3340} INFO - Setting next_dagrun for example_branch_python_operator_decorator to 2023-03-22T00:00:00+00:00, run_after=2023-03-23T00:00:00+00:00
[2023-03-23T22:55:02.938+0000] {processor.py:176} INFO - Processing /home/airflow/.local/lib/python3.7/site-packages/airflow/example_dags/example_branch_operator_decorator.py took 0.118 seconds
[2023-03-23T22:55:33.156+0000] {processor.py:154} INFO - Started process (PID=812) to work on /home/airflow/.local/lib/python3.7/site-packages/airflow/example_dags/example_branch_operator_decorator.py
[2023-03-23T22:55:33.157+0000] {processor.py:756} INFO - Processing file /home/airflow/.local/lib/python3.7/site-packages/airflow/example_dags/example_branch_operator_decorator.py for tasks to queue
[2023-03-23T22:55:33.157+0000] {logging_mixin.py:120} INFO - [2023-03-23T22:55:33.157+0000] {dagbag.py:537} INFO - Filling up the DagBag from /home/airflow/.local/lib/python3.7/site-packages/airflow/example_dags/example_branch_operator_decorator.py
[2023-03-23T22:55:33.190+0000] {processor.py:766} INFO - DAG(s) dict_keys(['example_branch_python_operator_decorator']) retrieved from /home/airflow/.local/lib/python3.7/site-packages/airflow/example_dags/example_branch_operator_decorator.py
[2023-03-23T22:55:33.232+0000] {logging_mixin.py:120} INFO - [2023-03-23T22:55:33.232+0000] {dag.py:2585} INFO - Sync 1 DAGs
[2023-03-23T22:55:33.259+0000] {logging_mixin.py:120} INFO - [2023-03-23T22:55:33.259+0000] {dag.py:3340} INFO - Setting next_dagrun for example_branch_python_operator_decorator to 2023-03-22T00:00:00+00:00, run_after=2023-03-23T00:00:00+00:00
[2023-03-23T22:55:33.281+0000] {processor.py:176} INFO - Processing /home/airflow/.local/lib/python3.7/site-packages/airflow/example_dags/example_branch_operator_decorator.py took 0.129 seconds
[2023-03-23T22:56:03.704+0000] {processor.py:154} INFO - Started process (PID=864) to work on /home/airflow/.local/lib/python3.7/site-packages/airflow/example_dags/example_branch_operator_decorator.py
[2023-03-23T22:56:03.706+0000] {processor.py:756} INFO - Processing file /home/airflow/.local/lib/python3.7/site-packages/airflow/example_dags/example_branch_operator_decorator.py for tasks to queue
[2023-03-23T22:56:03.708+0000] {logging_mixin.py:120} INFO - [2023-03-23T22:56:03.707+0000] {dagbag.py:537} INFO - Filling up the DagBag from /home/airflow/.local/lib/python3.7/site-packages/airflow/example_dags/example_branch_operator_decorator.py
[2023-03-23T22:56:03.743+0000] {processor.py:766} INFO - DAG(s) dict_keys(['example_branch_python_operator_decorator']) retrieved from /home/airflow/.local/lib/python3.7/site-packages/airflow/example_dags/example_branch_operator_decorator.py
[2023-03-23T22:56:03.792+0000] {logging_mixin.py:120} INFO - [2023-03-23T22:56:03.792+0000] {dag.py:2585} INFO - Sync 1 DAGs
[2023-03-23T22:56:03.826+0000] {logging_mixin.py:120} INFO - [2023-03-23T22:56:03.826+0000] {dag.py:3340} INFO - Setting next_dagrun for example_branch_python_operator_decorator to 2023-03-22T00:00:00+00:00, run_after=2023-03-23T00:00:00+00:00
[2023-03-23T22:56:03.855+0000] {processor.py:176} INFO - Processing /home/airflow/.local/lib/python3.7/site-packages/airflow/example_dags/example_branch_operator_decorator.py took 0.157 seconds
[2023-03-23T22:56:34.163+0000] {processor.py:154} INFO - Started process (PID=927) to work on /home/airflow/.local/lib/python3.7/site-packages/airflow/example_dags/example_branch_operator_decorator.py
[2023-03-23T22:56:34.164+0000] {processor.py:756} INFO - Processing file /home/airflow/.local/lib/python3.7/site-packages/airflow/example_dags/example_branch_operator_decorator.py for tasks to queue
[2023-03-23T22:56:34.165+0000] {logging_mixin.py:120} INFO - [2023-03-23T22:56:34.165+0000] {dagbag.py:537} INFO - Filling up the DagBag from /home/airflow/.local/lib/python3.7/site-packages/airflow/example_dags/example_branch_operator_decorator.py
[2023-03-23T22:56:34.188+0000] {processor.py:766} INFO - DAG(s) dict_keys(['example_branch_python_operator_decorator']) retrieved from /home/airflow/.local/lib/python3.7/site-packages/airflow/example_dags/example_branch_operator_decorator.py
[2023-03-23T22:56:34.232+0000] {logging_mixin.py:120} INFO - [2023-03-23T22:56:34.232+0000] {dag.py:2585} INFO - Sync 1 DAGs
[2023-03-23T22:56:34.261+0000] {logging_mixin.py:120} INFO - [2023-03-23T22:56:34.261+0000] {dag.py:3340} INFO - Setting next_dagrun for example_branch_python_operator_decorator to 2023-03-22T00:00:00+00:00, run_after=2023-03-23T00:00:00+00:00
[2023-03-23T22:56:34.310+0000] {processor.py:176} INFO - Processing /home/airflow/.local/lib/python3.7/site-packages/airflow/example_dags/example_branch_operator_decorator.py took 0.150 seconds
[2023-03-23T22:57:04.750+0000] {processor.py:154} INFO - Started process (PID=990) to work on /home/airflow/.local/lib/python3.7/site-packages/airflow/example_dags/example_branch_operator_decorator.py
[2023-03-23T22:57:04.752+0000] {processor.py:756} INFO - Processing file /home/airflow/.local/lib/python3.7/site-packages/airflow/example_dags/example_branch_operator_decorator.py for tasks to queue
[2023-03-23T22:57:04.753+0000] {logging_mixin.py:120} INFO - [2023-03-23T22:57:04.752+0000] {dagbag.py:537} INFO - Filling up the DagBag from /home/airflow/.local/lib/python3.7/site-packages/airflow/example_dags/example_branch_operator_decorator.py
[2023-03-23T22:57:04.776+0000] {processor.py:766} INFO - DAG(s) dict_keys(['example_branch_python_operator_decorator']) retrieved from /home/airflow/.local/lib/python3.7/site-packages/airflow/example_dags/example_branch_operator_decorator.py
[2023-03-23T22:57:04.820+0000] {logging_mixin.py:120} INFO - [2023-03-23T22:57:04.820+0000] {dag.py:2585} INFO - Sync 1 DAGs
[2023-03-23T22:57:04.849+0000] {logging_mixin.py:120} INFO - [2023-03-23T22:57:04.849+0000] {dag.py:3340} INFO - Setting next_dagrun for example_branch_python_operator_decorator to 2023-03-22T00:00:00+00:00, run_after=2023-03-23T00:00:00+00:00
[2023-03-23T22:57:04.874+0000] {processor.py:176} INFO - Processing /home/airflow/.local/lib/python3.7/site-packages/airflow/example_dags/example_branch_operator_decorator.py took 0.127 seconds
[2023-03-23T22:57:34.937+0000] {processor.py:154} INFO - Started process (PID=1044) to work on /home/airflow/.local/lib/python3.7/site-packages/airflow/example_dags/example_branch_operator_decorator.py
[2023-03-23T22:57:34.938+0000] {processor.py:756} INFO - Processing file /home/airflow/.local/lib/python3.7/site-packages/airflow/example_dags/example_branch_operator_decorator.py for tasks to queue
[2023-03-23T22:57:34.940+0000] {logging_mixin.py:120} INFO - [2023-03-23T22:57:34.939+0000] {dagbag.py:537} INFO - Filling up the DagBag from /home/airflow/.local/lib/python3.7/site-packages/airflow/example_dags/example_branch_operator_decorator.py
[2023-03-23T22:57:34.966+0000] {processor.py:766} INFO - DAG(s) dict_keys(['example_branch_python_operator_decorator']) retrieved from /home/airflow/.local/lib/python3.7/site-packages/airflow/example_dags/example_branch_operator_decorator.py
[2023-03-23T22:57:35.006+0000] {logging_mixin.py:120} INFO - [2023-03-23T22:57:35.006+0000] {dag.py:2585} INFO - Sync 1 DAGs
[2023-03-23T22:57:35.035+0000] {logging_mixin.py:120} INFO - [2023-03-23T22:57:35.035+0000] {dag.py:3340} INFO - Setting next_dagrun for example_branch_python_operator_decorator to 2023-03-22T00:00:00+00:00, run_after=2023-03-23T00:00:00+00:00
[2023-03-23T22:57:35.056+0000] {processor.py:176} INFO - Processing /home/airflow/.local/lib/python3.7/site-packages/airflow/example_dags/example_branch_operator_decorator.py took 0.123 seconds
[2023-03-23T22:58:05.592+0000] {processor.py:154} INFO - Started process (PID=1104) to work on /home/airflow/.local/lib/python3.7/site-packages/airflow/example_dags/example_branch_operator_decorator.py
[2023-03-23T22:58:05.593+0000] {processor.py:756} INFO - Processing file /home/airflow/.local/lib/python3.7/site-packages/airflow/example_dags/example_branch_operator_decorator.py for tasks to queue
[2023-03-23T22:58:05.594+0000] {logging_mixin.py:120} INFO - [2023-03-23T22:58:05.594+0000] {dagbag.py:537} INFO - Filling up the DagBag from /home/airflow/.local/lib/python3.7/site-packages/airflow/example_dags/example_branch_operator_decorator.py
[2023-03-23T22:58:05.631+0000] {processor.py:766} INFO - DAG(s) dict_keys(['example_branch_python_operator_decorator']) retrieved from /home/airflow/.local/lib/python3.7/site-packages/airflow/example_dags/example_branch_operator_decorator.py
[2023-03-23T22:58:05.683+0000] {logging_mixin.py:120} INFO - [2023-03-23T22:58:05.683+0000] {dag.py:2585} INFO - Sync 1 DAGs
[2023-03-23T22:58:05.719+0000] {logging_mixin.py:120} INFO - [2023-03-23T22:58:05.719+0000] {dag.py:3340} INFO - Setting next_dagrun for example_branch_python_operator_decorator to 2023-03-22T00:00:00+00:00, run_after=2023-03-23T00:00:00+00:00
[2023-03-23T22:58:05.743+0000] {processor.py:176} INFO - Processing /home/airflow/.local/lib/python3.7/site-packages/airflow/example_dags/example_branch_operator_decorator.py took 0.155 seconds
[2023-03-23T22:58:35.961+0000] {processor.py:154} INFO - Started process (PID=1167) to work on /home/airflow/.local/lib/python3.7/site-packages/airflow/example_dags/example_branch_operator_decorator.py
[2023-03-23T22:58:35.962+0000] {processor.py:756} INFO - Processing file /home/airflow/.local/lib/python3.7/site-packages/airflow/example_dags/example_branch_operator_decorator.py for tasks to queue
[2023-03-23T22:58:35.963+0000] {logging_mixin.py:120} INFO - [2023-03-23T22:58:35.963+0000] {dagbag.py:537} INFO - Filling up the DagBag from /home/airflow/.local/lib/python3.7/site-packages/airflow/example_dags/example_branch_operator_decorator.py
[2023-03-23T22:58:35.987+0000] {processor.py:766} INFO - DAG(s) dict_keys(['example_branch_python_operator_decorator']) retrieved from /home/airflow/.local/lib/python3.7/site-packages/airflow/example_dags/example_branch_operator_decorator.py
[2023-03-23T22:58:36.032+0000] {logging_mixin.py:120} INFO - [2023-03-23T22:58:36.032+0000] {dag.py:2585} INFO - Sync 1 DAGs
[2023-03-23T22:58:36.058+0000] {logging_mixin.py:120} INFO - [2023-03-23T22:58:36.057+0000] {dag.py:3340} INFO - Setting next_dagrun for example_branch_python_operator_decorator to 2023-03-22T00:00:00+00:00, run_after=2023-03-23T00:00:00+00:00
[2023-03-23T22:58:36.080+0000] {processor.py:176} INFO - Processing /home/airflow/.local/lib/python3.7/site-packages/airflow/example_dags/example_branch_operator_decorator.py took 0.122 seconds
[2023-03-23T22:59:06.367+0000] {processor.py:154} INFO - Started process (PID=1221) to work on /home/airflow/.local/lib/python3.7/site-packages/airflow/example_dags/example_branch_operator_decorator.py
[2023-03-23T22:59:06.368+0000] {processor.py:756} INFO - Processing file /home/airflow/.local/lib/python3.7/site-packages/airflow/example_dags/example_branch_operator_decorator.py for tasks to queue
[2023-03-23T22:59:06.369+0000] {logging_mixin.py:120} INFO - [2023-03-23T22:59:06.369+0000] {dagbag.py:537} INFO - Filling up the DagBag from /home/airflow/.local/lib/python3.7/site-packages/airflow/example_dags/example_branch_operator_decorator.py
[2023-03-23T22:59:06.391+0000] {processor.py:766} INFO - DAG(s) dict_keys(['example_branch_python_operator_decorator']) retrieved from /home/airflow/.local/lib/python3.7/site-packages/airflow/example_dags/example_branch_operator_decorator.py
[2023-03-23T22:59:06.430+0000] {logging_mixin.py:120} INFO - [2023-03-23T22:59:06.430+0000] {dag.py:2585} INFO - Sync 1 DAGs
[2023-03-23T22:59:06.460+0000] {logging_mixin.py:120} INFO - [2023-03-23T22:59:06.460+0000] {dag.py:3340} INFO - Setting next_dagrun for example_branch_python_operator_decorator to 2023-03-22T00:00:00+00:00, run_after=2023-03-23T00:00:00+00:00
[2023-03-23T22:59:06.481+0000] {processor.py:176} INFO - Processing /home/airflow/.local/lib/python3.7/site-packages/airflow/example_dags/example_branch_operator_decorator.py took 0.117 seconds
[2023-03-23T22:59:37.101+0000] {processor.py:154} INFO - Started process (PID=1284) to work on /home/airflow/.local/lib/python3.7/site-packages/airflow/example_dags/example_branch_operator_decorator.py
[2023-03-23T22:59:37.103+0000] {processor.py:756} INFO - Processing file /home/airflow/.local/lib/python3.7/site-packages/airflow/example_dags/example_branch_operator_decorator.py for tasks to queue
[2023-03-23T22:59:37.103+0000] {logging_mixin.py:120} INFO - [2023-03-23T22:59:37.103+0000] {dagbag.py:537} INFO - Filling up the DagBag from /home/airflow/.local/lib/python3.7/site-packages/airflow/example_dags/example_branch_operator_decorator.py
[2023-03-23T22:59:37.130+0000] {processor.py:766} INFO - DAG(s) dict_keys(['example_branch_python_operator_decorator']) retrieved from /home/airflow/.local/lib/python3.7/site-packages/airflow/example_dags/example_branch_operator_decorator.py
[2023-03-23T22:59:37.174+0000] {logging_mixin.py:120} INFO - [2023-03-23T22:59:37.174+0000] {dag.py:2585} INFO - Sync 1 DAGs
[2023-03-23T22:59:37.202+0000] {logging_mixin.py:120} INFO - [2023-03-23T22:59:37.202+0000] {dag.py:3340} INFO - Setting next_dagrun for example_branch_python_operator_decorator to 2023-03-22T00:00:00+00:00, run_after=2023-03-23T00:00:00+00:00
[2023-03-23T22:59:37.229+0000] {processor.py:176} INFO - Processing /home/airflow/.local/lib/python3.7/site-packages/airflow/example_dags/example_branch_operator_decorator.py took 0.130 seconds
