[2023-03-23T22:48:36.519+0000] {processor.py:154} INFO - Started process (PID=60) to work on /home/airflow/.local/lib/python3.7/site-packages/airflow/example_dags/example_kubernetes_executor.py
[2023-03-23T22:48:36.530+0000] {processor.py:756} INFO - Processing file /home/airflow/.local/lib/python3.7/site-packages/airflow/example_dags/example_kubernetes_executor.py for tasks to queue
[2023-03-23T22:48:36.533+0000] {logging_mixin.py:120} INFO - [2023-03-23T22:48:36.532+0000] {dagbag.py:537} INFO - Filling up the DagBag from /home/airflow/.local/lib/python3.7/site-packages/airflow/example_dags/example_kubernetes_executor.py
[2023-03-23T22:48:36.709+0000] {processor.py:766} INFO - DAG(s) dict_keys(['example_kubernetes_executor']) retrieved from /home/airflow/.local/lib/python3.7/site-packages/airflow/example_dags/example_kubernetes_executor.py
[2023-03-23T22:48:37.371+0000] {logging_mixin.py:120} INFO - [2023-03-23T22:48:37.370+0000] {manager.py:507} INFO - Created Permission View: can edit on DAG:example_kubernetes_executor
[2023-03-23T22:48:37.550+0000] {logging_mixin.py:120} INFO - [2023-03-23T22:48:37.550+0000] {manager.py:507} INFO - Created Permission View: can read on DAG:example_kubernetes_executor
[2023-03-23T22:48:37.629+0000] {logging_mixin.py:120} INFO - [2023-03-23T22:48:37.629+0000] {manager.py:507} INFO - Created Permission View: can delete on DAG:example_kubernetes_executor
[2023-03-23T22:48:37.631+0000] {logging_mixin.py:120} INFO - [2023-03-23T22:48:37.630+0000] {dag.py:2585} INFO - Sync 1 DAGs
[2023-03-23T22:48:37.666+0000] {logging_mixin.py:120} INFO - [2023-03-23T22:48:37.665+0000] {dag.py:2606} INFO - Creating ORM DAG for example_kubernetes_executor
[2023-03-23T22:48:37.741+0000] {logging_mixin.py:120} INFO - [2023-03-23T22:48:37.741+0000] {dag.py:3340} INFO - Setting next_dagrun for example_kubernetes_executor to None, run_after=None
[2023-03-23T22:48:37.873+0000] {processor.py:176} INFO - Processing /home/airflow/.local/lib/python3.7/site-packages/airflow/example_dags/example_kubernetes_executor.py took 1.359 seconds
[2023-03-23T22:49:13.786+0000] {processor.py:154} INFO - Started process (PID=114) to work on /home/airflow/.local/lib/python3.7/site-packages/airflow/example_dags/example_kubernetes_executor.py
[2023-03-23T22:49:13.796+0000] {processor.py:756} INFO - Processing file /home/airflow/.local/lib/python3.7/site-packages/airflow/example_dags/example_kubernetes_executor.py for tasks to queue
[2023-03-23T22:49:13.817+0000] {logging_mixin.py:120} INFO - [2023-03-23T22:49:13.816+0000] {dagbag.py:537} INFO - Filling up the DagBag from /home/airflow/.local/lib/python3.7/site-packages/airflow/example_dags/example_kubernetes_executor.py
[2023-03-23T22:49:14.073+0000] {processor.py:766} INFO - DAG(s) dict_keys(['example_kubernetes_executor']) retrieved from /home/airflow/.local/lib/python3.7/site-packages/airflow/example_dags/example_kubernetes_executor.py
[2023-03-23T22:49:14.529+0000] {logging_mixin.py:120} INFO - [2023-03-23T22:49:14.528+0000] {dag.py:2585} INFO - Sync 1 DAGs
[2023-03-23T22:49:14.695+0000] {logging_mixin.py:120} INFO - [2023-03-23T22:49:14.694+0000] {dag.py:3340} INFO - Setting next_dagrun for example_kubernetes_executor to None, run_after=None
[2023-03-23T22:49:14.811+0000] {processor.py:176} INFO - Processing /home/airflow/.local/lib/python3.7/site-packages/airflow/example_dags/example_kubernetes_executor.py took 1.046 seconds
[2023-03-23T22:49:52.517+0000] {processor.py:154} INFO - Started process (PID=169) to work on /home/airflow/.local/lib/python3.7/site-packages/airflow/example_dags/example_kubernetes_executor.py
[2023-03-23T22:49:52.521+0000] {processor.py:756} INFO - Processing file /home/airflow/.local/lib/python3.7/site-packages/airflow/example_dags/example_kubernetes_executor.py for tasks to queue
[2023-03-23T22:49:52.552+0000] {logging_mixin.py:120} INFO - [2023-03-23T22:49:52.551+0000] {dagbag.py:537} INFO - Filling up the DagBag from /home/airflow/.local/lib/python3.7/site-packages/airflow/example_dags/example_kubernetes_executor.py
[2023-03-23T22:49:52.682+0000] {processor.py:766} INFO - DAG(s) dict_keys(['example_kubernetes_executor']) retrieved from /home/airflow/.local/lib/python3.7/site-packages/airflow/example_dags/example_kubernetes_executor.py
[2023-03-23T22:49:52.879+0000] {logging_mixin.py:120} INFO - [2023-03-23T22:49:52.879+0000] {dag.py:2585} INFO - Sync 1 DAGs
[2023-03-23T22:49:53.012+0000] {logging_mixin.py:120} INFO - [2023-03-23T22:49:53.012+0000] {dag.py:3340} INFO - Setting next_dagrun for example_kubernetes_executor to None, run_after=None
[2023-03-23T22:49:53.129+0000] {processor.py:176} INFO - Processing /home/airflow/.local/lib/python3.7/site-packages/airflow/example_dags/example_kubernetes_executor.py took 0.617 seconds
[2023-03-23T22:50:23.558+0000] {processor.py:154} INFO - Started process (PID=221) to work on /home/airflow/.local/lib/python3.7/site-packages/airflow/example_dags/example_kubernetes_executor.py
[2023-03-23T22:50:23.562+0000] {processor.py:756} INFO - Processing file /home/airflow/.local/lib/python3.7/site-packages/airflow/example_dags/example_kubernetes_executor.py for tasks to queue
[2023-03-23T22:50:23.566+0000] {logging_mixin.py:120} INFO - [2023-03-23T22:50:23.566+0000] {dagbag.py:537} INFO - Filling up the DagBag from /home/airflow/.local/lib/python3.7/site-packages/airflow/example_dags/example_kubernetes_executor.py
[2023-03-23T22:50:23.738+0000] {processor.py:766} INFO - DAG(s) dict_keys(['example_kubernetes_executor']) retrieved from /home/airflow/.local/lib/python3.7/site-packages/airflow/example_dags/example_kubernetes_executor.py
[2023-03-23T22:50:23.975+0000] {logging_mixin.py:120} INFO - [2023-03-23T22:50:23.974+0000] {dag.py:2585} INFO - Sync 1 DAGs
[2023-03-23T22:50:24.078+0000] {logging_mixin.py:120} INFO - [2023-03-23T22:50:24.077+0000] {dag.py:3340} INFO - Setting next_dagrun for example_kubernetes_executor to None, run_after=None
[2023-03-23T22:50:24.178+0000] {processor.py:176} INFO - Processing /home/airflow/.local/lib/python3.7/site-packages/airflow/example_dags/example_kubernetes_executor.py took 0.624 seconds
[2023-03-23T22:50:54.836+0000] {processor.py:154} INFO - Started process (PID=268) to work on /home/airflow/.local/lib/python3.7/site-packages/airflow/example_dags/example_kubernetes_executor.py
[2023-03-23T22:50:54.838+0000] {processor.py:756} INFO - Processing file /home/airflow/.local/lib/python3.7/site-packages/airflow/example_dags/example_kubernetes_executor.py for tasks to queue
[2023-03-23T22:50:54.847+0000] {logging_mixin.py:120} INFO - [2023-03-23T22:50:54.839+0000] {dagbag.py:537} INFO - Filling up the DagBag from /home/airflow/.local/lib/python3.7/site-packages/airflow/example_dags/example_kubernetes_executor.py
[2023-03-23T22:50:54.959+0000] {processor.py:766} INFO - DAG(s) dict_keys(['example_kubernetes_executor']) retrieved from /home/airflow/.local/lib/python3.7/site-packages/airflow/example_dags/example_kubernetes_executor.py
[2023-03-23T22:50:55.108+0000] {logging_mixin.py:120} INFO - [2023-03-23T22:50:55.108+0000] {dag.py:2585} INFO - Sync 1 DAGs
[2023-03-23T22:50:55.216+0000] {logging_mixin.py:120} INFO - [2023-03-23T22:50:55.216+0000] {dag.py:3340} INFO - Setting next_dagrun for example_kubernetes_executor to None, run_after=None
[2023-03-23T22:50:55.895+0000] {processor.py:176} INFO - Processing /home/airflow/.local/lib/python3.7/site-packages/airflow/example_dags/example_kubernetes_executor.py took 1.063 seconds
[2023-03-23T22:51:26.188+0000] {processor.py:154} INFO - Started process (PID=330) to work on /home/airflow/.local/lib/python3.7/site-packages/airflow/example_dags/example_kubernetes_executor.py
[2023-03-23T22:51:26.200+0000] {processor.py:756} INFO - Processing file /home/airflow/.local/lib/python3.7/site-packages/airflow/example_dags/example_kubernetes_executor.py for tasks to queue
[2023-03-23T22:51:26.221+0000] {logging_mixin.py:120} INFO - [2023-03-23T22:51:26.221+0000] {dagbag.py:537} INFO - Filling up the DagBag from /home/airflow/.local/lib/python3.7/site-packages/airflow/example_dags/example_kubernetes_executor.py
[2023-03-23T22:51:26.356+0000] {processor.py:766} INFO - DAG(s) dict_keys(['example_kubernetes_executor']) retrieved from /home/airflow/.local/lib/python3.7/site-packages/airflow/example_dags/example_kubernetes_executor.py
[2023-03-23T22:51:26.566+0000] {logging_mixin.py:120} INFO - [2023-03-23T22:51:26.553+0000] {dag.py:2585} INFO - Sync 1 DAGs
[2023-03-23T22:51:26.666+0000] {logging_mixin.py:120} INFO - [2023-03-23T22:51:26.665+0000] {dag.py:3340} INFO - Setting next_dagrun for example_kubernetes_executor to None, run_after=None
[2023-03-23T22:51:26.792+0000] {processor.py:176} INFO - Processing /home/airflow/.local/lib/python3.7/site-packages/airflow/example_dags/example_kubernetes_executor.py took 0.609 seconds
[2023-03-23T22:51:57.941+0000] {processor.py:154} INFO - Started process (PID=386) to work on /home/airflow/.local/lib/python3.7/site-packages/airflow/example_dags/example_kubernetes_executor.py
[2023-03-23T22:51:57.943+0000] {processor.py:756} INFO - Processing file /home/airflow/.local/lib/python3.7/site-packages/airflow/example_dags/example_kubernetes_executor.py for tasks to queue
[2023-03-23T22:51:57.944+0000] {logging_mixin.py:120} INFO - [2023-03-23T22:51:57.944+0000] {dagbag.py:537} INFO - Filling up the DagBag from /home/airflow/.local/lib/python3.7/site-packages/airflow/example_dags/example_kubernetes_executor.py
[2023-03-23T22:51:58.029+0000] {processor.py:766} INFO - DAG(s) dict_keys(['example_kubernetes_executor']) retrieved from /home/airflow/.local/lib/python3.7/site-packages/airflow/example_dags/example_kubernetes_executor.py
[2023-03-23T22:51:58.183+0000] {logging_mixin.py:120} INFO - [2023-03-23T22:51:58.180+0000] {dag.py:2585} INFO - Sync 1 DAGs
[2023-03-23T22:51:58.298+0000] {logging_mixin.py:120} INFO - [2023-03-23T22:51:58.298+0000] {dag.py:3340} INFO - Setting next_dagrun for example_kubernetes_executor to None, run_after=None
[2023-03-23T22:51:58.373+0000] {processor.py:176} INFO - Processing /home/airflow/.local/lib/python3.7/site-packages/airflow/example_dags/example_kubernetes_executor.py took 0.438 seconds
[2023-03-23T22:52:29.221+0000] {processor.py:154} INFO - Started process (PID=450) to work on /home/airflow/.local/lib/python3.7/site-packages/airflow/example_dags/example_kubernetes_executor.py
[2023-03-23T22:52:29.222+0000] {processor.py:756} INFO - Processing file /home/airflow/.local/lib/python3.7/site-packages/airflow/example_dags/example_kubernetes_executor.py for tasks to queue
[2023-03-23T22:52:29.222+0000] {logging_mixin.py:120} INFO - [2023-03-23T22:52:29.222+0000] {dagbag.py:537} INFO - Filling up the DagBag from /home/airflow/.local/lib/python3.7/site-packages/airflow/example_dags/example_kubernetes_executor.py
[2023-03-23T22:52:29.251+0000] {processor.py:766} INFO - DAG(s) dict_keys(['example_kubernetes_executor']) retrieved from /home/airflow/.local/lib/python3.7/site-packages/airflow/example_dags/example_kubernetes_executor.py
[2023-03-23T22:52:29.299+0000] {logging_mixin.py:120} INFO - [2023-03-23T22:52:29.299+0000] {dag.py:2585} INFO - Sync 1 DAGs
[2023-03-23T22:52:29.342+0000] {logging_mixin.py:120} INFO - [2023-03-23T22:52:29.341+0000] {dag.py:3340} INFO - Setting next_dagrun for example_kubernetes_executor to None, run_after=None
[2023-03-23T22:52:29.386+0000] {processor.py:176} INFO - Processing /home/airflow/.local/lib/python3.7/site-packages/airflow/example_dags/example_kubernetes_executor.py took 0.169 seconds
[2023-03-23T22:52:59.786+0000] {processor.py:154} INFO - Started process (PID=513) to work on /home/airflow/.local/lib/python3.7/site-packages/airflow/example_dags/example_kubernetes_executor.py
[2023-03-23T22:52:59.788+0000] {processor.py:756} INFO - Processing file /home/airflow/.local/lib/python3.7/site-packages/airflow/example_dags/example_kubernetes_executor.py for tasks to queue
[2023-03-23T22:52:59.789+0000] {logging_mixin.py:120} INFO - [2023-03-23T22:52:59.789+0000] {dagbag.py:537} INFO - Filling up the DagBag from /home/airflow/.local/lib/python3.7/site-packages/airflow/example_dags/example_kubernetes_executor.py
[2023-03-23T22:52:59.851+0000] {processor.py:766} INFO - DAG(s) dict_keys(['example_kubernetes_executor']) retrieved from /home/airflow/.local/lib/python3.7/site-packages/airflow/example_dags/example_kubernetes_executor.py
[2023-03-23T22:52:59.938+0000] {logging_mixin.py:120} INFO - [2023-03-23T22:52:59.937+0000] {dag.py:2585} INFO - Sync 1 DAGs
[2023-03-23T22:52:59.995+0000] {logging_mixin.py:120} INFO - [2023-03-23T22:52:59.994+0000] {dag.py:3340} INFO - Setting next_dagrun for example_kubernetes_executor to None, run_after=None
[2023-03-23T22:53:00.043+0000] {processor.py:176} INFO - Processing /home/airflow/.local/lib/python3.7/site-packages/airflow/example_dags/example_kubernetes_executor.py took 0.263 seconds
[2023-03-23T22:53:30.293+0000] {processor.py:154} INFO - Started process (PID=566) to work on /home/airflow/.local/lib/python3.7/site-packages/airflow/example_dags/example_kubernetes_executor.py
[2023-03-23T22:53:30.294+0000] {processor.py:756} INFO - Processing file /home/airflow/.local/lib/python3.7/site-packages/airflow/example_dags/example_kubernetes_executor.py for tasks to queue
[2023-03-23T22:53:30.295+0000] {logging_mixin.py:120} INFO - [2023-03-23T22:53:30.295+0000] {dagbag.py:537} INFO - Filling up the DagBag from /home/airflow/.local/lib/python3.7/site-packages/airflow/example_dags/example_kubernetes_executor.py
[2023-03-23T22:53:30.335+0000] {processor.py:766} INFO - DAG(s) dict_keys(['example_kubernetes_executor']) retrieved from /home/airflow/.local/lib/python3.7/site-packages/airflow/example_dags/example_kubernetes_executor.py
[2023-03-23T22:53:30.387+0000] {logging_mixin.py:120} INFO - [2023-03-23T22:53:30.387+0000] {dag.py:2585} INFO - Sync 1 DAGs
[2023-03-23T22:53:30.417+0000] {logging_mixin.py:120} INFO - [2023-03-23T22:53:30.417+0000] {dag.py:3340} INFO - Setting next_dagrun for example_kubernetes_executor to None, run_after=None
[2023-03-23T22:53:30.443+0000] {processor.py:176} INFO - Processing /home/airflow/.local/lib/python3.7/site-packages/airflow/example_dags/example_kubernetes_executor.py took 0.154 seconds
[2023-03-23T22:54:01.014+0000] {processor.py:154} INFO - Started process (PID=629) to work on /home/airflow/.local/lib/python3.7/site-packages/airflow/example_dags/example_kubernetes_executor.py
[2023-03-23T22:54:01.015+0000] {processor.py:756} INFO - Processing file /home/airflow/.local/lib/python3.7/site-packages/airflow/example_dags/example_kubernetes_executor.py for tasks to queue
[2023-03-23T22:54:01.018+0000] {logging_mixin.py:120} INFO - [2023-03-23T22:54:01.017+0000] {dagbag.py:537} INFO - Filling up the DagBag from /home/airflow/.local/lib/python3.7/site-packages/airflow/example_dags/example_kubernetes_executor.py
[2023-03-23T22:54:01.079+0000] {processor.py:766} INFO - DAG(s) dict_keys(['example_kubernetes_executor']) retrieved from /home/airflow/.local/lib/python3.7/site-packages/airflow/example_dags/example_kubernetes_executor.py
[2023-03-23T22:54:01.213+0000] {logging_mixin.py:120} INFO - [2023-03-23T22:54:01.213+0000] {dag.py:2585} INFO - Sync 1 DAGs
[2023-03-23T22:54:01.277+0000] {logging_mixin.py:120} INFO - [2023-03-23T22:54:01.277+0000] {dag.py:3340} INFO - Setting next_dagrun for example_kubernetes_executor to None, run_after=None
[2023-03-23T22:54:01.312+0000] {processor.py:176} INFO - Processing /home/airflow/.local/lib/python3.7/site-packages/airflow/example_dags/example_kubernetes_executor.py took 0.302 seconds
[2023-03-23T22:54:31.683+0000] {processor.py:154} INFO - Started process (PID=681) to work on /home/airflow/.local/lib/python3.7/site-packages/airflow/example_dags/example_kubernetes_executor.py
[2023-03-23T22:54:31.685+0000] {processor.py:756} INFO - Processing file /home/airflow/.local/lib/python3.7/site-packages/airflow/example_dags/example_kubernetes_executor.py for tasks to queue
[2023-03-23T22:54:31.687+0000] {logging_mixin.py:120} INFO - [2023-03-23T22:54:31.686+0000] {dagbag.py:537} INFO - Filling up the DagBag from /home/airflow/.local/lib/python3.7/site-packages/airflow/example_dags/example_kubernetes_executor.py
[2023-03-23T22:54:31.769+0000] {processor.py:766} INFO - DAG(s) dict_keys(['example_kubernetes_executor']) retrieved from /home/airflow/.local/lib/python3.7/site-packages/airflow/example_dags/example_kubernetes_executor.py
[2023-03-23T22:54:31.888+0000] {logging_mixin.py:120} INFO - [2023-03-23T22:54:31.888+0000] {dag.py:2585} INFO - Sync 1 DAGs
[2023-03-23T22:54:31.935+0000] {logging_mixin.py:120} INFO - [2023-03-23T22:54:31.934+0000] {dag.py:3340} INFO - Setting next_dagrun for example_kubernetes_executor to None, run_after=None
[2023-03-23T22:54:31.979+0000] {processor.py:176} INFO - Processing /home/airflow/.local/lib/python3.7/site-packages/airflow/example_dags/example_kubernetes_executor.py took 0.309 seconds
[2023-03-23T22:55:02.402+0000] {processor.py:154} INFO - Started process (PID=744) to work on /home/airflow/.local/lib/python3.7/site-packages/airflow/example_dags/example_kubernetes_executor.py
[2023-03-23T22:55:02.403+0000] {processor.py:756} INFO - Processing file /home/airflow/.local/lib/python3.7/site-packages/airflow/example_dags/example_kubernetes_executor.py for tasks to queue
[2023-03-23T22:55:02.404+0000] {logging_mixin.py:120} INFO - [2023-03-23T22:55:02.404+0000] {dagbag.py:537} INFO - Filling up the DagBag from /home/airflow/.local/lib/python3.7/site-packages/airflow/example_dags/example_kubernetes_executor.py
[2023-03-23T22:55:02.436+0000] {processor.py:766} INFO - DAG(s) dict_keys(['example_kubernetes_executor']) retrieved from /home/airflow/.local/lib/python3.7/site-packages/airflow/example_dags/example_kubernetes_executor.py
[2023-03-23T22:55:02.482+0000] {logging_mixin.py:120} INFO - [2023-03-23T22:55:02.482+0000] {dag.py:2585} INFO - Sync 1 DAGs
[2023-03-23T22:55:02.508+0000] {logging_mixin.py:120} INFO - [2023-03-23T22:55:02.508+0000] {dag.py:3340} INFO - Setting next_dagrun for example_kubernetes_executor to None, run_after=None
[2023-03-23T22:55:02.531+0000] {processor.py:176} INFO - Processing /home/airflow/.local/lib/python3.7/site-packages/airflow/example_dags/example_kubernetes_executor.py took 0.132 seconds
[2023-03-23T22:55:32.891+0000] {processor.py:154} INFO - Started process (PID=807) to work on /home/airflow/.local/lib/python3.7/site-packages/airflow/example_dags/example_kubernetes_executor.py
[2023-03-23T22:55:32.892+0000] {processor.py:756} INFO - Processing file /home/airflow/.local/lib/python3.7/site-packages/airflow/example_dags/example_kubernetes_executor.py for tasks to queue
[2023-03-23T22:55:32.893+0000] {logging_mixin.py:120} INFO - [2023-03-23T22:55:32.893+0000] {dagbag.py:537} INFO - Filling up the DagBag from /home/airflow/.local/lib/python3.7/site-packages/airflow/example_dags/example_kubernetes_executor.py
[2023-03-23T22:55:32.920+0000] {processor.py:766} INFO - DAG(s) dict_keys(['example_kubernetes_executor']) retrieved from /home/airflow/.local/lib/python3.7/site-packages/airflow/example_dags/example_kubernetes_executor.py
[2023-03-23T22:55:32.960+0000] {logging_mixin.py:120} INFO - [2023-03-23T22:55:32.960+0000] {dag.py:2585} INFO - Sync 1 DAGs
[2023-03-23T22:55:32.990+0000] {logging_mixin.py:120} INFO - [2023-03-23T22:55:32.990+0000] {dag.py:3340} INFO - Setting next_dagrun for example_kubernetes_executor to None, run_after=None
[2023-03-23T22:55:33.012+0000] {processor.py:176} INFO - Processing /home/airflow/.local/lib/python3.7/site-packages/airflow/example_dags/example_kubernetes_executor.py took 0.124 seconds
[2023-03-23T22:56:03.435+0000] {processor.py:154} INFO - Started process (PID=861) to work on /home/airflow/.local/lib/python3.7/site-packages/airflow/example_dags/example_kubernetes_executor.py
[2023-03-23T22:56:03.439+0000] {processor.py:756} INFO - Processing file /home/airflow/.local/lib/python3.7/site-packages/airflow/example_dags/example_kubernetes_executor.py for tasks to queue
[2023-03-23T22:56:03.441+0000] {logging_mixin.py:120} INFO - [2023-03-23T22:56:03.441+0000] {dagbag.py:537} INFO - Filling up the DagBag from /home/airflow/.local/lib/python3.7/site-packages/airflow/example_dags/example_kubernetes_executor.py
[2023-03-23T22:56:03.491+0000] {processor.py:766} INFO - DAG(s) dict_keys(['example_kubernetes_executor']) retrieved from /home/airflow/.local/lib/python3.7/site-packages/airflow/example_dags/example_kubernetes_executor.py
[2023-03-23T22:56:03.542+0000] {logging_mixin.py:120} INFO - [2023-03-23T22:56:03.542+0000] {dag.py:2585} INFO - Sync 1 DAGs
[2023-03-23T22:56:03.570+0000] {logging_mixin.py:120} INFO - [2023-03-23T22:56:03.570+0000] {dag.py:3340} INFO - Setting next_dagrun for example_kubernetes_executor to None, run_after=None
[2023-03-23T22:56:03.604+0000] {processor.py:176} INFO - Processing /home/airflow/.local/lib/python3.7/site-packages/airflow/example_dags/example_kubernetes_executor.py took 0.174 seconds
[2023-03-23T22:56:33.693+0000] {processor.py:154} INFO - Started process (PID=922) to work on /home/airflow/.local/lib/python3.7/site-packages/airflow/example_dags/example_kubernetes_executor.py
[2023-03-23T22:56:33.694+0000] {processor.py:756} INFO - Processing file /home/airflow/.local/lib/python3.7/site-packages/airflow/example_dags/example_kubernetes_executor.py for tasks to queue
[2023-03-23T22:56:33.697+0000] {logging_mixin.py:120} INFO - [2023-03-23T22:56:33.696+0000] {dagbag.py:537} INFO - Filling up the DagBag from /home/airflow/.local/lib/python3.7/site-packages/airflow/example_dags/example_kubernetes_executor.py
[2023-03-23T22:56:33.729+0000] {processor.py:766} INFO - DAG(s) dict_keys(['example_kubernetes_executor']) retrieved from /home/airflow/.local/lib/python3.7/site-packages/airflow/example_dags/example_kubernetes_executor.py
[2023-03-23T22:56:33.780+0000] {logging_mixin.py:120} INFO - [2023-03-23T22:56:33.779+0000] {dag.py:2585} INFO - Sync 1 DAGs
[2023-03-23T22:56:33.806+0000] {logging_mixin.py:120} INFO - [2023-03-23T22:56:33.806+0000] {dag.py:3340} INFO - Setting next_dagrun for example_kubernetes_executor to None, run_after=None
[2023-03-23T22:56:33.831+0000] {processor.py:176} INFO - Processing /home/airflow/.local/lib/python3.7/site-packages/airflow/example_dags/example_kubernetes_executor.py took 0.142 seconds
[2023-03-23T22:57:04.208+0000] {processor.py:154} INFO - Started process (PID=985) to work on /home/airflow/.local/lib/python3.7/site-packages/airflow/example_dags/example_kubernetes_executor.py
[2023-03-23T22:57:04.209+0000] {processor.py:756} INFO - Processing file /home/airflow/.local/lib/python3.7/site-packages/airflow/example_dags/example_kubernetes_executor.py for tasks to queue
[2023-03-23T22:57:04.210+0000] {logging_mixin.py:120} INFO - [2023-03-23T22:57:04.210+0000] {dagbag.py:537} INFO - Filling up the DagBag from /home/airflow/.local/lib/python3.7/site-packages/airflow/example_dags/example_kubernetes_executor.py
[2023-03-23T22:57:04.251+0000] {processor.py:766} INFO - DAG(s) dict_keys(['example_kubernetes_executor']) retrieved from /home/airflow/.local/lib/python3.7/site-packages/airflow/example_dags/example_kubernetes_executor.py
[2023-03-23T22:57:04.318+0000] {logging_mixin.py:120} INFO - [2023-03-23T22:57:04.318+0000] {dag.py:2585} INFO - Sync 1 DAGs
[2023-03-23T22:57:04.349+0000] {logging_mixin.py:120} INFO - [2023-03-23T22:57:04.349+0000] {dag.py:3340} INFO - Setting next_dagrun for example_kubernetes_executor to None, run_after=None
[2023-03-23T22:57:04.381+0000] {processor.py:176} INFO - Processing /home/airflow/.local/lib/python3.7/site-packages/airflow/example_dags/example_kubernetes_executor.py took 0.177 seconds
[2023-03-23T22:57:34.641+0000] {processor.py:154} INFO - Started process (PID=1039) to work on /home/airflow/.local/lib/python3.7/site-packages/airflow/example_dags/example_kubernetes_executor.py
[2023-03-23T22:57:34.642+0000] {processor.py:756} INFO - Processing file /home/airflow/.local/lib/python3.7/site-packages/airflow/example_dags/example_kubernetes_executor.py for tasks to queue
[2023-03-23T22:57:34.643+0000] {logging_mixin.py:120} INFO - [2023-03-23T22:57:34.643+0000] {dagbag.py:537} INFO - Filling up the DagBag from /home/airflow/.local/lib/python3.7/site-packages/airflow/example_dags/example_kubernetes_executor.py
[2023-03-23T22:57:34.681+0000] {processor.py:766} INFO - DAG(s) dict_keys(['example_kubernetes_executor']) retrieved from /home/airflow/.local/lib/python3.7/site-packages/airflow/example_dags/example_kubernetes_executor.py
[2023-03-23T22:57:34.727+0000] {logging_mixin.py:120} INFO - [2023-03-23T22:57:34.726+0000] {dag.py:2585} INFO - Sync 1 DAGs
[2023-03-23T22:57:34.750+0000] {logging_mixin.py:120} INFO - [2023-03-23T22:57:34.749+0000] {dag.py:3340} INFO - Setting next_dagrun for example_kubernetes_executor to None, run_after=None
[2023-03-23T22:57:34.771+0000] {processor.py:176} INFO - Processing /home/airflow/.local/lib/python3.7/site-packages/airflow/example_dags/example_kubernetes_executor.py took 0.133 seconds
[2023-03-23T22:58:05.423+0000] {processor.py:154} INFO - Started process (PID=1101) to work on /home/airflow/.local/lib/python3.7/site-packages/airflow/example_dags/example_kubernetes_executor.py
[2023-03-23T22:58:05.425+0000] {processor.py:756} INFO - Processing file /home/airflow/.local/lib/python3.7/site-packages/airflow/example_dags/example_kubernetes_executor.py for tasks to queue
[2023-03-23T22:58:05.426+0000] {logging_mixin.py:120} INFO - [2023-03-23T22:58:05.426+0000] {dagbag.py:537} INFO - Filling up the DagBag from /home/airflow/.local/lib/python3.7/site-packages/airflow/example_dags/example_kubernetes_executor.py
[2023-03-23T22:58:05.453+0000] {processor.py:766} INFO - DAG(s) dict_keys(['example_kubernetes_executor']) retrieved from /home/airflow/.local/lib/python3.7/site-packages/airflow/example_dags/example_kubernetes_executor.py
[2023-03-23T22:58:05.496+0000] {logging_mixin.py:120} INFO - [2023-03-23T22:58:05.495+0000] {dag.py:2585} INFO - Sync 1 DAGs
[2023-03-23T22:58:05.527+0000] {logging_mixin.py:120} INFO - [2023-03-23T22:58:05.527+0000] {dag.py:3340} INFO - Setting next_dagrun for example_kubernetes_executor to None, run_after=None
[2023-03-23T22:58:05.559+0000] {processor.py:176} INFO - Processing /home/airflow/.local/lib/python3.7/site-packages/airflow/example_dags/example_kubernetes_executor.py took 0.139 seconds
[2023-03-23T22:58:35.656+0000] {processor.py:154} INFO - Started process (PID=1164) to work on /home/airflow/.local/lib/python3.7/site-packages/airflow/example_dags/example_kubernetes_executor.py
[2023-03-23T22:58:35.657+0000] {processor.py:756} INFO - Processing file /home/airflow/.local/lib/python3.7/site-packages/airflow/example_dags/example_kubernetes_executor.py for tasks to queue
[2023-03-23T22:58:35.658+0000] {logging_mixin.py:120} INFO - [2023-03-23T22:58:35.658+0000] {dagbag.py:537} INFO - Filling up the DagBag from /home/airflow/.local/lib/python3.7/site-packages/airflow/example_dags/example_kubernetes_executor.py
[2023-03-23T22:58:35.692+0000] {processor.py:766} INFO - DAG(s) dict_keys(['example_kubernetes_executor']) retrieved from /home/airflow/.local/lib/python3.7/site-packages/airflow/example_dags/example_kubernetes_executor.py
[2023-03-23T22:58:35.737+0000] {logging_mixin.py:120} INFO - [2023-03-23T22:58:35.737+0000] {dag.py:2585} INFO - Sync 1 DAGs
[2023-03-23T22:58:35.775+0000] {logging_mixin.py:120} INFO - [2023-03-23T22:58:35.775+0000] {dag.py:3340} INFO - Setting next_dagrun for example_kubernetes_executor to None, run_after=None
[2023-03-23T22:58:35.801+0000] {processor.py:176} INFO - Processing /home/airflow/.local/lib/python3.7/site-packages/airflow/example_dags/example_kubernetes_executor.py took 0.148 seconds
[2023-03-23T22:59:06.226+0000] {processor.py:154} INFO - Started process (PID=1218) to work on /home/airflow/.local/lib/python3.7/site-packages/airflow/example_dags/example_kubernetes_executor.py
[2023-03-23T22:59:06.227+0000] {processor.py:756} INFO - Processing file /home/airflow/.local/lib/python3.7/site-packages/airflow/example_dags/example_kubernetes_executor.py for tasks to queue
[2023-03-23T22:59:06.228+0000] {logging_mixin.py:120} INFO - [2023-03-23T22:59:06.228+0000] {dagbag.py:537} INFO - Filling up the DagBag from /home/airflow/.local/lib/python3.7/site-packages/airflow/example_dags/example_kubernetes_executor.py
[2023-03-23T22:59:06.252+0000] {processor.py:766} INFO - DAG(s) dict_keys(['example_kubernetes_executor']) retrieved from /home/airflow/.local/lib/python3.7/site-packages/airflow/example_dags/example_kubernetes_executor.py
[2023-03-23T22:59:06.295+0000] {logging_mixin.py:120} INFO - [2023-03-23T22:59:06.294+0000] {dag.py:2585} INFO - Sync 1 DAGs
[2023-03-23T22:59:06.318+0000] {logging_mixin.py:120} INFO - [2023-03-23T22:59:06.318+0000] {dag.py:3340} INFO - Setting next_dagrun for example_kubernetes_executor to None, run_after=None
[2023-03-23T22:59:06.341+0000] {processor.py:176} INFO - Processing /home/airflow/.local/lib/python3.7/site-packages/airflow/example_dags/example_kubernetes_executor.py took 0.119 seconds
[2023-03-23T22:59:36.952+0000] {processor.py:154} INFO - Started process (PID=1281) to work on /home/airflow/.local/lib/python3.7/site-packages/airflow/example_dags/example_kubernetes_executor.py
[2023-03-23T22:59:36.953+0000] {processor.py:756} INFO - Processing file /home/airflow/.local/lib/python3.7/site-packages/airflow/example_dags/example_kubernetes_executor.py for tasks to queue
[2023-03-23T22:59:36.954+0000] {logging_mixin.py:120} INFO - [2023-03-23T22:59:36.954+0000] {dagbag.py:537} INFO - Filling up the DagBag from /home/airflow/.local/lib/python3.7/site-packages/airflow/example_dags/example_kubernetes_executor.py
[2023-03-23T22:59:36.979+0000] {processor.py:766} INFO - DAG(s) dict_keys(['example_kubernetes_executor']) retrieved from /home/airflow/.local/lib/python3.7/site-packages/airflow/example_dags/example_kubernetes_executor.py
[2023-03-23T22:59:37.020+0000] {logging_mixin.py:120} INFO - [2023-03-23T22:59:37.020+0000] {dag.py:2585} INFO - Sync 1 DAGs
[2023-03-23T22:59:37.044+0000] {logging_mixin.py:120} INFO - [2023-03-23T22:59:37.043+0000] {dag.py:3340} INFO - Setting next_dagrun for example_kubernetes_executor to None, run_after=None
[2023-03-23T22:59:37.071+0000] {processor.py:176} INFO - Processing /home/airflow/.local/lib/python3.7/site-packages/airflow/example_dags/example_kubernetes_executor.py took 0.123 seconds
