[2023-03-23T22:48:36.248+0000] {processor.py:154} INFO - Started process (PID=59) to work on /home/airflow/.local/lib/python3.7/site-packages/airflow/example_dags/example_xcom.py
[2023-03-23T22:48:36.262+0000] {processor.py:756} INFO - Processing file /home/airflow/.local/lib/python3.7/site-packages/airflow/example_dags/example_xcom.py for tasks to queue
[2023-03-23T22:48:36.302+0000] {logging_mixin.py:120} INFO - [2023-03-23T22:48:36.302+0000] {dagbag.py:537} INFO - Filling up the DagBag from /home/airflow/.local/lib/python3.7/site-packages/airflow/example_dags/example_xcom.py
[2023-03-23T22:48:36.489+0000] {processor.py:766} INFO - DAG(s) dict_keys(['example_xcom']) retrieved from /home/airflow/.local/lib/python3.7/site-packages/airflow/example_dags/example_xcom.py
[2023-03-23T22:48:37.245+0000] {logging_mixin.py:120} INFO - [2023-03-23T22:48:37.245+0000] {manager.py:507} INFO - Created Permission View: can edit on DAG:example_xcom
[2023-03-23T22:48:37.331+0000] {logging_mixin.py:120} INFO - [2023-03-23T22:48:37.331+0000] {manager.py:507} INFO - Created Permission View: can read on DAG:example_xcom
[2023-03-23T22:48:37.488+0000] {logging_mixin.py:120} INFO - [2023-03-23T22:48:37.488+0000] {manager.py:507} INFO - Created Permission View: can delete on DAG:example_xcom
[2023-03-23T22:48:37.501+0000] {logging_mixin.py:120} INFO - [2023-03-23T22:48:37.501+0000] {dag.py:2585} INFO - Sync 1 DAGs
[2023-03-23T22:48:37.568+0000] {logging_mixin.py:120} INFO - [2023-03-23T22:48:37.568+0000] {dag.py:2606} INFO - Creating ORM DAG for example_xcom
[2023-03-23T22:48:37.634+0000] {logging_mixin.py:120} INFO - [2023-03-23T22:48:37.633+0000] {dag.py:3340} INFO - Setting next_dagrun for example_xcom to 2021-01-01T00:00:00+00:00, run_after=2021-01-01T00:00:00+00:00
[2023-03-23T22:48:37.764+0000] {processor.py:176} INFO - Processing /home/airflow/.local/lib/python3.7/site-packages/airflow/example_dags/example_xcom.py took 1.526 seconds
[2023-03-23T22:49:12.762+0000] {processor.py:154} INFO - Started process (PID=111) to work on /home/airflow/.local/lib/python3.7/site-packages/airflow/example_dags/example_xcom.py
[2023-03-23T22:49:12.764+0000] {processor.py:756} INFO - Processing file /home/airflow/.local/lib/python3.7/site-packages/airflow/example_dags/example_xcom.py for tasks to queue
[2023-03-23T22:49:12.802+0000] {logging_mixin.py:120} INFO - [2023-03-23T22:49:12.802+0000] {dagbag.py:537} INFO - Filling up the DagBag from /home/airflow/.local/lib/python3.7/site-packages/airflow/example_dags/example_xcom.py
[2023-03-23T22:49:13.020+0000] {processor.py:766} INFO - DAG(s) dict_keys(['example_xcom']) retrieved from /home/airflow/.local/lib/python3.7/site-packages/airflow/example_dags/example_xcom.py
[2023-03-23T22:49:13.377+0000] {logging_mixin.py:120} INFO - [2023-03-23T22:49:13.377+0000] {dag.py:2585} INFO - Sync 1 DAGs
[2023-03-23T22:49:13.578+0000] {logging_mixin.py:120} INFO - [2023-03-23T22:49:13.578+0000] {dag.py:3340} INFO - Setting next_dagrun for example_xcom to 2021-01-01T00:00:00+00:00, run_after=2021-01-01T00:00:00+00:00
[2023-03-23T22:49:13.705+0000] {processor.py:176} INFO - Processing /home/airflow/.local/lib/python3.7/site-packages/airflow/example_dags/example_xcom.py took 0.956 seconds
[2023-03-23T22:49:46.534+0000] {processor.py:154} INFO - Started process (PID=165) to work on /home/airflow/.local/lib/python3.7/site-packages/airflow/example_dags/example_xcom.py
[2023-03-23T22:49:46.563+0000] {processor.py:756} INFO - Processing file /home/airflow/.local/lib/python3.7/site-packages/airflow/example_dags/example_xcom.py for tasks to queue
[2023-03-23T22:49:46.588+0000] {logging_mixin.py:120} INFO - [2023-03-23T22:49:46.588+0000] {dagbag.py:537} INFO - Filling up the DagBag from /home/airflow/.local/lib/python3.7/site-packages/airflow/example_dags/example_xcom.py
[2023-03-23T22:49:46.721+0000] {processor.py:766} INFO - DAG(s) dict_keys(['example_xcom']) retrieved from /home/airflow/.local/lib/python3.7/site-packages/airflow/example_dags/example_xcom.py
[2023-03-23T22:49:46.917+0000] {logging_mixin.py:120} INFO - [2023-03-23T22:49:46.916+0000] {dag.py:2585} INFO - Sync 1 DAGs
[2023-03-23T22:49:47.046+0000] {logging_mixin.py:120} INFO - [2023-03-23T22:49:47.046+0000] {dag.py:3340} INFO - Setting next_dagrun for example_xcom to 2021-01-01T00:00:00+00:00, run_after=2021-01-01T00:00:00+00:00
[2023-03-23T22:49:47.190+0000] {processor.py:176} INFO - Processing /home/airflow/.local/lib/python3.7/site-packages/airflow/example_dags/example_xcom.py took 0.671 seconds
[2023-03-23T22:50:22.695+0000] {processor.py:154} INFO - Started process (PID=220) to work on /home/airflow/.local/lib/python3.7/site-packages/airflow/example_dags/example_xcom.py
[2023-03-23T22:50:22.749+0000] {processor.py:756} INFO - Processing file /home/airflow/.local/lib/python3.7/site-packages/airflow/example_dags/example_xcom.py for tasks to queue
[2023-03-23T22:50:22.751+0000] {logging_mixin.py:120} INFO - [2023-03-23T22:50:22.751+0000] {dagbag.py:537} INFO - Filling up the DagBag from /home/airflow/.local/lib/python3.7/site-packages/airflow/example_dags/example_xcom.py
[2023-03-23T22:50:22.901+0000] {processor.py:766} INFO - DAG(s) dict_keys(['example_xcom']) retrieved from /home/airflow/.local/lib/python3.7/site-packages/airflow/example_dags/example_xcom.py
[2023-03-23T22:50:23.090+0000] {logging_mixin.py:120} INFO - [2023-03-23T22:50:23.090+0000] {dag.py:2585} INFO - Sync 1 DAGs
[2023-03-23T22:50:23.215+0000] {logging_mixin.py:120} INFO - [2023-03-23T22:50:23.215+0000] {dag.py:3340} INFO - Setting next_dagrun for example_xcom to 2021-01-01T00:00:00+00:00, run_after=2021-01-01T00:00:00+00:00
[2023-03-23T22:50:23.295+0000] {processor.py:176} INFO - Processing /home/airflow/.local/lib/python3.7/site-packages/airflow/example_dags/example_xcom.py took 0.613 seconds
[2023-03-23T22:50:53.801+0000] {processor.py:154} INFO - Started process (PID=267) to work on /home/airflow/.local/lib/python3.7/site-packages/airflow/example_dags/example_xcom.py
[2023-03-23T22:50:53.802+0000] {processor.py:756} INFO - Processing file /home/airflow/.local/lib/python3.7/site-packages/airflow/example_dags/example_xcom.py for tasks to queue
[2023-03-23T22:50:53.809+0000] {logging_mixin.py:120} INFO - [2023-03-23T22:50:53.809+0000] {dagbag.py:537} INFO - Filling up the DagBag from /home/airflow/.local/lib/python3.7/site-packages/airflow/example_dags/example_xcom.py
[2023-03-23T22:50:53.891+0000] {processor.py:766} INFO - DAG(s) dict_keys(['example_xcom']) retrieved from /home/airflow/.local/lib/python3.7/site-packages/airflow/example_dags/example_xcom.py
[2023-03-23T22:50:54.048+0000] {logging_mixin.py:120} INFO - [2023-03-23T22:50:54.048+0000] {dag.py:2585} INFO - Sync 1 DAGs
[2023-03-23T22:50:54.159+0000] {logging_mixin.py:120} INFO - [2023-03-23T22:50:54.158+0000] {dag.py:3340} INFO - Setting next_dagrun for example_xcom to 2021-01-01T00:00:00+00:00, run_after=2021-01-01T00:00:00+00:00
[2023-03-23T22:50:55.883+0000] {processor.py:176} INFO - Processing /home/airflow/.local/lib/python3.7/site-packages/airflow/example_dags/example_xcom.py took 2.086 seconds
[2023-03-23T22:51:26.188+0000] {processor.py:154} INFO - Started process (PID=329) to work on /home/airflow/.local/lib/python3.7/site-packages/airflow/example_dags/example_xcom.py
[2023-03-23T22:51:26.206+0000] {processor.py:756} INFO - Processing file /home/airflow/.local/lib/python3.7/site-packages/airflow/example_dags/example_xcom.py for tasks to queue
[2023-03-23T22:51:26.221+0000] {logging_mixin.py:120} INFO - [2023-03-23T22:51:26.221+0000] {dagbag.py:537} INFO - Filling up the DagBag from /home/airflow/.local/lib/python3.7/site-packages/airflow/example_dags/example_xcom.py
[2023-03-23T22:51:26.347+0000] {processor.py:766} INFO - DAG(s) dict_keys(['example_xcom']) retrieved from /home/airflow/.local/lib/python3.7/site-packages/airflow/example_dags/example_xcom.py
[2023-03-23T22:51:26.547+0000] {logging_mixin.py:120} INFO - [2023-03-23T22:51:26.547+0000] {dag.py:2585} INFO - Sync 1 DAGs
[2023-03-23T22:51:26.634+0000] {logging_mixin.py:120} INFO - [2023-03-23T22:51:26.634+0000] {dag.py:3340} INFO - Setting next_dagrun for example_xcom to 2021-01-01T00:00:00+00:00, run_after=2021-01-01T00:00:00+00:00
[2023-03-23T22:51:26.748+0000] {processor.py:176} INFO - Processing /home/airflow/.local/lib/python3.7/site-packages/airflow/example_dags/example_xcom.py took 0.565 seconds
[2023-03-23T22:51:57.629+0000] {processor.py:154} INFO - Started process (PID=385) to work on /home/airflow/.local/lib/python3.7/site-packages/airflow/example_dags/example_xcom.py
[2023-03-23T22:51:57.632+0000] {processor.py:756} INFO - Processing file /home/airflow/.local/lib/python3.7/site-packages/airflow/example_dags/example_xcom.py for tasks to queue
[2023-03-23T22:51:57.643+0000] {logging_mixin.py:120} INFO - [2023-03-23T22:51:57.643+0000] {dagbag.py:537} INFO - Filling up the DagBag from /home/airflow/.local/lib/python3.7/site-packages/airflow/example_dags/example_xcom.py
[2023-03-23T22:51:57.797+0000] {processor.py:766} INFO - DAG(s) dict_keys(['example_xcom']) retrieved from /home/airflow/.local/lib/python3.7/site-packages/airflow/example_dags/example_xcom.py
[2023-03-23T22:51:57.969+0000] {logging_mixin.py:120} INFO - [2023-03-23T22:51:57.969+0000] {dag.py:2585} INFO - Sync 1 DAGs
[2023-03-23T22:51:58.041+0000] {logging_mixin.py:120} INFO - [2023-03-23T22:51:58.040+0000] {dag.py:3340} INFO - Setting next_dagrun for example_xcom to 2021-01-01T00:00:00+00:00, run_after=2021-01-01T00:00:00+00:00
[2023-03-23T22:51:58.124+0000] {processor.py:176} INFO - Processing /home/airflow/.local/lib/python3.7/site-packages/airflow/example_dags/example_xcom.py took 0.500 seconds
[2023-03-23T22:52:28.203+0000] {processor.py:154} INFO - Started process (PID=449) to work on /home/airflow/.local/lib/python3.7/site-packages/airflow/example_dags/example_xcom.py
[2023-03-23T22:52:28.204+0000] {processor.py:756} INFO - Processing file /home/airflow/.local/lib/python3.7/site-packages/airflow/example_dags/example_xcom.py for tasks to queue
[2023-03-23T22:52:28.205+0000] {logging_mixin.py:120} INFO - [2023-03-23T22:52:28.205+0000] {dagbag.py:537} INFO - Filling up the DagBag from /home/airflow/.local/lib/python3.7/site-packages/airflow/example_dags/example_xcom.py
[2023-03-23T22:52:28.227+0000] {processor.py:766} INFO - DAG(s) dict_keys(['example_xcom']) retrieved from /home/airflow/.local/lib/python3.7/site-packages/airflow/example_dags/example_xcom.py
[2023-03-23T22:52:28.275+0000] {logging_mixin.py:120} INFO - [2023-03-23T22:52:28.274+0000] {dag.py:2585} INFO - Sync 1 DAGs
[2023-03-23T22:52:28.304+0000] {logging_mixin.py:120} INFO - [2023-03-23T22:52:28.304+0000] {dag.py:3340} INFO - Setting next_dagrun for example_xcom to 2021-01-01T00:00:00+00:00, run_after=2021-01-01T00:00:00+00:00
[2023-03-23T22:52:28.332+0000] {processor.py:176} INFO - Processing /home/airflow/.local/lib/python3.7/site-packages/airflow/example_dags/example_xcom.py took 0.132 seconds
[2023-03-23T22:52:58.861+0000] {processor.py:154} INFO - Started process (PID=507) to work on /home/airflow/.local/lib/python3.7/site-packages/airflow/example_dags/example_xcom.py
[2023-03-23T22:52:58.862+0000] {processor.py:756} INFO - Processing file /home/airflow/.local/lib/python3.7/site-packages/airflow/example_dags/example_xcom.py for tasks to queue
[2023-03-23T22:52:58.863+0000] {logging_mixin.py:120} INFO - [2023-03-23T22:52:58.863+0000] {dagbag.py:537} INFO - Filling up the DagBag from /home/airflow/.local/lib/python3.7/site-packages/airflow/example_dags/example_xcom.py
[2023-03-23T22:52:58.894+0000] {processor.py:766} INFO - DAG(s) dict_keys(['example_xcom']) retrieved from /home/airflow/.local/lib/python3.7/site-packages/airflow/example_dags/example_xcom.py
[2023-03-23T22:52:58.954+0000] {logging_mixin.py:120} INFO - [2023-03-23T22:52:58.954+0000] {dag.py:2585} INFO - Sync 1 DAGs
[2023-03-23T22:52:58.991+0000] {logging_mixin.py:120} INFO - [2023-03-23T22:52:58.990+0000] {dag.py:3340} INFO - Setting next_dagrun for example_xcom to 2021-01-01T00:00:00+00:00, run_after=2021-01-01T00:00:00+00:00
[2023-03-23T22:52:59.017+0000] {processor.py:176} INFO - Processing /home/airflow/.local/lib/python3.7/site-packages/airflow/example_dags/example_xcom.py took 0.163 seconds
[2023-03-23T22:53:29.741+0000] {processor.py:154} INFO - Started process (PID=561) to work on /home/airflow/.local/lib/python3.7/site-packages/airflow/example_dags/example_xcom.py
[2023-03-23T22:53:29.743+0000] {processor.py:756} INFO - Processing file /home/airflow/.local/lib/python3.7/site-packages/airflow/example_dags/example_xcom.py for tasks to queue
[2023-03-23T22:53:29.744+0000] {logging_mixin.py:120} INFO - [2023-03-23T22:53:29.744+0000] {dagbag.py:537} INFO - Filling up the DagBag from /home/airflow/.local/lib/python3.7/site-packages/airflow/example_dags/example_xcom.py
[2023-03-23T22:53:29.767+0000] {processor.py:766} INFO - DAG(s) dict_keys(['example_xcom']) retrieved from /home/airflow/.local/lib/python3.7/site-packages/airflow/example_dags/example_xcom.py
[2023-03-23T22:53:29.813+0000] {logging_mixin.py:120} INFO - [2023-03-23T22:53:29.813+0000] {dag.py:2585} INFO - Sync 1 DAGs
[2023-03-23T22:53:29.842+0000] {logging_mixin.py:120} INFO - [2023-03-23T22:53:29.842+0000] {dag.py:3340} INFO - Setting next_dagrun for example_xcom to 2021-01-01T00:00:00+00:00, run_after=2021-01-01T00:00:00+00:00
[2023-03-23T22:53:29.868+0000] {processor.py:176} INFO - Processing /home/airflow/.local/lib/python3.7/site-packages/airflow/example_dags/example_xcom.py took 0.130 seconds
[2023-03-23T22:54:00.143+0000] {processor.py:154} INFO - Started process (PID=624) to work on /home/airflow/.local/lib/python3.7/site-packages/airflow/example_dags/example_xcom.py
[2023-03-23T22:54:00.144+0000] {processor.py:756} INFO - Processing file /home/airflow/.local/lib/python3.7/site-packages/airflow/example_dags/example_xcom.py for tasks to queue
[2023-03-23T22:54:00.145+0000] {logging_mixin.py:120} INFO - [2023-03-23T22:54:00.145+0000] {dagbag.py:537} INFO - Filling up the DagBag from /home/airflow/.local/lib/python3.7/site-packages/airflow/example_dags/example_xcom.py
[2023-03-23T22:54:00.183+0000] {processor.py:766} INFO - DAG(s) dict_keys(['example_xcom']) retrieved from /home/airflow/.local/lib/python3.7/site-packages/airflow/example_dags/example_xcom.py
[2023-03-23T22:54:00.253+0000] {logging_mixin.py:120} INFO - [2023-03-23T22:54:00.253+0000] {dag.py:2585} INFO - Sync 1 DAGs
[2023-03-23T22:54:00.305+0000] {logging_mixin.py:120} INFO - [2023-03-23T22:54:00.304+0000] {dag.py:3340} INFO - Setting next_dagrun for example_xcom to 2021-01-01T00:00:00+00:00, run_after=2021-01-01T00:00:00+00:00
[2023-03-23T22:54:00.345+0000] {processor.py:176} INFO - Processing /home/airflow/.local/lib/python3.7/site-packages/airflow/example_dags/example_xcom.py took 0.207 seconds
[2023-03-23T22:54:30.755+0000] {processor.py:154} INFO - Started process (PID=677) to work on /home/airflow/.local/lib/python3.7/site-packages/airflow/example_dags/example_xcom.py
[2023-03-23T22:54:30.756+0000] {processor.py:756} INFO - Processing file /home/airflow/.local/lib/python3.7/site-packages/airflow/example_dags/example_xcom.py for tasks to queue
[2023-03-23T22:54:30.757+0000] {logging_mixin.py:120} INFO - [2023-03-23T22:54:30.756+0000] {dagbag.py:537} INFO - Filling up the DagBag from /home/airflow/.local/lib/python3.7/site-packages/airflow/example_dags/example_xcom.py
[2023-03-23T22:54:30.800+0000] {processor.py:766} INFO - DAG(s) dict_keys(['example_xcom']) retrieved from /home/airflow/.local/lib/python3.7/site-packages/airflow/example_dags/example_xcom.py
[2023-03-23T22:54:30.891+0000] {logging_mixin.py:120} INFO - [2023-03-23T22:54:30.891+0000] {dag.py:2585} INFO - Sync 1 DAGs
[2023-03-23T22:54:30.950+0000] {logging_mixin.py:120} INFO - [2023-03-23T22:54:30.950+0000] {dag.py:3340} INFO - Setting next_dagrun for example_xcom to 2021-01-01T00:00:00+00:00, run_after=2021-01-01T00:00:00+00:00
[2023-03-23T22:54:30.986+0000] {processor.py:176} INFO - Processing /home/airflow/.local/lib/python3.7/site-packages/airflow/example_dags/example_xcom.py took 0.235 seconds
[2023-03-23T22:55:01.928+0000] {processor.py:154} INFO - Started process (PID=740) to work on /home/airflow/.local/lib/python3.7/site-packages/airflow/example_dags/example_xcom.py
[2023-03-23T22:55:01.928+0000] {processor.py:756} INFO - Processing file /home/airflow/.local/lib/python3.7/site-packages/airflow/example_dags/example_xcom.py for tasks to queue
[2023-03-23T22:55:01.929+0000] {logging_mixin.py:120} INFO - [2023-03-23T22:55:01.929+0000] {dagbag.py:537} INFO - Filling up the DagBag from /home/airflow/.local/lib/python3.7/site-packages/airflow/example_dags/example_xcom.py
[2023-03-23T22:55:01.950+0000] {processor.py:766} INFO - DAG(s) dict_keys(['example_xcom']) retrieved from /home/airflow/.local/lib/python3.7/site-packages/airflow/example_dags/example_xcom.py
[2023-03-23T22:55:01.995+0000] {logging_mixin.py:120} INFO - [2023-03-23T22:55:01.994+0000] {dag.py:2585} INFO - Sync 1 DAGs
[2023-03-23T22:55:02.016+0000] {logging_mixin.py:120} INFO - [2023-03-23T22:55:02.016+0000] {dag.py:3340} INFO - Setting next_dagrun for example_xcom to 2021-01-01T00:00:00+00:00, run_after=2021-01-01T00:00:00+00:00
[2023-03-23T22:55:02.040+0000] {processor.py:176} INFO - Processing /home/airflow/.local/lib/python3.7/site-packages/airflow/example_dags/example_xcom.py took 0.115 seconds
[2023-03-23T22:55:32.445+0000] {processor.py:154} INFO - Started process (PID=801) to work on /home/airflow/.local/lib/python3.7/site-packages/airflow/example_dags/example_xcom.py
[2023-03-23T22:55:32.446+0000] {processor.py:756} INFO - Processing file /home/airflow/.local/lib/python3.7/site-packages/airflow/example_dags/example_xcom.py for tasks to queue
[2023-03-23T22:55:32.447+0000] {logging_mixin.py:120} INFO - [2023-03-23T22:55:32.447+0000] {dagbag.py:537} INFO - Filling up the DagBag from /home/airflow/.local/lib/python3.7/site-packages/airflow/example_dags/example_xcom.py
[2023-03-23T22:55:32.468+0000] {processor.py:766} INFO - DAG(s) dict_keys(['example_xcom']) retrieved from /home/airflow/.local/lib/python3.7/site-packages/airflow/example_dags/example_xcom.py
[2023-03-23T22:55:32.507+0000] {logging_mixin.py:120} INFO - [2023-03-23T22:55:32.507+0000] {dag.py:2585} INFO - Sync 1 DAGs
[2023-03-23T22:55:32.548+0000] {logging_mixin.py:120} INFO - [2023-03-23T22:55:32.547+0000] {dag.py:3340} INFO - Setting next_dagrun for example_xcom to 2021-01-01T00:00:00+00:00, run_after=2021-01-01T00:00:00+00:00
[2023-03-23T22:55:32.575+0000] {processor.py:176} INFO - Processing /home/airflow/.local/lib/python3.7/site-packages/airflow/example_dags/example_xcom.py took 0.133 seconds
[2023-03-23T22:56:02.941+0000] {processor.py:154} INFO - Started process (PID=857) to work on /home/airflow/.local/lib/python3.7/site-packages/airflow/example_dags/example_xcom.py
[2023-03-23T22:56:02.942+0000] {processor.py:756} INFO - Processing file /home/airflow/.local/lib/python3.7/site-packages/airflow/example_dags/example_xcom.py for tasks to queue
[2023-03-23T22:56:02.943+0000] {logging_mixin.py:120} INFO - [2023-03-23T22:56:02.942+0000] {dagbag.py:537} INFO - Filling up the DagBag from /home/airflow/.local/lib/python3.7/site-packages/airflow/example_dags/example_xcom.py
[2023-03-23T22:56:02.969+0000] {processor.py:766} INFO - DAG(s) dict_keys(['example_xcom']) retrieved from /home/airflow/.local/lib/python3.7/site-packages/airflow/example_dags/example_xcom.py
[2023-03-23T22:56:03.012+0000] {logging_mixin.py:120} INFO - [2023-03-23T22:56:03.012+0000] {dag.py:2585} INFO - Sync 1 DAGs
[2023-03-23T22:56:03.044+0000] {logging_mixin.py:120} INFO - [2023-03-23T22:56:03.044+0000] {dag.py:3340} INFO - Setting next_dagrun for example_xcom to 2021-01-01T00:00:00+00:00, run_after=2021-01-01T00:00:00+00:00
[2023-03-23T22:56:03.071+0000] {processor.py:176} INFO - Processing /home/airflow/.local/lib/python3.7/site-packages/airflow/example_dags/example_xcom.py took 0.133 seconds
[2023-03-23T22:56:33.182+0000] {processor.py:154} INFO - Started process (PID=920) to work on /home/airflow/.local/lib/python3.7/site-packages/airflow/example_dags/example_xcom.py
[2023-03-23T22:56:33.183+0000] {processor.py:756} INFO - Processing file /home/airflow/.local/lib/python3.7/site-packages/airflow/example_dags/example_xcom.py for tasks to queue
[2023-03-23T22:56:33.185+0000] {logging_mixin.py:120} INFO - [2023-03-23T22:56:33.184+0000] {dagbag.py:537} INFO - Filling up the DagBag from /home/airflow/.local/lib/python3.7/site-packages/airflow/example_dags/example_xcom.py
[2023-03-23T22:56:33.209+0000] {processor.py:766} INFO - DAG(s) dict_keys(['example_xcom']) retrieved from /home/airflow/.local/lib/python3.7/site-packages/airflow/example_dags/example_xcom.py
[2023-03-23T22:56:33.258+0000] {logging_mixin.py:120} INFO - [2023-03-23T22:56:33.257+0000] {dag.py:2585} INFO - Sync 1 DAGs
[2023-03-23T22:56:33.290+0000] {logging_mixin.py:120} INFO - [2023-03-23T22:56:33.290+0000] {dag.py:3340} INFO - Setting next_dagrun for example_xcom to 2021-01-01T00:00:00+00:00, run_after=2021-01-01T00:00:00+00:00
[2023-03-23T22:56:33.312+0000] {processor.py:176} INFO - Processing /home/airflow/.local/lib/python3.7/site-packages/airflow/example_dags/example_xcom.py took 0.133 seconds
[2023-03-23T22:57:03.679+0000] {processor.py:154} INFO - Started process (PID=983) to work on /home/airflow/.local/lib/python3.7/site-packages/airflow/example_dags/example_xcom.py
[2023-03-23T22:57:03.680+0000] {processor.py:756} INFO - Processing file /home/airflow/.local/lib/python3.7/site-packages/airflow/example_dags/example_xcom.py for tasks to queue
[2023-03-23T22:57:03.681+0000] {logging_mixin.py:120} INFO - [2023-03-23T22:57:03.681+0000] {dagbag.py:537} INFO - Filling up the DagBag from /home/airflow/.local/lib/python3.7/site-packages/airflow/example_dags/example_xcom.py
[2023-03-23T22:57:03.705+0000] {processor.py:766} INFO - DAG(s) dict_keys(['example_xcom']) retrieved from /home/airflow/.local/lib/python3.7/site-packages/airflow/example_dags/example_xcom.py
[2023-03-23T22:57:03.750+0000] {logging_mixin.py:120} INFO - [2023-03-23T22:57:03.749+0000] {dag.py:2585} INFO - Sync 1 DAGs
[2023-03-23T22:57:03.776+0000] {logging_mixin.py:120} INFO - [2023-03-23T22:57:03.776+0000] {dag.py:3340} INFO - Setting next_dagrun for example_xcom to 2021-01-01T00:00:00+00:00, run_after=2021-01-01T00:00:00+00:00
[2023-03-23T22:57:03.806+0000] {processor.py:176} INFO - Processing /home/airflow/.local/lib/python3.7/site-packages/airflow/example_dags/example_xcom.py took 0.130 seconds
[2023-03-23T22:57:34.067+0000] {processor.py:154} INFO - Started process (PID=1037) to work on /home/airflow/.local/lib/python3.7/site-packages/airflow/example_dags/example_xcom.py
[2023-03-23T22:57:34.069+0000] {processor.py:756} INFO - Processing file /home/airflow/.local/lib/python3.7/site-packages/airflow/example_dags/example_xcom.py for tasks to queue
[2023-03-23T22:57:34.070+0000] {logging_mixin.py:120} INFO - [2023-03-23T22:57:34.070+0000] {dagbag.py:537} INFO - Filling up the DagBag from /home/airflow/.local/lib/python3.7/site-packages/airflow/example_dags/example_xcom.py
[2023-03-23T22:57:34.091+0000] {processor.py:766} INFO - DAG(s) dict_keys(['example_xcom']) retrieved from /home/airflow/.local/lib/python3.7/site-packages/airflow/example_dags/example_xcom.py
[2023-03-23T22:57:34.134+0000] {logging_mixin.py:120} INFO - [2023-03-23T22:57:34.134+0000] {dag.py:2585} INFO - Sync 1 DAGs
[2023-03-23T22:57:34.159+0000] {logging_mixin.py:120} INFO - [2023-03-23T22:57:34.159+0000] {dag.py:3340} INFO - Setting next_dagrun for example_xcom to 2021-01-01T00:00:00+00:00, run_after=2021-01-01T00:00:00+00:00
[2023-03-23T22:57:34.188+0000] {processor.py:176} INFO - Processing /home/airflow/.local/lib/python3.7/site-packages/airflow/example_dags/example_xcom.py took 0.124 seconds
[2023-03-23T22:58:04.390+0000] {processor.py:154} INFO - Started process (PID=1100) to work on /home/airflow/.local/lib/python3.7/site-packages/airflow/example_dags/example_xcom.py
[2023-03-23T22:58:04.391+0000] {processor.py:756} INFO - Processing file /home/airflow/.local/lib/python3.7/site-packages/airflow/example_dags/example_xcom.py for tasks to queue
[2023-03-23T22:58:04.394+0000] {logging_mixin.py:120} INFO - [2023-03-23T22:58:04.393+0000] {dagbag.py:537} INFO - Filling up the DagBag from /home/airflow/.local/lib/python3.7/site-packages/airflow/example_dags/example_xcom.py
[2023-03-23T22:58:04.426+0000] {processor.py:766} INFO - DAG(s) dict_keys(['example_xcom']) retrieved from /home/airflow/.local/lib/python3.7/site-packages/airflow/example_dags/example_xcom.py
[2023-03-23T22:58:04.482+0000] {logging_mixin.py:120} INFO - [2023-03-23T22:58:04.481+0000] {dag.py:2585} INFO - Sync 1 DAGs
[2023-03-23T22:58:04.520+0000] {logging_mixin.py:120} INFO - [2023-03-23T22:58:04.520+0000] {dag.py:3340} INFO - Setting next_dagrun for example_xcom to 2021-01-01T00:00:00+00:00, run_after=2021-01-01T00:00:00+00:00
[2023-03-23T22:58:04.546+0000] {processor.py:176} INFO - Processing /home/airflow/.local/lib/python3.7/site-packages/airflow/example_dags/example_xcom.py took 0.160 seconds
[2023-03-23T22:58:34.615+0000] {processor.py:154} INFO - Started process (PID=1163) to work on /home/airflow/.local/lib/python3.7/site-packages/airflow/example_dags/example_xcom.py
[2023-03-23T22:58:34.616+0000] {processor.py:756} INFO - Processing file /home/airflow/.local/lib/python3.7/site-packages/airflow/example_dags/example_xcom.py for tasks to queue
[2023-03-23T22:58:34.618+0000] {logging_mixin.py:120} INFO - [2023-03-23T22:58:34.618+0000] {dagbag.py:537} INFO - Filling up the DagBag from /home/airflow/.local/lib/python3.7/site-packages/airflow/example_dags/example_xcom.py
[2023-03-23T22:58:34.638+0000] {processor.py:766} INFO - DAG(s) dict_keys(['example_xcom']) retrieved from /home/airflow/.local/lib/python3.7/site-packages/airflow/example_dags/example_xcom.py
[2023-03-23T22:58:34.683+0000] {logging_mixin.py:120} INFO - [2023-03-23T22:58:34.683+0000] {dag.py:2585} INFO - Sync 1 DAGs
[2023-03-23T22:58:34.715+0000] {logging_mixin.py:120} INFO - [2023-03-23T22:58:34.714+0000] {dag.py:3340} INFO - Setting next_dagrun for example_xcom to 2021-01-01T00:00:00+00:00, run_after=2021-01-01T00:00:00+00:00
[2023-03-23T22:58:34.739+0000] {processor.py:176} INFO - Processing /home/airflow/.local/lib/python3.7/site-packages/airflow/example_dags/example_xcom.py took 0.127 seconds
[2023-03-23T22:59:05.104+0000] {processor.py:154} INFO - Started process (PID=1217) to work on /home/airflow/.local/lib/python3.7/site-packages/airflow/example_dags/example_xcom.py
[2023-03-23T22:59:05.105+0000] {processor.py:756} INFO - Processing file /home/airflow/.local/lib/python3.7/site-packages/airflow/example_dags/example_xcom.py for tasks to queue
[2023-03-23T22:59:05.107+0000] {logging_mixin.py:120} INFO - [2023-03-23T22:59:05.107+0000] {dagbag.py:537} INFO - Filling up the DagBag from /home/airflow/.local/lib/python3.7/site-packages/airflow/example_dags/example_xcom.py
[2023-03-23T22:59:05.126+0000] {processor.py:766} INFO - DAG(s) dict_keys(['example_xcom']) retrieved from /home/airflow/.local/lib/python3.7/site-packages/airflow/example_dags/example_xcom.py
[2023-03-23T22:59:05.166+0000] {logging_mixin.py:120} INFO - [2023-03-23T22:59:05.166+0000] {dag.py:2585} INFO - Sync 1 DAGs
[2023-03-23T22:59:05.189+0000] {logging_mixin.py:120} INFO - [2023-03-23T22:59:05.189+0000] {dag.py:3340} INFO - Setting next_dagrun for example_xcom to 2021-01-01T00:00:00+00:00, run_after=2021-01-01T00:00:00+00:00
[2023-03-23T22:59:05.211+0000] {processor.py:176} INFO - Processing /home/airflow/.local/lib/python3.7/site-packages/airflow/example_dags/example_xcom.py took 0.111 seconds
[2023-03-23T22:59:35.924+0000] {processor.py:154} INFO - Started process (PID=1280) to work on /home/airflow/.local/lib/python3.7/site-packages/airflow/example_dags/example_xcom.py
[2023-03-23T22:59:35.925+0000] {processor.py:756} INFO - Processing file /home/airflow/.local/lib/python3.7/site-packages/airflow/example_dags/example_xcom.py for tasks to queue
[2023-03-23T22:59:35.927+0000] {logging_mixin.py:120} INFO - [2023-03-23T22:59:35.926+0000] {dagbag.py:537} INFO - Filling up the DagBag from /home/airflow/.local/lib/python3.7/site-packages/airflow/example_dags/example_xcom.py
[2023-03-23T22:59:35.961+0000] {processor.py:766} INFO - DAG(s) dict_keys(['example_xcom']) retrieved from /home/airflow/.local/lib/python3.7/site-packages/airflow/example_dags/example_xcom.py
[2023-03-23T22:59:36.009+0000] {logging_mixin.py:120} INFO - [2023-03-23T22:59:36.008+0000] {dag.py:2585} INFO - Sync 1 DAGs
[2023-03-23T22:59:36.037+0000] {logging_mixin.py:120} INFO - [2023-03-23T22:59:36.037+0000] {dag.py:3340} INFO - Setting next_dagrun for example_xcom to 2021-01-01T00:00:00+00:00, run_after=2021-01-01T00:00:00+00:00
[2023-03-23T22:59:36.057+0000] {processor.py:176} INFO - Processing /home/airflow/.local/lib/python3.7/site-packages/airflow/example_dags/example_xcom.py took 0.137 seconds
