[2023-03-23T22:48:40.647+0000] {processor.py:154} INFO - Started process (PID=66) to work on /home/airflow/.local/lib/python3.7/site-packages/airflow/example_dags/example_datasets.py
[2023-03-23T22:48:40.649+0000] {processor.py:756} INFO - Processing file /home/airflow/.local/lib/python3.7/site-packages/airflow/example_dags/example_datasets.py for tasks to queue
[2023-03-23T22:48:40.653+0000] {logging_mixin.py:120} INFO - [2023-03-23T22:48:40.653+0000] {dagbag.py:537} INFO - Filling up the DagBag from /home/airflow/.local/lib/python3.7/site-packages/airflow/example_dags/example_datasets.py
[2023-03-23T22:48:40.785+0000] {processor.py:766} INFO - DAG(s) dict_keys(['dataset_consumes_1_and_2', 'dataset_consumes_1', 'dataset_produces_2', 'dataset_consumes_1_never_scheduled', 'dataset_produces_1', 'dataset_consumes_unknown_never_scheduled']) retrieved from /home/airflow/.local/lib/python3.7/site-packages/airflow/example_dags/example_datasets.py
[2023-03-23T22:48:41.511+0000] {logging_mixin.py:120} INFO - [2023-03-23T22:48:41.511+0000] {manager.py:507} INFO - Created Permission View: can edit on DAG:dataset_consumes_1_and_2
[2023-03-23T22:48:41.665+0000] {logging_mixin.py:120} INFO - [2023-03-23T22:48:41.665+0000] {manager.py:507} INFO - Created Permission View: can read on DAG:dataset_consumes_1_and_2
[2023-03-23T22:48:41.781+0000] {logging_mixin.py:120} INFO - [2023-03-23T22:48:41.781+0000] {manager.py:507} INFO - Created Permission View: can delete on DAG:dataset_consumes_1_and_2
[2023-03-23T22:48:41.892+0000] {logging_mixin.py:120} INFO - [2023-03-23T22:48:41.892+0000] {manager.py:507} INFO - Created Permission View: can edit on DAG:dataset_consumes_1
[2023-03-23T22:48:41.950+0000] {logging_mixin.py:120} INFO - [2023-03-23T22:48:41.950+0000] {manager.py:507} INFO - Created Permission View: can read on DAG:dataset_consumes_1
[2023-03-23T22:48:42.004+0000] {logging_mixin.py:120} INFO - [2023-03-23T22:48:42.004+0000] {manager.py:507} INFO - Created Permission View: can delete on DAG:dataset_consumes_1
[2023-03-23T22:48:42.231+0000] {logging_mixin.py:120} INFO - [2023-03-23T22:48:42.230+0000] {manager.py:507} INFO - Created Permission View: can edit on DAG:dataset_produces_2
[2023-03-23T22:48:42.295+0000] {logging_mixin.py:120} INFO - [2023-03-23T22:48:42.295+0000] {manager.py:507} INFO - Created Permission View: can read on DAG:dataset_produces_2
[2023-03-23T22:48:42.375+0000] {logging_mixin.py:120} INFO - [2023-03-23T22:48:42.375+0000] {manager.py:507} INFO - Created Permission View: can delete on DAG:dataset_produces_2
[2023-03-23T22:48:42.502+0000] {logging_mixin.py:120} INFO - [2023-03-23T22:48:42.502+0000] {manager.py:507} INFO - Created Permission View: can edit on DAG:dataset_consumes_1_never_scheduled
[2023-03-23T22:48:42.547+0000] {logging_mixin.py:120} INFO - [2023-03-23T22:48:42.547+0000] {manager.py:507} INFO - Created Permission View: can read on DAG:dataset_consumes_1_never_scheduled
[2023-03-23T22:48:42.649+0000] {logging_mixin.py:120} INFO - [2023-03-23T22:48:42.648+0000] {manager.py:507} INFO - Created Permission View: can delete on DAG:dataset_consumes_1_never_scheduled
[2023-03-23T22:48:42.745+0000] {logging_mixin.py:120} INFO - [2023-03-23T22:48:42.745+0000] {manager.py:507} INFO - Created Permission View: can edit on DAG:dataset_produces_1
[2023-03-23T22:48:42.778+0000] {logging_mixin.py:120} INFO - [2023-03-23T22:48:42.778+0000] {manager.py:507} INFO - Created Permission View: can read on DAG:dataset_produces_1
[2023-03-23T22:48:42.860+0000] {logging_mixin.py:120} INFO - [2023-03-23T22:48:42.860+0000] {manager.py:507} INFO - Created Permission View: can delete on DAG:dataset_produces_1
[2023-03-23T22:48:43.038+0000] {logging_mixin.py:120} INFO - [2023-03-23T22:48:43.037+0000] {manager.py:507} INFO - Created Permission View: can edit on DAG:dataset_consumes_unknown_never_scheduled
[2023-03-23T22:48:43.135+0000] {logging_mixin.py:120} INFO - [2023-03-23T22:48:43.135+0000] {manager.py:507} INFO - Created Permission View: can read on DAG:dataset_consumes_unknown_never_scheduled
[2023-03-23T22:48:43.232+0000] {logging_mixin.py:120} INFO - [2023-03-23T22:48:43.231+0000] {manager.py:507} INFO - Created Permission View: can delete on DAG:dataset_consumes_unknown_never_scheduled
[2023-03-23T22:48:43.234+0000] {logging_mixin.py:120} INFO - [2023-03-23T22:48:43.233+0000] {dag.py:2585} INFO - Sync 6 DAGs
[2023-03-23T22:48:43.286+0000] {logging_mixin.py:120} INFO - [2023-03-23T22:48:43.286+0000] {dag.py:2606} INFO - Creating ORM DAG for dataset_produces_1
[2023-03-23T22:48:43.288+0000] {logging_mixin.py:120} INFO - [2023-03-23T22:48:43.288+0000] {dag.py:2606} INFO - Creating ORM DAG for dataset_produces_2
[2023-03-23T22:48:43.289+0000] {logging_mixin.py:120} INFO - [2023-03-23T22:48:43.289+0000] {dag.py:2606} INFO - Creating ORM DAG for dataset_consumes_unknown_never_scheduled
[2023-03-23T22:48:43.290+0000] {logging_mixin.py:120} INFO - [2023-03-23T22:48:43.290+0000] {dag.py:2606} INFO - Creating ORM DAG for dataset_consumes_1
[2023-03-23T22:48:43.291+0000] {logging_mixin.py:120} INFO - [2023-03-23T22:48:43.291+0000] {dag.py:2606} INFO - Creating ORM DAG for dataset_consumes_1_and_2
[2023-03-23T22:48:43.292+0000] {logging_mixin.py:120} INFO - [2023-03-23T22:48:43.292+0000] {dag.py:2606} INFO - Creating ORM DAG for dataset_consumes_1_never_scheduled
[2023-03-23T22:48:43.341+0000] {logging_mixin.py:120} INFO - [2023-03-23T22:48:43.340+0000] {dag.py:3340} INFO - Setting next_dagrun for dataset_consumes_1 to None, run_after=None
[2023-03-23T22:48:43.355+0000] {logging_mixin.py:120} INFO - [2023-03-23T22:48:43.354+0000] {dag.py:3340} INFO - Setting next_dagrun for dataset_consumes_1_and_2 to None, run_after=None
[2023-03-23T22:48:43.383+0000] {logging_mixin.py:120} INFO - [2023-03-23T22:48:43.383+0000] {dag.py:3340} INFO - Setting next_dagrun for dataset_consumes_1_never_scheduled to None, run_after=None
[2023-03-23T22:48:43.387+0000] {logging_mixin.py:120} INFO - [2023-03-23T22:48:43.387+0000] {dag.py:3340} INFO - Setting next_dagrun for dataset_consumes_unknown_never_scheduled to None, run_after=None
[2023-03-23T22:48:43.432+0000] {logging_mixin.py:120} INFO - [2023-03-23T22:48:43.432+0000] {dag.py:3340} INFO - Setting next_dagrun for dataset_produces_1 to 2023-03-22T00:00:00+00:00, run_after=2023-03-23T00:00:00+00:00
[2023-03-23T22:48:43.445+0000] {logging_mixin.py:120} INFO - [2023-03-23T22:48:43.444+0000] {dag.py:3340} INFO - Setting next_dagrun for dataset_produces_2 to None, run_after=None
[2023-03-23T22:48:43.679+0000] {processor.py:176} INFO - Processing /home/airflow/.local/lib/python3.7/site-packages/airflow/example_dags/example_datasets.py took 3.048 seconds
[2023-03-23T22:49:16.866+0000] {processor.py:154} INFO - Started process (PID=120) to work on /home/airflow/.local/lib/python3.7/site-packages/airflow/example_dags/example_datasets.py
[2023-03-23T22:49:16.882+0000] {processor.py:756} INFO - Processing file /home/airflow/.local/lib/python3.7/site-packages/airflow/example_dags/example_datasets.py for tasks to queue
[2023-03-23T22:49:16.884+0000] {logging_mixin.py:120} INFO - [2023-03-23T22:49:16.884+0000] {dagbag.py:537} INFO - Filling up the DagBag from /home/airflow/.local/lib/python3.7/site-packages/airflow/example_dags/example_datasets.py
[2023-03-23T22:49:16.947+0000] {processor.py:766} INFO - DAG(s) dict_keys(['dataset_consumes_unknown_never_scheduled', 'dataset_produces_2', 'dataset_produces_1', 'dataset_consumes_1_and_2', 'dataset_consumes_1', 'dataset_consumes_1_never_scheduled']) retrieved from /home/airflow/.local/lib/python3.7/site-packages/airflow/example_dags/example_datasets.py
[2023-03-23T22:49:17.108+0000] {logging_mixin.py:120} INFO - [2023-03-23T22:49:17.108+0000] {dag.py:2585} INFO - Sync 6 DAGs
[2023-03-23T22:49:17.276+0000] {logging_mixin.py:120} INFO - [2023-03-23T22:49:17.275+0000] {dag.py:3340} INFO - Setting next_dagrun for dataset_consumes_1 to None, run_after=None
[2023-03-23T22:49:17.294+0000] {logging_mixin.py:120} INFO - [2023-03-23T22:49:17.293+0000] {dag.py:3340} INFO - Setting next_dagrun for dataset_consumes_1_and_2 to None, run_after=None
[2023-03-23T22:49:17.307+0000] {logging_mixin.py:120} INFO - [2023-03-23T22:49:17.296+0000] {dag.py:3340} INFO - Setting next_dagrun for dataset_consumes_1_never_scheduled to None, run_after=None
[2023-03-23T22:49:17.324+0000] {logging_mixin.py:120} INFO - [2023-03-23T22:49:17.324+0000] {dag.py:3340} INFO - Setting next_dagrun for dataset_consumes_unknown_never_scheduled to None, run_after=None
[2023-03-23T22:49:17.335+0000] {logging_mixin.py:120} INFO - [2023-03-23T22:49:17.335+0000] {dag.py:3340} INFO - Setting next_dagrun for dataset_produces_1 to 2023-03-22T00:00:00+00:00, run_after=2023-03-23T00:00:00+00:00
[2023-03-23T22:49:17.338+0000] {logging_mixin.py:120} INFO - [2023-03-23T22:49:17.338+0000] {dag.py:3340} INFO - Setting next_dagrun for dataset_produces_2 to None, run_after=None
[2023-03-23T22:49:17.530+0000] {processor.py:176} INFO - Processing /home/airflow/.local/lib/python3.7/site-packages/airflow/example_dags/example_datasets.py took 0.669 seconds
[2023-03-23T22:49:54.563+0000] {processor.py:154} INFO - Started process (PID=175) to work on /home/airflow/.local/lib/python3.7/site-packages/airflow/example_dags/example_datasets.py
[2023-03-23T22:49:54.581+0000] {processor.py:756} INFO - Processing file /home/airflow/.local/lib/python3.7/site-packages/airflow/example_dags/example_datasets.py for tasks to queue
[2023-03-23T22:49:54.633+0000] {logging_mixin.py:120} INFO - [2023-03-23T22:49:54.633+0000] {dagbag.py:537} INFO - Filling up the DagBag from /home/airflow/.local/lib/python3.7/site-packages/airflow/example_dags/example_datasets.py
[2023-03-23T22:49:54.739+0000] {processor.py:766} INFO - DAG(s) dict_keys(['dataset_consumes_unknown_never_scheduled', 'dataset_consumes_1', 'dataset_consumes_1_and_2', 'dataset_produces_1', 'dataset_produces_2', 'dataset_consumes_1_never_scheduled']) retrieved from /home/airflow/.local/lib/python3.7/site-packages/airflow/example_dags/example_datasets.py
[2023-03-23T22:49:55.014+0000] {logging_mixin.py:120} INFO - [2023-03-23T22:49:55.014+0000] {dag.py:2585} INFO - Sync 6 DAGs
[2023-03-23T22:49:55.128+0000] {logging_mixin.py:120} INFO - [2023-03-23T22:49:55.128+0000] {dag.py:3340} INFO - Setting next_dagrun for dataset_consumes_1 to None, run_after=None
[2023-03-23T22:49:55.154+0000] {logging_mixin.py:120} INFO - [2023-03-23T22:49:55.144+0000] {dag.py:3340} INFO - Setting next_dagrun for dataset_consumes_1_and_2 to None, run_after=None
[2023-03-23T22:49:55.157+0000] {logging_mixin.py:120} INFO - [2023-03-23T22:49:55.157+0000] {dag.py:3340} INFO - Setting next_dagrun for dataset_consumes_1_never_scheduled to None, run_after=None
[2023-03-23T22:49:55.159+0000] {logging_mixin.py:120} INFO - [2023-03-23T22:49:55.159+0000] {dag.py:3340} INFO - Setting next_dagrun for dataset_consumes_unknown_never_scheduled to None, run_after=None
[2023-03-23T22:49:55.171+0000] {logging_mixin.py:120} INFO - [2023-03-23T22:49:55.171+0000] {dag.py:3340} INFO - Setting next_dagrun for dataset_produces_1 to 2023-03-22T00:00:00+00:00, run_after=2023-03-23T00:00:00+00:00
[2023-03-23T22:49:55.175+0000] {logging_mixin.py:120} INFO - [2023-03-23T22:49:55.175+0000] {dag.py:3340} INFO - Setting next_dagrun for dataset_produces_2 to None, run_after=None
[2023-03-23T22:49:55.370+0000] {processor.py:176} INFO - Processing /home/airflow/.local/lib/python3.7/site-packages/airflow/example_dags/example_datasets.py took 0.812 seconds
[2023-03-23T22:50:25.808+0000] {processor.py:154} INFO - Started process (PID=229) to work on /home/airflow/.local/lib/python3.7/site-packages/airflow/example_dags/example_datasets.py
[2023-03-23T22:50:25.823+0000] {processor.py:756} INFO - Processing file /home/airflow/.local/lib/python3.7/site-packages/airflow/example_dags/example_datasets.py for tasks to queue
[2023-03-23T22:50:25.825+0000] {logging_mixin.py:120} INFO - [2023-03-23T22:50:25.824+0000] {dagbag.py:537} INFO - Filling up the DagBag from /home/airflow/.local/lib/python3.7/site-packages/airflow/example_dags/example_datasets.py
[2023-03-23T22:50:25.918+0000] {processor.py:766} INFO - DAG(s) dict_keys(['dataset_consumes_unknown_never_scheduled', 'dataset_consumes_1_never_scheduled', 'dataset_consumes_1', 'dataset_consumes_1_and_2', 'dataset_produces_1', 'dataset_produces_2']) retrieved from /home/airflow/.local/lib/python3.7/site-packages/airflow/example_dags/example_datasets.py
[2023-03-23T22:50:26.204+0000] {logging_mixin.py:120} INFO - [2023-03-23T22:50:26.204+0000] {dag.py:2585} INFO - Sync 6 DAGs
[2023-03-23T22:50:26.350+0000] {logging_mixin.py:120} INFO - [2023-03-23T22:50:26.350+0000] {dag.py:3340} INFO - Setting next_dagrun for dataset_consumes_1 to None, run_after=None
[2023-03-23T22:50:26.366+0000] {logging_mixin.py:120} INFO - [2023-03-23T22:50:26.366+0000] {dag.py:3340} INFO - Setting next_dagrun for dataset_consumes_1_and_2 to None, run_after=None
[2023-03-23T22:50:26.377+0000] {logging_mixin.py:120} INFO - [2023-03-23T22:50:26.377+0000] {dag.py:3340} INFO - Setting next_dagrun for dataset_consumes_1_never_scheduled to None, run_after=None
[2023-03-23T22:50:26.381+0000] {logging_mixin.py:120} INFO - [2023-03-23T22:50:26.380+0000] {dag.py:3340} INFO - Setting next_dagrun for dataset_consumes_unknown_never_scheduled to None, run_after=None
[2023-03-23T22:50:26.408+0000] {logging_mixin.py:120} INFO - [2023-03-23T22:50:26.407+0000] {dag.py:3340} INFO - Setting next_dagrun for dataset_produces_1 to 2023-03-22T00:00:00+00:00, run_after=2023-03-23T00:00:00+00:00
[2023-03-23T22:50:26.412+0000] {logging_mixin.py:120} INFO - [2023-03-23T22:50:26.411+0000] {dag.py:3340} INFO - Setting next_dagrun for dataset_produces_2 to None, run_after=None
[2023-03-23T22:50:29.866+0000] {processor.py:176} INFO - Processing /home/airflow/.local/lib/python3.7/site-packages/airflow/example_dags/example_datasets.py took 4.070 seconds
[2023-03-23T22:51:00.240+0000] {processor.py:154} INFO - Started process (PID=283) to work on /home/airflow/.local/lib/python3.7/site-packages/airflow/example_dags/example_datasets.py
[2023-03-23T22:51:00.250+0000] {processor.py:756} INFO - Processing file /home/airflow/.local/lib/python3.7/site-packages/airflow/example_dags/example_datasets.py for tasks to queue
[2023-03-23T22:51:00.257+0000] {logging_mixin.py:120} INFO - [2023-03-23T22:51:00.257+0000] {dagbag.py:537} INFO - Filling up the DagBag from /home/airflow/.local/lib/python3.7/site-packages/airflow/example_dags/example_datasets.py
[2023-03-23T22:51:00.325+0000] {processor.py:766} INFO - DAG(s) dict_keys(['dataset_consumes_1_and_2', 'dataset_produces_2', 'dataset_consumes_1_never_scheduled', 'dataset_consumes_1', 'dataset_consumes_unknown_never_scheduled', 'dataset_produces_1']) retrieved from /home/airflow/.local/lib/python3.7/site-packages/airflow/example_dags/example_datasets.py
[2023-03-23T22:51:00.527+0000] {logging_mixin.py:120} INFO - [2023-03-23T22:51:00.527+0000] {dag.py:2585} INFO - Sync 6 DAGs
[2023-03-23T22:51:00.640+0000] {logging_mixin.py:120} INFO - [2023-03-23T22:51:00.639+0000] {dag.py:3340} INFO - Setting next_dagrun for dataset_consumes_1 to None, run_after=None
[2023-03-23T22:51:00.672+0000] {logging_mixin.py:120} INFO - [2023-03-23T22:51:00.672+0000] {dag.py:3340} INFO - Setting next_dagrun for dataset_consumes_1_and_2 to None, run_after=None
[2023-03-23T22:51:00.678+0000] {logging_mixin.py:120} INFO - [2023-03-23T22:51:00.678+0000] {dag.py:3340} INFO - Setting next_dagrun for dataset_consumes_1_never_scheduled to None, run_after=None
[2023-03-23T22:51:00.683+0000] {logging_mixin.py:120} INFO - [2023-03-23T22:51:00.683+0000] {dag.py:3340} INFO - Setting next_dagrun for dataset_consumes_unknown_never_scheduled to None, run_after=None
[2023-03-23T22:51:00.692+0000] {logging_mixin.py:120} INFO - [2023-03-23T22:51:00.692+0000] {dag.py:3340} INFO - Setting next_dagrun for dataset_produces_1 to 2023-03-22T00:00:00+00:00, run_after=2023-03-23T00:00:00+00:00
[2023-03-23T22:51:00.695+0000] {logging_mixin.py:120} INFO - [2023-03-23T22:51:00.695+0000] {dag.py:3340} INFO - Setting next_dagrun for dataset_produces_2 to None, run_after=None
[2023-03-23T22:51:00.838+0000] {processor.py:176} INFO - Processing /home/airflow/.local/lib/python3.7/site-packages/airflow/example_dags/example_datasets.py took 0.604 seconds
[2023-03-23T22:51:31.455+0000] {processor.py:154} INFO - Started process (PID=338) to work on /home/airflow/.local/lib/python3.7/site-packages/airflow/example_dags/example_datasets.py
[2023-03-23T22:51:31.463+0000] {processor.py:756} INFO - Processing file /home/airflow/.local/lib/python3.7/site-packages/airflow/example_dags/example_datasets.py for tasks to queue
[2023-03-23T22:51:31.464+0000] {logging_mixin.py:120} INFO - [2023-03-23T22:51:31.464+0000] {dagbag.py:537} INFO - Filling up the DagBag from /home/airflow/.local/lib/python3.7/site-packages/airflow/example_dags/example_datasets.py
[2023-03-23T22:51:31.498+0000] {processor.py:766} INFO - DAG(s) dict_keys(['dataset_consumes_1_and_2', 'dataset_consumes_unknown_never_scheduled', 'dataset_consumes_1_never_scheduled', 'dataset_consumes_1', 'dataset_produces_1', 'dataset_produces_2']) retrieved from /home/airflow/.local/lib/python3.7/site-packages/airflow/example_dags/example_datasets.py
[2023-03-23T22:51:31.742+0000] {logging_mixin.py:120} INFO - [2023-03-23T22:51:31.741+0000] {dag.py:2585} INFO - Sync 6 DAGs
[2023-03-23T22:51:31.865+0000] {logging_mixin.py:120} INFO - [2023-03-23T22:51:31.864+0000] {dag.py:3340} INFO - Setting next_dagrun for dataset_consumes_1 to None, run_after=None
[2023-03-23T22:51:31.882+0000] {logging_mixin.py:120} INFO - [2023-03-23T22:51:31.881+0000] {dag.py:3340} INFO - Setting next_dagrun for dataset_consumes_1_and_2 to None, run_after=None
[2023-03-23T22:51:31.896+0000] {logging_mixin.py:120} INFO - [2023-03-23T22:51:31.896+0000] {dag.py:3340} INFO - Setting next_dagrun for dataset_consumes_1_never_scheduled to None, run_after=None
[2023-03-23T22:51:31.901+0000] {logging_mixin.py:120} INFO - [2023-03-23T22:51:31.900+0000] {dag.py:3340} INFO - Setting next_dagrun for dataset_consumes_unknown_never_scheduled to None, run_after=None
[2023-03-23T22:51:31.915+0000] {logging_mixin.py:120} INFO - [2023-03-23T22:51:31.914+0000] {dag.py:3340} INFO - Setting next_dagrun for dataset_produces_1 to 2023-03-22T00:00:00+00:00, run_after=2023-03-23T00:00:00+00:00
[2023-03-23T22:51:31.934+0000] {logging_mixin.py:120} INFO - [2023-03-23T22:51:31.934+0000] {dag.py:3340} INFO - Setting next_dagrun for dataset_produces_2 to None, run_after=None
[2023-03-23T22:51:32.110+0000] {processor.py:176} INFO - Processing /home/airflow/.local/lib/python3.7/site-packages/airflow/example_dags/example_datasets.py took 0.660 seconds
[2023-03-23T22:52:02.211+0000] {processor.py:154} INFO - Started process (PID=392) to work on /home/airflow/.local/lib/python3.7/site-packages/airflow/example_dags/example_datasets.py
[2023-03-23T22:52:02.213+0000] {processor.py:756} INFO - Processing file /home/airflow/.local/lib/python3.7/site-packages/airflow/example_dags/example_datasets.py for tasks to queue
[2023-03-23T22:52:02.214+0000] {logging_mixin.py:120} INFO - [2023-03-23T22:52:02.213+0000] {dagbag.py:537} INFO - Filling up the DagBag from /home/airflow/.local/lib/python3.7/site-packages/airflow/example_dags/example_datasets.py
[2023-03-23T22:52:02.232+0000] {processor.py:766} INFO - DAG(s) dict_keys(['dataset_consumes_1_never_scheduled', 'dataset_produces_1', 'dataset_produces_2', 'dataset_consumes_1', 'dataset_consumes_unknown_never_scheduled', 'dataset_consumes_1_and_2']) retrieved from /home/airflow/.local/lib/python3.7/site-packages/airflow/example_dags/example_datasets.py
[2023-03-23T22:52:02.304+0000] {logging_mixin.py:120} INFO - [2023-03-23T22:52:02.303+0000] {dag.py:2585} INFO - Sync 6 DAGs
[2023-03-23T22:52:02.347+0000] {logging_mixin.py:120} INFO - [2023-03-23T22:52:02.347+0000] {dag.py:3340} INFO - Setting next_dagrun for dataset_consumes_1 to None, run_after=None
[2023-03-23T22:52:02.352+0000] {logging_mixin.py:120} INFO - [2023-03-23T22:52:02.352+0000] {dag.py:3340} INFO - Setting next_dagrun for dataset_consumes_1_and_2 to None, run_after=None
[2023-03-23T22:52:02.355+0000] {logging_mixin.py:120} INFO - [2023-03-23T22:52:02.355+0000] {dag.py:3340} INFO - Setting next_dagrun for dataset_consumes_1_never_scheduled to None, run_after=None
[2023-03-23T22:52:02.358+0000] {logging_mixin.py:120} INFO - [2023-03-23T22:52:02.358+0000] {dag.py:3340} INFO - Setting next_dagrun for dataset_consumes_unknown_never_scheduled to None, run_after=None
[2023-03-23T22:52:02.363+0000] {logging_mixin.py:120} INFO - [2023-03-23T22:52:02.363+0000] {dag.py:3340} INFO - Setting next_dagrun for dataset_produces_1 to 2023-03-22T00:00:00+00:00, run_after=2023-03-23T00:00:00+00:00
[2023-03-23T22:52:02.366+0000] {logging_mixin.py:120} INFO - [2023-03-23T22:52:02.365+0000] {dag.py:3340} INFO - Setting next_dagrun for dataset_produces_2 to None, run_after=None
[2023-03-23T22:52:02.411+0000] {processor.py:176} INFO - Processing /home/airflow/.local/lib/python3.7/site-packages/airflow/example_dags/example_datasets.py took 0.203 seconds
[2023-03-23T22:52:32.931+0000] {processor.py:154} INFO - Started process (PID=456) to work on /home/airflow/.local/lib/python3.7/site-packages/airflow/example_dags/example_datasets.py
[2023-03-23T22:52:32.934+0000] {processor.py:756} INFO - Processing file /home/airflow/.local/lib/python3.7/site-packages/airflow/example_dags/example_datasets.py for tasks to queue
[2023-03-23T22:52:32.935+0000] {logging_mixin.py:120} INFO - [2023-03-23T22:52:32.935+0000] {dagbag.py:537} INFO - Filling up the DagBag from /home/airflow/.local/lib/python3.7/site-packages/airflow/example_dags/example_datasets.py
[2023-03-23T22:52:32.961+0000] {processor.py:766} INFO - DAG(s) dict_keys(['dataset_produces_2', 'dataset_consumes_unknown_never_scheduled', 'dataset_consumes_1', 'dataset_consumes_1_never_scheduled', 'dataset_produces_1', 'dataset_consumes_1_and_2']) retrieved from /home/airflow/.local/lib/python3.7/site-packages/airflow/example_dags/example_datasets.py
[2023-03-23T22:52:33.042+0000] {logging_mixin.py:120} INFO - [2023-03-23T22:52:33.041+0000] {dag.py:2585} INFO - Sync 6 DAGs
[2023-03-23T22:52:33.085+0000] {logging_mixin.py:120} INFO - [2023-03-23T22:52:33.085+0000] {dag.py:3340} INFO - Setting next_dagrun for dataset_consumes_1 to None, run_after=None
[2023-03-23T22:52:33.090+0000] {logging_mixin.py:120} INFO - [2023-03-23T22:52:33.089+0000] {dag.py:3340} INFO - Setting next_dagrun for dataset_consumes_1_and_2 to None, run_after=None
[2023-03-23T22:52:33.092+0000] {logging_mixin.py:120} INFO - [2023-03-23T22:52:33.092+0000] {dag.py:3340} INFO - Setting next_dagrun for dataset_consumes_1_never_scheduled to None, run_after=None
[2023-03-23T22:52:33.094+0000] {logging_mixin.py:120} INFO - [2023-03-23T22:52:33.094+0000] {dag.py:3340} INFO - Setting next_dagrun for dataset_consumes_unknown_never_scheduled to None, run_after=None
[2023-03-23T22:52:33.098+0000] {logging_mixin.py:120} INFO - [2023-03-23T22:52:33.098+0000] {dag.py:3340} INFO - Setting next_dagrun for dataset_produces_1 to 2023-03-22T00:00:00+00:00, run_after=2023-03-23T00:00:00+00:00
[2023-03-23T22:52:33.100+0000] {logging_mixin.py:120} INFO - [2023-03-23T22:52:33.100+0000] {dag.py:3340} INFO - Setting next_dagrun for dataset_produces_2 to None, run_after=None
[2023-03-23T22:52:33.147+0000] {processor.py:176} INFO - Processing /home/airflow/.local/lib/python3.7/site-packages/airflow/example_dags/example_datasets.py took 0.223 seconds
[2023-03-23T22:53:03.614+0000] {processor.py:154} INFO - Started process (PID=519) to work on /home/airflow/.local/lib/python3.7/site-packages/airflow/example_dags/example_datasets.py
[2023-03-23T22:53:03.615+0000] {processor.py:756} INFO - Processing file /home/airflow/.local/lib/python3.7/site-packages/airflow/example_dags/example_datasets.py for tasks to queue
[2023-03-23T22:53:03.616+0000] {logging_mixin.py:120} INFO - [2023-03-23T22:53:03.615+0000] {dagbag.py:537} INFO - Filling up the DagBag from /home/airflow/.local/lib/python3.7/site-packages/airflow/example_dags/example_datasets.py
[2023-03-23T22:53:03.637+0000] {processor.py:766} INFO - DAG(s) dict_keys(['dataset_produces_2', 'dataset_consumes_1', 'dataset_produces_1', 'dataset_consumes_unknown_never_scheduled', 'dataset_consumes_1_and_2', 'dataset_consumes_1_never_scheduled']) retrieved from /home/airflow/.local/lib/python3.7/site-packages/airflow/example_dags/example_datasets.py
[2023-03-23T22:53:03.715+0000] {logging_mixin.py:120} INFO - [2023-03-23T22:53:03.715+0000] {dag.py:2585} INFO - Sync 6 DAGs
[2023-03-23T22:53:03.744+0000] {logging_mixin.py:120} INFO - [2023-03-23T22:53:03.744+0000] {dag.py:3340} INFO - Setting next_dagrun for dataset_consumes_1 to None, run_after=None
[2023-03-23T22:53:03.749+0000] {logging_mixin.py:120} INFO - [2023-03-23T22:53:03.749+0000] {dag.py:3340} INFO - Setting next_dagrun for dataset_consumes_1_and_2 to None, run_after=None
[2023-03-23T22:53:03.751+0000] {logging_mixin.py:120} INFO - [2023-03-23T22:53:03.751+0000] {dag.py:3340} INFO - Setting next_dagrun for dataset_consumes_1_never_scheduled to None, run_after=None
[2023-03-23T22:53:03.753+0000] {logging_mixin.py:120} INFO - [2023-03-23T22:53:03.753+0000] {dag.py:3340} INFO - Setting next_dagrun for dataset_consumes_unknown_never_scheduled to None, run_after=None
[2023-03-23T22:53:03.757+0000] {logging_mixin.py:120} INFO - [2023-03-23T22:53:03.757+0000] {dag.py:3340} INFO - Setting next_dagrun for dataset_produces_1 to 2023-03-22T00:00:00+00:00, run_after=2023-03-23T00:00:00+00:00
[2023-03-23T22:53:03.759+0000] {logging_mixin.py:120} INFO - [2023-03-23T22:53:03.758+0000] {dag.py:3340} INFO - Setting next_dagrun for dataset_produces_2 to None, run_after=None
[2023-03-23T22:53:03.792+0000] {processor.py:176} INFO - Processing /home/airflow/.local/lib/python3.7/site-packages/airflow/example_dags/example_datasets.py took 0.184 seconds
[2023-03-23T22:53:34.065+0000] {processor.py:154} INFO - Started process (PID=573) to work on /home/airflow/.local/lib/python3.7/site-packages/airflow/example_dags/example_datasets.py
[2023-03-23T22:53:34.066+0000] {processor.py:756} INFO - Processing file /home/airflow/.local/lib/python3.7/site-packages/airflow/example_dags/example_datasets.py for tasks to queue
[2023-03-23T22:53:34.067+0000] {logging_mixin.py:120} INFO - [2023-03-23T22:53:34.067+0000] {dagbag.py:537} INFO - Filling up the DagBag from /home/airflow/.local/lib/python3.7/site-packages/airflow/example_dags/example_datasets.py
[2023-03-23T22:53:34.087+0000] {processor.py:766} INFO - DAG(s) dict_keys(['dataset_consumes_1_never_scheduled', 'dataset_produces_2', 'dataset_consumes_unknown_never_scheduled', 'dataset_produces_1', 'dataset_consumes_1', 'dataset_consumes_1_and_2']) retrieved from /home/airflow/.local/lib/python3.7/site-packages/airflow/example_dags/example_datasets.py
[2023-03-23T22:53:34.155+0000] {logging_mixin.py:120} INFO - [2023-03-23T22:53:34.155+0000] {dag.py:2585} INFO - Sync 6 DAGs
[2023-03-23T22:53:34.197+0000] {logging_mixin.py:120} INFO - [2023-03-23T22:53:34.197+0000] {dag.py:3340} INFO - Setting next_dagrun for dataset_consumes_1 to None, run_after=None
[2023-03-23T22:53:34.203+0000] {logging_mixin.py:120} INFO - [2023-03-23T22:53:34.203+0000] {dag.py:3340} INFO - Setting next_dagrun for dataset_consumes_1_and_2 to None, run_after=None
[2023-03-23T22:53:34.206+0000] {logging_mixin.py:120} INFO - [2023-03-23T22:53:34.206+0000] {dag.py:3340} INFO - Setting next_dagrun for dataset_consumes_1_never_scheduled to None, run_after=None
[2023-03-23T22:53:34.209+0000] {logging_mixin.py:120} INFO - [2023-03-23T22:53:34.209+0000] {dag.py:3340} INFO - Setting next_dagrun for dataset_consumes_unknown_never_scheduled to None, run_after=None
[2023-03-23T22:53:34.212+0000] {logging_mixin.py:120} INFO - [2023-03-23T22:53:34.212+0000] {dag.py:3340} INFO - Setting next_dagrun for dataset_produces_1 to 2023-03-22T00:00:00+00:00, run_after=2023-03-23T00:00:00+00:00
[2023-03-23T22:53:34.215+0000] {logging_mixin.py:120} INFO - [2023-03-23T22:53:34.214+0000] {dag.py:3340} INFO - Setting next_dagrun for dataset_produces_2 to None, run_after=None
[2023-03-23T22:53:34.266+0000] {processor.py:176} INFO - Processing /home/airflow/.local/lib/python3.7/site-packages/airflow/example_dags/example_datasets.py took 0.205 seconds
[2023-03-23T22:54:04.803+0000] {processor.py:154} INFO - Started process (PID=636) to work on /home/airflow/.local/lib/python3.7/site-packages/airflow/example_dags/example_datasets.py
[2023-03-23T22:54:04.804+0000] {processor.py:756} INFO - Processing file /home/airflow/.local/lib/python3.7/site-packages/airflow/example_dags/example_datasets.py for tasks to queue
[2023-03-23T22:54:04.806+0000] {logging_mixin.py:120} INFO - [2023-03-23T22:54:04.805+0000] {dagbag.py:537} INFO - Filling up the DagBag from /home/airflow/.local/lib/python3.7/site-packages/airflow/example_dags/example_datasets.py
[2023-03-23T22:54:04.822+0000] {processor.py:766} INFO - DAG(s) dict_keys(['dataset_consumes_1_and_2', 'dataset_consumes_1_never_scheduled', 'dataset_produces_2', 'dataset_consumes_1', 'dataset_produces_1', 'dataset_consumes_unknown_never_scheduled']) retrieved from /home/airflow/.local/lib/python3.7/site-packages/airflow/example_dags/example_datasets.py
[2023-03-23T22:54:04.904+0000] {logging_mixin.py:120} INFO - [2023-03-23T22:54:04.903+0000] {dag.py:2585} INFO - Sync 6 DAGs
[2023-03-23T22:54:04.943+0000] {logging_mixin.py:120} INFO - [2023-03-23T22:54:04.942+0000] {dag.py:3340} INFO - Setting next_dagrun for dataset_consumes_1 to None, run_after=None
[2023-03-23T22:54:04.947+0000] {logging_mixin.py:120} INFO - [2023-03-23T22:54:04.946+0000] {dag.py:3340} INFO - Setting next_dagrun for dataset_consumes_1_and_2 to None, run_after=None
[2023-03-23T22:54:04.948+0000] {logging_mixin.py:120} INFO - [2023-03-23T22:54:04.948+0000] {dag.py:3340} INFO - Setting next_dagrun for dataset_consumes_1_never_scheduled to None, run_after=None
[2023-03-23T22:54:04.950+0000] {logging_mixin.py:120} INFO - [2023-03-23T22:54:04.950+0000] {dag.py:3340} INFO - Setting next_dagrun for dataset_consumes_unknown_never_scheduled to None, run_after=None
[2023-03-23T22:54:04.953+0000] {logging_mixin.py:120} INFO - [2023-03-23T22:54:04.952+0000] {dag.py:3340} INFO - Setting next_dagrun for dataset_produces_1 to 2023-03-22T00:00:00+00:00, run_after=2023-03-23T00:00:00+00:00
[2023-03-23T22:54:04.955+0000] {logging_mixin.py:120} INFO - [2023-03-23T22:54:04.954+0000] {dag.py:3340} INFO - Setting next_dagrun for dataset_produces_2 to None, run_after=None
[2023-03-23T22:54:04.990+0000] {processor.py:176} INFO - Processing /home/airflow/.local/lib/python3.7/site-packages/airflow/example_dags/example_datasets.py took 0.191 seconds
[2023-03-23T22:54:35.835+0000] {processor.py:154} INFO - Started process (PID=698) to work on /home/airflow/.local/lib/python3.7/site-packages/airflow/example_dags/example_datasets.py
[2023-03-23T22:54:35.842+0000] {processor.py:756} INFO - Processing file /home/airflow/.local/lib/python3.7/site-packages/airflow/example_dags/example_datasets.py for tasks to queue
[2023-03-23T22:54:35.844+0000] {logging_mixin.py:120} INFO - [2023-03-23T22:54:35.843+0000] {dagbag.py:537} INFO - Filling up the DagBag from /home/airflow/.local/lib/python3.7/site-packages/airflow/example_dags/example_datasets.py
[2023-03-23T22:54:35.874+0000] {processor.py:766} INFO - DAG(s) dict_keys(['dataset_consumes_1_never_scheduled', 'dataset_produces_1', 'dataset_consumes_unknown_never_scheduled', 'dataset_consumes_1', 'dataset_produces_2', 'dataset_consumes_1_and_2']) retrieved from /home/airflow/.local/lib/python3.7/site-packages/airflow/example_dags/example_datasets.py
[2023-03-23T22:54:36.000+0000] {logging_mixin.py:120} INFO - [2023-03-23T22:54:35.999+0000] {dag.py:2585} INFO - Sync 6 DAGs
[2023-03-23T22:54:36.082+0000] {logging_mixin.py:120} INFO - [2023-03-23T22:54:36.081+0000] {dag.py:3340} INFO - Setting next_dagrun for dataset_consumes_1 to None, run_after=None
[2023-03-23T22:54:36.093+0000] {logging_mixin.py:120} INFO - [2023-03-23T22:54:36.093+0000] {dag.py:3340} INFO - Setting next_dagrun for dataset_consumes_1_and_2 to None, run_after=None
[2023-03-23T22:54:36.097+0000] {logging_mixin.py:120} INFO - [2023-03-23T22:54:36.096+0000] {dag.py:3340} INFO - Setting next_dagrun for dataset_consumes_1_never_scheduled to None, run_after=None
[2023-03-23T22:54:36.099+0000] {logging_mixin.py:120} INFO - [2023-03-23T22:54:36.099+0000] {dag.py:3340} INFO - Setting next_dagrun for dataset_consumes_unknown_never_scheduled to None, run_after=None
[2023-03-23T22:54:36.124+0000] {logging_mixin.py:120} INFO - [2023-03-23T22:54:36.124+0000] {dag.py:3340} INFO - Setting next_dagrun for dataset_produces_1 to 2023-03-22T00:00:00+00:00, run_after=2023-03-23T00:00:00+00:00
[2023-03-23T22:54:36.128+0000] {logging_mixin.py:120} INFO - [2023-03-23T22:54:36.127+0000] {dag.py:3340} INFO - Setting next_dagrun for dataset_produces_2 to None, run_after=None
[2023-03-23T22:54:36.201+0000] {processor.py:176} INFO - Processing /home/airflow/.local/lib/python3.7/site-packages/airflow/example_dags/example_datasets.py took 0.371 seconds
[2023-03-23T22:55:06.327+0000] {processor.py:154} INFO - Started process (PID=752) to work on /home/airflow/.local/lib/python3.7/site-packages/airflow/example_dags/example_datasets.py
[2023-03-23T22:55:06.328+0000] {processor.py:756} INFO - Processing file /home/airflow/.local/lib/python3.7/site-packages/airflow/example_dags/example_datasets.py for tasks to queue
[2023-03-23T22:55:06.330+0000] {logging_mixin.py:120} INFO - [2023-03-23T22:55:06.329+0000] {dagbag.py:537} INFO - Filling up the DagBag from /home/airflow/.local/lib/python3.7/site-packages/airflow/example_dags/example_datasets.py
[2023-03-23T22:55:06.347+0000] {processor.py:766} INFO - DAG(s) dict_keys(['dataset_consumes_1_and_2', 'dataset_consumes_unknown_never_scheduled', 'dataset_produces_2', 'dataset_consumes_1_never_scheduled', 'dataset_produces_1', 'dataset_consumes_1']) retrieved from /home/airflow/.local/lib/python3.7/site-packages/airflow/example_dags/example_datasets.py
[2023-03-23T22:55:06.413+0000] {logging_mixin.py:120} INFO - [2023-03-23T22:55:06.412+0000] {dag.py:2585} INFO - Sync 6 DAGs
[2023-03-23T22:55:06.446+0000] {logging_mixin.py:120} INFO - [2023-03-23T22:55:06.446+0000] {dag.py:3340} INFO - Setting next_dagrun for dataset_consumes_1 to None, run_after=None
[2023-03-23T22:55:06.450+0000] {logging_mixin.py:120} INFO - [2023-03-23T22:55:06.450+0000] {dag.py:3340} INFO - Setting next_dagrun for dataset_consumes_1_and_2 to None, run_after=None
[2023-03-23T22:55:06.452+0000] {logging_mixin.py:120} INFO - [2023-03-23T22:55:06.452+0000] {dag.py:3340} INFO - Setting next_dagrun for dataset_consumes_1_never_scheduled to None, run_after=None
[2023-03-23T22:55:06.454+0000] {logging_mixin.py:120} INFO - [2023-03-23T22:55:06.454+0000] {dag.py:3340} INFO - Setting next_dagrun for dataset_consumes_unknown_never_scheduled to None, run_after=None
[2023-03-23T22:55:06.458+0000] {logging_mixin.py:120} INFO - [2023-03-23T22:55:06.458+0000] {dag.py:3340} INFO - Setting next_dagrun for dataset_produces_1 to 2023-03-22T00:00:00+00:00, run_after=2023-03-23T00:00:00+00:00
[2023-03-23T22:55:06.460+0000] {logging_mixin.py:120} INFO - [2023-03-23T22:55:06.460+0000] {dag.py:3340} INFO - Setting next_dagrun for dataset_produces_2 to None, run_after=None
[2023-03-23T22:55:06.493+0000] {processor.py:176} INFO - Processing /home/airflow/.local/lib/python3.7/site-packages/airflow/example_dags/example_datasets.py took 0.169 seconds
[2023-03-23T22:55:36.546+0000] {processor.py:154} INFO - Started process (PID=815) to work on /home/airflow/.local/lib/python3.7/site-packages/airflow/example_dags/example_datasets.py
[2023-03-23T22:55:36.547+0000] {processor.py:756} INFO - Processing file /home/airflow/.local/lib/python3.7/site-packages/airflow/example_dags/example_datasets.py for tasks to queue
[2023-03-23T22:55:36.548+0000] {logging_mixin.py:120} INFO - [2023-03-23T22:55:36.548+0000] {dagbag.py:537} INFO - Filling up the DagBag from /home/airflow/.local/lib/python3.7/site-packages/airflow/example_dags/example_datasets.py
[2023-03-23T22:55:36.564+0000] {processor.py:766} INFO - DAG(s) dict_keys(['dataset_consumes_1_and_2', 'dataset_consumes_1', 'dataset_consumes_1_never_scheduled', 'dataset_produces_2', 'dataset_consumes_unknown_never_scheduled', 'dataset_produces_1']) retrieved from /home/airflow/.local/lib/python3.7/site-packages/airflow/example_dags/example_datasets.py
[2023-03-23T22:55:36.626+0000] {logging_mixin.py:120} INFO - [2023-03-23T22:55:36.626+0000] {dag.py:2585} INFO - Sync 6 DAGs
[2023-03-23T22:55:36.654+0000] {logging_mixin.py:120} INFO - [2023-03-23T22:55:36.654+0000] {dag.py:3340} INFO - Setting next_dagrun for dataset_consumes_1 to None, run_after=None
[2023-03-23T22:55:36.659+0000] {logging_mixin.py:120} INFO - [2023-03-23T22:55:36.659+0000] {dag.py:3340} INFO - Setting next_dagrun for dataset_consumes_1_and_2 to None, run_after=None
[2023-03-23T22:55:36.661+0000] {logging_mixin.py:120} INFO - [2023-03-23T22:55:36.660+0000] {dag.py:3340} INFO - Setting next_dagrun for dataset_consumes_1_never_scheduled to None, run_after=None
[2023-03-23T22:55:36.662+0000] {logging_mixin.py:120} INFO - [2023-03-23T22:55:36.662+0000] {dag.py:3340} INFO - Setting next_dagrun for dataset_consumes_unknown_never_scheduled to None, run_after=None
[2023-03-23T22:55:36.665+0000] {logging_mixin.py:120} INFO - [2023-03-23T22:55:36.665+0000] {dag.py:3340} INFO - Setting next_dagrun for dataset_produces_1 to 2023-03-22T00:00:00+00:00, run_after=2023-03-23T00:00:00+00:00
[2023-03-23T22:55:36.667+0000] {logging_mixin.py:120} INFO - [2023-03-23T22:55:36.666+0000] {dag.py:3340} INFO - Setting next_dagrun for dataset_produces_2 to None, run_after=None
[2023-03-23T22:55:36.706+0000] {processor.py:176} INFO - Processing /home/airflow/.local/lib/python3.7/site-packages/airflow/example_dags/example_datasets.py took 0.163 seconds
[2023-03-23T22:56:07.105+0000] {processor.py:154} INFO - Started process (PID=878) to work on /home/airflow/.local/lib/python3.7/site-packages/airflow/example_dags/example_datasets.py
[2023-03-23T22:56:07.106+0000] {processor.py:756} INFO - Processing file /home/airflow/.local/lib/python3.7/site-packages/airflow/example_dags/example_datasets.py for tasks to queue
[2023-03-23T22:56:07.107+0000] {logging_mixin.py:120} INFO - [2023-03-23T22:56:07.107+0000] {dagbag.py:537} INFO - Filling up the DagBag from /home/airflow/.local/lib/python3.7/site-packages/airflow/example_dags/example_datasets.py
[2023-03-23T22:56:07.128+0000] {processor.py:766} INFO - DAG(s) dict_keys(['dataset_consumes_1_never_scheduled', 'dataset_consumes_1_and_2', 'dataset_produces_2', 'dataset_consumes_unknown_never_scheduled', 'dataset_produces_1', 'dataset_consumes_1']) retrieved from /home/airflow/.local/lib/python3.7/site-packages/airflow/example_dags/example_datasets.py
[2023-03-23T22:56:07.198+0000] {logging_mixin.py:120} INFO - [2023-03-23T22:56:07.198+0000] {dag.py:2585} INFO - Sync 6 DAGs
[2023-03-23T22:56:07.223+0000] {logging_mixin.py:120} INFO - [2023-03-23T22:56:07.223+0000] {dag.py:3340} INFO - Setting next_dagrun for dataset_consumes_1 to None, run_after=None
[2023-03-23T22:56:07.228+0000] {logging_mixin.py:120} INFO - [2023-03-23T22:56:07.228+0000] {dag.py:3340} INFO - Setting next_dagrun for dataset_consumes_1_and_2 to None, run_after=None
[2023-03-23T22:56:07.230+0000] {logging_mixin.py:120} INFO - [2023-03-23T22:56:07.229+0000] {dag.py:3340} INFO - Setting next_dagrun for dataset_consumes_1_never_scheduled to None, run_after=None
[2023-03-23T22:56:07.231+0000] {logging_mixin.py:120} INFO - [2023-03-23T22:56:07.231+0000] {dag.py:3340} INFO - Setting next_dagrun for dataset_consumes_unknown_never_scheduled to None, run_after=None
[2023-03-23T22:56:07.234+0000] {logging_mixin.py:120} INFO - [2023-03-23T22:56:07.234+0000] {dag.py:3340} INFO - Setting next_dagrun for dataset_produces_1 to 2023-03-22T00:00:00+00:00, run_after=2023-03-23T00:00:00+00:00
[2023-03-23T22:56:07.237+0000] {logging_mixin.py:120} INFO - [2023-03-23T22:56:07.236+0000] {dag.py:3340} INFO - Setting next_dagrun for dataset_produces_2 to None, run_after=None
[2023-03-23T22:56:07.270+0000] {processor.py:176} INFO - Processing /home/airflow/.local/lib/python3.7/site-packages/airflow/example_dags/example_datasets.py took 0.170 seconds
[2023-03-23T22:56:37.617+0000] {processor.py:154} INFO - Started process (PID=932) to work on /home/airflow/.local/lib/python3.7/site-packages/airflow/example_dags/example_datasets.py
[2023-03-23T22:56:37.619+0000] {processor.py:756} INFO - Processing file /home/airflow/.local/lib/python3.7/site-packages/airflow/example_dags/example_datasets.py for tasks to queue
[2023-03-23T22:56:37.620+0000] {logging_mixin.py:120} INFO - [2023-03-23T22:56:37.620+0000] {dagbag.py:537} INFO - Filling up the DagBag from /home/airflow/.local/lib/python3.7/site-packages/airflow/example_dags/example_datasets.py
[2023-03-23T22:56:37.636+0000] {processor.py:766} INFO - DAG(s) dict_keys(['dataset_produces_1', 'dataset_produces_2', 'dataset_consumes_1', 'dataset_consumes_unknown_never_scheduled', 'dataset_consumes_1_never_scheduled', 'dataset_consumes_1_and_2']) retrieved from /home/airflow/.local/lib/python3.7/site-packages/airflow/example_dags/example_datasets.py
[2023-03-23T22:56:37.696+0000] {logging_mixin.py:120} INFO - [2023-03-23T22:56:37.696+0000] {dag.py:2585} INFO - Sync 6 DAGs
[2023-03-23T22:56:37.723+0000] {logging_mixin.py:120} INFO - [2023-03-23T22:56:37.723+0000] {dag.py:3340} INFO - Setting next_dagrun for dataset_consumes_1 to None, run_after=None
[2023-03-23T22:56:37.727+0000] {logging_mixin.py:120} INFO - [2023-03-23T22:56:37.727+0000] {dag.py:3340} INFO - Setting next_dagrun for dataset_consumes_1_and_2 to None, run_after=None
[2023-03-23T22:56:37.729+0000] {logging_mixin.py:120} INFO - [2023-03-23T22:56:37.729+0000] {dag.py:3340} INFO - Setting next_dagrun for dataset_consumes_1_never_scheduled to None, run_after=None
[2023-03-23T22:56:37.731+0000] {logging_mixin.py:120} INFO - [2023-03-23T22:56:37.731+0000] {dag.py:3340} INFO - Setting next_dagrun for dataset_consumes_unknown_never_scheduled to None, run_after=None
[2023-03-23T22:56:37.734+0000] {logging_mixin.py:120} INFO - [2023-03-23T22:56:37.734+0000] {dag.py:3340} INFO - Setting next_dagrun for dataset_produces_1 to 2023-03-22T00:00:00+00:00, run_after=2023-03-23T00:00:00+00:00
[2023-03-23T22:56:37.736+0000] {logging_mixin.py:120} INFO - [2023-03-23T22:56:37.736+0000] {dag.py:3340} INFO - Setting next_dagrun for dataset_produces_2 to None, run_after=None
[2023-03-23T22:56:37.771+0000] {processor.py:176} INFO - Processing /home/airflow/.local/lib/python3.7/site-packages/airflow/example_dags/example_datasets.py took 0.157 seconds
[2023-03-23T22:57:08.088+0000] {processor.py:154} INFO - Started process (PID=995) to work on /home/airflow/.local/lib/python3.7/site-packages/airflow/example_dags/example_datasets.py
[2023-03-23T22:57:08.089+0000] {processor.py:756} INFO - Processing file /home/airflow/.local/lib/python3.7/site-packages/airflow/example_dags/example_datasets.py for tasks to queue
[2023-03-23T22:57:08.090+0000] {logging_mixin.py:120} INFO - [2023-03-23T22:57:08.090+0000] {dagbag.py:537} INFO - Filling up the DagBag from /home/airflow/.local/lib/python3.7/site-packages/airflow/example_dags/example_datasets.py
[2023-03-23T22:57:08.109+0000] {processor.py:766} INFO - DAG(s) dict_keys(['dataset_produces_1', 'dataset_produces_2', 'dataset_consumes_unknown_never_scheduled', 'dataset_consumes_1_never_scheduled', 'dataset_consumes_1', 'dataset_consumes_1_and_2']) retrieved from /home/airflow/.local/lib/python3.7/site-packages/airflow/example_dags/example_datasets.py
[2023-03-23T22:57:08.198+0000] {logging_mixin.py:120} INFO - [2023-03-23T22:57:08.198+0000] {dag.py:2585} INFO - Sync 6 DAGs
[2023-03-23T22:57:08.235+0000] {logging_mixin.py:120} INFO - [2023-03-23T22:57:08.235+0000] {dag.py:3340} INFO - Setting next_dagrun for dataset_consumes_1 to None, run_after=None
[2023-03-23T22:57:08.240+0000] {logging_mixin.py:120} INFO - [2023-03-23T22:57:08.240+0000] {dag.py:3340} INFO - Setting next_dagrun for dataset_consumes_1_and_2 to None, run_after=None
[2023-03-23T22:57:08.242+0000] {logging_mixin.py:120} INFO - [2023-03-23T22:57:08.242+0000] {dag.py:3340} INFO - Setting next_dagrun for dataset_consumes_1_never_scheduled to None, run_after=None
[2023-03-23T22:57:08.244+0000] {logging_mixin.py:120} INFO - [2023-03-23T22:57:08.244+0000] {dag.py:3340} INFO - Setting next_dagrun for dataset_consumes_unknown_never_scheduled to None, run_after=None
[2023-03-23T22:57:08.248+0000] {logging_mixin.py:120} INFO - [2023-03-23T22:57:08.248+0000] {dag.py:3340} INFO - Setting next_dagrun for dataset_produces_1 to 2023-03-22T00:00:00+00:00, run_after=2023-03-23T00:00:00+00:00
[2023-03-23T22:57:08.250+0000] {logging_mixin.py:120} INFO - [2023-03-23T22:57:08.250+0000] {dag.py:3340} INFO - Setting next_dagrun for dataset_produces_2 to None, run_after=None
[2023-03-23T22:57:08.288+0000] {processor.py:176} INFO - Processing /home/airflow/.local/lib/python3.7/site-packages/airflow/example_dags/example_datasets.py took 0.203 seconds
[2023-03-23T22:57:38.484+0000] {processor.py:154} INFO - Started process (PID=1059) to work on /home/airflow/.local/lib/python3.7/site-packages/airflow/example_dags/example_datasets.py
[2023-03-23T22:57:38.485+0000] {processor.py:756} INFO - Processing file /home/airflow/.local/lib/python3.7/site-packages/airflow/example_dags/example_datasets.py for tasks to queue
[2023-03-23T22:57:38.486+0000] {logging_mixin.py:120} INFO - [2023-03-23T22:57:38.486+0000] {dagbag.py:537} INFO - Filling up the DagBag from /home/airflow/.local/lib/python3.7/site-packages/airflow/example_dags/example_datasets.py
[2023-03-23T22:57:38.501+0000] {processor.py:766} INFO - DAG(s) dict_keys(['dataset_produces_2', 'dataset_produces_1', 'dataset_consumes_1_and_2', 'dataset_consumes_1', 'dataset_consumes_1_never_scheduled', 'dataset_consumes_unknown_never_scheduled']) retrieved from /home/airflow/.local/lib/python3.7/site-packages/airflow/example_dags/example_datasets.py
[2023-03-23T22:57:38.560+0000] {logging_mixin.py:120} INFO - [2023-03-23T22:57:38.560+0000] {dag.py:2585} INFO - Sync 6 DAGs
[2023-03-23T22:57:38.588+0000] {logging_mixin.py:120} INFO - [2023-03-23T22:57:38.588+0000] {dag.py:3340} INFO - Setting next_dagrun for dataset_consumes_1 to None, run_after=None
[2023-03-23T22:57:38.592+0000] {logging_mixin.py:120} INFO - [2023-03-23T22:57:38.592+0000] {dag.py:3340} INFO - Setting next_dagrun for dataset_consumes_1_and_2 to None, run_after=None
[2023-03-23T22:57:38.595+0000] {logging_mixin.py:120} INFO - [2023-03-23T22:57:38.595+0000] {dag.py:3340} INFO - Setting next_dagrun for dataset_consumes_1_never_scheduled to None, run_after=None
[2023-03-23T22:57:38.597+0000] {logging_mixin.py:120} INFO - [2023-03-23T22:57:38.597+0000] {dag.py:3340} INFO - Setting next_dagrun for dataset_consumes_unknown_never_scheduled to None, run_after=None
[2023-03-23T22:57:38.600+0000] {logging_mixin.py:120} INFO - [2023-03-23T22:57:38.600+0000] {dag.py:3340} INFO - Setting next_dagrun for dataset_produces_1 to 2023-03-22T00:00:00+00:00, run_after=2023-03-23T00:00:00+00:00
[2023-03-23T22:57:38.603+0000] {logging_mixin.py:120} INFO - [2023-03-23T22:57:38.603+0000] {dag.py:3340} INFO - Setting next_dagrun for dataset_produces_2 to None, run_after=None
[2023-03-23T22:57:38.638+0000] {processor.py:176} INFO - Processing /home/airflow/.local/lib/python3.7/site-packages/airflow/example_dags/example_datasets.py took 0.156 seconds
[2023-03-23T22:58:08.672+0000] {processor.py:154} INFO - Started process (PID=1113) to work on /home/airflow/.local/lib/python3.7/site-packages/airflow/example_dags/example_datasets.py
[2023-03-23T22:58:08.673+0000] {processor.py:756} INFO - Processing file /home/airflow/.local/lib/python3.7/site-packages/airflow/example_dags/example_datasets.py for tasks to queue
[2023-03-23T22:58:08.674+0000] {logging_mixin.py:120} INFO - [2023-03-23T22:58:08.674+0000] {dagbag.py:537} INFO - Filling up the DagBag from /home/airflow/.local/lib/python3.7/site-packages/airflow/example_dags/example_datasets.py
[2023-03-23T22:58:08.689+0000] {processor.py:766} INFO - DAG(s) dict_keys(['dataset_produces_2', 'dataset_produces_1', 'dataset_consumes_1', 'dataset_consumes_1_and_2', 'dataset_consumes_unknown_never_scheduled', 'dataset_consumes_1_never_scheduled']) retrieved from /home/airflow/.local/lib/python3.7/site-packages/airflow/example_dags/example_datasets.py
[2023-03-23T22:58:08.749+0000] {logging_mixin.py:120} INFO - [2023-03-23T22:58:08.749+0000] {dag.py:2585} INFO - Sync 6 DAGs
[2023-03-23T22:58:08.773+0000] {logging_mixin.py:120} INFO - [2023-03-23T22:58:08.773+0000] {dag.py:3340} INFO - Setting next_dagrun for dataset_consumes_1 to None, run_after=None
[2023-03-23T22:58:08.778+0000] {logging_mixin.py:120} INFO - [2023-03-23T22:58:08.778+0000] {dag.py:3340} INFO - Setting next_dagrun for dataset_consumes_1_and_2 to None, run_after=None
[2023-03-23T22:58:08.780+0000] {logging_mixin.py:120} INFO - [2023-03-23T22:58:08.780+0000] {dag.py:3340} INFO - Setting next_dagrun for dataset_consumes_1_never_scheduled to None, run_after=None
[2023-03-23T22:58:08.782+0000] {logging_mixin.py:120} INFO - [2023-03-23T22:58:08.782+0000] {dag.py:3340} INFO - Setting next_dagrun for dataset_consumes_unknown_never_scheduled to None, run_after=None
[2023-03-23T22:58:08.786+0000] {logging_mixin.py:120} INFO - [2023-03-23T22:58:08.786+0000] {dag.py:3340} INFO - Setting next_dagrun for dataset_produces_1 to 2023-03-22T00:00:00+00:00, run_after=2023-03-23T00:00:00+00:00
[2023-03-23T22:58:08.788+0000] {logging_mixin.py:120} INFO - [2023-03-23T22:58:08.788+0000] {dag.py:3340} INFO - Setting next_dagrun for dataset_produces_2 to None, run_after=None
[2023-03-23T22:58:08.827+0000] {processor.py:176} INFO - Processing /home/airflow/.local/lib/python3.7/site-packages/airflow/example_dags/example_datasets.py took 0.158 seconds
[2023-03-23T22:58:39.523+0000] {processor.py:154} INFO - Started process (PID=1175) to work on /home/airflow/.local/lib/python3.7/site-packages/airflow/example_dags/example_datasets.py
[2023-03-23T22:58:39.524+0000] {processor.py:756} INFO - Processing file /home/airflow/.local/lib/python3.7/site-packages/airflow/example_dags/example_datasets.py for tasks to queue
[2023-03-23T22:58:39.525+0000] {logging_mixin.py:120} INFO - [2023-03-23T22:58:39.525+0000] {dagbag.py:537} INFO - Filling up the DagBag from /home/airflow/.local/lib/python3.7/site-packages/airflow/example_dags/example_datasets.py
[2023-03-23T22:58:39.543+0000] {processor.py:766} INFO - DAG(s) dict_keys(['dataset_produces_1', 'dataset_consumes_1_and_2', 'dataset_consumes_1_never_scheduled', 'dataset_consumes_unknown_never_scheduled', 'dataset_produces_2', 'dataset_consumes_1']) retrieved from /home/airflow/.local/lib/python3.7/site-packages/airflow/example_dags/example_datasets.py
[2023-03-23T22:58:39.598+0000] {logging_mixin.py:120} INFO - [2023-03-23T22:58:39.598+0000] {dag.py:2585} INFO - Sync 6 DAGs
[2023-03-23T22:58:39.626+0000] {logging_mixin.py:120} INFO - [2023-03-23T22:58:39.626+0000] {dag.py:3340} INFO - Setting next_dagrun for dataset_consumes_1 to None, run_after=None
[2023-03-23T22:58:39.630+0000] {logging_mixin.py:120} INFO - [2023-03-23T22:58:39.630+0000] {dag.py:3340} INFO - Setting next_dagrun for dataset_consumes_1_and_2 to None, run_after=None
[2023-03-23T22:58:39.631+0000] {logging_mixin.py:120} INFO - [2023-03-23T22:58:39.631+0000] {dag.py:3340} INFO - Setting next_dagrun for dataset_consumes_1_never_scheduled to None, run_after=None
[2023-03-23T22:58:39.633+0000] {logging_mixin.py:120} INFO - [2023-03-23T22:58:39.633+0000] {dag.py:3340} INFO - Setting next_dagrun for dataset_consumes_unknown_never_scheduled to None, run_after=None
[2023-03-23T22:58:39.635+0000] {logging_mixin.py:120} INFO - [2023-03-23T22:58:39.635+0000] {dag.py:3340} INFO - Setting next_dagrun for dataset_produces_1 to 2023-03-22T00:00:00+00:00, run_after=2023-03-23T00:00:00+00:00
[2023-03-23T22:58:39.637+0000] {logging_mixin.py:120} INFO - [2023-03-23T22:58:39.636+0000] {dag.py:3340} INFO - Setting next_dagrun for dataset_produces_2 to None, run_after=None
[2023-03-23T22:58:39.670+0000] {processor.py:176} INFO - Processing /home/airflow/.local/lib/python3.7/site-packages/airflow/example_dags/example_datasets.py took 0.151 seconds
[2023-03-23T22:59:10.081+0000] {processor.py:154} INFO - Started process (PID=1238) to work on /home/airflow/.local/lib/python3.7/site-packages/airflow/example_dags/example_datasets.py
[2023-03-23T22:59:10.083+0000] {processor.py:756} INFO - Processing file /home/airflow/.local/lib/python3.7/site-packages/airflow/example_dags/example_datasets.py for tasks to queue
[2023-03-23T22:59:10.084+0000] {logging_mixin.py:120} INFO - [2023-03-23T22:59:10.084+0000] {dagbag.py:537} INFO - Filling up the DagBag from /home/airflow/.local/lib/python3.7/site-packages/airflow/example_dags/example_datasets.py
[2023-03-23T22:59:10.103+0000] {processor.py:766} INFO - DAG(s) dict_keys(['dataset_consumes_1_never_scheduled', 'dataset_consumes_1_and_2', 'dataset_produces_1', 'dataset_consumes_1', 'dataset_produces_2', 'dataset_consumes_unknown_never_scheduled']) retrieved from /home/airflow/.local/lib/python3.7/site-packages/airflow/example_dags/example_datasets.py
[2023-03-23T22:59:10.172+0000] {logging_mixin.py:120} INFO - [2023-03-23T22:59:10.172+0000] {dag.py:2585} INFO - Sync 6 DAGs
[2023-03-23T22:59:10.204+0000] {logging_mixin.py:120} INFO - [2023-03-23T22:59:10.204+0000] {dag.py:3340} INFO - Setting next_dagrun for dataset_consumes_1 to None, run_after=None
[2023-03-23T22:59:10.208+0000] {logging_mixin.py:120} INFO - [2023-03-23T22:59:10.208+0000] {dag.py:3340} INFO - Setting next_dagrun for dataset_consumes_1_and_2 to None, run_after=None
[2023-03-23T22:59:10.210+0000] {logging_mixin.py:120} INFO - [2023-03-23T22:59:10.210+0000] {dag.py:3340} INFO - Setting next_dagrun for dataset_consumes_1_never_scheduled to None, run_after=None
[2023-03-23T22:59:10.212+0000] {logging_mixin.py:120} INFO - [2023-03-23T22:59:10.212+0000] {dag.py:3340} INFO - Setting next_dagrun for dataset_consumes_unknown_never_scheduled to None, run_after=None
[2023-03-23T22:59:10.215+0000] {logging_mixin.py:120} INFO - [2023-03-23T22:59:10.215+0000] {dag.py:3340} INFO - Setting next_dagrun for dataset_produces_1 to 2023-03-22T00:00:00+00:00, run_after=2023-03-23T00:00:00+00:00
[2023-03-23T22:59:10.217+0000] {logging_mixin.py:120} INFO - [2023-03-23T22:59:10.217+0000] {dag.py:3340} INFO - Setting next_dagrun for dataset_produces_2 to None, run_after=None
[2023-03-23T22:59:10.255+0000] {processor.py:176} INFO - Processing /home/airflow/.local/lib/python3.7/site-packages/airflow/example_dags/example_datasets.py took 0.178 seconds
[2023-03-23T22:59:40.803+0000] {processor.py:154} INFO - Started process (PID=1292) to work on /home/airflow/.local/lib/python3.7/site-packages/airflow/example_dags/example_datasets.py
[2023-03-23T22:59:40.804+0000] {processor.py:756} INFO - Processing file /home/airflow/.local/lib/python3.7/site-packages/airflow/example_dags/example_datasets.py for tasks to queue
[2023-03-23T22:59:40.805+0000] {logging_mixin.py:120} INFO - [2023-03-23T22:59:40.805+0000] {dagbag.py:537} INFO - Filling up the DagBag from /home/airflow/.local/lib/python3.7/site-packages/airflow/example_dags/example_datasets.py
[2023-03-23T22:59:40.821+0000] {processor.py:766} INFO - DAG(s) dict_keys(['dataset_consumes_unknown_never_scheduled', 'dataset_consumes_1_never_scheduled', 'dataset_produces_1', 'dataset_consumes_1', 'dataset_consumes_1_and_2', 'dataset_produces_2']) retrieved from /home/airflow/.local/lib/python3.7/site-packages/airflow/example_dags/example_datasets.py
[2023-03-23T22:59:40.879+0000] {logging_mixin.py:120} INFO - [2023-03-23T22:59:40.879+0000] {dag.py:2585} INFO - Sync 6 DAGs
[2023-03-23T22:59:40.923+0000] {logging_mixin.py:120} INFO - [2023-03-23T22:59:40.922+0000] {dag.py:3340} INFO - Setting next_dagrun for dataset_consumes_1 to None, run_after=None
[2023-03-23T22:59:40.928+0000] {logging_mixin.py:120} INFO - [2023-03-23T22:59:40.928+0000] {dag.py:3340} INFO - Setting next_dagrun for dataset_consumes_1_and_2 to None, run_after=None
[2023-03-23T22:59:40.931+0000] {logging_mixin.py:120} INFO - [2023-03-23T22:59:40.931+0000] {dag.py:3340} INFO - Setting next_dagrun for dataset_consumes_1_never_scheduled to None, run_after=None
[2023-03-23T22:59:40.934+0000] {logging_mixin.py:120} INFO - [2023-03-23T22:59:40.934+0000] {dag.py:3340} INFO - Setting next_dagrun for dataset_consumes_unknown_never_scheduled to None, run_after=None
[2023-03-23T22:59:40.938+0000] {logging_mixin.py:120} INFO - [2023-03-23T22:59:40.938+0000] {dag.py:3340} INFO - Setting next_dagrun for dataset_produces_1 to 2023-03-22T00:00:00+00:00, run_after=2023-03-23T00:00:00+00:00
[2023-03-23T22:59:40.940+0000] {logging_mixin.py:120} INFO - [2023-03-23T22:59:40.940+0000] {dag.py:3340} INFO - Setting next_dagrun for dataset_produces_2 to None, run_after=None
[2023-03-23T22:59:40.989+0000] {processor.py:176} INFO - Processing /home/airflow/.local/lib/python3.7/site-packages/airflow/example_dags/example_datasets.py took 0.190 seconds
