[2023-03-23T22:49:01.593+0000] {processor.py:154} INFO - Started process (PID=91) to work on /home/airflow/.local/lib/python3.7/site-packages/airflow/example_dags/example_task_group_decorator.py
[2023-03-23T22:49:01.605+0000] {processor.py:756} INFO - Processing file /home/airflow/.local/lib/python3.7/site-packages/airflow/example_dags/example_task_group_decorator.py for tasks to queue
[2023-03-23T22:49:01.608+0000] {logging_mixin.py:120} INFO - [2023-03-23T22:49:01.608+0000] {dagbag.py:537} INFO - Filling up the DagBag from /home/airflow/.local/lib/python3.7/site-packages/airflow/example_dags/example_task_group_decorator.py
[2023-03-23T22:49:01.796+0000] {processor.py:766} INFO - DAG(s) dict_keys(['example_task_group_decorator']) retrieved from /home/airflow/.local/lib/python3.7/site-packages/airflow/example_dags/example_task_group_decorator.py
[2023-03-23T22:49:02.388+0000] {logging_mixin.py:120} INFO - [2023-03-23T22:49:02.388+0000] {manager.py:507} INFO - Created Permission View: can edit on DAG:example_task_group_decorator
[2023-03-23T22:49:03.649+0000] {logging_mixin.py:120} INFO - [2023-03-23T22:49:03.649+0000] {manager.py:507} INFO - Created Permission View: can read on DAG:example_task_group_decorator
[2023-03-23T22:49:04.350+0000] {logging_mixin.py:120} INFO - [2023-03-23T22:49:04.350+0000] {manager.py:507} INFO - Created Permission View: can delete on DAG:example_task_group_decorator
[2023-03-23T22:49:04.388+0000] {logging_mixin.py:120} INFO - [2023-03-23T22:49:04.388+0000] {dag.py:2585} INFO - Sync 1 DAGs
[2023-03-23T22:49:04.452+0000] {logging_mixin.py:120} INFO - [2023-03-23T22:49:04.452+0000] {dag.py:2606} INFO - Creating ORM DAG for example_task_group_decorator
[2023-03-23T22:49:04.509+0000] {logging_mixin.py:120} INFO - [2023-03-23T22:49:04.509+0000] {dag.py:3340} INFO - Setting next_dagrun for example_task_group_decorator to 2023-03-22T22:49:04.508860+00:00, run_after=2023-03-23T22:49:04.508860+00:00
[2023-03-23T22:49:04.689+0000] {processor.py:176} INFO - Processing /home/airflow/.local/lib/python3.7/site-packages/airflow/example_dags/example_task_group_decorator.py took 3.101 seconds
[2023-03-23T22:49:35.632+0000] {processor.py:154} INFO - Started process (PID=145) to work on /home/airflow/.local/lib/python3.7/site-packages/airflow/example_dags/example_task_group_decorator.py
[2023-03-23T22:49:35.639+0000] {processor.py:756} INFO - Processing file /home/airflow/.local/lib/python3.7/site-packages/airflow/example_dags/example_task_group_decorator.py for tasks to queue
[2023-03-23T22:49:35.646+0000] {logging_mixin.py:120} INFO - [2023-03-23T22:49:35.646+0000] {dagbag.py:537} INFO - Filling up the DagBag from /home/airflow/.local/lib/python3.7/site-packages/airflow/example_dags/example_task_group_decorator.py
[2023-03-23T22:49:35.767+0000] {processor.py:766} INFO - DAG(s) dict_keys(['example_task_group_decorator']) retrieved from /home/airflow/.local/lib/python3.7/site-packages/airflow/example_dags/example_task_group_decorator.py
[2023-03-23T22:49:36.001+0000] {logging_mixin.py:120} INFO - [2023-03-23T22:49:36.000+0000] {dag.py:2585} INFO - Sync 1 DAGs
[2023-03-23T22:49:36.135+0000] {logging_mixin.py:120} INFO - [2023-03-23T22:49:36.134+0000] {dag.py:3340} INFO - Setting next_dagrun for example_task_group_decorator to 2023-03-22T22:49:36.134416+00:00, run_after=2023-03-23T22:49:36.134416+00:00
[2023-03-23T22:49:37.312+0000] {processor.py:176} INFO - Processing /home/airflow/.local/lib/python3.7/site-packages/airflow/example_dags/example_task_group_decorator.py took 1.685 seconds
[2023-03-23T22:50:07.650+0000] {processor.py:154} INFO - Started process (PID=200) to work on /home/airflow/.local/lib/python3.7/site-packages/airflow/example_dags/example_task_group_decorator.py
[2023-03-23T22:50:07.660+0000] {processor.py:756} INFO - Processing file /home/airflow/.local/lib/python3.7/site-packages/airflow/example_dags/example_task_group_decorator.py for tasks to queue
[2023-03-23T22:50:07.662+0000] {logging_mixin.py:120} INFO - [2023-03-23T22:50:07.662+0000] {dagbag.py:537} INFO - Filling up the DagBag from /home/airflow/.local/lib/python3.7/site-packages/airflow/example_dags/example_task_group_decorator.py
[2023-03-23T22:50:07.820+0000] {processor.py:766} INFO - DAG(s) dict_keys(['example_task_group_decorator']) retrieved from /home/airflow/.local/lib/python3.7/site-packages/airflow/example_dags/example_task_group_decorator.py
[2023-03-23T22:50:08.120+0000] {logging_mixin.py:120} INFO - [2023-03-23T22:50:08.120+0000] {dag.py:2585} INFO - Sync 1 DAGs
[2023-03-23T22:50:09.263+0000] {logging_mixin.py:120} INFO - [2023-03-23T22:50:09.262+0000] {dag.py:3340} INFO - Setting next_dagrun for example_task_group_decorator to 2023-03-22T22:50:09.262420+00:00, run_after=2023-03-23T22:50:09.262420+00:00
[2023-03-23T22:50:12.164+0000] {processor.py:176} INFO - Processing /home/airflow/.local/lib/python3.7/site-packages/airflow/example_dags/example_task_group_decorator.py took 4.522 seconds
[2023-03-23T22:50:43.026+0000] {processor.py:154} INFO - Started process (PID=254) to work on /home/airflow/.local/lib/python3.7/site-packages/airflow/example_dags/example_task_group_decorator.py
[2023-03-23T22:50:43.027+0000] {processor.py:756} INFO - Processing file /home/airflow/.local/lib/python3.7/site-packages/airflow/example_dags/example_task_group_decorator.py for tasks to queue
[2023-03-23T22:50:43.039+0000] {logging_mixin.py:120} INFO - [2023-03-23T22:50:43.039+0000] {dagbag.py:537} INFO - Filling up the DagBag from /home/airflow/.local/lib/python3.7/site-packages/airflow/example_dags/example_task_group_decorator.py
[2023-03-23T22:50:43.151+0000] {processor.py:766} INFO - DAG(s) dict_keys(['example_task_group_decorator']) retrieved from /home/airflow/.local/lib/python3.7/site-packages/airflow/example_dags/example_task_group_decorator.py
[2023-03-23T22:50:43.325+0000] {logging_mixin.py:120} INFO - [2023-03-23T22:50:43.324+0000] {dag.py:2585} INFO - Sync 1 DAGs
[2023-03-23T22:50:43.469+0000] {logging_mixin.py:120} INFO - [2023-03-23T22:50:43.469+0000] {dag.py:3340} INFO - Setting next_dagrun for example_task_group_decorator to 2023-03-22T22:50:43.468673+00:00, run_after=2023-03-23T22:50:43.468673+00:00
[2023-03-23T22:50:43.613+0000] {processor.py:176} INFO - Processing /home/airflow/.local/lib/python3.7/site-packages/airflow/example_dags/example_task_group_decorator.py took 0.596 seconds
[2023-03-23T22:51:13.763+0000] {processor.py:154} INFO - Started process (PID=307) to work on /home/airflow/.local/lib/python3.7/site-packages/airflow/example_dags/example_task_group_decorator.py
[2023-03-23T22:51:13.764+0000] {processor.py:756} INFO - Processing file /home/airflow/.local/lib/python3.7/site-packages/airflow/example_dags/example_task_group_decorator.py for tasks to queue
[2023-03-23T22:51:13.798+0000] {logging_mixin.py:120} INFO - [2023-03-23T22:51:13.797+0000] {dagbag.py:537} INFO - Filling up the DagBag from /home/airflow/.local/lib/python3.7/site-packages/airflow/example_dags/example_task_group_decorator.py
[2023-03-23T22:51:13.917+0000] {processor.py:766} INFO - DAG(s) dict_keys(['example_task_group_decorator']) retrieved from /home/airflow/.local/lib/python3.7/site-packages/airflow/example_dags/example_task_group_decorator.py
[2023-03-23T22:51:14.038+0000] {logging_mixin.py:120} INFO - [2023-03-23T22:51:14.038+0000] {dag.py:2585} INFO - Sync 1 DAGs
[2023-03-23T22:51:14.125+0000] {logging_mixin.py:120} INFO - [2023-03-23T22:51:14.125+0000] {dag.py:3340} INFO - Setting next_dagrun for example_task_group_decorator to 2023-03-22T22:51:14.125216+00:00, run_after=2023-03-23T22:51:14.125216+00:00
[2023-03-23T22:51:14.207+0000] {processor.py:176} INFO - Processing /home/airflow/.local/lib/python3.7/site-packages/airflow/example_dags/example_task_group_decorator.py took 0.450 seconds
[2023-03-23T22:51:44.560+0000] {processor.py:154} INFO - Started process (PID=362) to work on /home/airflow/.local/lib/python3.7/site-packages/airflow/example_dags/example_task_group_decorator.py
[2023-03-23T22:51:44.561+0000] {processor.py:756} INFO - Processing file /home/airflow/.local/lib/python3.7/site-packages/airflow/example_dags/example_task_group_decorator.py for tasks to queue
[2023-03-23T22:51:44.569+0000] {logging_mixin.py:120} INFO - [2023-03-23T22:51:44.569+0000] {dagbag.py:537} INFO - Filling up the DagBag from /home/airflow/.local/lib/python3.7/site-packages/airflow/example_dags/example_task_group_decorator.py
[2023-03-23T22:51:44.701+0000] {processor.py:766} INFO - DAG(s) dict_keys(['example_task_group_decorator']) retrieved from /home/airflow/.local/lib/python3.7/site-packages/airflow/example_dags/example_task_group_decorator.py
[2023-03-23T22:51:44.860+0000] {logging_mixin.py:120} INFO - [2023-03-23T22:51:44.860+0000] {dag.py:2585} INFO - Sync 1 DAGs
[2023-03-23T22:51:44.955+0000] {logging_mixin.py:120} INFO - [2023-03-23T22:51:44.955+0000] {dag.py:3340} INFO - Setting next_dagrun for example_task_group_decorator to 2023-03-22T22:51:44.955405+00:00, run_after=2023-03-23T22:51:44.955405+00:00
[2023-03-23T22:51:46.128+0000] {processor.py:176} INFO - Processing /home/airflow/.local/lib/python3.7/site-packages/airflow/example_dags/example_task_group_decorator.py took 1.573 seconds
[2023-03-23T22:52:16.796+0000] {processor.py:154} INFO - Started process (PID=426) to work on /home/airflow/.local/lib/python3.7/site-packages/airflow/example_dags/example_task_group_decorator.py
[2023-03-23T22:52:16.797+0000] {processor.py:756} INFO - Processing file /home/airflow/.local/lib/python3.7/site-packages/airflow/example_dags/example_task_group_decorator.py for tasks to queue
[2023-03-23T22:52:16.798+0000] {logging_mixin.py:120} INFO - [2023-03-23T22:52:16.798+0000] {dagbag.py:537} INFO - Filling up the DagBag from /home/airflow/.local/lib/python3.7/site-packages/airflow/example_dags/example_task_group_decorator.py
[2023-03-23T22:52:16.832+0000] {processor.py:766} INFO - DAG(s) dict_keys(['example_task_group_decorator']) retrieved from /home/airflow/.local/lib/python3.7/site-packages/airflow/example_dags/example_task_group_decorator.py
[2023-03-23T22:52:16.878+0000] {logging_mixin.py:120} INFO - [2023-03-23T22:52:16.878+0000] {dag.py:2585} INFO - Sync 1 DAGs
[2023-03-23T22:52:16.906+0000] {logging_mixin.py:120} INFO - [2023-03-23T22:52:16.906+0000] {dag.py:3340} INFO - Setting next_dagrun for example_task_group_decorator to 2023-03-22T22:52:16.906334+00:00, run_after=2023-03-23T22:52:16.906334+00:00
[2023-03-23T22:52:16.931+0000] {processor.py:176} INFO - Processing /home/airflow/.local/lib/python3.7/site-packages/airflow/example_dags/example_task_group_decorator.py took 0.138 seconds
[2023-03-23T22:52:47.210+0000] {processor.py:154} INFO - Started process (PID=489) to work on /home/airflow/.local/lib/python3.7/site-packages/airflow/example_dags/example_task_group_decorator.py
[2023-03-23T22:52:47.211+0000] {processor.py:756} INFO - Processing file /home/airflow/.local/lib/python3.7/site-packages/airflow/example_dags/example_task_group_decorator.py for tasks to queue
[2023-03-23T22:52:47.212+0000] {logging_mixin.py:120} INFO - [2023-03-23T22:52:47.212+0000] {dagbag.py:537} INFO - Filling up the DagBag from /home/airflow/.local/lib/python3.7/site-packages/airflow/example_dags/example_task_group_decorator.py
[2023-03-23T22:52:47.251+0000] {processor.py:766} INFO - DAG(s) dict_keys(['example_task_group_decorator']) retrieved from /home/airflow/.local/lib/python3.7/site-packages/airflow/example_dags/example_task_group_decorator.py
[2023-03-23T22:52:47.307+0000] {logging_mixin.py:120} INFO - [2023-03-23T22:52:47.306+0000] {dag.py:2585} INFO - Sync 1 DAGs
[2023-03-23T22:52:47.341+0000] {logging_mixin.py:120} INFO - [2023-03-23T22:52:47.341+0000] {dag.py:3340} INFO - Setting next_dagrun for example_task_group_decorator to 2023-03-22T22:52:47.340866+00:00, run_after=2023-03-23T22:52:47.340866+00:00
[2023-03-23T22:52:47.373+0000] {processor.py:176} INFO - Processing /home/airflow/.local/lib/python3.7/site-packages/airflow/example_dags/example_task_group_decorator.py took 0.167 seconds
[2023-03-23T22:53:18.011+0000] {processor.py:154} INFO - Started process (PID=543) to work on /home/airflow/.local/lib/python3.7/site-packages/airflow/example_dags/example_task_group_decorator.py
[2023-03-23T22:53:18.012+0000] {processor.py:756} INFO - Processing file /home/airflow/.local/lib/python3.7/site-packages/airflow/example_dags/example_task_group_decorator.py for tasks to queue
[2023-03-23T22:53:18.013+0000] {logging_mixin.py:120} INFO - [2023-03-23T22:53:18.013+0000] {dagbag.py:537} INFO - Filling up the DagBag from /home/airflow/.local/lib/python3.7/site-packages/airflow/example_dags/example_task_group_decorator.py
[2023-03-23T22:53:18.062+0000] {processor.py:766} INFO - DAG(s) dict_keys(['example_task_group_decorator']) retrieved from /home/airflow/.local/lib/python3.7/site-packages/airflow/example_dags/example_task_group_decorator.py
[2023-03-23T22:53:18.110+0000] {logging_mixin.py:120} INFO - [2023-03-23T22:53:18.109+0000] {dag.py:2585} INFO - Sync 1 DAGs
[2023-03-23T22:53:18.136+0000] {logging_mixin.py:120} INFO - [2023-03-23T22:53:18.136+0000] {dag.py:3340} INFO - Setting next_dagrun for example_task_group_decorator to 2023-03-22T22:53:18.135807+00:00, run_after=2023-03-23T22:53:18.135807+00:00
[2023-03-23T22:53:18.165+0000] {processor.py:176} INFO - Processing /home/airflow/.local/lib/python3.7/site-packages/airflow/example_dags/example_task_group_decorator.py took 0.158 seconds
[2023-03-23T22:53:48.384+0000] {processor.py:154} INFO - Started process (PID=606) to work on /home/airflow/.local/lib/python3.7/site-packages/airflow/example_dags/example_task_group_decorator.py
[2023-03-23T22:53:48.385+0000] {processor.py:756} INFO - Processing file /home/airflow/.local/lib/python3.7/site-packages/airflow/example_dags/example_task_group_decorator.py for tasks to queue
[2023-03-23T22:53:48.386+0000] {logging_mixin.py:120} INFO - [2023-03-23T22:53:48.386+0000] {dagbag.py:537} INFO - Filling up the DagBag from /home/airflow/.local/lib/python3.7/site-packages/airflow/example_dags/example_task_group_decorator.py
[2023-03-23T22:53:48.416+0000] {processor.py:766} INFO - DAG(s) dict_keys(['example_task_group_decorator']) retrieved from /home/airflow/.local/lib/python3.7/site-packages/airflow/example_dags/example_task_group_decorator.py
[2023-03-23T22:53:48.463+0000] {logging_mixin.py:120} INFO - [2023-03-23T22:53:48.463+0000] {dag.py:2585} INFO - Sync 1 DAGs
[2023-03-23T22:53:48.503+0000] {logging_mixin.py:120} INFO - [2023-03-23T22:53:48.503+0000] {dag.py:3340} INFO - Setting next_dagrun for example_task_group_decorator to 2023-03-22T22:53:48.502803+00:00, run_after=2023-03-23T22:53:48.502803+00:00
[2023-03-23T22:53:48.547+0000] {processor.py:176} INFO - Processing /home/airflow/.local/lib/python3.7/site-packages/airflow/example_dags/example_task_group_decorator.py took 0.166 seconds
[2023-03-23T22:54:19.035+0000] {processor.py:154} INFO - Started process (PID=660) to work on /home/airflow/.local/lib/python3.7/site-packages/airflow/example_dags/example_task_group_decorator.py
[2023-03-23T22:54:19.036+0000] {processor.py:756} INFO - Processing file /home/airflow/.local/lib/python3.7/site-packages/airflow/example_dags/example_task_group_decorator.py for tasks to queue
[2023-03-23T22:54:19.037+0000] {logging_mixin.py:120} INFO - [2023-03-23T22:54:19.037+0000] {dagbag.py:537} INFO - Filling up the DagBag from /home/airflow/.local/lib/python3.7/site-packages/airflow/example_dags/example_task_group_decorator.py
[2023-03-23T22:54:19.063+0000] {processor.py:766} INFO - DAG(s) dict_keys(['example_task_group_decorator']) retrieved from /home/airflow/.local/lib/python3.7/site-packages/airflow/example_dags/example_task_group_decorator.py
[2023-03-23T22:54:19.105+0000] {logging_mixin.py:120} INFO - [2023-03-23T22:54:19.105+0000] {dag.py:2585} INFO - Sync 1 DAGs
[2023-03-23T22:54:19.131+0000] {logging_mixin.py:120} INFO - [2023-03-23T22:54:19.130+0000] {dag.py:3340} INFO - Setting next_dagrun for example_task_group_decorator to 2023-03-22T22:54:19.130808+00:00, run_after=2023-03-23T22:54:19.130808+00:00
[2023-03-23T22:54:19.156+0000] {processor.py:176} INFO - Processing /home/airflow/.local/lib/python3.7/site-packages/airflow/example_dags/example_task_group_decorator.py took 0.124 seconds
[2023-03-23T22:54:49.278+0000] {processor.py:154} INFO - Started process (PID=722) to work on /home/airflow/.local/lib/python3.7/site-packages/airflow/example_dags/example_task_group_decorator.py
[2023-03-23T22:54:49.281+0000] {processor.py:756} INFO - Processing file /home/airflow/.local/lib/python3.7/site-packages/airflow/example_dags/example_task_group_decorator.py for tasks to queue
[2023-03-23T22:54:49.284+0000] {logging_mixin.py:120} INFO - [2023-03-23T22:54:49.283+0000] {dagbag.py:537} INFO - Filling up the DagBag from /home/airflow/.local/lib/python3.7/site-packages/airflow/example_dags/example_task_group_decorator.py
[2023-03-23T22:54:49.361+0000] {processor.py:766} INFO - DAG(s) dict_keys(['example_task_group_decorator']) retrieved from /home/airflow/.local/lib/python3.7/site-packages/airflow/example_dags/example_task_group_decorator.py
[2023-03-23T22:54:49.448+0000] {logging_mixin.py:120} INFO - [2023-03-23T22:54:49.448+0000] {dag.py:2585} INFO - Sync 1 DAGs
[2023-03-23T22:54:49.506+0000] {logging_mixin.py:120} INFO - [2023-03-23T22:54:49.506+0000] {dag.py:3340} INFO - Setting next_dagrun for example_task_group_decorator to 2023-03-22T22:54:49.505601+00:00, run_after=2023-03-23T22:54:49.505601+00:00
[2023-03-23T22:54:49.556+0000] {processor.py:176} INFO - Processing /home/airflow/.local/lib/python3.7/site-packages/airflow/example_dags/example_task_group_decorator.py took 0.282 seconds
[2023-03-23T22:55:19.764+0000] {processor.py:154} INFO - Started process (PID=776) to work on /home/airflow/.local/lib/python3.7/site-packages/airflow/example_dags/example_task_group_decorator.py
[2023-03-23T22:55:19.766+0000] {processor.py:756} INFO - Processing file /home/airflow/.local/lib/python3.7/site-packages/airflow/example_dags/example_task_group_decorator.py for tasks to queue
[2023-03-23T22:55:19.768+0000] {logging_mixin.py:120} INFO - [2023-03-23T22:55:19.767+0000] {dagbag.py:537} INFO - Filling up the DagBag from /home/airflow/.local/lib/python3.7/site-packages/airflow/example_dags/example_task_group_decorator.py
[2023-03-23T22:55:19.811+0000] {processor.py:766} INFO - DAG(s) dict_keys(['example_task_group_decorator']) retrieved from /home/airflow/.local/lib/python3.7/site-packages/airflow/example_dags/example_task_group_decorator.py
[2023-03-23T22:55:19.904+0000] {logging_mixin.py:120} INFO - [2023-03-23T22:55:19.903+0000] {dag.py:2585} INFO - Sync 1 DAGs
[2023-03-23T22:55:19.962+0000] {logging_mixin.py:120} INFO - [2023-03-23T22:55:19.962+0000] {dag.py:3340} INFO - Setting next_dagrun for example_task_group_decorator to 2023-03-22T22:55:19.961999+00:00, run_after=2023-03-23T22:55:19.961999+00:00
[2023-03-23T22:55:19.996+0000] {processor.py:176} INFO - Processing /home/airflow/.local/lib/python3.7/site-packages/airflow/example_dags/example_task_group_decorator.py took 0.235 seconds
[2023-03-23T22:55:50.155+0000] {processor.py:154} INFO - Started process (PID=839) to work on /home/airflow/.local/lib/python3.7/site-packages/airflow/example_dags/example_task_group_decorator.py
[2023-03-23T22:55:50.156+0000] {processor.py:756} INFO - Processing file /home/airflow/.local/lib/python3.7/site-packages/airflow/example_dags/example_task_group_decorator.py for tasks to queue
[2023-03-23T22:55:50.157+0000] {logging_mixin.py:120} INFO - [2023-03-23T22:55:50.157+0000] {dagbag.py:537} INFO - Filling up the DagBag from /home/airflow/.local/lib/python3.7/site-packages/airflow/example_dags/example_task_group_decorator.py
[2023-03-23T22:55:50.191+0000] {processor.py:766} INFO - DAG(s) dict_keys(['example_task_group_decorator']) retrieved from /home/airflow/.local/lib/python3.7/site-packages/airflow/example_dags/example_task_group_decorator.py
[2023-03-23T22:55:50.257+0000] {logging_mixin.py:120} INFO - [2023-03-23T22:55:50.256+0000] {dag.py:2585} INFO - Sync 1 DAGs
[2023-03-23T22:55:50.282+0000] {logging_mixin.py:120} INFO - [2023-03-23T22:55:50.282+0000] {dag.py:3340} INFO - Setting next_dagrun for example_task_group_decorator to 2023-03-22T22:55:50.282246+00:00, run_after=2023-03-23T22:55:50.282246+00:00
[2023-03-23T22:55:50.308+0000] {processor.py:176} INFO - Processing /home/airflow/.local/lib/python3.7/site-packages/airflow/example_dags/example_task_group_decorator.py took 0.157 seconds
[2023-03-23T22:56:20.591+0000] {processor.py:154} INFO - Started process (PID=902) to work on /home/airflow/.local/lib/python3.7/site-packages/airflow/example_dags/example_task_group_decorator.py
[2023-03-23T22:56:20.593+0000] {processor.py:756} INFO - Processing file /home/airflow/.local/lib/python3.7/site-packages/airflow/example_dags/example_task_group_decorator.py for tasks to queue
[2023-03-23T22:56:20.594+0000] {logging_mixin.py:120} INFO - [2023-03-23T22:56:20.594+0000] {dagbag.py:537} INFO - Filling up the DagBag from /home/airflow/.local/lib/python3.7/site-packages/airflow/example_dags/example_task_group_decorator.py
[2023-03-23T22:56:20.641+0000] {processor.py:766} INFO - DAG(s) dict_keys(['example_task_group_decorator']) retrieved from /home/airflow/.local/lib/python3.7/site-packages/airflow/example_dags/example_task_group_decorator.py
[2023-03-23T22:56:20.707+0000] {logging_mixin.py:120} INFO - [2023-03-23T22:56:20.707+0000] {dag.py:2585} INFO - Sync 1 DAGs
[2023-03-23T22:56:20.740+0000] {logging_mixin.py:120} INFO - [2023-03-23T22:56:20.740+0000] {dag.py:3340} INFO - Setting next_dagrun for example_task_group_decorator to 2023-03-22T22:56:20.739765+00:00, run_after=2023-03-23T22:56:20.739765+00:00
[2023-03-23T22:56:20.761+0000] {processor.py:176} INFO - Processing /home/airflow/.local/lib/python3.7/site-packages/airflow/example_dags/example_task_group_decorator.py took 0.174 seconds
[2023-03-23T22:56:50.932+0000] {processor.py:154} INFO - Started process (PID=956) to work on /home/airflow/.local/lib/python3.7/site-packages/airflow/example_dags/example_task_group_decorator.py
[2023-03-23T22:56:50.934+0000] {processor.py:756} INFO - Processing file /home/airflow/.local/lib/python3.7/site-packages/airflow/example_dags/example_task_group_decorator.py for tasks to queue
[2023-03-23T22:56:50.935+0000] {logging_mixin.py:120} INFO - [2023-03-23T22:56:50.935+0000] {dagbag.py:537} INFO - Filling up the DagBag from /home/airflow/.local/lib/python3.7/site-packages/airflow/example_dags/example_task_group_decorator.py
[2023-03-23T22:56:50.972+0000] {processor.py:766} INFO - DAG(s) dict_keys(['example_task_group_decorator']) retrieved from /home/airflow/.local/lib/python3.7/site-packages/airflow/example_dags/example_task_group_decorator.py
[2023-03-23T22:56:51.017+0000] {logging_mixin.py:120} INFO - [2023-03-23T22:56:51.017+0000] {dag.py:2585} INFO - Sync 1 DAGs
[2023-03-23T22:56:51.043+0000] {logging_mixin.py:120} INFO - [2023-03-23T22:56:51.043+0000] {dag.py:3340} INFO - Setting next_dagrun for example_task_group_decorator to 2023-03-22T22:56:51.042877+00:00, run_after=2023-03-23T22:56:51.042877+00:00
[2023-03-23T22:56:51.063+0000] {processor.py:176} INFO - Processing /home/airflow/.local/lib/python3.7/site-packages/airflow/example_dags/example_task_group_decorator.py took 0.133 seconds
[2023-03-23T22:57:21.201+0000] {processor.py:154} INFO - Started process (PID=1019) to work on /home/airflow/.local/lib/python3.7/site-packages/airflow/example_dags/example_task_group_decorator.py
[2023-03-23T22:57:21.203+0000] {processor.py:756} INFO - Processing file /home/airflow/.local/lib/python3.7/site-packages/airflow/example_dags/example_task_group_decorator.py for tasks to queue
[2023-03-23T22:57:21.204+0000] {logging_mixin.py:120} INFO - [2023-03-23T22:57:21.204+0000] {dagbag.py:537} INFO - Filling up the DagBag from /home/airflow/.local/lib/python3.7/site-packages/airflow/example_dags/example_task_group_decorator.py
[2023-03-23T22:57:21.229+0000] {processor.py:766} INFO - DAG(s) dict_keys(['example_task_group_decorator']) retrieved from /home/airflow/.local/lib/python3.7/site-packages/airflow/example_dags/example_task_group_decorator.py
[2023-03-23T22:57:21.272+0000] {logging_mixin.py:120} INFO - [2023-03-23T22:57:21.271+0000] {dag.py:2585} INFO - Sync 1 DAGs
[2023-03-23T22:57:21.297+0000] {logging_mixin.py:120} INFO - [2023-03-23T22:57:21.297+0000] {dag.py:3340} INFO - Setting next_dagrun for example_task_group_decorator to 2023-03-22T22:57:21.296971+00:00, run_after=2023-03-23T22:57:21.296971+00:00
[2023-03-23T22:57:21.322+0000] {processor.py:176} INFO - Processing /home/airflow/.local/lib/python3.7/site-packages/airflow/example_dags/example_task_group_decorator.py took 0.124 seconds
[2023-03-23T22:57:51.590+0000] {processor.py:154} INFO - Started process (PID=1082) to work on /home/airflow/.local/lib/python3.7/site-packages/airflow/example_dags/example_task_group_decorator.py
[2023-03-23T22:57:51.592+0000] {processor.py:756} INFO - Processing file /home/airflow/.local/lib/python3.7/site-packages/airflow/example_dags/example_task_group_decorator.py for tasks to queue
[2023-03-23T22:57:51.593+0000] {logging_mixin.py:120} INFO - [2023-03-23T22:57:51.592+0000] {dagbag.py:537} INFO - Filling up the DagBag from /home/airflow/.local/lib/python3.7/site-packages/airflow/example_dags/example_task_group_decorator.py
[2023-03-23T22:57:51.618+0000] {processor.py:766} INFO - DAG(s) dict_keys(['example_task_group_decorator']) retrieved from /home/airflow/.local/lib/python3.7/site-packages/airflow/example_dags/example_task_group_decorator.py
[2023-03-23T22:57:51.660+0000] {logging_mixin.py:120} INFO - [2023-03-23T22:57:51.660+0000] {dag.py:2585} INFO - Sync 1 DAGs
[2023-03-23T22:57:51.686+0000] {logging_mixin.py:120} INFO - [2023-03-23T22:57:51.686+0000] {dag.py:3340} INFO - Setting next_dagrun for example_task_group_decorator to 2023-03-22T22:57:51.686584+00:00, run_after=2023-03-23T22:57:51.686584+00:00
[2023-03-23T22:57:51.710+0000] {processor.py:176} INFO - Processing /home/airflow/.local/lib/python3.7/site-packages/airflow/example_dags/example_task_group_decorator.py took 0.123 seconds
[2023-03-23T22:58:21.800+0000] {processor.py:154} INFO - Started process (PID=1136) to work on /home/airflow/.local/lib/python3.7/site-packages/airflow/example_dags/example_task_group_decorator.py
[2023-03-23T22:58:21.801+0000] {processor.py:756} INFO - Processing file /home/airflow/.local/lib/python3.7/site-packages/airflow/example_dags/example_task_group_decorator.py for tasks to queue
[2023-03-23T22:58:21.801+0000] {logging_mixin.py:120} INFO - [2023-03-23T22:58:21.801+0000] {dagbag.py:537} INFO - Filling up the DagBag from /home/airflow/.local/lib/python3.7/site-packages/airflow/example_dags/example_task_group_decorator.py
[2023-03-23T22:58:21.829+0000] {processor.py:766} INFO - DAG(s) dict_keys(['example_task_group_decorator']) retrieved from /home/airflow/.local/lib/python3.7/site-packages/airflow/example_dags/example_task_group_decorator.py
[2023-03-23T22:58:21.872+0000] {logging_mixin.py:120} INFO - [2023-03-23T22:58:21.872+0000] {dag.py:2585} INFO - Sync 1 DAGs
[2023-03-23T22:58:21.898+0000] {logging_mixin.py:120} INFO - [2023-03-23T22:58:21.898+0000] {dag.py:3340} INFO - Setting next_dagrun for example_task_group_decorator to 2023-03-22T22:58:21.898124+00:00, run_after=2023-03-23T22:58:21.898124+00:00
[2023-03-23T22:58:21.926+0000] {processor.py:176} INFO - Processing /home/airflow/.local/lib/python3.7/site-packages/airflow/example_dags/example_task_group_decorator.py took 0.129 seconds
[2023-03-23T22:58:52.545+0000] {processor.py:154} INFO - Started process (PID=1199) to work on /home/airflow/.local/lib/python3.7/site-packages/airflow/example_dags/example_task_group_decorator.py
[2023-03-23T22:58:52.546+0000] {processor.py:756} INFO - Processing file /home/airflow/.local/lib/python3.7/site-packages/airflow/example_dags/example_task_group_decorator.py for tasks to queue
[2023-03-23T22:58:52.547+0000] {logging_mixin.py:120} INFO - [2023-03-23T22:58:52.547+0000] {dagbag.py:537} INFO - Filling up the DagBag from /home/airflow/.local/lib/python3.7/site-packages/airflow/example_dags/example_task_group_decorator.py
[2023-03-23T22:58:52.573+0000] {processor.py:766} INFO - DAG(s) dict_keys(['example_task_group_decorator']) retrieved from /home/airflow/.local/lib/python3.7/site-packages/airflow/example_dags/example_task_group_decorator.py
[2023-03-23T22:58:52.619+0000] {logging_mixin.py:120} INFO - [2023-03-23T22:58:52.619+0000] {dag.py:2585} INFO - Sync 1 DAGs
[2023-03-23T22:58:52.644+0000] {logging_mixin.py:120} INFO - [2023-03-23T22:58:52.644+0000] {dag.py:3340} INFO - Setting next_dagrun for example_task_group_decorator to 2023-03-22T22:58:52.644266+00:00, run_after=2023-03-23T22:58:52.644266+00:00
[2023-03-23T22:58:52.671+0000] {processor.py:176} INFO - Processing /home/airflow/.local/lib/python3.7/site-packages/airflow/example_dags/example_task_group_decorator.py took 0.128 seconds
[2023-03-23T22:59:23.277+0000] {processor.py:154} INFO - Started process (PID=1262) to work on /home/airflow/.local/lib/python3.7/site-packages/airflow/example_dags/example_task_group_decorator.py
[2023-03-23T22:59:23.278+0000] {processor.py:756} INFO - Processing file /home/airflow/.local/lib/python3.7/site-packages/airflow/example_dags/example_task_group_decorator.py for tasks to queue
[2023-03-23T22:59:23.279+0000] {logging_mixin.py:120} INFO - [2023-03-23T22:59:23.279+0000] {dagbag.py:537} INFO - Filling up the DagBag from /home/airflow/.local/lib/python3.7/site-packages/airflow/example_dags/example_task_group_decorator.py
[2023-03-23T22:59:23.303+0000] {processor.py:766} INFO - DAG(s) dict_keys(['example_task_group_decorator']) retrieved from /home/airflow/.local/lib/python3.7/site-packages/airflow/example_dags/example_task_group_decorator.py
[2023-03-23T22:59:23.340+0000] {logging_mixin.py:120} INFO - [2023-03-23T22:59:23.340+0000] {dag.py:2585} INFO - Sync 1 DAGs
[2023-03-23T22:59:23.371+0000] {logging_mixin.py:120} INFO - [2023-03-23T22:59:23.371+0000] {dag.py:3340} INFO - Setting next_dagrun for example_task_group_decorator to 2023-03-22T22:59:23.371200+00:00, run_after=2023-03-23T22:59:23.371200+00:00
[2023-03-23T22:59:23.398+0000] {processor.py:176} INFO - Processing /home/airflow/.local/lib/python3.7/site-packages/airflow/example_dags/example_task_group_decorator.py took 0.123 seconds
