[2023-03-23T22:49:06.199+0000] {processor.py:154} INFO - Started process (PID=95) to work on /home/airflow/.local/lib/python3.7/site-packages/airflow/example_dags/example_latest_only_with_trigger.py
[2023-03-23T22:49:06.202+0000] {processor.py:756} INFO - Processing file /home/airflow/.local/lib/python3.7/site-packages/airflow/example_dags/example_latest_only_with_trigger.py for tasks to queue
[2023-03-23T22:49:06.207+0000] {logging_mixin.py:120} INFO - [2023-03-23T22:49:06.206+0000] {dagbag.py:537} INFO - Filling up the DagBag from /home/airflow/.local/lib/python3.7/site-packages/airflow/example_dags/example_latest_only_with_trigger.py
[2023-03-23T22:49:06.245+0000] {processor.py:766} INFO - DAG(s) dict_keys(['latest_only_with_trigger']) retrieved from /home/airflow/.local/lib/python3.7/site-packages/airflow/example_dags/example_latest_only_with_trigger.py
[2023-03-23T22:49:06.728+0000] {logging_mixin.py:120} INFO - [2023-03-23T22:49:06.728+0000] {manager.py:507} INFO - Created Permission View: can edit on DAG:latest_only_with_trigger
[2023-03-23T22:49:06.862+0000] {logging_mixin.py:120} INFO - [2023-03-23T22:49:06.861+0000] {manager.py:507} INFO - Created Permission View: can read on DAG:latest_only_with_trigger
[2023-03-23T22:49:06.902+0000] {logging_mixin.py:120} INFO - [2023-03-23T22:49:06.901+0000] {manager.py:507} INFO - Created Permission View: can delete on DAG:latest_only_with_trigger
[2023-03-23T22:49:06.908+0000] {logging_mixin.py:120} INFO - [2023-03-23T22:49:06.908+0000] {dag.py:2585} INFO - Sync 1 DAGs
[2023-03-23T22:49:06.951+0000] {logging_mixin.py:120} INFO - [2023-03-23T22:49:06.951+0000] {dag.py:2606} INFO - Creating ORM DAG for latest_only_with_trigger
[2023-03-23T22:49:06.985+0000] {logging_mixin.py:120} INFO - [2023-03-23T22:49:06.985+0000] {dag.py:3340} INFO - Setting next_dagrun for latest_only_with_trigger to 2023-03-23T18:49:06.985218+00:00, run_after=2023-03-23T22:49:06.985218+00:00
[2023-03-23T22:49:07.150+0000] {processor.py:176} INFO - Processing /home/airflow/.local/lib/python3.7/site-packages/airflow/example_dags/example_latest_only_with_trigger.py took 0.959 seconds
[2023-03-23T22:49:41.042+0000] {processor.py:154} INFO - Started process (PID=150) to work on /home/airflow/.local/lib/python3.7/site-packages/airflow/example_dags/example_latest_only_with_trigger.py
[2023-03-23T22:49:41.056+0000] {processor.py:756} INFO - Processing file /home/airflow/.local/lib/python3.7/site-packages/airflow/example_dags/example_latest_only_with_trigger.py for tasks to queue
[2023-03-23T22:49:41.067+0000] {logging_mixin.py:120} INFO - [2023-03-23T22:49:41.066+0000] {dagbag.py:537} INFO - Filling up the DagBag from /home/airflow/.local/lib/python3.7/site-packages/airflow/example_dags/example_latest_only_with_trigger.py
[2023-03-23T22:49:41.120+0000] {processor.py:766} INFO - DAG(s) dict_keys(['latest_only_with_trigger']) retrieved from /home/airflow/.local/lib/python3.7/site-packages/airflow/example_dags/example_latest_only_with_trigger.py
[2023-03-23T22:49:41.275+0000] {logging_mixin.py:120} INFO - [2023-03-23T22:49:41.275+0000] {dag.py:2585} INFO - Sync 1 DAGs
[2023-03-23T22:49:41.381+0000] {logging_mixin.py:120} INFO - [2023-03-23T22:49:41.381+0000] {dag.py:3340} INFO - Setting next_dagrun for latest_only_with_trigger to 2023-03-23T18:49:41.380981+00:00, run_after=2023-03-23T22:49:41.380981+00:00
[2023-03-23T22:49:41.544+0000] {processor.py:176} INFO - Processing /home/airflow/.local/lib/python3.7/site-packages/airflow/example_dags/example_latest_only_with_trigger.py took 0.507 seconds
[2023-03-23T22:50:13.370+0000] {processor.py:154} INFO - Started process (PID=204) to work on /home/airflow/.local/lib/python3.7/site-packages/airflow/example_dags/example_latest_only_with_trigger.py
[2023-03-23T22:50:13.372+0000] {processor.py:756} INFO - Processing file /home/airflow/.local/lib/python3.7/site-packages/airflow/example_dags/example_latest_only_with_trigger.py for tasks to queue
[2023-03-23T22:50:13.387+0000] {logging_mixin.py:120} INFO - [2023-03-23T22:50:13.386+0000] {dagbag.py:537} INFO - Filling up the DagBag from /home/airflow/.local/lib/python3.7/site-packages/airflow/example_dags/example_latest_only_with_trigger.py
[2023-03-23T22:50:13.429+0000] {processor.py:766} INFO - DAG(s) dict_keys(['latest_only_with_trigger']) retrieved from /home/airflow/.local/lib/python3.7/site-packages/airflow/example_dags/example_latest_only_with_trigger.py
[2023-03-23T22:50:13.563+0000] {logging_mixin.py:120} INFO - [2023-03-23T22:50:13.563+0000] {dag.py:2585} INFO - Sync 1 DAGs
[2023-03-23T22:50:13.643+0000] {logging_mixin.py:120} INFO - [2023-03-23T22:50:13.636+0000] {dag.py:3340} INFO - Setting next_dagrun for latest_only_with_trigger to 2023-03-23T18:50:13.636287+00:00, run_after=2023-03-23T22:50:13.636287+00:00
[2023-03-23T22:50:13.721+0000] {processor.py:176} INFO - Processing /home/airflow/.local/lib/python3.7/site-packages/airflow/example_dags/example_latest_only_with_trigger.py took 0.355 seconds
[2023-03-23T22:50:47.456+0000] {processor.py:154} INFO - Started process (PID=258) to work on /home/airflow/.local/lib/python3.7/site-packages/airflow/example_dags/example_latest_only_with_trigger.py
[2023-03-23T22:50:47.466+0000] {processor.py:756} INFO - Processing file /home/airflow/.local/lib/python3.7/site-packages/airflow/example_dags/example_latest_only_with_trigger.py for tasks to queue
[2023-03-23T22:50:47.468+0000] {logging_mixin.py:120} INFO - [2023-03-23T22:50:47.468+0000] {dagbag.py:537} INFO - Filling up the DagBag from /home/airflow/.local/lib/python3.7/site-packages/airflow/example_dags/example_latest_only_with_trigger.py
[2023-03-23T22:50:47.525+0000] {processor.py:766} INFO - DAG(s) dict_keys(['latest_only_with_trigger']) retrieved from /home/airflow/.local/lib/python3.7/site-packages/airflow/example_dags/example_latest_only_with_trigger.py
[2023-03-23T22:50:47.708+0000] {logging_mixin.py:120} INFO - [2023-03-23T22:50:47.707+0000] {dag.py:2585} INFO - Sync 1 DAGs
[2023-03-23T22:50:47.835+0000] {logging_mixin.py:120} INFO - [2023-03-23T22:50:47.835+0000] {dag.py:3340} INFO - Setting next_dagrun for latest_only_with_trigger to 2023-03-23T18:50:47.834653+00:00, run_after=2023-03-23T22:50:47.834653+00:00
[2023-03-23T22:50:47.926+0000] {processor.py:176} INFO - Processing /home/airflow/.local/lib/python3.7/site-packages/airflow/example_dags/example_latest_only_with_trigger.py took 0.475 seconds
[2023-03-23T22:51:23.193+0000] {processor.py:154} INFO - Started process (PID=314) to work on /home/airflow/.local/lib/python3.7/site-packages/airflow/example_dags/example_latest_only_with_trigger.py
[2023-03-23T22:51:23.202+0000] {processor.py:756} INFO - Processing file /home/airflow/.local/lib/python3.7/site-packages/airflow/example_dags/example_latest_only_with_trigger.py for tasks to queue
[2023-03-23T22:51:23.204+0000] {logging_mixin.py:120} INFO - [2023-03-23T22:51:23.204+0000] {dagbag.py:537} INFO - Filling up the DagBag from /home/airflow/.local/lib/python3.7/site-packages/airflow/example_dags/example_latest_only_with_trigger.py
[2023-03-23T22:51:23.238+0000] {processor.py:766} INFO - DAG(s) dict_keys(['latest_only_with_trigger']) retrieved from /home/airflow/.local/lib/python3.7/site-packages/airflow/example_dags/example_latest_only_with_trigger.py
[2023-03-23T22:51:23.355+0000] {logging_mixin.py:120} INFO - [2023-03-23T22:51:23.355+0000] {dag.py:2585} INFO - Sync 1 DAGs
[2023-03-23T22:51:23.451+0000] {logging_mixin.py:120} INFO - [2023-03-23T22:51:23.451+0000] {dag.py:3340} INFO - Setting next_dagrun for latest_only_with_trigger to 2023-03-23T18:51:23.451023+00:00, run_after=2023-03-23T22:51:23.451023+00:00
[2023-03-23T22:51:23.524+0000] {processor.py:176} INFO - Processing /home/airflow/.local/lib/python3.7/site-packages/airflow/example_dags/example_latest_only_with_trigger.py took 0.335 seconds
[2023-03-23T22:51:55.369+0000] {processor.py:154} INFO - Started process (PID=376) to work on /home/airflow/.local/lib/python3.7/site-packages/airflow/example_dags/example_latest_only_with_trigger.py
[2023-03-23T22:51:55.422+0000] {processor.py:756} INFO - Processing file /home/airflow/.local/lib/python3.7/site-packages/airflow/example_dags/example_latest_only_with_trigger.py for tasks to queue
[2023-03-23T22:51:55.428+0000] {logging_mixin.py:120} INFO - [2023-03-23T22:51:55.428+0000] {dagbag.py:537} INFO - Filling up the DagBag from /home/airflow/.local/lib/python3.7/site-packages/airflow/example_dags/example_latest_only_with_trigger.py
[2023-03-23T22:51:55.475+0000] {processor.py:766} INFO - DAG(s) dict_keys(['latest_only_with_trigger']) retrieved from /home/airflow/.local/lib/python3.7/site-packages/airflow/example_dags/example_latest_only_with_trigger.py
[2023-03-23T22:51:55.653+0000] {logging_mixin.py:120} INFO - [2023-03-23T22:51:55.653+0000] {dag.py:2585} INFO - Sync 1 DAGs
[2023-03-23T22:51:55.824+0000] {logging_mixin.py:120} INFO - [2023-03-23T22:51:55.824+0000] {dag.py:3340} INFO - Setting next_dagrun for latest_only_with_trigger to 2023-03-23T18:51:55.824188+00:00, run_after=2023-03-23T22:51:55.824188+00:00
[2023-03-23T22:51:55.965+0000] {processor.py:176} INFO - Processing /home/airflow/.local/lib/python3.7/site-packages/airflow/example_dags/example_latest_only_with_trigger.py took 0.601 seconds
[2023-03-23T22:52:26.389+0000] {processor.py:154} INFO - Started process (PID=442) to work on /home/airflow/.local/lib/python3.7/site-packages/airflow/example_dags/example_latest_only_with_trigger.py
[2023-03-23T22:52:26.392+0000] {processor.py:756} INFO - Processing file /home/airflow/.local/lib/python3.7/site-packages/airflow/example_dags/example_latest_only_with_trigger.py for tasks to queue
[2023-03-23T22:52:26.394+0000] {logging_mixin.py:120} INFO - [2023-03-23T22:52:26.393+0000] {dagbag.py:537} INFO - Filling up the DagBag from /home/airflow/.local/lib/python3.7/site-packages/airflow/example_dags/example_latest_only_with_trigger.py
[2023-03-23T22:52:26.417+0000] {processor.py:766} INFO - DAG(s) dict_keys(['latest_only_with_trigger']) retrieved from /home/airflow/.local/lib/python3.7/site-packages/airflow/example_dags/example_latest_only_with_trigger.py
[2023-03-23T22:52:26.481+0000] {logging_mixin.py:120} INFO - [2023-03-23T22:52:26.481+0000] {dag.py:2585} INFO - Sync 1 DAGs
[2023-03-23T22:52:26.524+0000] {logging_mixin.py:120} INFO - [2023-03-23T22:52:26.524+0000] {dag.py:3340} INFO - Setting next_dagrun for latest_only_with_trigger to 2023-03-23T18:52:26.524180+00:00, run_after=2023-03-23T22:52:26.524180+00:00
[2023-03-23T22:52:26.557+0000] {processor.py:176} INFO - Processing /home/airflow/.local/lib/python3.7/site-packages/airflow/example_dags/example_latest_only_with_trigger.py took 0.174 seconds
[2023-03-23T22:52:56.818+0000] {processor.py:154} INFO - Started process (PID=496) to work on /home/airflow/.local/lib/python3.7/site-packages/airflow/example_dags/example_latest_only_with_trigger.py
[2023-03-23T22:52:56.819+0000] {processor.py:756} INFO - Processing file /home/airflow/.local/lib/python3.7/site-packages/airflow/example_dags/example_latest_only_with_trigger.py for tasks to queue
[2023-03-23T22:52:56.820+0000] {logging_mixin.py:120} INFO - [2023-03-23T22:52:56.820+0000] {dagbag.py:537} INFO - Filling up the DagBag from /home/airflow/.local/lib/python3.7/site-packages/airflow/example_dags/example_latest_only_with_trigger.py
[2023-03-23T22:52:56.837+0000] {processor.py:766} INFO - DAG(s) dict_keys(['latest_only_with_trigger']) retrieved from /home/airflow/.local/lib/python3.7/site-packages/airflow/example_dags/example_latest_only_with_trigger.py
[2023-03-23T22:52:56.881+0000] {logging_mixin.py:120} INFO - [2023-03-23T22:52:56.880+0000] {dag.py:2585} INFO - Sync 1 DAGs
[2023-03-23T22:52:56.912+0000] {logging_mixin.py:120} INFO - [2023-03-23T22:52:56.912+0000] {dag.py:3340} INFO - Setting next_dagrun for latest_only_with_trigger to 2023-03-23T18:52:56.911856+00:00, run_after=2023-03-23T22:52:56.911856+00:00
[2023-03-23T22:52:56.934+0000] {processor.py:176} INFO - Processing /home/airflow/.local/lib/python3.7/site-packages/airflow/example_dags/example_latest_only_with_trigger.py took 0.119 seconds
[2023-03-23T22:53:27.569+0000] {processor.py:154} INFO - Started process (PID=559) to work on /home/airflow/.local/lib/python3.7/site-packages/airflow/example_dags/example_latest_only_with_trigger.py
[2023-03-23T22:53:27.570+0000] {processor.py:756} INFO - Processing file /home/airflow/.local/lib/python3.7/site-packages/airflow/example_dags/example_latest_only_with_trigger.py for tasks to queue
[2023-03-23T22:53:27.571+0000] {logging_mixin.py:120} INFO - [2023-03-23T22:53:27.571+0000] {dagbag.py:537} INFO - Filling up the DagBag from /home/airflow/.local/lib/python3.7/site-packages/airflow/example_dags/example_latest_only_with_trigger.py
[2023-03-23T22:53:27.587+0000] {processor.py:766} INFO - DAG(s) dict_keys(['latest_only_with_trigger']) retrieved from /home/airflow/.local/lib/python3.7/site-packages/airflow/example_dags/example_latest_only_with_trigger.py
[2023-03-23T22:53:27.631+0000] {logging_mixin.py:120} INFO - [2023-03-23T22:53:27.631+0000] {dag.py:2585} INFO - Sync 1 DAGs
[2023-03-23T22:53:27.661+0000] {logging_mixin.py:120} INFO - [2023-03-23T22:53:27.661+0000] {dag.py:3340} INFO - Setting next_dagrun for latest_only_with_trigger to 2023-03-23T18:53:27.661064+00:00, run_after=2023-03-23T22:53:27.661064+00:00
[2023-03-23T22:53:27.694+0000] {processor.py:176} INFO - Processing /home/airflow/.local/lib/python3.7/site-packages/airflow/example_dags/example_latest_only_with_trigger.py took 0.128 seconds
[2023-03-23T22:53:57.950+0000] {processor.py:154} INFO - Started process (PID=613) to work on /home/airflow/.local/lib/python3.7/site-packages/airflow/example_dags/example_latest_only_with_trigger.py
[2023-03-23T22:53:57.951+0000] {processor.py:756} INFO - Processing file /home/airflow/.local/lib/python3.7/site-packages/airflow/example_dags/example_latest_only_with_trigger.py for tasks to queue
[2023-03-23T22:53:57.952+0000] {logging_mixin.py:120} INFO - [2023-03-23T22:53:57.952+0000] {dagbag.py:537} INFO - Filling up the DagBag from /home/airflow/.local/lib/python3.7/site-packages/airflow/example_dags/example_latest_only_with_trigger.py
[2023-03-23T22:53:57.972+0000] {processor.py:766} INFO - DAG(s) dict_keys(['latest_only_with_trigger']) retrieved from /home/airflow/.local/lib/python3.7/site-packages/airflow/example_dags/example_latest_only_with_trigger.py
[2023-03-23T22:53:58.022+0000] {logging_mixin.py:120} INFO - [2023-03-23T22:53:58.022+0000] {dag.py:2585} INFO - Sync 1 DAGs
[2023-03-23T22:53:58.059+0000] {logging_mixin.py:120} INFO - [2023-03-23T22:53:58.059+0000] {dag.py:3340} INFO - Setting next_dagrun for latest_only_with_trigger to 2023-03-23T18:53:58.059146+00:00, run_after=2023-03-23T22:53:58.059146+00:00
[2023-03-23T22:53:58.090+0000] {processor.py:176} INFO - Processing /home/airflow/.local/lib/python3.7/site-packages/airflow/example_dags/example_latest_only_with_trigger.py took 0.145 seconds
[2023-03-23T22:54:28.583+0000] {processor.py:154} INFO - Started process (PID=675) to work on /home/airflow/.local/lib/python3.7/site-packages/airflow/example_dags/example_latest_only_with_trigger.py
[2023-03-23T22:54:28.584+0000] {processor.py:756} INFO - Processing file /home/airflow/.local/lib/python3.7/site-packages/airflow/example_dags/example_latest_only_with_trigger.py for tasks to queue
[2023-03-23T22:54:28.585+0000] {logging_mixin.py:120} INFO - [2023-03-23T22:54:28.585+0000] {dagbag.py:537} INFO - Filling up the DagBag from /home/airflow/.local/lib/python3.7/site-packages/airflow/example_dags/example_latest_only_with_trigger.py
[2023-03-23T22:54:28.604+0000] {processor.py:766} INFO - DAG(s) dict_keys(['latest_only_with_trigger']) retrieved from /home/airflow/.local/lib/python3.7/site-packages/airflow/example_dags/example_latest_only_with_trigger.py
[2023-03-23T22:54:28.650+0000] {logging_mixin.py:120} INFO - [2023-03-23T22:54:28.650+0000] {dag.py:2585} INFO - Sync 1 DAGs
[2023-03-23T22:54:28.681+0000] {logging_mixin.py:120} INFO - [2023-03-23T22:54:28.681+0000] {dag.py:3340} INFO - Setting next_dagrun for latest_only_with_trigger to 2023-03-23T18:54:28.681111+00:00, run_after=2023-03-23T22:54:28.681111+00:00
[2023-03-23T22:54:28.711+0000] {processor.py:176} INFO - Processing /home/airflow/.local/lib/python3.7/site-packages/airflow/example_dags/example_latest_only_with_trigger.py took 0.131 seconds
[2023-03-23T22:54:58.785+0000] {processor.py:154} INFO - Started process (PID=738) to work on /home/airflow/.local/lib/python3.7/site-packages/airflow/example_dags/example_latest_only_with_trigger.py
[2023-03-23T22:54:58.786+0000] {processor.py:756} INFO - Processing file /home/airflow/.local/lib/python3.7/site-packages/airflow/example_dags/example_latest_only_with_trigger.py for tasks to queue
[2023-03-23T22:54:58.787+0000] {logging_mixin.py:120} INFO - [2023-03-23T22:54:58.787+0000] {dagbag.py:537} INFO - Filling up the DagBag from /home/airflow/.local/lib/python3.7/site-packages/airflow/example_dags/example_latest_only_with_trigger.py
[2023-03-23T22:54:58.800+0000] {processor.py:766} INFO - DAG(s) dict_keys(['latest_only_with_trigger']) retrieved from /home/airflow/.local/lib/python3.7/site-packages/airflow/example_dags/example_latest_only_with_trigger.py
[2023-03-23T22:54:58.841+0000] {logging_mixin.py:120} INFO - [2023-03-23T22:54:58.841+0000] {dag.py:2585} INFO - Sync 1 DAGs
[2023-03-23T22:54:58.866+0000] {logging_mixin.py:120} INFO - [2023-03-23T22:54:58.866+0000] {dag.py:3340} INFO - Setting next_dagrun for latest_only_with_trigger to 2023-03-23T18:54:58.866663+00:00, run_after=2023-03-23T22:54:58.866663+00:00
[2023-03-23T22:54:58.886+0000] {processor.py:176} INFO - Processing /home/airflow/.local/lib/python3.7/site-packages/airflow/example_dags/example_latest_only_with_trigger.py took 0.104 seconds
[2023-03-23T22:55:29.258+0000] {processor.py:154} INFO - Started process (PID=792) to work on /home/airflow/.local/lib/python3.7/site-packages/airflow/example_dags/example_latest_only_with_trigger.py
[2023-03-23T22:55:29.258+0000] {processor.py:756} INFO - Processing file /home/airflow/.local/lib/python3.7/site-packages/airflow/example_dags/example_latest_only_with_trigger.py for tasks to queue
[2023-03-23T22:55:29.259+0000] {logging_mixin.py:120} INFO - [2023-03-23T22:55:29.259+0000] {dagbag.py:537} INFO - Filling up the DagBag from /home/airflow/.local/lib/python3.7/site-packages/airflow/example_dags/example_latest_only_with_trigger.py
[2023-03-23T22:55:29.275+0000] {processor.py:766} INFO - DAG(s) dict_keys(['latest_only_with_trigger']) retrieved from /home/airflow/.local/lib/python3.7/site-packages/airflow/example_dags/example_latest_only_with_trigger.py
[2023-03-23T22:55:29.328+0000] {logging_mixin.py:120} INFO - [2023-03-23T22:55:29.327+0000] {dag.py:2585} INFO - Sync 1 DAGs
[2023-03-23T22:55:29.356+0000] {logging_mixin.py:120} INFO - [2023-03-23T22:55:29.356+0000] {dag.py:3340} INFO - Setting next_dagrun for latest_only_with_trigger to 2023-03-23T18:55:29.356136+00:00, run_after=2023-03-23T22:55:29.356136+00:00
[2023-03-23T22:55:29.391+0000] {processor.py:176} INFO - Processing /home/airflow/.local/lib/python3.7/site-packages/airflow/example_dags/example_latest_only_with_trigger.py took 0.136 seconds
[2023-03-23T22:55:59.690+0000] {processor.py:154} INFO - Started process (PID=855) to work on /home/airflow/.local/lib/python3.7/site-packages/airflow/example_dags/example_latest_only_with_trigger.py
[2023-03-23T22:55:59.691+0000] {processor.py:756} INFO - Processing file /home/airflow/.local/lib/python3.7/site-packages/airflow/example_dags/example_latest_only_with_trigger.py for tasks to queue
[2023-03-23T22:55:59.693+0000] {logging_mixin.py:120} INFO - [2023-03-23T22:55:59.692+0000] {dagbag.py:537} INFO - Filling up the DagBag from /home/airflow/.local/lib/python3.7/site-packages/airflow/example_dags/example_latest_only_with_trigger.py
[2023-03-23T22:55:59.717+0000] {processor.py:766} INFO - DAG(s) dict_keys(['latest_only_with_trigger']) retrieved from /home/airflow/.local/lib/python3.7/site-packages/airflow/example_dags/example_latest_only_with_trigger.py
[2023-03-23T22:55:59.775+0000] {logging_mixin.py:120} INFO - [2023-03-23T22:55:59.774+0000] {dag.py:2585} INFO - Sync 1 DAGs
[2023-03-23T22:55:59.801+0000] {logging_mixin.py:120} INFO - [2023-03-23T22:55:59.801+0000] {dag.py:3340} INFO - Setting next_dagrun for latest_only_with_trigger to 2023-03-23T18:55:59.800879+00:00, run_after=2023-03-23T22:55:59.800879+00:00
[2023-03-23T22:55:59.824+0000] {processor.py:176} INFO - Processing /home/airflow/.local/lib/python3.7/site-packages/airflow/example_dags/example_latest_only_with_trigger.py took 0.137 seconds
[2023-03-23T22:56:29.981+0000] {processor.py:154} INFO - Started process (PID=918) to work on /home/airflow/.local/lib/python3.7/site-packages/airflow/example_dags/example_latest_only_with_trigger.py
[2023-03-23T22:56:29.982+0000] {processor.py:756} INFO - Processing file /home/airflow/.local/lib/python3.7/site-packages/airflow/example_dags/example_latest_only_with_trigger.py for tasks to queue
[2023-03-23T22:56:29.984+0000] {logging_mixin.py:120} INFO - [2023-03-23T22:56:29.983+0000] {dagbag.py:537} INFO - Filling up the DagBag from /home/airflow/.local/lib/python3.7/site-packages/airflow/example_dags/example_latest_only_with_trigger.py
[2023-03-23T22:56:30.009+0000] {processor.py:766} INFO - DAG(s) dict_keys(['latest_only_with_trigger']) retrieved from /home/airflow/.local/lib/python3.7/site-packages/airflow/example_dags/example_latest_only_with_trigger.py
[2023-03-23T22:56:30.057+0000] {logging_mixin.py:120} INFO - [2023-03-23T22:56:30.057+0000] {dag.py:2585} INFO - Sync 1 DAGs
[2023-03-23T22:56:30.087+0000] {logging_mixin.py:120} INFO - [2023-03-23T22:56:30.087+0000] {dag.py:3340} INFO - Setting next_dagrun for latest_only_with_trigger to 2023-03-23T18:56:30.087427+00:00, run_after=2023-03-23T22:56:30.087427+00:00
[2023-03-23T22:56:30.116+0000] {processor.py:176} INFO - Processing /home/airflow/.local/lib/python3.7/site-packages/airflow/example_dags/example_latest_only_with_trigger.py took 0.139 seconds
[2023-03-23T22:57:00.502+0000] {processor.py:154} INFO - Started process (PID=972) to work on /home/airflow/.local/lib/python3.7/site-packages/airflow/example_dags/example_latest_only_with_trigger.py
[2023-03-23T22:57:00.503+0000] {processor.py:756} INFO - Processing file /home/airflow/.local/lib/python3.7/site-packages/airflow/example_dags/example_latest_only_with_trigger.py for tasks to queue
[2023-03-23T22:57:00.504+0000] {logging_mixin.py:120} INFO - [2023-03-23T22:57:00.504+0000] {dagbag.py:537} INFO - Filling up the DagBag from /home/airflow/.local/lib/python3.7/site-packages/airflow/example_dags/example_latest_only_with_trigger.py
[2023-03-23T22:57:00.517+0000] {processor.py:766} INFO - DAG(s) dict_keys(['latest_only_with_trigger']) retrieved from /home/airflow/.local/lib/python3.7/site-packages/airflow/example_dags/example_latest_only_with_trigger.py
[2023-03-23T22:57:00.557+0000] {logging_mixin.py:120} INFO - [2023-03-23T22:57:00.557+0000] {dag.py:2585} INFO - Sync 1 DAGs
[2023-03-23T22:57:00.593+0000] {logging_mixin.py:120} INFO - [2023-03-23T22:57:00.593+0000] {dag.py:3340} INFO - Setting next_dagrun for latest_only_with_trigger to 2023-03-23T18:57:00.593531+00:00, run_after=2023-03-23T22:57:00.593531+00:00
[2023-03-23T22:57:00.623+0000] {processor.py:176} INFO - Processing /home/airflow/.local/lib/python3.7/site-packages/airflow/example_dags/example_latest_only_with_trigger.py took 0.124 seconds
[2023-03-23T22:57:30.859+0000] {processor.py:154} INFO - Started process (PID=1035) to work on /home/airflow/.local/lib/python3.7/site-packages/airflow/example_dags/example_latest_only_with_trigger.py
[2023-03-23T22:57:30.860+0000] {processor.py:756} INFO - Processing file /home/airflow/.local/lib/python3.7/site-packages/airflow/example_dags/example_latest_only_with_trigger.py for tasks to queue
[2023-03-23T22:57:30.861+0000] {logging_mixin.py:120} INFO - [2023-03-23T22:57:30.861+0000] {dagbag.py:537} INFO - Filling up the DagBag from /home/airflow/.local/lib/python3.7/site-packages/airflow/example_dags/example_latest_only_with_trigger.py
[2023-03-23T22:57:30.881+0000] {processor.py:766} INFO - DAG(s) dict_keys(['latest_only_with_trigger']) retrieved from /home/airflow/.local/lib/python3.7/site-packages/airflow/example_dags/example_latest_only_with_trigger.py
[2023-03-23T22:57:30.947+0000] {logging_mixin.py:120} INFO - [2023-03-23T22:57:30.947+0000] {dag.py:2585} INFO - Sync 1 DAGs
[2023-03-23T22:57:30.974+0000] {logging_mixin.py:120} INFO - [2023-03-23T22:57:30.973+0000] {dag.py:3340} INFO - Setting next_dagrun for latest_only_with_trigger to 2023-03-23T18:57:30.973717+00:00, run_after=2023-03-23T22:57:30.973717+00:00
[2023-03-23T22:57:30.995+0000] {processor.py:176} INFO - Processing /home/airflow/.local/lib/python3.7/site-packages/airflow/example_dags/example_latest_only_with_trigger.py took 0.140 seconds
[2023-03-23T22:58:01.230+0000] {processor.py:154} INFO - Started process (PID=1098) to work on /home/airflow/.local/lib/python3.7/site-packages/airflow/example_dags/example_latest_only_with_trigger.py
[2023-03-23T22:58:01.231+0000] {processor.py:756} INFO - Processing file /home/airflow/.local/lib/python3.7/site-packages/airflow/example_dags/example_latest_only_with_trigger.py for tasks to queue
[2023-03-23T22:58:01.232+0000] {logging_mixin.py:120} INFO - [2023-03-23T22:58:01.232+0000] {dagbag.py:537} INFO - Filling up the DagBag from /home/airflow/.local/lib/python3.7/site-packages/airflow/example_dags/example_latest_only_with_trigger.py
[2023-03-23T22:58:01.245+0000] {processor.py:766} INFO - DAG(s) dict_keys(['latest_only_with_trigger']) retrieved from /home/airflow/.local/lib/python3.7/site-packages/airflow/example_dags/example_latest_only_with_trigger.py
[2023-03-23T22:58:01.286+0000] {logging_mixin.py:120} INFO - [2023-03-23T22:58:01.285+0000] {dag.py:2585} INFO - Sync 1 DAGs
[2023-03-23T22:58:01.314+0000] {logging_mixin.py:120} INFO - [2023-03-23T22:58:01.314+0000] {dag.py:3340} INFO - Setting next_dagrun for latest_only_with_trigger to 2023-03-23T18:58:01.313755+00:00, run_after=2023-03-23T22:58:01.313755+00:00
[2023-03-23T22:58:01.335+0000] {processor.py:176} INFO - Processing /home/airflow/.local/lib/python3.7/site-packages/airflow/example_dags/example_latest_only_with_trigger.py took 0.109 seconds
[2023-03-23T22:58:31.452+0000] {processor.py:154} INFO - Started process (PID=1152) to work on /home/airflow/.local/lib/python3.7/site-packages/airflow/example_dags/example_latest_only_with_trigger.py
[2023-03-23T22:58:31.453+0000] {processor.py:756} INFO - Processing file /home/airflow/.local/lib/python3.7/site-packages/airflow/example_dags/example_latest_only_with_trigger.py for tasks to queue
[2023-03-23T22:58:31.454+0000] {logging_mixin.py:120} INFO - [2023-03-23T22:58:31.454+0000] {dagbag.py:537} INFO - Filling up the DagBag from /home/airflow/.local/lib/python3.7/site-packages/airflow/example_dags/example_latest_only_with_trigger.py
[2023-03-23T22:58:31.466+0000] {processor.py:766} INFO - DAG(s) dict_keys(['latest_only_with_trigger']) retrieved from /home/airflow/.local/lib/python3.7/site-packages/airflow/example_dags/example_latest_only_with_trigger.py
[2023-03-23T22:58:31.517+0000] {logging_mixin.py:120} INFO - [2023-03-23T22:58:31.517+0000] {dag.py:2585} INFO - Sync 1 DAGs
[2023-03-23T22:58:31.545+0000] {logging_mixin.py:120} INFO - [2023-03-23T22:58:31.545+0000] {dag.py:3340} INFO - Setting next_dagrun for latest_only_with_trigger to 2023-03-23T18:58:31.545125+00:00, run_after=2023-03-23T22:58:31.545125+00:00
[2023-03-23T22:58:31.566+0000] {processor.py:176} INFO - Processing /home/airflow/.local/lib/python3.7/site-packages/airflow/example_dags/example_latest_only_with_trigger.py took 0.117 seconds
[2023-03-23T22:59:01.933+0000] {processor.py:154} INFO - Started process (PID=1215) to work on /home/airflow/.local/lib/python3.7/site-packages/airflow/example_dags/example_latest_only_with_trigger.py
[2023-03-23T22:59:01.933+0000] {processor.py:756} INFO - Processing file /home/airflow/.local/lib/python3.7/site-packages/airflow/example_dags/example_latest_only_with_trigger.py for tasks to queue
[2023-03-23T22:59:01.934+0000] {logging_mixin.py:120} INFO - [2023-03-23T22:59:01.934+0000] {dagbag.py:537} INFO - Filling up the DagBag from /home/airflow/.local/lib/python3.7/site-packages/airflow/example_dags/example_latest_only_with_trigger.py
[2023-03-23T22:59:01.947+0000] {processor.py:766} INFO - DAG(s) dict_keys(['latest_only_with_trigger']) retrieved from /home/airflow/.local/lib/python3.7/site-packages/airflow/example_dags/example_latest_only_with_trigger.py
[2023-03-23T22:59:01.986+0000] {logging_mixin.py:120} INFO - [2023-03-23T22:59:01.986+0000] {dag.py:2585} INFO - Sync 1 DAGs
[2023-03-23T22:59:02.010+0000] {logging_mixin.py:120} INFO - [2023-03-23T22:59:02.010+0000] {dag.py:3340} INFO - Setting next_dagrun for latest_only_with_trigger to 2023-03-23T18:59:02.010387+00:00, run_after=2023-03-23T22:59:02.010387+00:00
[2023-03-23T22:59:02.032+0000] {processor.py:176} INFO - Processing /home/airflow/.local/lib/python3.7/site-packages/airflow/example_dags/example_latest_only_with_trigger.py took 0.103 seconds
[2023-03-23T22:59:32.764+0000] {processor.py:154} INFO - Started process (PID=1278) to work on /home/airflow/.local/lib/python3.7/site-packages/airflow/example_dags/example_latest_only_with_trigger.py
[2023-03-23T22:59:32.766+0000] {processor.py:756} INFO - Processing file /home/airflow/.local/lib/python3.7/site-packages/airflow/example_dags/example_latest_only_with_trigger.py for tasks to queue
[2023-03-23T22:59:32.767+0000] {logging_mixin.py:120} INFO - [2023-03-23T22:59:32.767+0000] {dagbag.py:537} INFO - Filling up the DagBag from /home/airflow/.local/lib/python3.7/site-packages/airflow/example_dags/example_latest_only_with_trigger.py
[2023-03-23T22:59:32.781+0000] {processor.py:766} INFO - DAG(s) dict_keys(['latest_only_with_trigger']) retrieved from /home/airflow/.local/lib/python3.7/site-packages/airflow/example_dags/example_latest_only_with_trigger.py
[2023-03-23T22:59:32.821+0000] {logging_mixin.py:120} INFO - [2023-03-23T22:59:32.820+0000] {dag.py:2585} INFO - Sync 1 DAGs
[2023-03-23T22:59:32.849+0000] {logging_mixin.py:120} INFO - [2023-03-23T22:59:32.849+0000] {dag.py:3340} INFO - Setting next_dagrun for latest_only_with_trigger to 2023-03-23T18:59:32.849130+00:00, run_after=2023-03-23T22:59:32.849130+00:00
[2023-03-23T22:59:32.877+0000] {processor.py:176} INFO - Processing /home/airflow/.local/lib/python3.7/site-packages/airflow/example_dags/example_latest_only_with_trigger.py took 0.116 seconds
