[2023-03-23T22:48:50.577+0000] {processor.py:154} INFO - Started process (PID=79) to work on /home/airflow/.local/lib/python3.7/site-packages/airflow/example_dags/example_time_delta_sensor_async.py
[2023-03-23T22:48:50.655+0000] {processor.py:756} INFO - Processing file /home/airflow/.local/lib/python3.7/site-packages/airflow/example_dags/example_time_delta_sensor_async.py for tasks to queue
[2023-03-23T22:48:50.661+0000] {logging_mixin.py:120} INFO - [2023-03-23T22:48:50.661+0000] {dagbag.py:537} INFO - Filling up the DagBag from /home/airflow/.local/lib/python3.7/site-packages/airflow/example_dags/example_time_delta_sensor_async.py
[2023-03-23T22:48:50.728+0000] {processor.py:766} INFO - DAG(s) dict_keys(['example_time_delta_sensor_async']) retrieved from /home/airflow/.local/lib/python3.7/site-packages/airflow/example_dags/example_time_delta_sensor_async.py
[2023-03-23T22:48:52.236+0000] {logging_mixin.py:120} INFO - [2023-03-23T22:48:52.236+0000] {manager.py:507} INFO - Created Permission View: can edit on DAG:example_time_delta_sensor_async
[2023-03-23T22:48:52.413+0000] {logging_mixin.py:120} INFO - [2023-03-23T22:48:52.412+0000] {manager.py:507} INFO - Created Permission View: can read on DAG:example_time_delta_sensor_async
[2023-03-23T22:48:52.524+0000] {logging_mixin.py:120} INFO - [2023-03-23T22:48:52.524+0000] {manager.py:507} INFO - Created Permission View: can delete on DAG:example_time_delta_sensor_async
[2023-03-23T22:48:52.631+0000] {logging_mixin.py:120} INFO - [2023-03-23T22:48:52.631+0000] {dag.py:2585} INFO - Sync 1 DAGs
[2023-03-23T22:48:52.973+0000] {logging_mixin.py:120} INFO - [2023-03-23T22:48:52.973+0000] {dag.py:2606} INFO - Creating ORM DAG for example_time_delta_sensor_async
[2023-03-23T22:48:53.140+0000] {logging_mixin.py:120} INFO - [2023-03-23T22:48:53.139+0000] {dag.py:3340} INFO - Setting next_dagrun for example_time_delta_sensor_async to None, run_after=None
[2023-03-23T22:48:53.530+0000] {processor.py:176} INFO - Processing /home/airflow/.local/lib/python3.7/site-packages/airflow/example_dags/example_time_delta_sensor_async.py took 2.960 seconds
[2023-03-23T22:49:24.153+0000] {processor.py:154} INFO - Started process (PID=133) to work on /home/airflow/.local/lib/python3.7/site-packages/airflow/example_dags/example_time_delta_sensor_async.py
[2023-03-23T22:49:24.220+0000] {processor.py:756} INFO - Processing file /home/airflow/.local/lib/python3.7/site-packages/airflow/example_dags/example_time_delta_sensor_async.py for tasks to queue
[2023-03-23T22:49:24.235+0000] {logging_mixin.py:120} INFO - [2023-03-23T22:49:24.235+0000] {dagbag.py:537} INFO - Filling up the DagBag from /home/airflow/.local/lib/python3.7/site-packages/airflow/example_dags/example_time_delta_sensor_async.py
[2023-03-23T22:49:24.296+0000] {processor.py:766} INFO - DAG(s) dict_keys(['example_time_delta_sensor_async']) retrieved from /home/airflow/.local/lib/python3.7/site-packages/airflow/example_dags/example_time_delta_sensor_async.py
[2023-03-23T22:49:25.298+0000] {logging_mixin.py:120} INFO - [2023-03-23T22:49:25.298+0000] {dag.py:2585} INFO - Sync 1 DAGs
[2023-03-23T22:49:25.539+0000] {logging_mixin.py:120} INFO - [2023-03-23T22:49:25.539+0000] {dag.py:3340} INFO - Setting next_dagrun for example_time_delta_sensor_async to None, run_after=None
[2023-03-23T22:49:27.999+0000] {processor.py:176} INFO - Processing /home/airflow/.local/lib/python3.7/site-packages/airflow/example_dags/example_time_delta_sensor_async.py took 3.850 seconds
[2023-03-23T22:50:01.253+0000] {processor.py:154} INFO - Started process (PID=188) to work on /home/airflow/.local/lib/python3.7/site-packages/airflow/example_dags/example_time_delta_sensor_async.py
[2023-03-23T22:50:01.255+0000] {processor.py:756} INFO - Processing file /home/airflow/.local/lib/python3.7/site-packages/airflow/example_dags/example_time_delta_sensor_async.py for tasks to queue
[2023-03-23T22:50:01.257+0000] {logging_mixin.py:120} INFO - [2023-03-23T22:50:01.256+0000] {dagbag.py:537} INFO - Filling up the DagBag from /home/airflow/.local/lib/python3.7/site-packages/airflow/example_dags/example_time_delta_sensor_async.py
[2023-03-23T22:50:01.296+0000] {processor.py:766} INFO - DAG(s) dict_keys(['example_time_delta_sensor_async']) retrieved from /home/airflow/.local/lib/python3.7/site-packages/airflow/example_dags/example_time_delta_sensor_async.py
[2023-03-23T22:50:01.877+0000] {logging_mixin.py:120} INFO - [2023-03-23T22:50:01.877+0000] {dag.py:2585} INFO - Sync 1 DAGs
[2023-03-23T22:50:01.956+0000] {logging_mixin.py:120} INFO - [2023-03-23T22:50:01.956+0000] {dag.py:3340} INFO - Setting next_dagrun for example_time_delta_sensor_async to None, run_after=None
[2023-03-23T22:50:02.053+0000] {processor.py:176} INFO - Processing /home/airflow/.local/lib/python3.7/site-packages/airflow/example_dags/example_time_delta_sensor_async.py took 0.814 seconds
[2023-03-23T22:50:33.689+0000] {processor.py:154} INFO - Started process (PID=242) to work on /home/airflow/.local/lib/python3.7/site-packages/airflow/example_dags/example_time_delta_sensor_async.py
[2023-03-23T22:50:33.697+0000] {processor.py:756} INFO - Processing file /home/airflow/.local/lib/python3.7/site-packages/airflow/example_dags/example_time_delta_sensor_async.py for tasks to queue
[2023-03-23T22:50:33.698+0000] {logging_mixin.py:120} INFO - [2023-03-23T22:50:33.698+0000] {dagbag.py:537} INFO - Filling up the DagBag from /home/airflow/.local/lib/python3.7/site-packages/airflow/example_dags/example_time_delta_sensor_async.py
[2023-03-23T22:50:33.729+0000] {processor.py:766} INFO - DAG(s) dict_keys(['example_time_delta_sensor_async']) retrieved from /home/airflow/.local/lib/python3.7/site-packages/airflow/example_dags/example_time_delta_sensor_async.py
[2023-03-23T22:50:34.704+0000] {logging_mixin.py:120} INFO - [2023-03-23T22:50:34.704+0000] {dag.py:2585} INFO - Sync 1 DAGs
[2023-03-23T22:50:34.822+0000] {logging_mixin.py:120} INFO - [2023-03-23T22:50:34.822+0000] {dag.py:3340} INFO - Setting next_dagrun for example_time_delta_sensor_async to None, run_after=None
[2023-03-23T22:50:34.895+0000] {processor.py:176} INFO - Processing /home/airflow/.local/lib/python3.7/site-packages/airflow/example_dags/example_time_delta_sensor_async.py took 1.212 seconds
[2023-03-23T22:51:05.459+0000] {processor.py:154} INFO - Started process (PID=297) to work on /home/airflow/.local/lib/python3.7/site-packages/airflow/example_dags/example_time_delta_sensor_async.py
[2023-03-23T22:51:05.462+0000] {processor.py:756} INFO - Processing file /home/airflow/.local/lib/python3.7/site-packages/airflow/example_dags/example_time_delta_sensor_async.py for tasks to queue
[2023-03-23T22:51:05.466+0000] {logging_mixin.py:120} INFO - [2023-03-23T22:51:05.466+0000] {dagbag.py:537} INFO - Filling up the DagBag from /home/airflow/.local/lib/python3.7/site-packages/airflow/example_dags/example_time_delta_sensor_async.py
[2023-03-23T22:51:05.501+0000] {processor.py:766} INFO - DAG(s) dict_keys(['example_time_delta_sensor_async']) retrieved from /home/airflow/.local/lib/python3.7/site-packages/airflow/example_dags/example_time_delta_sensor_async.py
[2023-03-23T22:51:06.408+0000] {logging_mixin.py:120} INFO - [2023-03-23T22:51:06.407+0000] {dag.py:2585} INFO - Sync 1 DAGs
[2023-03-23T22:51:06.497+0000] {logging_mixin.py:120} INFO - [2023-03-23T22:51:06.497+0000] {dag.py:3340} INFO - Setting next_dagrun for example_time_delta_sensor_async to None, run_after=None
[2023-03-23T22:51:06.580+0000] {processor.py:176} INFO - Processing /home/airflow/.local/lib/python3.7/site-packages/airflow/example_dags/example_time_delta_sensor_async.py took 1.128 seconds
[2023-03-23T22:51:41.198+0000] {processor.py:154} INFO - Started process (PID=358) to work on /home/airflow/.local/lib/python3.7/site-packages/airflow/example_dags/example_time_delta_sensor_async.py
[2023-03-23T22:51:41.211+0000] {processor.py:756} INFO - Processing file /home/airflow/.local/lib/python3.7/site-packages/airflow/example_dags/example_time_delta_sensor_async.py for tasks to queue
[2023-03-23T22:51:41.213+0000] {logging_mixin.py:120} INFO - [2023-03-23T22:51:41.213+0000] {dagbag.py:537} INFO - Filling up the DagBag from /home/airflow/.local/lib/python3.7/site-packages/airflow/example_dags/example_time_delta_sensor_async.py
[2023-03-23T22:51:41.280+0000] {processor.py:766} INFO - DAG(s) dict_keys(['example_time_delta_sensor_async']) retrieved from /home/airflow/.local/lib/python3.7/site-packages/airflow/example_dags/example_time_delta_sensor_async.py
[2023-03-23T22:51:42.357+0000] {logging_mixin.py:120} INFO - [2023-03-23T22:51:42.356+0000] {dag.py:2585} INFO - Sync 1 DAGs
[2023-03-23T22:51:42.471+0000] {logging_mixin.py:120} INFO - [2023-03-23T22:51:42.471+0000] {dag.py:3340} INFO - Setting next_dagrun for example_time_delta_sensor_async to None, run_after=None
[2023-03-23T22:51:42.578+0000] {processor.py:176} INFO - Processing /home/airflow/.local/lib/python3.7/site-packages/airflow/example_dags/example_time_delta_sensor_async.py took 1.384 seconds
[2023-03-23T22:52:12.766+0000] {processor.py:154} INFO - Started process (PID=425) to work on /home/airflow/.local/lib/python3.7/site-packages/airflow/example_dags/example_time_delta_sensor_async.py
[2023-03-23T22:52:12.767+0000] {processor.py:756} INFO - Processing file /home/airflow/.local/lib/python3.7/site-packages/airflow/example_dags/example_time_delta_sensor_async.py for tasks to queue
[2023-03-23T22:52:12.768+0000] {logging_mixin.py:120} INFO - [2023-03-23T22:52:12.768+0000] {dagbag.py:537} INFO - Filling up the DagBag from /home/airflow/.local/lib/python3.7/site-packages/airflow/example_dags/example_time_delta_sensor_async.py
[2023-03-23T22:52:12.781+0000] {processor.py:766} INFO - DAG(s) dict_keys(['example_time_delta_sensor_async']) retrieved from /home/airflow/.local/lib/python3.7/site-packages/airflow/example_dags/example_time_delta_sensor_async.py
[2023-03-23T22:52:13.005+0000] {logging_mixin.py:120} INFO - [2023-03-23T22:52:13.005+0000] {dag.py:2585} INFO - Sync 1 DAGs
[2023-03-23T22:52:13.033+0000] {logging_mixin.py:120} INFO - [2023-03-23T22:52:13.033+0000] {dag.py:3340} INFO - Setting next_dagrun for example_time_delta_sensor_async to None, run_after=None
[2023-03-23T22:52:13.056+0000] {processor.py:176} INFO - Processing /home/airflow/.local/lib/python3.7/site-packages/airflow/example_dags/example_time_delta_sensor_async.py took 0.293 seconds
[2023-03-23T22:52:43.179+0000] {processor.py:154} INFO - Started process (PID=479) to work on /home/airflow/.local/lib/python3.7/site-packages/airflow/example_dags/example_time_delta_sensor_async.py
[2023-03-23T22:52:43.180+0000] {processor.py:756} INFO - Processing file /home/airflow/.local/lib/python3.7/site-packages/airflow/example_dags/example_time_delta_sensor_async.py for tasks to queue
[2023-03-23T22:52:43.181+0000] {logging_mixin.py:120} INFO - [2023-03-23T22:52:43.181+0000] {dagbag.py:537} INFO - Filling up the DagBag from /home/airflow/.local/lib/python3.7/site-packages/airflow/example_dags/example_time_delta_sensor_async.py
[2023-03-23T22:52:43.199+0000] {processor.py:766} INFO - DAG(s) dict_keys(['example_time_delta_sensor_async']) retrieved from /home/airflow/.local/lib/python3.7/site-packages/airflow/example_dags/example_time_delta_sensor_async.py
[2023-03-23T22:52:43.421+0000] {logging_mixin.py:120} INFO - [2023-03-23T22:52:43.421+0000] {dag.py:2585} INFO - Sync 1 DAGs
[2023-03-23T22:52:43.451+0000] {logging_mixin.py:120} INFO - [2023-03-23T22:52:43.451+0000] {dag.py:3340} INFO - Setting next_dagrun for example_time_delta_sensor_async to None, run_after=None
[2023-03-23T22:52:43.522+0000] {processor.py:176} INFO - Processing /home/airflow/.local/lib/python3.7/site-packages/airflow/example_dags/example_time_delta_sensor_async.py took 0.349 seconds
[2023-03-23T22:53:13.668+0000] {processor.py:154} INFO - Started process (PID=541) to work on /home/airflow/.local/lib/python3.7/site-packages/airflow/example_dags/example_time_delta_sensor_async.py
[2023-03-23T22:53:13.670+0000] {processor.py:756} INFO - Processing file /home/airflow/.local/lib/python3.7/site-packages/airflow/example_dags/example_time_delta_sensor_async.py for tasks to queue
[2023-03-23T22:53:13.671+0000] {logging_mixin.py:120} INFO - [2023-03-23T22:53:13.670+0000] {dagbag.py:537} INFO - Filling up the DagBag from /home/airflow/.local/lib/python3.7/site-packages/airflow/example_dags/example_time_delta_sensor_async.py
[2023-03-23T22:53:13.684+0000] {processor.py:766} INFO - DAG(s) dict_keys(['example_time_delta_sensor_async']) retrieved from /home/airflow/.local/lib/python3.7/site-packages/airflow/example_dags/example_time_delta_sensor_async.py
[2023-03-23T22:53:13.907+0000] {logging_mixin.py:120} INFO - [2023-03-23T22:53:13.906+0000] {dag.py:2585} INFO - Sync 1 DAGs
[2023-03-23T22:53:13.935+0000] {logging_mixin.py:120} INFO - [2023-03-23T22:53:13.934+0000] {dag.py:3340} INFO - Setting next_dagrun for example_time_delta_sensor_async to None, run_after=None
[2023-03-23T22:53:13.959+0000] {processor.py:176} INFO - Processing /home/airflow/.local/lib/python3.7/site-packages/airflow/example_dags/example_time_delta_sensor_async.py took 0.294 seconds
[2023-03-23T22:53:44.037+0000] {processor.py:154} INFO - Started process (PID=595) to work on /home/airflow/.local/lib/python3.7/site-packages/airflow/example_dags/example_time_delta_sensor_async.py
[2023-03-23T22:53:44.039+0000] {processor.py:756} INFO - Processing file /home/airflow/.local/lib/python3.7/site-packages/airflow/example_dags/example_time_delta_sensor_async.py for tasks to queue
[2023-03-23T22:53:44.040+0000] {logging_mixin.py:120} INFO - [2023-03-23T22:53:44.040+0000] {dagbag.py:537} INFO - Filling up the DagBag from /home/airflow/.local/lib/python3.7/site-packages/airflow/example_dags/example_time_delta_sensor_async.py
[2023-03-23T22:53:44.050+0000] {processor.py:766} INFO - DAG(s) dict_keys(['example_time_delta_sensor_async']) retrieved from /home/airflow/.local/lib/python3.7/site-packages/airflow/example_dags/example_time_delta_sensor_async.py
[2023-03-23T22:53:44.262+0000] {logging_mixin.py:120} INFO - [2023-03-23T22:53:44.262+0000] {dag.py:2585} INFO - Sync 1 DAGs
[2023-03-23T22:53:44.296+0000] {logging_mixin.py:120} INFO - [2023-03-23T22:53:44.296+0000] {dag.py:3340} INFO - Setting next_dagrun for example_time_delta_sensor_async to None, run_after=None
[2023-03-23T22:53:44.326+0000] {processor.py:176} INFO - Processing /home/airflow/.local/lib/python3.7/site-packages/airflow/example_dags/example_time_delta_sensor_async.py took 0.291 seconds
[2023-03-23T22:54:14.685+0000] {processor.py:154} INFO - Started process (PID=658) to work on /home/airflow/.local/lib/python3.7/site-packages/airflow/example_dags/example_time_delta_sensor_async.py
[2023-03-23T22:54:14.686+0000] {processor.py:756} INFO - Processing file /home/airflow/.local/lib/python3.7/site-packages/airflow/example_dags/example_time_delta_sensor_async.py for tasks to queue
[2023-03-23T22:54:14.687+0000] {logging_mixin.py:120} INFO - [2023-03-23T22:54:14.687+0000] {dagbag.py:537} INFO - Filling up the DagBag from /home/airflow/.local/lib/python3.7/site-packages/airflow/example_dags/example_time_delta_sensor_async.py
[2023-03-23T22:54:14.705+0000] {processor.py:766} INFO - DAG(s) dict_keys(['example_time_delta_sensor_async']) retrieved from /home/airflow/.local/lib/python3.7/site-packages/airflow/example_dags/example_time_delta_sensor_async.py
[2023-03-23T22:54:14.925+0000] {logging_mixin.py:120} INFO - [2023-03-23T22:54:14.925+0000] {dag.py:2585} INFO - Sync 1 DAGs
[2023-03-23T22:54:14.954+0000] {logging_mixin.py:120} INFO - [2023-03-23T22:54:14.953+0000] {dag.py:3340} INFO - Setting next_dagrun for example_time_delta_sensor_async to None, run_after=None
[2023-03-23T22:54:14.978+0000] {processor.py:176} INFO - Processing /home/airflow/.local/lib/python3.7/site-packages/airflow/example_dags/example_time_delta_sensor_async.py took 0.299 seconds
[2023-03-23T22:54:45.059+0000] {processor.py:154} INFO - Started process (PID=711) to work on /home/airflow/.local/lib/python3.7/site-packages/airflow/example_dags/example_time_delta_sensor_async.py
[2023-03-23T22:54:45.060+0000] {processor.py:756} INFO - Processing file /home/airflow/.local/lib/python3.7/site-packages/airflow/example_dags/example_time_delta_sensor_async.py for tasks to queue
[2023-03-23T22:54:45.062+0000] {logging_mixin.py:120} INFO - [2023-03-23T22:54:45.061+0000] {dagbag.py:537} INFO - Filling up the DagBag from /home/airflow/.local/lib/python3.7/site-packages/airflow/example_dags/example_time_delta_sensor_async.py
[2023-03-23T22:54:45.080+0000] {processor.py:766} INFO - DAG(s) dict_keys(['example_time_delta_sensor_async']) retrieved from /home/airflow/.local/lib/python3.7/site-packages/airflow/example_dags/example_time_delta_sensor_async.py
[2023-03-23T22:54:45.277+0000] {logging_mixin.py:120} INFO - [2023-03-23T22:54:45.277+0000] {dag.py:2585} INFO - Sync 1 DAGs
[2023-03-23T22:54:45.306+0000] {logging_mixin.py:120} INFO - [2023-03-23T22:54:45.306+0000] {dag.py:3340} INFO - Setting next_dagrun for example_time_delta_sensor_async to None, run_after=None
[2023-03-23T22:54:45.335+0000] {processor.py:176} INFO - Processing /home/airflow/.local/lib/python3.7/site-packages/airflow/example_dags/example_time_delta_sensor_async.py took 0.282 seconds
[2023-03-23T22:55:15.445+0000] {processor.py:154} INFO - Started process (PID=775) to work on /home/airflow/.local/lib/python3.7/site-packages/airflow/example_dags/example_time_delta_sensor_async.py
[2023-03-23T22:55:15.446+0000] {processor.py:756} INFO - Processing file /home/airflow/.local/lib/python3.7/site-packages/airflow/example_dags/example_time_delta_sensor_async.py for tasks to queue
[2023-03-23T22:55:15.447+0000] {logging_mixin.py:120} INFO - [2023-03-23T22:55:15.446+0000] {dagbag.py:537} INFO - Filling up the DagBag from /home/airflow/.local/lib/python3.7/site-packages/airflow/example_dags/example_time_delta_sensor_async.py
[2023-03-23T22:55:15.459+0000] {processor.py:766} INFO - DAG(s) dict_keys(['example_time_delta_sensor_async']) retrieved from /home/airflow/.local/lib/python3.7/site-packages/airflow/example_dags/example_time_delta_sensor_async.py
[2023-03-23T22:55:15.657+0000] {logging_mixin.py:120} INFO - [2023-03-23T22:55:15.657+0000] {dag.py:2585} INFO - Sync 1 DAGs
[2023-03-23T22:55:15.685+0000] {logging_mixin.py:120} INFO - [2023-03-23T22:55:15.685+0000] {dag.py:3340} INFO - Setting next_dagrun for example_time_delta_sensor_async to None, run_after=None
[2023-03-23T22:55:15.706+0000] {processor.py:176} INFO - Processing /home/airflow/.local/lib/python3.7/site-packages/airflow/example_dags/example_time_delta_sensor_async.py took 0.264 seconds
[2023-03-23T22:55:45.838+0000] {processor.py:154} INFO - Started process (PID=838) to work on /home/airflow/.local/lib/python3.7/site-packages/airflow/example_dags/example_time_delta_sensor_async.py
[2023-03-23T22:55:45.839+0000] {processor.py:756} INFO - Processing file /home/airflow/.local/lib/python3.7/site-packages/airflow/example_dags/example_time_delta_sensor_async.py for tasks to queue
[2023-03-23T22:55:45.840+0000] {logging_mixin.py:120} INFO - [2023-03-23T22:55:45.840+0000] {dagbag.py:537} INFO - Filling up the DagBag from /home/airflow/.local/lib/python3.7/site-packages/airflow/example_dags/example_time_delta_sensor_async.py
[2023-03-23T22:55:45.852+0000] {processor.py:766} INFO - DAG(s) dict_keys(['example_time_delta_sensor_async']) retrieved from /home/airflow/.local/lib/python3.7/site-packages/airflow/example_dags/example_time_delta_sensor_async.py
[2023-03-23T22:55:46.047+0000] {logging_mixin.py:120} INFO - [2023-03-23T22:55:46.046+0000] {dag.py:2585} INFO - Sync 1 DAGs
[2023-03-23T22:55:46.076+0000] {logging_mixin.py:120} INFO - [2023-03-23T22:55:46.076+0000] {dag.py:3340} INFO - Setting next_dagrun for example_time_delta_sensor_async to None, run_after=None
[2023-03-23T22:55:46.104+0000] {processor.py:176} INFO - Processing /home/airflow/.local/lib/python3.7/site-packages/airflow/example_dags/example_time_delta_sensor_async.py took 0.269 seconds
[2023-03-23T22:56:16.281+0000] {processor.py:154} INFO - Started process (PID=892) to work on /home/airflow/.local/lib/python3.7/site-packages/airflow/example_dags/example_time_delta_sensor_async.py
[2023-03-23T22:56:16.282+0000] {processor.py:756} INFO - Processing file /home/airflow/.local/lib/python3.7/site-packages/airflow/example_dags/example_time_delta_sensor_async.py for tasks to queue
[2023-03-23T22:56:16.283+0000] {logging_mixin.py:120} INFO - [2023-03-23T22:56:16.282+0000] {dagbag.py:537} INFO - Filling up the DagBag from /home/airflow/.local/lib/python3.7/site-packages/airflow/example_dags/example_time_delta_sensor_async.py
[2023-03-23T22:56:16.295+0000] {processor.py:766} INFO - DAG(s) dict_keys(['example_time_delta_sensor_async']) retrieved from /home/airflow/.local/lib/python3.7/site-packages/airflow/example_dags/example_time_delta_sensor_async.py
[2023-03-23T22:56:16.481+0000] {logging_mixin.py:120} INFO - [2023-03-23T22:56:16.481+0000] {dag.py:2585} INFO - Sync 1 DAGs
[2023-03-23T22:56:16.509+0000] {logging_mixin.py:120} INFO - [2023-03-23T22:56:16.509+0000] {dag.py:3340} INFO - Setting next_dagrun for example_time_delta_sensor_async to None, run_after=None
[2023-03-23T22:56:16.536+0000] {processor.py:176} INFO - Processing /home/airflow/.local/lib/python3.7/site-packages/airflow/example_dags/example_time_delta_sensor_async.py took 0.258 seconds
[2023-03-23T22:56:46.593+0000] {processor.py:154} INFO - Started process (PID=954) to work on /home/airflow/.local/lib/python3.7/site-packages/airflow/example_dags/example_time_delta_sensor_async.py
[2023-03-23T22:56:46.594+0000] {processor.py:756} INFO - Processing file /home/airflow/.local/lib/python3.7/site-packages/airflow/example_dags/example_time_delta_sensor_async.py for tasks to queue
[2023-03-23T22:56:46.596+0000] {logging_mixin.py:120} INFO - [2023-03-23T22:56:46.595+0000] {dagbag.py:537} INFO - Filling up the DagBag from /home/airflow/.local/lib/python3.7/site-packages/airflow/example_dags/example_time_delta_sensor_async.py
[2023-03-23T22:56:46.608+0000] {processor.py:766} INFO - DAG(s) dict_keys(['example_time_delta_sensor_async']) retrieved from /home/airflow/.local/lib/python3.7/site-packages/airflow/example_dags/example_time_delta_sensor_async.py
[2023-03-23T22:56:46.835+0000] {logging_mixin.py:120} INFO - [2023-03-23T22:56:46.835+0000] {dag.py:2585} INFO - Sync 1 DAGs
[2023-03-23T22:56:46.860+0000] {logging_mixin.py:120} INFO - [2023-03-23T22:56:46.860+0000] {dag.py:3340} INFO - Setting next_dagrun for example_time_delta_sensor_async to None, run_after=None
[2023-03-23T22:56:46.884+0000] {processor.py:176} INFO - Processing /home/airflow/.local/lib/python3.7/site-packages/airflow/example_dags/example_time_delta_sensor_async.py took 0.294 seconds
[2023-03-23T22:57:16.993+0000] {processor.py:154} INFO - Started process (PID=1017) to work on /home/airflow/.local/lib/python3.7/site-packages/airflow/example_dags/example_time_delta_sensor_async.py
[2023-03-23T22:57:16.994+0000] {processor.py:756} INFO - Processing file /home/airflow/.local/lib/python3.7/site-packages/airflow/example_dags/example_time_delta_sensor_async.py for tasks to queue
[2023-03-23T22:57:16.995+0000] {logging_mixin.py:120} INFO - [2023-03-23T22:57:16.995+0000] {dagbag.py:537} INFO - Filling up the DagBag from /home/airflow/.local/lib/python3.7/site-packages/airflow/example_dags/example_time_delta_sensor_async.py
[2023-03-23T22:57:17.007+0000] {processor.py:766} INFO - DAG(s) dict_keys(['example_time_delta_sensor_async']) retrieved from /home/airflow/.local/lib/python3.7/site-packages/airflow/example_dags/example_time_delta_sensor_async.py
[2023-03-23T22:57:17.239+0000] {logging_mixin.py:120} INFO - [2023-03-23T22:57:17.238+0000] {dag.py:2585} INFO - Sync 1 DAGs
[2023-03-23T22:57:17.272+0000] {logging_mixin.py:120} INFO - [2023-03-23T22:57:17.271+0000] {dag.py:3340} INFO - Setting next_dagrun for example_time_delta_sensor_async to None, run_after=None
[2023-03-23T22:57:17.320+0000] {processor.py:176} INFO - Processing /home/airflow/.local/lib/python3.7/site-packages/airflow/example_dags/example_time_delta_sensor_async.py took 0.330 seconds
[2023-03-23T22:57:47.393+0000] {processor.py:154} INFO - Started process (PID=1071) to work on /home/airflow/.local/lib/python3.7/site-packages/airflow/example_dags/example_time_delta_sensor_async.py
[2023-03-23T22:57:47.394+0000] {processor.py:756} INFO - Processing file /home/airflow/.local/lib/python3.7/site-packages/airflow/example_dags/example_time_delta_sensor_async.py for tasks to queue
[2023-03-23T22:57:47.396+0000] {logging_mixin.py:120} INFO - [2023-03-23T22:57:47.396+0000] {dagbag.py:537} INFO - Filling up the DagBag from /home/airflow/.local/lib/python3.7/site-packages/airflow/example_dags/example_time_delta_sensor_async.py
[2023-03-23T22:57:47.407+0000] {processor.py:766} INFO - DAG(s) dict_keys(['example_time_delta_sensor_async']) retrieved from /home/airflow/.local/lib/python3.7/site-packages/airflow/example_dags/example_time_delta_sensor_async.py
[2023-03-23T22:57:47.614+0000] {logging_mixin.py:120} INFO - [2023-03-23T22:57:47.614+0000] {dag.py:2585} INFO - Sync 1 DAGs
[2023-03-23T22:57:47.640+0000] {logging_mixin.py:120} INFO - [2023-03-23T22:57:47.639+0000] {dag.py:3340} INFO - Setting next_dagrun for example_time_delta_sensor_async to None, run_after=None
[2023-03-23T22:57:47.663+0000] {processor.py:176} INFO - Processing /home/airflow/.local/lib/python3.7/site-packages/airflow/example_dags/example_time_delta_sensor_async.py took 0.273 seconds
[2023-03-23T22:58:17.771+0000] {processor.py:154} INFO - Started process (PID=1135) to work on /home/airflow/.local/lib/python3.7/site-packages/airflow/example_dags/example_time_delta_sensor_async.py
[2023-03-23T22:58:17.772+0000] {processor.py:756} INFO - Processing file /home/airflow/.local/lib/python3.7/site-packages/airflow/example_dags/example_time_delta_sensor_async.py for tasks to queue
[2023-03-23T22:58:17.774+0000] {logging_mixin.py:120} INFO - [2023-03-23T22:58:17.774+0000] {dagbag.py:537} INFO - Filling up the DagBag from /home/airflow/.local/lib/python3.7/site-packages/airflow/example_dags/example_time_delta_sensor_async.py
[2023-03-23T22:58:17.789+0000] {processor.py:766} INFO - DAG(s) dict_keys(['example_time_delta_sensor_async']) retrieved from /home/airflow/.local/lib/python3.7/site-packages/airflow/example_dags/example_time_delta_sensor_async.py
[2023-03-23T22:58:18.044+0000] {logging_mixin.py:120} INFO - [2023-03-23T22:58:18.044+0000] {dag.py:2585} INFO - Sync 1 DAGs
[2023-03-23T22:58:18.073+0000] {logging_mixin.py:120} INFO - [2023-03-23T22:58:18.073+0000] {dag.py:3340} INFO - Setting next_dagrun for example_time_delta_sensor_async to None, run_after=None
[2023-03-23T22:58:18.098+0000] {processor.py:176} INFO - Processing /home/airflow/.local/lib/python3.7/site-packages/airflow/example_dags/example_time_delta_sensor_async.py took 0.332 seconds
[2023-03-23T22:58:48.218+0000] {processor.py:154} INFO - Started process (PID=1197) to work on /home/airflow/.local/lib/python3.7/site-packages/airflow/example_dags/example_time_delta_sensor_async.py
[2023-03-23T22:58:48.220+0000] {processor.py:756} INFO - Processing file /home/airflow/.local/lib/python3.7/site-packages/airflow/example_dags/example_time_delta_sensor_async.py for tasks to queue
[2023-03-23T22:58:48.221+0000] {logging_mixin.py:120} INFO - [2023-03-23T22:58:48.221+0000] {dagbag.py:537} INFO - Filling up the DagBag from /home/airflow/.local/lib/python3.7/site-packages/airflow/example_dags/example_time_delta_sensor_async.py
[2023-03-23T22:58:48.231+0000] {processor.py:766} INFO - DAG(s) dict_keys(['example_time_delta_sensor_async']) retrieved from /home/airflow/.local/lib/python3.7/site-packages/airflow/example_dags/example_time_delta_sensor_async.py
[2023-03-23T22:58:48.419+0000] {logging_mixin.py:120} INFO - [2023-03-23T22:58:48.419+0000] {dag.py:2585} INFO - Sync 1 DAGs
[2023-03-23T22:58:48.450+0000] {logging_mixin.py:120} INFO - [2023-03-23T22:58:48.449+0000] {dag.py:3340} INFO - Setting next_dagrun for example_time_delta_sensor_async to None, run_after=None
[2023-03-23T22:58:48.474+0000] {processor.py:176} INFO - Processing /home/airflow/.local/lib/python3.7/site-packages/airflow/example_dags/example_time_delta_sensor_async.py took 0.258 seconds
[2023-03-23T22:59:18.957+0000] {processor.py:154} INFO - Started process (PID=1260) to work on /home/airflow/.local/lib/python3.7/site-packages/airflow/example_dags/example_time_delta_sensor_async.py
[2023-03-23T22:59:18.958+0000] {processor.py:756} INFO - Processing file /home/airflow/.local/lib/python3.7/site-packages/airflow/example_dags/example_time_delta_sensor_async.py for tasks to queue
[2023-03-23T22:59:18.959+0000] {logging_mixin.py:120} INFO - [2023-03-23T22:59:18.959+0000] {dagbag.py:537} INFO - Filling up the DagBag from /home/airflow/.local/lib/python3.7/site-packages/airflow/example_dags/example_time_delta_sensor_async.py
[2023-03-23T22:59:18.970+0000] {processor.py:766} INFO - DAG(s) dict_keys(['example_time_delta_sensor_async']) retrieved from /home/airflow/.local/lib/python3.7/site-packages/airflow/example_dags/example_time_delta_sensor_async.py
[2023-03-23T22:59:19.154+0000] {logging_mixin.py:120} INFO - [2023-03-23T22:59:19.153+0000] {dag.py:2585} INFO - Sync 1 DAGs
[2023-03-23T22:59:19.179+0000] {logging_mixin.py:120} INFO - [2023-03-23T22:59:19.179+0000] {dag.py:3340} INFO - Setting next_dagrun for example_time_delta_sensor_async to None, run_after=None
[2023-03-23T22:59:19.203+0000] {processor.py:176} INFO - Processing /home/airflow/.local/lib/python3.7/site-packages/airflow/example_dags/example_time_delta_sensor_async.py took 0.248 seconds
