[2023-03-23T22:48:43.826+0000] {processor.py:154} INFO - Started process (PID=68) to work on /home/airflow/.local/lib/python3.7/site-packages/airflow/example_dags/example_skip_dag.py
[2023-03-23T22:48:43.835+0000] {processor.py:756} INFO - Processing file /home/airflow/.local/lib/python3.7/site-packages/airflow/example_dags/example_skip_dag.py for tasks to queue
[2023-03-23T22:48:43.837+0000] {logging_mixin.py:120} INFO - [2023-03-23T22:48:43.837+0000] {dagbag.py:537} INFO - Filling up the DagBag from /home/airflow/.local/lib/python3.7/site-packages/airflow/example_dags/example_skip_dag.py
[2023-03-23T22:48:43.902+0000] {processor.py:766} INFO - DAG(s) dict_keys(['example_skip_dag']) retrieved from /home/airflow/.local/lib/python3.7/site-packages/airflow/example_dags/example_skip_dag.py
[2023-03-23T22:48:44.330+0000] {logging_mixin.py:120} INFO - [2023-03-23T22:48:44.330+0000] {manager.py:507} INFO - Created Permission View: can edit on DAG:example_skip_dag
[2023-03-23T22:48:44.435+0000] {logging_mixin.py:120} INFO - [2023-03-23T22:48:44.434+0000] {manager.py:507} INFO - Created Permission View: can read on DAG:example_skip_dag
[2023-03-23T22:48:44.492+0000] {logging_mixin.py:120} INFO - [2023-03-23T22:48:44.491+0000] {manager.py:507} INFO - Created Permission View: can delete on DAG:example_skip_dag
[2023-03-23T22:48:44.493+0000] {logging_mixin.py:120} INFO - [2023-03-23T22:48:44.492+0000] {dag.py:2585} INFO - Sync 1 DAGs
[2023-03-23T22:48:44.529+0000] {logging_mixin.py:120} INFO - [2023-03-23T22:48:44.529+0000] {dag.py:2606} INFO - Creating ORM DAG for example_skip_dag
[2023-03-23T22:48:44.559+0000] {logging_mixin.py:120} INFO - [2023-03-23T22:48:44.558+0000] {dag.py:3340} INFO - Setting next_dagrun for example_skip_dag to 2023-03-22T22:48:44.558485+00:00, run_after=2023-03-23T22:48:44.558485+00:00
[2023-03-23T22:48:44.651+0000] {processor.py:176} INFO - Processing /home/airflow/.local/lib/python3.7/site-packages/airflow/example_dags/example_skip_dag.py took 0.830 seconds
[2023-03-23T22:49:17.627+0000] {processor.py:154} INFO - Started process (PID=122) to work on /home/airflow/.local/lib/python3.7/site-packages/airflow/example_dags/example_skip_dag.py
[2023-03-23T22:49:17.640+0000] {processor.py:756} INFO - Processing file /home/airflow/.local/lib/python3.7/site-packages/airflow/example_dags/example_skip_dag.py for tasks to queue
[2023-03-23T22:49:17.672+0000] {logging_mixin.py:120} INFO - [2023-03-23T22:49:17.671+0000] {dagbag.py:537} INFO - Filling up the DagBag from /home/airflow/.local/lib/python3.7/site-packages/airflow/example_dags/example_skip_dag.py
[2023-03-23T22:49:17.744+0000] {processor.py:766} INFO - DAG(s) dict_keys(['example_skip_dag']) retrieved from /home/airflow/.local/lib/python3.7/site-packages/airflow/example_dags/example_skip_dag.py
[2023-03-23T22:49:17.945+0000] {logging_mixin.py:120} INFO - [2023-03-23T22:49:17.945+0000] {dag.py:2585} INFO - Sync 1 DAGs
[2023-03-23T22:49:18.109+0000] {logging_mixin.py:120} INFO - [2023-03-23T22:49:18.109+0000] {dag.py:3340} INFO - Setting next_dagrun for example_skip_dag to 2023-03-22T22:49:18.109252+00:00, run_after=2023-03-23T22:49:18.109252+00:00
[2023-03-23T22:49:18.200+0000] {processor.py:176} INFO - Processing /home/airflow/.local/lib/python3.7/site-packages/airflow/example_dags/example_skip_dag.py took 0.578 seconds
[2023-03-23T22:49:55.249+0000] {processor.py:154} INFO - Started process (PID=177) to work on /home/airflow/.local/lib/python3.7/site-packages/airflow/example_dags/example_skip_dag.py
[2023-03-23T22:49:55.251+0000] {processor.py:756} INFO - Processing file /home/airflow/.local/lib/python3.7/site-packages/airflow/example_dags/example_skip_dag.py for tasks to queue
[2023-03-23T22:49:55.253+0000] {logging_mixin.py:120} INFO - [2023-03-23T22:49:55.253+0000] {dagbag.py:537} INFO - Filling up the DagBag from /home/airflow/.local/lib/python3.7/site-packages/airflow/example_dags/example_skip_dag.py
[2023-03-23T22:49:55.293+0000] {processor.py:766} INFO - DAG(s) dict_keys(['example_skip_dag']) retrieved from /home/airflow/.local/lib/python3.7/site-packages/airflow/example_dags/example_skip_dag.py
[2023-03-23T22:49:55.498+0000] {logging_mixin.py:120} INFO - [2023-03-23T22:49:55.497+0000] {dag.py:2585} INFO - Sync 1 DAGs
[2023-03-23T22:49:55.618+0000] {logging_mixin.py:120} INFO - [2023-03-23T22:49:55.615+0000] {dag.py:3340} INFO - Setting next_dagrun for example_skip_dag to 2023-03-22T22:49:55.611373+00:00, run_after=2023-03-23T22:49:55.611373+00:00
[2023-03-23T22:49:55.734+0000] {processor.py:176} INFO - Processing /home/airflow/.local/lib/python3.7/site-packages/airflow/example_dags/example_skip_dag.py took 0.498 seconds
[2023-03-23T22:50:29.942+0000] {processor.py:154} INFO - Started process (PID=231) to work on /home/airflow/.local/lib/python3.7/site-packages/airflow/example_dags/example_skip_dag.py
[2023-03-23T22:50:29.943+0000] {processor.py:756} INFO - Processing file /home/airflow/.local/lib/python3.7/site-packages/airflow/example_dags/example_skip_dag.py for tasks to queue
[2023-03-23T22:50:29.947+0000] {logging_mixin.py:120} INFO - [2023-03-23T22:50:29.946+0000] {dagbag.py:537} INFO - Filling up the DagBag from /home/airflow/.local/lib/python3.7/site-packages/airflow/example_dags/example_skip_dag.py
[2023-03-23T22:50:30.009+0000] {processor.py:766} INFO - DAG(s) dict_keys(['example_skip_dag']) retrieved from /home/airflow/.local/lib/python3.7/site-packages/airflow/example_dags/example_skip_dag.py
[2023-03-23T22:50:30.122+0000] {logging_mixin.py:120} INFO - [2023-03-23T22:50:30.121+0000] {dag.py:2585} INFO - Sync 1 DAGs
[2023-03-23T22:50:30.193+0000] {logging_mixin.py:120} INFO - [2023-03-23T22:50:30.193+0000] {dag.py:3340} INFO - Setting next_dagrun for example_skip_dag to 2023-03-22T22:50:30.192724+00:00, run_after=2023-03-23T22:50:30.192724+00:00
[2023-03-23T22:50:30.273+0000] {processor.py:176} INFO - Processing /home/airflow/.local/lib/python3.7/site-packages/airflow/example_dags/example_skip_dag.py took 0.346 seconds
[2023-03-23T22:51:00.791+0000] {processor.py:154} INFO - Started process (PID=285) to work on /home/airflow/.local/lib/python3.7/site-packages/airflow/example_dags/example_skip_dag.py
[2023-03-23T22:51:00.801+0000] {processor.py:756} INFO - Processing file /home/airflow/.local/lib/python3.7/site-packages/airflow/example_dags/example_skip_dag.py for tasks to queue
[2023-03-23T22:51:00.814+0000] {logging_mixin.py:120} INFO - [2023-03-23T22:51:00.814+0000] {dagbag.py:537} INFO - Filling up the DagBag from /home/airflow/.local/lib/python3.7/site-packages/airflow/example_dags/example_skip_dag.py
[2023-03-23T22:51:00.856+0000] {processor.py:766} INFO - DAG(s) dict_keys(['example_skip_dag']) retrieved from /home/airflow/.local/lib/python3.7/site-packages/airflow/example_dags/example_skip_dag.py
[2023-03-23T22:51:00.981+0000] {logging_mixin.py:120} INFO - [2023-03-23T22:51:00.981+0000] {dag.py:2585} INFO - Sync 1 DAGs
[2023-03-23T22:51:01.050+0000] {logging_mixin.py:120} INFO - [2023-03-23T22:51:01.049+0000] {dag.py:3340} INFO - Setting next_dagrun for example_skip_dag to 2023-03-22T22:51:01.049658+00:00, run_after=2023-03-23T22:51:01.049658+00:00
[2023-03-23T22:51:01.134+0000] {processor.py:176} INFO - Processing /home/airflow/.local/lib/python3.7/site-packages/airflow/example_dags/example_skip_dag.py took 0.348 seconds
[2023-03-23T22:51:32.318+0000] {processor.py:154} INFO - Started process (PID=340) to work on /home/airflow/.local/lib/python3.7/site-packages/airflow/example_dags/example_skip_dag.py
[2023-03-23T22:51:32.321+0000] {processor.py:756} INFO - Processing file /home/airflow/.local/lib/python3.7/site-packages/airflow/example_dags/example_skip_dag.py for tasks to queue
[2023-03-23T22:51:32.333+0000] {logging_mixin.py:120} INFO - [2023-03-23T22:51:32.333+0000] {dagbag.py:537} INFO - Filling up the DagBag from /home/airflow/.local/lib/python3.7/site-packages/airflow/example_dags/example_skip_dag.py
[2023-03-23T22:51:32.400+0000] {processor.py:766} INFO - DAG(s) dict_keys(['example_skip_dag']) retrieved from /home/airflow/.local/lib/python3.7/site-packages/airflow/example_dags/example_skip_dag.py
[2023-03-23T22:51:32.593+0000] {logging_mixin.py:120} INFO - [2023-03-23T22:51:32.592+0000] {dag.py:2585} INFO - Sync 1 DAGs
[2023-03-23T22:51:32.728+0000] {logging_mixin.py:120} INFO - [2023-03-23T22:51:32.728+0000] {dag.py:3340} INFO - Setting next_dagrun for example_skip_dag to 2023-03-22T22:51:32.727746+00:00, run_after=2023-03-23T22:51:32.727746+00:00
[2023-03-23T22:51:35.714+0000] {processor.py:176} INFO - Processing /home/airflow/.local/lib/python3.7/site-packages/airflow/example_dags/example_skip_dag.py took 3.401 seconds
[2023-03-23T22:52:06.436+0000] {processor.py:154} INFO - Started process (PID=398) to work on /home/airflow/.local/lib/python3.7/site-packages/airflow/example_dags/example_skip_dag.py
[2023-03-23T22:52:06.437+0000] {processor.py:756} INFO - Processing file /home/airflow/.local/lib/python3.7/site-packages/airflow/example_dags/example_skip_dag.py for tasks to queue
[2023-03-23T22:52:06.439+0000] {logging_mixin.py:120} INFO - [2023-03-23T22:52:06.439+0000] {dagbag.py:537} INFO - Filling up the DagBag from /home/airflow/.local/lib/python3.7/site-packages/airflow/example_dags/example_skip_dag.py
[2023-03-23T22:52:06.466+0000] {processor.py:766} INFO - DAG(s) dict_keys(['example_skip_dag']) retrieved from /home/airflow/.local/lib/python3.7/site-packages/airflow/example_dags/example_skip_dag.py
[2023-03-23T22:52:06.565+0000] {logging_mixin.py:120} INFO - [2023-03-23T22:52:06.565+0000] {dag.py:2585} INFO - Sync 1 DAGs
[2023-03-23T22:52:06.653+0000] {logging_mixin.py:120} INFO - [2023-03-23T22:52:06.653+0000] {dag.py:3340} INFO - Setting next_dagrun for example_skip_dag to 2023-03-22T22:52:06.652893+00:00, run_after=2023-03-23T22:52:06.652893+00:00
[2023-03-23T22:52:06.718+0000] {processor.py:176} INFO - Processing /home/airflow/.local/lib/python3.7/site-packages/airflow/example_dags/example_skip_dag.py took 0.287 seconds
[2023-03-23T22:52:37.168+0000] {processor.py:154} INFO - Started process (PID=467) to work on /home/airflow/.local/lib/python3.7/site-packages/airflow/example_dags/example_skip_dag.py
[2023-03-23T22:52:37.169+0000] {processor.py:756} INFO - Processing file /home/airflow/.local/lib/python3.7/site-packages/airflow/example_dags/example_skip_dag.py for tasks to queue
[2023-03-23T22:52:37.170+0000] {logging_mixin.py:120} INFO - [2023-03-23T22:52:37.170+0000] {dagbag.py:537} INFO - Filling up the DagBag from /home/airflow/.local/lib/python3.7/site-packages/airflow/example_dags/example_skip_dag.py
[2023-03-23T22:52:37.185+0000] {processor.py:766} INFO - DAG(s) dict_keys(['example_skip_dag']) retrieved from /home/airflow/.local/lib/python3.7/site-packages/airflow/example_dags/example_skip_dag.py
[2023-03-23T22:52:37.226+0000] {logging_mixin.py:120} INFO - [2023-03-23T22:52:37.226+0000] {dag.py:2585} INFO - Sync 1 DAGs
[2023-03-23T22:52:37.256+0000] {logging_mixin.py:120} INFO - [2023-03-23T22:52:37.256+0000] {dag.py:3340} INFO - Setting next_dagrun for example_skip_dag to 2023-03-22T22:52:37.255940+00:00, run_after=2023-03-23T22:52:37.255940+00:00
[2023-03-23T22:52:37.283+0000] {processor.py:176} INFO - Processing /home/airflow/.local/lib/python3.7/site-packages/airflow/example_dags/example_skip_dag.py took 0.118 seconds
[2023-03-23T22:53:07.816+0000] {processor.py:154} INFO - Started process (PID=521) to work on /home/airflow/.local/lib/python3.7/site-packages/airflow/example_dags/example_skip_dag.py
[2023-03-23T22:53:07.817+0000] {processor.py:756} INFO - Processing file /home/airflow/.local/lib/python3.7/site-packages/airflow/example_dags/example_skip_dag.py for tasks to queue
[2023-03-23T22:53:07.818+0000] {logging_mixin.py:120} INFO - [2023-03-23T22:53:07.817+0000] {dagbag.py:537} INFO - Filling up the DagBag from /home/airflow/.local/lib/python3.7/site-packages/airflow/example_dags/example_skip_dag.py
[2023-03-23T22:53:07.835+0000] {processor.py:766} INFO - DAG(s) dict_keys(['example_skip_dag']) retrieved from /home/airflow/.local/lib/python3.7/site-packages/airflow/example_dags/example_skip_dag.py
[2023-03-23T22:53:07.887+0000] {logging_mixin.py:120} INFO - [2023-03-23T22:53:07.887+0000] {dag.py:2585} INFO - Sync 1 DAGs
[2023-03-23T22:53:07.917+0000] {logging_mixin.py:120} INFO - [2023-03-23T22:53:07.916+0000] {dag.py:3340} INFO - Setting next_dagrun for example_skip_dag to 2023-03-22T22:53:07.916684+00:00, run_after=2023-03-23T22:53:07.916684+00:00
[2023-03-23T22:53:07.945+0000] {processor.py:176} INFO - Processing /home/airflow/.local/lib/python3.7/site-packages/airflow/example_dags/example_skip_dag.py took 0.133 seconds
[2023-03-23T22:53:38.326+0000] {processor.py:154} INFO - Started process (PID=584) to work on /home/airflow/.local/lib/python3.7/site-packages/airflow/example_dags/example_skip_dag.py
[2023-03-23T22:53:38.328+0000] {processor.py:756} INFO - Processing file /home/airflow/.local/lib/python3.7/site-packages/airflow/example_dags/example_skip_dag.py for tasks to queue
[2023-03-23T22:53:38.329+0000] {logging_mixin.py:120} INFO - [2023-03-23T22:53:38.329+0000] {dagbag.py:537} INFO - Filling up the DagBag from /home/airflow/.local/lib/python3.7/site-packages/airflow/example_dags/example_skip_dag.py
[2023-03-23T22:53:38.343+0000] {processor.py:766} INFO - DAG(s) dict_keys(['example_skip_dag']) retrieved from /home/airflow/.local/lib/python3.7/site-packages/airflow/example_dags/example_skip_dag.py
[2023-03-23T22:53:38.394+0000] {logging_mixin.py:120} INFO - [2023-03-23T22:53:38.394+0000] {dag.py:2585} INFO - Sync 1 DAGs
[2023-03-23T22:53:38.426+0000] {logging_mixin.py:120} INFO - [2023-03-23T22:53:38.426+0000] {dag.py:3340} INFO - Setting next_dagrun for example_skip_dag to 2023-03-22T22:53:38.425874+00:00, run_after=2023-03-23T22:53:38.425874+00:00
[2023-03-23T22:53:38.451+0000] {processor.py:176} INFO - Processing /home/airflow/.local/lib/python3.7/site-packages/airflow/example_dags/example_skip_dag.py took 0.128 seconds
[2023-03-23T22:54:09.001+0000] {processor.py:154} INFO - Started process (PID=638) to work on /home/airflow/.local/lib/python3.7/site-packages/airflow/example_dags/example_skip_dag.py
[2023-03-23T22:54:09.002+0000] {processor.py:756} INFO - Processing file /home/airflow/.local/lib/python3.7/site-packages/airflow/example_dags/example_skip_dag.py for tasks to queue
[2023-03-23T22:54:09.003+0000] {logging_mixin.py:120} INFO - [2023-03-23T22:54:09.003+0000] {dagbag.py:537} INFO - Filling up the DagBag from /home/airflow/.local/lib/python3.7/site-packages/airflow/example_dags/example_skip_dag.py
[2023-03-23T22:54:09.022+0000] {processor.py:766} INFO - DAG(s) dict_keys(['example_skip_dag']) retrieved from /home/airflow/.local/lib/python3.7/site-packages/airflow/example_dags/example_skip_dag.py
[2023-03-23T22:54:09.066+0000] {logging_mixin.py:120} INFO - [2023-03-23T22:54:09.066+0000] {dag.py:2585} INFO - Sync 1 DAGs
[2023-03-23T22:54:09.094+0000] {logging_mixin.py:120} INFO - [2023-03-23T22:54:09.094+0000] {dag.py:3340} INFO - Setting next_dagrun for example_skip_dag to 2023-03-22T22:54:09.094064+00:00, run_after=2023-03-23T22:54:09.094064+00:00
[2023-03-23T22:54:09.118+0000] {processor.py:176} INFO - Processing /home/airflow/.local/lib/python3.7/site-packages/airflow/example_dags/example_skip_dag.py took 0.121 seconds
[2023-03-23T22:54:39.195+0000] {processor.py:154} INFO - Started process (PID=700) to work on /home/airflow/.local/lib/python3.7/site-packages/airflow/example_dags/example_skip_dag.py
[2023-03-23T22:54:39.197+0000] {processor.py:756} INFO - Processing file /home/airflow/.local/lib/python3.7/site-packages/airflow/example_dags/example_skip_dag.py for tasks to queue
[2023-03-23T22:54:39.198+0000] {logging_mixin.py:120} INFO - [2023-03-23T22:54:39.198+0000] {dagbag.py:537} INFO - Filling up the DagBag from /home/airflow/.local/lib/python3.7/site-packages/airflow/example_dags/example_skip_dag.py
[2023-03-23T22:54:39.213+0000] {processor.py:766} INFO - DAG(s) dict_keys(['example_skip_dag']) retrieved from /home/airflow/.local/lib/python3.7/site-packages/airflow/example_dags/example_skip_dag.py
[2023-03-23T22:54:39.264+0000] {logging_mixin.py:120} INFO - [2023-03-23T22:54:39.264+0000] {dag.py:2585} INFO - Sync 1 DAGs
[2023-03-23T22:54:39.304+0000] {logging_mixin.py:120} INFO - [2023-03-23T22:54:39.304+0000] {dag.py:3340} INFO - Setting next_dagrun for example_skip_dag to 2023-03-22T22:54:39.303679+00:00, run_after=2023-03-23T22:54:39.303679+00:00
[2023-03-23T22:54:39.343+0000] {processor.py:176} INFO - Processing /home/airflow/.local/lib/python3.7/site-packages/airflow/example_dags/example_skip_dag.py took 0.152 seconds
[2023-03-23T22:55:09.531+0000] {processor.py:154} INFO - Started process (PID=754) to work on /home/airflow/.local/lib/python3.7/site-packages/airflow/example_dags/example_skip_dag.py
[2023-03-23T22:55:09.532+0000] {processor.py:756} INFO - Processing file /home/airflow/.local/lib/python3.7/site-packages/airflow/example_dags/example_skip_dag.py for tasks to queue
[2023-03-23T22:55:09.533+0000] {logging_mixin.py:120} INFO - [2023-03-23T22:55:09.533+0000] {dagbag.py:537} INFO - Filling up the DagBag from /home/airflow/.local/lib/python3.7/site-packages/airflow/example_dags/example_skip_dag.py
[2023-03-23T22:55:09.548+0000] {processor.py:766} INFO - DAG(s) dict_keys(['example_skip_dag']) retrieved from /home/airflow/.local/lib/python3.7/site-packages/airflow/example_dags/example_skip_dag.py
[2023-03-23T22:55:09.593+0000] {logging_mixin.py:120} INFO - [2023-03-23T22:55:09.593+0000] {dag.py:2585} INFO - Sync 1 DAGs
[2023-03-23T22:55:09.620+0000] {logging_mixin.py:120} INFO - [2023-03-23T22:55:09.620+0000] {dag.py:3340} INFO - Setting next_dagrun for example_skip_dag to 2023-03-22T22:55:09.619868+00:00, run_after=2023-03-23T22:55:09.619868+00:00
[2023-03-23T22:55:09.646+0000] {processor.py:176} INFO - Processing /home/airflow/.local/lib/python3.7/site-packages/airflow/example_dags/example_skip_dag.py took 0.119 seconds
[2023-03-23T22:55:39.718+0000] {processor.py:154} INFO - Started process (PID=817) to work on /home/airflow/.local/lib/python3.7/site-packages/airflow/example_dags/example_skip_dag.py
[2023-03-23T22:55:39.719+0000] {processor.py:756} INFO - Processing file /home/airflow/.local/lib/python3.7/site-packages/airflow/example_dags/example_skip_dag.py for tasks to queue
[2023-03-23T22:55:39.720+0000] {logging_mixin.py:120} INFO - [2023-03-23T22:55:39.720+0000] {dagbag.py:537} INFO - Filling up the DagBag from /home/airflow/.local/lib/python3.7/site-packages/airflow/example_dags/example_skip_dag.py
[2023-03-23T22:55:39.737+0000] {processor.py:766} INFO - DAG(s) dict_keys(['example_skip_dag']) retrieved from /home/airflow/.local/lib/python3.7/site-packages/airflow/example_dags/example_skip_dag.py
[2023-03-23T22:55:39.779+0000] {logging_mixin.py:120} INFO - [2023-03-23T22:55:39.779+0000] {dag.py:2585} INFO - Sync 1 DAGs
[2023-03-23T22:55:39.805+0000] {logging_mixin.py:120} INFO - [2023-03-23T22:55:39.805+0000] {dag.py:3340} INFO - Setting next_dagrun for example_skip_dag to 2023-03-22T22:55:39.804993+00:00, run_after=2023-03-23T22:55:39.804993+00:00
[2023-03-23T22:55:39.834+0000] {processor.py:176} INFO - Processing /home/airflow/.local/lib/python3.7/site-packages/airflow/example_dags/example_skip_dag.py took 0.120 seconds
[2023-03-23T22:56:10.292+0000] {processor.py:154} INFO - Started process (PID=880) to work on /home/airflow/.local/lib/python3.7/site-packages/airflow/example_dags/example_skip_dag.py
[2023-03-23T22:56:10.293+0000] {processor.py:756} INFO - Processing file /home/airflow/.local/lib/python3.7/site-packages/airflow/example_dags/example_skip_dag.py for tasks to queue
[2023-03-23T22:56:10.294+0000] {logging_mixin.py:120} INFO - [2023-03-23T22:56:10.294+0000] {dagbag.py:537} INFO - Filling up the DagBag from /home/airflow/.local/lib/python3.7/site-packages/airflow/example_dags/example_skip_dag.py
[2023-03-23T22:56:10.313+0000] {processor.py:766} INFO - DAG(s) dict_keys(['example_skip_dag']) retrieved from /home/airflow/.local/lib/python3.7/site-packages/airflow/example_dags/example_skip_dag.py
[2023-03-23T22:56:10.369+0000] {logging_mixin.py:120} INFO - [2023-03-23T22:56:10.369+0000] {dag.py:2585} INFO - Sync 1 DAGs
[2023-03-23T22:56:10.396+0000] {logging_mixin.py:120} INFO - [2023-03-23T22:56:10.396+0000] {dag.py:3340} INFO - Setting next_dagrun for example_skip_dag to 2023-03-22T22:56:10.396035+00:00, run_after=2023-03-23T22:56:10.396035+00:00
[2023-03-23T22:56:10.421+0000] {processor.py:176} INFO - Processing /home/airflow/.local/lib/python3.7/site-packages/airflow/example_dags/example_skip_dag.py took 0.132 seconds
[2023-03-23T22:56:40.790+0000] {processor.py:154} INFO - Started process (PID=941) to work on /home/airflow/.local/lib/python3.7/site-packages/airflow/example_dags/example_skip_dag.py
[2023-03-23T22:56:40.791+0000] {processor.py:756} INFO - Processing file /home/airflow/.local/lib/python3.7/site-packages/airflow/example_dags/example_skip_dag.py for tasks to queue
[2023-03-23T22:56:40.792+0000] {logging_mixin.py:120} INFO - [2023-03-23T22:56:40.792+0000] {dagbag.py:537} INFO - Filling up the DagBag from /home/airflow/.local/lib/python3.7/site-packages/airflow/example_dags/example_skip_dag.py
[2023-03-23T22:56:40.810+0000] {processor.py:766} INFO - DAG(s) dict_keys(['example_skip_dag']) retrieved from /home/airflow/.local/lib/python3.7/site-packages/airflow/example_dags/example_skip_dag.py
[2023-03-23T22:56:40.880+0000] {logging_mixin.py:120} INFO - [2023-03-23T22:56:40.880+0000] {dag.py:2585} INFO - Sync 1 DAGs
[2023-03-23T22:56:40.909+0000] {logging_mixin.py:120} INFO - [2023-03-23T22:56:40.909+0000] {dag.py:3340} INFO - Setting next_dagrun for example_skip_dag to 2023-03-22T22:56:40.909195+00:00, run_after=2023-03-23T22:56:40.909195+00:00
[2023-03-23T22:56:40.932+0000] {processor.py:176} INFO - Processing /home/airflow/.local/lib/python3.7/site-packages/airflow/example_dags/example_skip_dag.py took 0.146 seconds
[2023-03-23T22:57:11.320+0000] {processor.py:154} INFO - Started process (PID=997) to work on /home/airflow/.local/lib/python3.7/site-packages/airflow/example_dags/example_skip_dag.py
[2023-03-23T22:57:11.321+0000] {processor.py:756} INFO - Processing file /home/airflow/.local/lib/python3.7/site-packages/airflow/example_dags/example_skip_dag.py for tasks to queue
[2023-03-23T22:57:11.322+0000] {logging_mixin.py:120} INFO - [2023-03-23T22:57:11.322+0000] {dagbag.py:537} INFO - Filling up the DagBag from /home/airflow/.local/lib/python3.7/site-packages/airflow/example_dags/example_skip_dag.py
[2023-03-23T22:57:11.340+0000] {processor.py:766} INFO - DAG(s) dict_keys(['example_skip_dag']) retrieved from /home/airflow/.local/lib/python3.7/site-packages/airflow/example_dags/example_skip_dag.py
[2023-03-23T22:57:11.383+0000] {logging_mixin.py:120} INFO - [2023-03-23T22:57:11.383+0000] {dag.py:2585} INFO - Sync 1 DAGs
[2023-03-23T22:57:11.410+0000] {logging_mixin.py:120} INFO - [2023-03-23T22:57:11.410+0000] {dag.py:3340} INFO - Setting next_dagrun for example_skip_dag to 2023-03-22T22:57:11.410201+00:00, run_after=2023-03-23T22:57:11.410201+00:00
[2023-03-23T22:57:11.435+0000] {processor.py:176} INFO - Processing /home/airflow/.local/lib/python3.7/site-packages/airflow/example_dags/example_skip_dag.py took 0.119 seconds
[2023-03-23T22:57:41.504+0000] {processor.py:154} INFO - Started process (PID=1060) to work on /home/airflow/.local/lib/python3.7/site-packages/airflow/example_dags/example_skip_dag.py
[2023-03-23T22:57:41.505+0000] {processor.py:756} INFO - Processing file /home/airflow/.local/lib/python3.7/site-packages/airflow/example_dags/example_skip_dag.py for tasks to queue
[2023-03-23T22:57:41.506+0000] {logging_mixin.py:120} INFO - [2023-03-23T22:57:41.506+0000] {dagbag.py:537} INFO - Filling up the DagBag from /home/airflow/.local/lib/python3.7/site-packages/airflow/example_dags/example_skip_dag.py
[2023-03-23T22:57:41.520+0000] {processor.py:766} INFO - DAG(s) dict_keys(['example_skip_dag']) retrieved from /home/airflow/.local/lib/python3.7/site-packages/airflow/example_dags/example_skip_dag.py
[2023-03-23T22:57:41.566+0000] {logging_mixin.py:120} INFO - [2023-03-23T22:57:41.566+0000] {dag.py:2585} INFO - Sync 1 DAGs
[2023-03-23T22:57:41.593+0000] {logging_mixin.py:120} INFO - [2023-03-23T22:57:41.593+0000] {dag.py:3340} INFO - Setting next_dagrun for example_skip_dag to 2023-03-22T22:57:41.592961+00:00, run_after=2023-03-23T22:57:41.592961+00:00
[2023-03-23T22:57:41.618+0000] {processor.py:176} INFO - Processing /home/airflow/.local/lib/python3.7/site-packages/airflow/example_dags/example_skip_dag.py took 0.117 seconds
[2023-03-23T22:58:11.691+0000] {processor.py:154} INFO - Started process (PID=1123) to work on /home/airflow/.local/lib/python3.7/site-packages/airflow/example_dags/example_skip_dag.py
[2023-03-23T22:58:11.692+0000] {processor.py:756} INFO - Processing file /home/airflow/.local/lib/python3.7/site-packages/airflow/example_dags/example_skip_dag.py for tasks to queue
[2023-03-23T22:58:11.693+0000] {logging_mixin.py:120} INFO - [2023-03-23T22:58:11.692+0000] {dagbag.py:537} INFO - Filling up the DagBag from /home/airflow/.local/lib/python3.7/site-packages/airflow/example_dags/example_skip_dag.py
[2023-03-23T22:58:11.707+0000] {processor.py:766} INFO - DAG(s) dict_keys(['example_skip_dag']) retrieved from /home/airflow/.local/lib/python3.7/site-packages/airflow/example_dags/example_skip_dag.py
[2023-03-23T22:58:11.755+0000] {logging_mixin.py:120} INFO - [2023-03-23T22:58:11.755+0000] {dag.py:2585} INFO - Sync 1 DAGs
[2023-03-23T22:58:11.781+0000] {logging_mixin.py:120} INFO - [2023-03-23T22:58:11.780+0000] {dag.py:3340} INFO - Setting next_dagrun for example_skip_dag to 2023-03-22T22:58:11.780578+00:00, run_after=2023-03-23T22:58:11.780578+00:00
[2023-03-23T22:58:11.806+0000] {processor.py:176} INFO - Processing /home/airflow/.local/lib/python3.7/site-packages/airflow/example_dags/example_skip_dag.py took 0.118 seconds
[2023-03-23T22:58:42.694+0000] {processor.py:154} INFO - Started process (PID=1177) to work on /home/airflow/.local/lib/python3.7/site-packages/airflow/example_dags/example_skip_dag.py
[2023-03-23T22:58:42.695+0000] {processor.py:756} INFO - Processing file /home/airflow/.local/lib/python3.7/site-packages/airflow/example_dags/example_skip_dag.py for tasks to queue
[2023-03-23T22:58:42.697+0000] {logging_mixin.py:120} INFO - [2023-03-23T22:58:42.696+0000] {dagbag.py:537} INFO - Filling up the DagBag from /home/airflow/.local/lib/python3.7/site-packages/airflow/example_dags/example_skip_dag.py
[2023-03-23T22:58:42.709+0000] {processor.py:766} INFO - DAG(s) dict_keys(['example_skip_dag']) retrieved from /home/airflow/.local/lib/python3.7/site-packages/airflow/example_dags/example_skip_dag.py
[2023-03-23T22:58:42.747+0000] {logging_mixin.py:120} INFO - [2023-03-23T22:58:42.747+0000] {dag.py:2585} INFO - Sync 1 DAGs
[2023-03-23T22:58:42.777+0000] {logging_mixin.py:120} INFO - [2023-03-23T22:58:42.777+0000] {dag.py:3340} INFO - Setting next_dagrun for example_skip_dag to 2023-03-22T22:58:42.777155+00:00, run_after=2023-03-23T22:58:42.777155+00:00
[2023-03-23T22:58:42.803+0000] {processor.py:176} INFO - Processing /home/airflow/.local/lib/python3.7/site-packages/airflow/example_dags/example_skip_dag.py took 0.113 seconds
[2023-03-23T22:59:13.264+0000] {processor.py:154} INFO - Started process (PID=1240) to work on /home/airflow/.local/lib/python3.7/site-packages/airflow/example_dags/example_skip_dag.py
[2023-03-23T22:59:13.265+0000] {processor.py:756} INFO - Processing file /home/airflow/.local/lib/python3.7/site-packages/airflow/example_dags/example_skip_dag.py for tasks to queue
[2023-03-23T22:59:13.266+0000] {logging_mixin.py:120} INFO - [2023-03-23T22:59:13.266+0000] {dagbag.py:537} INFO - Filling up the DagBag from /home/airflow/.local/lib/python3.7/site-packages/airflow/example_dags/example_skip_dag.py
[2023-03-23T22:59:13.279+0000] {processor.py:766} INFO - DAG(s) dict_keys(['example_skip_dag']) retrieved from /home/airflow/.local/lib/python3.7/site-packages/airflow/example_dags/example_skip_dag.py
[2023-03-23T22:59:13.318+0000] {logging_mixin.py:120} INFO - [2023-03-23T22:59:13.318+0000] {dag.py:2585} INFO - Sync 1 DAGs
[2023-03-23T22:59:13.341+0000] {logging_mixin.py:120} INFO - [2023-03-23T22:59:13.341+0000] {dag.py:3340} INFO - Setting next_dagrun for example_skip_dag to 2023-03-22T22:59:13.341448+00:00, run_after=2023-03-23T22:59:13.341448+00:00
[2023-03-23T22:59:13.365+0000] {processor.py:176} INFO - Processing /home/airflow/.local/lib/python3.7/site-packages/airflow/example_dags/example_skip_dag.py took 0.103 seconds
