[2023-03-23T22:48:47.335+0000] {processor.py:154} INFO - Started process (PID=75) to work on /home/airflow/.local/lib/python3.7/site-packages/airflow/example_dags/example_python_operator.py
[2023-03-23T22:48:47.345+0000] {processor.py:756} INFO - Processing file /home/airflow/.local/lib/python3.7/site-packages/airflow/example_dags/example_python_operator.py for tasks to queue
[2023-03-23T22:48:47.349+0000] {logging_mixin.py:120} INFO - [2023-03-23T22:48:47.349+0000] {dagbag.py:537} INFO - Filling up the DagBag from /home/airflow/.local/lib/python3.7/site-packages/airflow/example_dags/example_python_operator.py
[2023-03-23T22:48:47.398+0000] {logging_mixin.py:120} INFO - [2023-03-23T22:48:47.398+0000] {taskmixin.py:205} WARNING - Dependency <Task(_PythonDecoratedOperator): print_the_context>, log_sql_query already registered for DAG: example_python_operator
[2023-03-23T22:48:47.400+0000] {logging_mixin.py:120} INFO - [2023-03-23T22:48:47.400+0000] {taskmixin.py:205} WARNING - Dependency <Task(_PythonDecoratedOperator): log_sql_query>, print_the_context already registered for DAG: example_python_operator
[2023-03-23T22:48:47.409+0000] {logging_mixin.py:120} INFO - [2023-03-23T22:48:47.409+0000] {taskmixin.py:205} WARNING - Dependency <Task(_PythonDecoratedOperator): print_the_context>, log_sql_query already registered for DAG: example_python_operator
[2023-03-23T22:48:47.410+0000] {logging_mixin.py:120} INFO - [2023-03-23T22:48:47.410+0000] {taskmixin.py:205} WARNING - Dependency <Task(_PythonDecoratedOperator): log_sql_query>, print_the_context already registered for DAG: example_python_operator
[2023-03-23T22:48:47.412+0000] {logging_mixin.py:120} INFO - [2023-03-23T22:48:47.412+0000] {taskmixin.py:205} WARNING - Dependency <Task(_PythonDecoratedOperator): print_the_context>, log_sql_query already registered for DAG: example_python_operator
[2023-03-23T22:48:47.418+0000] {logging_mixin.py:120} INFO - [2023-03-23T22:48:47.418+0000] {taskmixin.py:205} WARNING - Dependency <Task(_PythonDecoratedOperator): log_sql_query>, print_the_context already registered for DAG: example_python_operator
[2023-03-23T22:48:47.425+0000] {logging_mixin.py:120} INFO - [2023-03-23T22:48:47.425+0000] {taskmixin.py:205} WARNING - Dependency <Task(_PythonDecoratedOperator): print_the_context>, log_sql_query already registered for DAG: example_python_operator
[2023-03-23T22:48:47.426+0000] {logging_mixin.py:120} INFO - [2023-03-23T22:48:47.426+0000] {taskmixin.py:205} WARNING - Dependency <Task(_PythonDecoratedOperator): log_sql_query>, print_the_context already registered for DAG: example_python_operator
[2023-03-23T22:48:47.448+0000] {processor.py:766} INFO - DAG(s) dict_keys(['example_python_operator']) retrieved from /home/airflow/.local/lib/python3.7/site-packages/airflow/example_dags/example_python_operator.py
[2023-03-23T22:48:48.086+0000] {logging_mixin.py:120} INFO - [2023-03-23T22:48:48.086+0000] {manager.py:507} INFO - Created Permission View: can edit on DAG:example_python_operator
[2023-03-23T22:48:48.163+0000] {logging_mixin.py:120} INFO - [2023-03-23T22:48:48.163+0000] {manager.py:507} INFO - Created Permission View: can read on DAG:example_python_operator
[2023-03-23T22:48:48.214+0000] {logging_mixin.py:120} INFO - [2023-03-23T22:48:48.213+0000] {manager.py:507} INFO - Created Permission View: can delete on DAG:example_python_operator
[2023-03-23T22:48:48.216+0000] {logging_mixin.py:120} INFO - [2023-03-23T22:48:48.215+0000] {dag.py:2585} INFO - Sync 1 DAGs
[2023-03-23T22:48:48.293+0000] {logging_mixin.py:120} INFO - [2023-03-23T22:48:48.292+0000] {dag.py:2606} INFO - Creating ORM DAG for example_python_operator
[2023-03-23T22:48:48.335+0000] {logging_mixin.py:120} INFO - [2023-03-23T22:48:48.335+0000] {dag.py:3340} INFO - Setting next_dagrun for example_python_operator to None, run_after=None
[2023-03-23T22:48:48.432+0000] {processor.py:176} INFO - Processing /home/airflow/.local/lib/python3.7/site-packages/airflow/example_dags/example_python_operator.py took 1.119 seconds
[2023-03-23T22:49:19.726+0000] {processor.py:154} INFO - Started process (PID=129) to work on /home/airflow/.local/lib/python3.7/site-packages/airflow/example_dags/example_python_operator.py
[2023-03-23T22:49:19.748+0000] {processor.py:756} INFO - Processing file /home/airflow/.local/lib/python3.7/site-packages/airflow/example_dags/example_python_operator.py for tasks to queue
[2023-03-23T22:49:19.766+0000] {logging_mixin.py:120} INFO - [2023-03-23T22:49:19.766+0000] {dagbag.py:537} INFO - Filling up the DagBag from /home/airflow/.local/lib/python3.7/site-packages/airflow/example_dags/example_python_operator.py
[2023-03-23T22:49:19.865+0000] {logging_mixin.py:120} INFO - [2023-03-23T22:49:19.865+0000] {taskmixin.py:205} WARNING - Dependency <Task(_PythonDecoratedOperator): print_the_context>, log_sql_query already registered for DAG: example_python_operator
[2023-03-23T22:49:19.887+0000] {logging_mixin.py:120} INFO - [2023-03-23T22:49:19.886+0000] {taskmixin.py:205} WARNING - Dependency <Task(_PythonDecoratedOperator): log_sql_query>, print_the_context already registered for DAG: example_python_operator
[2023-03-23T22:49:19.912+0000] {logging_mixin.py:120} INFO - [2023-03-23T22:49:19.912+0000] {taskmixin.py:205} WARNING - Dependency <Task(_PythonDecoratedOperator): print_the_context>, log_sql_query already registered for DAG: example_python_operator
[2023-03-23T22:49:19.922+0000] {logging_mixin.py:120} INFO - [2023-03-23T22:49:19.922+0000] {taskmixin.py:205} WARNING - Dependency <Task(_PythonDecoratedOperator): log_sql_query>, print_the_context already registered for DAG: example_python_operator
[2023-03-23T22:49:19.934+0000] {logging_mixin.py:120} INFO - [2023-03-23T22:49:19.933+0000] {taskmixin.py:205} WARNING - Dependency <Task(_PythonDecoratedOperator): print_the_context>, log_sql_query already registered for DAG: example_python_operator
[2023-03-23T22:49:19.935+0000] {logging_mixin.py:120} INFO - [2023-03-23T22:49:19.935+0000] {taskmixin.py:205} WARNING - Dependency <Task(_PythonDecoratedOperator): log_sql_query>, print_the_context already registered for DAG: example_python_operator
[2023-03-23T22:49:19.939+0000] {logging_mixin.py:120} INFO - [2023-03-23T22:49:19.939+0000] {taskmixin.py:205} WARNING - Dependency <Task(_PythonDecoratedOperator): print_the_context>, log_sql_query already registered for DAG: example_python_operator
[2023-03-23T22:49:19.946+0000] {logging_mixin.py:120} INFO - [2023-03-23T22:49:19.946+0000] {taskmixin.py:205} WARNING - Dependency <Task(_PythonDecoratedOperator): log_sql_query>, print_the_context already registered for DAG: example_python_operator
[2023-03-23T22:49:19.974+0000] {processor.py:766} INFO - DAG(s) dict_keys(['example_python_operator']) retrieved from /home/airflow/.local/lib/python3.7/site-packages/airflow/example_dags/example_python_operator.py
[2023-03-23T22:49:20.155+0000] {logging_mixin.py:120} INFO - [2023-03-23T22:49:20.155+0000] {dag.py:2585} INFO - Sync 1 DAGs
[2023-03-23T22:49:20.313+0000] {logging_mixin.py:120} INFO - [2023-03-23T22:49:20.312+0000] {dag.py:3340} INFO - Setting next_dagrun for example_python_operator to None, run_after=None
[2023-03-23T22:49:20.399+0000] {processor.py:176} INFO - Processing /home/airflow/.local/lib/python3.7/site-packages/airflow/example_dags/example_python_operator.py took 0.689 seconds
[2023-03-23T22:50:00.203+0000] {processor.py:154} INFO - Started process (PID=184) to work on /home/airflow/.local/lib/python3.7/site-packages/airflow/example_dags/example_python_operator.py
[2023-03-23T22:50:00.205+0000] {processor.py:756} INFO - Processing file /home/airflow/.local/lib/python3.7/site-packages/airflow/example_dags/example_python_operator.py for tasks to queue
[2023-03-23T22:50:00.211+0000] {logging_mixin.py:120} INFO - [2023-03-23T22:50:00.211+0000] {dagbag.py:537} INFO - Filling up the DagBag from /home/airflow/.local/lib/python3.7/site-packages/airflow/example_dags/example_python_operator.py
[2023-03-23T22:50:00.286+0000] {logging_mixin.py:120} INFO - [2023-03-23T22:50:00.285+0000] {taskmixin.py:205} WARNING - Dependency <Task(_PythonDecoratedOperator): print_the_context>, log_sql_query already registered for DAG: example_python_operator
[2023-03-23T22:50:00.302+0000] {logging_mixin.py:120} INFO - [2023-03-23T22:50:00.301+0000] {taskmixin.py:205} WARNING - Dependency <Task(_PythonDecoratedOperator): log_sql_query>, print_the_context already registered for DAG: example_python_operator
[2023-03-23T22:50:00.304+0000] {logging_mixin.py:120} INFO - [2023-03-23T22:50:00.303+0000] {taskmixin.py:205} WARNING - Dependency <Task(_PythonDecoratedOperator): print_the_context>, log_sql_query already registered for DAG: example_python_operator
[2023-03-23T22:50:00.305+0000] {logging_mixin.py:120} INFO - [2023-03-23T22:50:00.304+0000] {taskmixin.py:205} WARNING - Dependency <Task(_PythonDecoratedOperator): log_sql_query>, print_the_context already registered for DAG: example_python_operator
[2023-03-23T22:50:00.308+0000] {logging_mixin.py:120} INFO - [2023-03-23T22:50:00.308+0000] {taskmixin.py:205} WARNING - Dependency <Task(_PythonDecoratedOperator): print_the_context>, log_sql_query already registered for DAG: example_python_operator
[2023-03-23T22:50:00.317+0000] {logging_mixin.py:120} INFO - [2023-03-23T22:50:00.316+0000] {taskmixin.py:205} WARNING - Dependency <Task(_PythonDecoratedOperator): log_sql_query>, print_the_context already registered for DAG: example_python_operator
[2023-03-23T22:50:00.320+0000] {logging_mixin.py:120} INFO - [2023-03-23T22:50:00.319+0000] {taskmixin.py:205} WARNING - Dependency <Task(_PythonDecoratedOperator): print_the_context>, log_sql_query already registered for DAG: example_python_operator
[2023-03-23T22:50:00.326+0000] {logging_mixin.py:120} INFO - [2023-03-23T22:50:00.326+0000] {taskmixin.py:205} WARNING - Dependency <Task(_PythonDecoratedOperator): log_sql_query>, print_the_context already registered for DAG: example_python_operator
[2023-03-23T22:50:00.354+0000] {processor.py:766} INFO - DAG(s) dict_keys(['example_python_operator']) retrieved from /home/airflow/.local/lib/python3.7/site-packages/airflow/example_dags/example_python_operator.py
[2023-03-23T22:50:00.551+0000] {logging_mixin.py:120} INFO - [2023-03-23T22:50:00.551+0000] {dag.py:2585} INFO - Sync 1 DAGs
[2023-03-23T22:50:00.683+0000] {logging_mixin.py:120} INFO - [2023-03-23T22:50:00.682+0000] {dag.py:3340} INFO - Setting next_dagrun for example_python_operator to None, run_after=None
[2023-03-23T22:50:00.821+0000] {processor.py:176} INFO - Processing /home/airflow/.local/lib/python3.7/site-packages/airflow/example_dags/example_python_operator.py took 0.630 seconds
[2023-03-23T22:50:32.081+0000] {processor.py:154} INFO - Started process (PID=238) to work on /home/airflow/.local/lib/python3.7/site-packages/airflow/example_dags/example_python_operator.py
[2023-03-23T22:50:32.098+0000] {processor.py:756} INFO - Processing file /home/airflow/.local/lib/python3.7/site-packages/airflow/example_dags/example_python_operator.py for tasks to queue
[2023-03-23T22:50:32.105+0000] {logging_mixin.py:120} INFO - [2023-03-23T22:50:32.105+0000] {dagbag.py:537} INFO - Filling up the DagBag from /home/airflow/.local/lib/python3.7/site-packages/airflow/example_dags/example_python_operator.py
[2023-03-23T22:50:32.163+0000] {logging_mixin.py:120} INFO - [2023-03-23T22:50:32.163+0000] {taskmixin.py:205} WARNING - Dependency <Task(_PythonDecoratedOperator): print_the_context>, log_sql_query already registered for DAG: example_python_operator
[2023-03-23T22:50:32.164+0000] {logging_mixin.py:120} INFO - [2023-03-23T22:50:32.164+0000] {taskmixin.py:205} WARNING - Dependency <Task(_PythonDecoratedOperator): log_sql_query>, print_the_context already registered for DAG: example_python_operator
[2023-03-23T22:50:32.175+0000] {logging_mixin.py:120} INFO - [2023-03-23T22:50:32.175+0000] {taskmixin.py:205} WARNING - Dependency <Task(_PythonDecoratedOperator): print_the_context>, log_sql_query already registered for DAG: example_python_operator
[2023-03-23T22:50:32.183+0000] {logging_mixin.py:120} INFO - [2023-03-23T22:50:32.182+0000] {taskmixin.py:205} WARNING - Dependency <Task(_PythonDecoratedOperator): log_sql_query>, print_the_context already registered for DAG: example_python_operator
[2023-03-23T22:50:32.189+0000] {logging_mixin.py:120} INFO - [2023-03-23T22:50:32.189+0000] {taskmixin.py:205} WARNING - Dependency <Task(_PythonDecoratedOperator): print_the_context>, log_sql_query already registered for DAG: example_python_operator
[2023-03-23T22:50:32.197+0000] {logging_mixin.py:120} INFO - [2023-03-23T22:50:32.196+0000] {taskmixin.py:205} WARNING - Dependency <Task(_PythonDecoratedOperator): log_sql_query>, print_the_context already registered for DAG: example_python_operator
[2023-03-23T22:50:32.210+0000] {logging_mixin.py:120} INFO - [2023-03-23T22:50:32.209+0000] {taskmixin.py:205} WARNING - Dependency <Task(_PythonDecoratedOperator): print_the_context>, log_sql_query already registered for DAG: example_python_operator
[2023-03-23T22:50:32.210+0000] {logging_mixin.py:120} INFO - [2023-03-23T22:50:32.210+0000] {taskmixin.py:205} WARNING - Dependency <Task(_PythonDecoratedOperator): log_sql_query>, print_the_context already registered for DAG: example_python_operator
[2023-03-23T22:50:32.249+0000] {processor.py:766} INFO - DAG(s) dict_keys(['example_python_operator']) retrieved from /home/airflow/.local/lib/python3.7/site-packages/airflow/example_dags/example_python_operator.py
[2023-03-23T22:50:32.416+0000] {logging_mixin.py:120} INFO - [2023-03-23T22:50:32.415+0000] {dag.py:2585} INFO - Sync 1 DAGs
[2023-03-23T22:50:32.502+0000] {logging_mixin.py:120} INFO - [2023-03-23T22:50:32.502+0000] {dag.py:3340} INFO - Setting next_dagrun for example_python_operator to None, run_after=None
[2023-03-23T22:50:32.566+0000] {processor.py:176} INFO - Processing /home/airflow/.local/lib/python3.7/site-packages/airflow/example_dags/example_python_operator.py took 0.491 seconds
[2023-03-23T22:51:02.948+0000] {processor.py:154} INFO - Started process (PID=292) to work on /home/airflow/.local/lib/python3.7/site-packages/airflow/example_dags/example_python_operator.py
[2023-03-23T22:51:02.949+0000] {processor.py:756} INFO - Processing file /home/airflow/.local/lib/python3.7/site-packages/airflow/example_dags/example_python_operator.py for tasks to queue
[2023-03-23T22:51:02.951+0000] {logging_mixin.py:120} INFO - [2023-03-23T22:51:02.951+0000] {dagbag.py:537} INFO - Filling up the DagBag from /home/airflow/.local/lib/python3.7/site-packages/airflow/example_dags/example_python_operator.py
[2023-03-23T22:51:03.020+0000] {logging_mixin.py:120} INFO - [2023-03-23T22:51:03.020+0000] {taskmixin.py:205} WARNING - Dependency <Task(_PythonDecoratedOperator): print_the_context>, log_sql_query already registered for DAG: example_python_operator
[2023-03-23T22:51:03.032+0000] {logging_mixin.py:120} INFO - [2023-03-23T22:51:03.025+0000] {taskmixin.py:205} WARNING - Dependency <Task(_PythonDecoratedOperator): log_sql_query>, print_the_context already registered for DAG: example_python_operator
[2023-03-23T22:51:03.048+0000] {logging_mixin.py:120} INFO - [2023-03-23T22:51:03.048+0000] {taskmixin.py:205} WARNING - Dependency <Task(_PythonDecoratedOperator): print_the_context>, log_sql_query already registered for DAG: example_python_operator
[2023-03-23T22:51:03.071+0000] {logging_mixin.py:120} INFO - [2023-03-23T22:51:03.071+0000] {taskmixin.py:205} WARNING - Dependency <Task(_PythonDecoratedOperator): log_sql_query>, print_the_context already registered for DAG: example_python_operator
[2023-03-23T22:51:03.082+0000] {logging_mixin.py:120} INFO - [2023-03-23T22:51:03.081+0000] {taskmixin.py:205} WARNING - Dependency <Task(_PythonDecoratedOperator): print_the_context>, log_sql_query already registered for DAG: example_python_operator
[2023-03-23T22:51:03.083+0000] {logging_mixin.py:120} INFO - [2023-03-23T22:51:03.082+0000] {taskmixin.py:205} WARNING - Dependency <Task(_PythonDecoratedOperator): log_sql_query>, print_the_context already registered for DAG: example_python_operator
[2023-03-23T22:51:03.084+0000] {logging_mixin.py:120} INFO - [2023-03-23T22:51:03.084+0000] {taskmixin.py:205} WARNING - Dependency <Task(_PythonDecoratedOperator): print_the_context>, log_sql_query already registered for DAG: example_python_operator
[2023-03-23T22:51:03.086+0000] {logging_mixin.py:120} INFO - [2023-03-23T22:51:03.085+0000] {taskmixin.py:205} WARNING - Dependency <Task(_PythonDecoratedOperator): log_sql_query>, print_the_context already registered for DAG: example_python_operator
[2023-03-23T22:51:03.117+0000] {processor.py:766} INFO - DAG(s) dict_keys(['example_python_operator']) retrieved from /home/airflow/.local/lib/python3.7/site-packages/airflow/example_dags/example_python_operator.py
[2023-03-23T22:51:03.258+0000] {logging_mixin.py:120} INFO - [2023-03-23T22:51:03.258+0000] {dag.py:2585} INFO - Sync 1 DAGs
[2023-03-23T22:51:03.341+0000] {logging_mixin.py:120} INFO - [2023-03-23T22:51:03.340+0000] {dag.py:3340} INFO - Setting next_dagrun for example_python_operator to None, run_after=None
[2023-03-23T22:51:03.407+0000] {processor.py:176} INFO - Processing /home/airflow/.local/lib/python3.7/site-packages/airflow/example_dags/example_python_operator.py took 0.473 seconds
[2023-03-23T22:51:37.491+0000] {processor.py:154} INFO - Started process (PID=347) to work on /home/airflow/.local/lib/python3.7/site-packages/airflow/example_dags/example_python_operator.py
[2023-03-23T22:51:37.533+0000] {processor.py:756} INFO - Processing file /home/airflow/.local/lib/python3.7/site-packages/airflow/example_dags/example_python_operator.py for tasks to queue
[2023-03-23T22:51:37.538+0000] {logging_mixin.py:120} INFO - [2023-03-23T22:51:37.537+0000] {dagbag.py:537} INFO - Filling up the DagBag from /home/airflow/.local/lib/python3.7/site-packages/airflow/example_dags/example_python_operator.py
[2023-03-23T22:51:37.582+0000] {logging_mixin.py:120} INFO - [2023-03-23T22:51:37.581+0000] {taskmixin.py:205} WARNING - Dependency <Task(_PythonDecoratedOperator): print_the_context>, log_sql_query already registered for DAG: example_python_operator
[2023-03-23T22:51:37.594+0000] {logging_mixin.py:120} INFO - [2023-03-23T22:51:37.594+0000] {taskmixin.py:205} WARNING - Dependency <Task(_PythonDecoratedOperator): log_sql_query>, print_the_context already registered for DAG: example_python_operator
[2023-03-23T22:51:37.597+0000] {logging_mixin.py:120} INFO - [2023-03-23T22:51:37.596+0000] {taskmixin.py:205} WARNING - Dependency <Task(_PythonDecoratedOperator): print_the_context>, log_sql_query already registered for DAG: example_python_operator
[2023-03-23T22:51:37.611+0000] {logging_mixin.py:120} INFO - [2023-03-23T22:51:37.610+0000] {taskmixin.py:205} WARNING - Dependency <Task(_PythonDecoratedOperator): log_sql_query>, print_the_context already registered for DAG: example_python_operator
[2023-03-23T22:51:37.639+0000] {logging_mixin.py:120} INFO - [2023-03-23T22:51:37.639+0000] {taskmixin.py:205} WARNING - Dependency <Task(_PythonDecoratedOperator): print_the_context>, log_sql_query already registered for DAG: example_python_operator
[2023-03-23T22:51:37.681+0000] {logging_mixin.py:120} INFO - [2023-03-23T22:51:37.681+0000] {taskmixin.py:205} WARNING - Dependency <Task(_PythonDecoratedOperator): log_sql_query>, print_the_context already registered for DAG: example_python_operator
[2023-03-23T22:51:37.720+0000] {logging_mixin.py:120} INFO - [2023-03-23T22:51:37.720+0000] {taskmixin.py:205} WARNING - Dependency <Task(_PythonDecoratedOperator): print_the_context>, log_sql_query already registered for DAG: example_python_operator
[2023-03-23T22:51:37.744+0000] {logging_mixin.py:120} INFO - [2023-03-23T22:51:37.743+0000] {taskmixin.py:205} WARNING - Dependency <Task(_PythonDecoratedOperator): log_sql_query>, print_the_context already registered for DAG: example_python_operator
[2023-03-23T22:51:37.788+0000] {processor.py:766} INFO - DAG(s) dict_keys(['example_python_operator']) retrieved from /home/airflow/.local/lib/python3.7/site-packages/airflow/example_dags/example_python_operator.py
[2023-03-23T22:51:37.929+0000] {logging_mixin.py:120} INFO - [2023-03-23T22:51:37.929+0000] {dag.py:2585} INFO - Sync 1 DAGs
[2023-03-23T22:51:38.031+0000] {logging_mixin.py:120} INFO - [2023-03-23T22:51:38.031+0000] {dag.py:3340} INFO - Setting next_dagrun for example_python_operator to None, run_after=None
[2023-03-23T22:51:40.545+0000] {processor.py:176} INFO - Processing /home/airflow/.local/lib/python3.7/site-packages/airflow/example_dags/example_python_operator.py took 3.059 seconds
[2023-03-23T22:52:11.070+0000] {processor.py:154} INFO - Started process (PID=420) to work on /home/airflow/.local/lib/python3.7/site-packages/airflow/example_dags/example_python_operator.py
[2023-03-23T22:52:11.071+0000] {processor.py:756} INFO - Processing file /home/airflow/.local/lib/python3.7/site-packages/airflow/example_dags/example_python_operator.py for tasks to queue
[2023-03-23T22:52:11.073+0000] {logging_mixin.py:120} INFO - [2023-03-23T22:52:11.072+0000] {dagbag.py:537} INFO - Filling up the DagBag from /home/airflow/.local/lib/python3.7/site-packages/airflow/example_dags/example_python_operator.py
[2023-03-23T22:52:11.103+0000] {logging_mixin.py:120} INFO - [2023-03-23T22:52:11.102+0000] {taskmixin.py:205} WARNING - Dependency <Task(_PythonDecoratedOperator): print_the_context>, log_sql_query already registered for DAG: example_python_operator
[2023-03-23T22:52:11.104+0000] {logging_mixin.py:120} INFO - [2023-03-23T22:52:11.104+0000] {taskmixin.py:205} WARNING - Dependency <Task(_PythonDecoratedOperator): log_sql_query>, print_the_context already registered for DAG: example_python_operator
[2023-03-23T22:52:11.107+0000] {logging_mixin.py:120} INFO - [2023-03-23T22:52:11.106+0000] {taskmixin.py:205} WARNING - Dependency <Task(_PythonDecoratedOperator): print_the_context>, log_sql_query already registered for DAG: example_python_operator
[2023-03-23T22:52:11.108+0000] {logging_mixin.py:120} INFO - [2023-03-23T22:52:11.108+0000] {taskmixin.py:205} WARNING - Dependency <Task(_PythonDecoratedOperator): log_sql_query>, print_the_context already registered for DAG: example_python_operator
[2023-03-23T22:52:11.110+0000] {logging_mixin.py:120} INFO - [2023-03-23T22:52:11.109+0000] {taskmixin.py:205} WARNING - Dependency <Task(_PythonDecoratedOperator): print_the_context>, log_sql_query already registered for DAG: example_python_operator
[2023-03-23T22:52:11.110+0000] {logging_mixin.py:120} INFO - [2023-03-23T22:52:11.110+0000] {taskmixin.py:205} WARNING - Dependency <Task(_PythonDecoratedOperator): log_sql_query>, print_the_context already registered for DAG: example_python_operator
[2023-03-23T22:52:11.112+0000] {logging_mixin.py:120} INFO - [2023-03-23T22:52:11.112+0000] {taskmixin.py:205} WARNING - Dependency <Task(_PythonDecoratedOperator): print_the_context>, log_sql_query already registered for DAG: example_python_operator
[2023-03-23T22:52:11.113+0000] {logging_mixin.py:120} INFO - [2023-03-23T22:52:11.113+0000] {taskmixin.py:205} WARNING - Dependency <Task(_PythonDecoratedOperator): log_sql_query>, print_the_context already registered for DAG: example_python_operator
[2023-03-23T22:52:11.127+0000] {processor.py:766} INFO - DAG(s) dict_keys(['example_python_operator']) retrieved from /home/airflow/.local/lib/python3.7/site-packages/airflow/example_dags/example_python_operator.py
[2023-03-23T22:52:11.210+0000] {logging_mixin.py:120} INFO - [2023-03-23T22:52:11.209+0000] {dag.py:2585} INFO - Sync 1 DAGs
[2023-03-23T22:52:11.294+0000] {logging_mixin.py:120} INFO - [2023-03-23T22:52:11.293+0000] {dag.py:3340} INFO - Setting next_dagrun for example_python_operator to None, run_after=None
[2023-03-23T22:52:11.347+0000] {processor.py:176} INFO - Processing /home/airflow/.local/lib/python3.7/site-packages/airflow/example_dags/example_python_operator.py took 0.283 seconds
[2023-03-23T22:52:41.517+0000] {processor.py:154} INFO - Started process (PID=474) to work on /home/airflow/.local/lib/python3.7/site-packages/airflow/example_dags/example_python_operator.py
[2023-03-23T22:52:41.518+0000] {processor.py:756} INFO - Processing file /home/airflow/.local/lib/python3.7/site-packages/airflow/example_dags/example_python_operator.py for tasks to queue
[2023-03-23T22:52:41.520+0000] {logging_mixin.py:120} INFO - [2023-03-23T22:52:41.520+0000] {dagbag.py:537} INFO - Filling up the DagBag from /home/airflow/.local/lib/python3.7/site-packages/airflow/example_dags/example_python_operator.py
[2023-03-23T22:52:41.551+0000] {logging_mixin.py:120} INFO - [2023-03-23T22:52:41.550+0000] {taskmixin.py:205} WARNING - Dependency <Task(_PythonDecoratedOperator): print_the_context>, log_sql_query already registered for DAG: example_python_operator
[2023-03-23T22:52:41.551+0000] {logging_mixin.py:120} INFO - [2023-03-23T22:52:41.551+0000] {taskmixin.py:205} WARNING - Dependency <Task(_PythonDecoratedOperator): log_sql_query>, print_the_context already registered for DAG: example_python_operator
[2023-03-23T22:52:41.552+0000] {logging_mixin.py:120} INFO - [2023-03-23T22:52:41.552+0000] {taskmixin.py:205} WARNING - Dependency <Task(_PythonDecoratedOperator): print_the_context>, log_sql_query already registered for DAG: example_python_operator
[2023-03-23T22:52:41.553+0000] {logging_mixin.py:120} INFO - [2023-03-23T22:52:41.553+0000] {taskmixin.py:205} WARNING - Dependency <Task(_PythonDecoratedOperator): log_sql_query>, print_the_context already registered for DAG: example_python_operator
[2023-03-23T22:52:41.554+0000] {logging_mixin.py:120} INFO - [2023-03-23T22:52:41.554+0000] {taskmixin.py:205} WARNING - Dependency <Task(_PythonDecoratedOperator): print_the_context>, log_sql_query already registered for DAG: example_python_operator
[2023-03-23T22:52:41.555+0000] {logging_mixin.py:120} INFO - [2023-03-23T22:52:41.555+0000] {taskmixin.py:205} WARNING - Dependency <Task(_PythonDecoratedOperator): log_sql_query>, print_the_context already registered for DAG: example_python_operator
[2023-03-23T22:52:41.558+0000] {logging_mixin.py:120} INFO - [2023-03-23T22:52:41.557+0000] {taskmixin.py:205} WARNING - Dependency <Task(_PythonDecoratedOperator): print_the_context>, log_sql_query already registered for DAG: example_python_operator
[2023-03-23T22:52:41.558+0000] {logging_mixin.py:120} INFO - [2023-03-23T22:52:41.558+0000] {taskmixin.py:205} WARNING - Dependency <Task(_PythonDecoratedOperator): log_sql_query>, print_the_context already registered for DAG: example_python_operator
[2023-03-23T22:52:41.571+0000] {processor.py:766} INFO - DAG(s) dict_keys(['example_python_operator']) retrieved from /home/airflow/.local/lib/python3.7/site-packages/airflow/example_dags/example_python_operator.py
[2023-03-23T22:52:41.653+0000] {logging_mixin.py:120} INFO - [2023-03-23T22:52:41.652+0000] {dag.py:2585} INFO - Sync 1 DAGs
[2023-03-23T22:52:41.691+0000] {logging_mixin.py:120} INFO - [2023-03-23T22:52:41.691+0000] {dag.py:3340} INFO - Setting next_dagrun for example_python_operator to None, run_after=None
[2023-03-23T22:52:41.726+0000] {processor.py:176} INFO - Processing /home/airflow/.local/lib/python3.7/site-packages/airflow/example_dags/example_python_operator.py took 0.215 seconds
[2023-03-23T22:53:12.208+0000] {processor.py:154} INFO - Started process (PID=537) to work on /home/airflow/.local/lib/python3.7/site-packages/airflow/example_dags/example_python_operator.py
[2023-03-23T22:53:12.209+0000] {processor.py:756} INFO - Processing file /home/airflow/.local/lib/python3.7/site-packages/airflow/example_dags/example_python_operator.py for tasks to queue
[2023-03-23T22:53:12.210+0000] {logging_mixin.py:120} INFO - [2023-03-23T22:53:12.210+0000] {dagbag.py:537} INFO - Filling up the DagBag from /home/airflow/.local/lib/python3.7/site-packages/airflow/example_dags/example_python_operator.py
[2023-03-23T22:53:12.232+0000] {logging_mixin.py:120} INFO - [2023-03-23T22:53:12.232+0000] {taskmixin.py:205} WARNING - Dependency <Task(_PythonDecoratedOperator): print_the_context>, log_sql_query already registered for DAG: example_python_operator
[2023-03-23T22:53:12.233+0000] {logging_mixin.py:120} INFO - [2023-03-23T22:53:12.233+0000] {taskmixin.py:205} WARNING - Dependency <Task(_PythonDecoratedOperator): log_sql_query>, print_the_context already registered for DAG: example_python_operator
[2023-03-23T22:53:12.234+0000] {logging_mixin.py:120} INFO - [2023-03-23T22:53:12.234+0000] {taskmixin.py:205} WARNING - Dependency <Task(_PythonDecoratedOperator): print_the_context>, log_sql_query already registered for DAG: example_python_operator
[2023-03-23T22:53:12.235+0000] {logging_mixin.py:120} INFO - [2023-03-23T22:53:12.235+0000] {taskmixin.py:205} WARNING - Dependency <Task(_PythonDecoratedOperator): log_sql_query>, print_the_context already registered for DAG: example_python_operator
[2023-03-23T22:53:12.236+0000] {logging_mixin.py:120} INFO - [2023-03-23T22:53:12.236+0000] {taskmixin.py:205} WARNING - Dependency <Task(_PythonDecoratedOperator): print_the_context>, log_sql_query already registered for DAG: example_python_operator
[2023-03-23T22:53:12.237+0000] {logging_mixin.py:120} INFO - [2023-03-23T22:53:12.237+0000] {taskmixin.py:205} WARNING - Dependency <Task(_PythonDecoratedOperator): log_sql_query>, print_the_context already registered for DAG: example_python_operator
[2023-03-23T22:53:12.238+0000] {logging_mixin.py:120} INFO - [2023-03-23T22:53:12.238+0000] {taskmixin.py:205} WARNING - Dependency <Task(_PythonDecoratedOperator): print_the_context>, log_sql_query already registered for DAG: example_python_operator
[2023-03-23T22:53:12.238+0000] {logging_mixin.py:120} INFO - [2023-03-23T22:53:12.238+0000] {taskmixin.py:205} WARNING - Dependency <Task(_PythonDecoratedOperator): log_sql_query>, print_the_context already registered for DAG: example_python_operator
[2023-03-23T22:53:12.247+0000] {processor.py:766} INFO - DAG(s) dict_keys(['example_python_operator']) retrieved from /home/airflow/.local/lib/python3.7/site-packages/airflow/example_dags/example_python_operator.py
[2023-03-23T22:53:12.304+0000] {logging_mixin.py:120} INFO - [2023-03-23T22:53:12.304+0000] {dag.py:2585} INFO - Sync 1 DAGs
[2023-03-23T22:53:12.342+0000] {logging_mixin.py:120} INFO - [2023-03-23T22:53:12.342+0000] {dag.py:3340} INFO - Setting next_dagrun for example_python_operator to None, run_after=None
[2023-03-23T22:53:12.405+0000] {processor.py:176} INFO - Processing /home/airflow/.local/lib/python3.7/site-packages/airflow/example_dags/example_python_operator.py took 0.200 seconds
[2023-03-23T22:53:42.724+0000] {processor.py:154} INFO - Started process (PID=591) to work on /home/airflow/.local/lib/python3.7/site-packages/airflow/example_dags/example_python_operator.py
[2023-03-23T22:53:42.725+0000] {processor.py:756} INFO - Processing file /home/airflow/.local/lib/python3.7/site-packages/airflow/example_dags/example_python_operator.py for tasks to queue
[2023-03-23T22:53:42.726+0000] {logging_mixin.py:120} INFO - [2023-03-23T22:53:42.726+0000] {dagbag.py:537} INFO - Filling up the DagBag from /home/airflow/.local/lib/python3.7/site-packages/airflow/example_dags/example_python_operator.py
[2023-03-23T22:53:42.746+0000] {logging_mixin.py:120} INFO - [2023-03-23T22:53:42.745+0000] {taskmixin.py:205} WARNING - Dependency <Task(_PythonDecoratedOperator): print_the_context>, log_sql_query already registered for DAG: example_python_operator
[2023-03-23T22:53:42.746+0000] {logging_mixin.py:120} INFO - [2023-03-23T22:53:42.746+0000] {taskmixin.py:205} WARNING - Dependency <Task(_PythonDecoratedOperator): log_sql_query>, print_the_context already registered for DAG: example_python_operator
[2023-03-23T22:53:42.748+0000] {logging_mixin.py:120} INFO - [2023-03-23T22:53:42.747+0000] {taskmixin.py:205} WARNING - Dependency <Task(_PythonDecoratedOperator): print_the_context>, log_sql_query already registered for DAG: example_python_operator
[2023-03-23T22:53:42.748+0000] {logging_mixin.py:120} INFO - [2023-03-23T22:53:42.748+0000] {taskmixin.py:205} WARNING - Dependency <Task(_PythonDecoratedOperator): log_sql_query>, print_the_context already registered for DAG: example_python_operator
[2023-03-23T22:53:42.749+0000] {logging_mixin.py:120} INFO - [2023-03-23T22:53:42.749+0000] {taskmixin.py:205} WARNING - Dependency <Task(_PythonDecoratedOperator): print_the_context>, log_sql_query already registered for DAG: example_python_operator
[2023-03-23T22:53:42.750+0000] {logging_mixin.py:120} INFO - [2023-03-23T22:53:42.750+0000] {taskmixin.py:205} WARNING - Dependency <Task(_PythonDecoratedOperator): log_sql_query>, print_the_context already registered for DAG: example_python_operator
[2023-03-23T22:53:42.751+0000] {logging_mixin.py:120} INFO - [2023-03-23T22:53:42.751+0000] {taskmixin.py:205} WARNING - Dependency <Task(_PythonDecoratedOperator): print_the_context>, log_sql_query already registered for DAG: example_python_operator
[2023-03-23T22:53:42.752+0000] {logging_mixin.py:120} INFO - [2023-03-23T22:53:42.752+0000] {taskmixin.py:205} WARNING - Dependency <Task(_PythonDecoratedOperator): log_sql_query>, print_the_context already registered for DAG: example_python_operator
[2023-03-23T22:53:42.761+0000] {processor.py:766} INFO - DAG(s) dict_keys(['example_python_operator']) retrieved from /home/airflow/.local/lib/python3.7/site-packages/airflow/example_dags/example_python_operator.py
[2023-03-23T22:53:42.808+0000] {logging_mixin.py:120} INFO - [2023-03-23T22:53:42.808+0000] {dag.py:2585} INFO - Sync 1 DAGs
[2023-03-23T22:53:42.835+0000] {logging_mixin.py:120} INFO - [2023-03-23T22:53:42.835+0000] {dag.py:3340} INFO - Setting next_dagrun for example_python_operator to None, run_after=None
[2023-03-23T22:53:42.861+0000] {processor.py:176} INFO - Processing /home/airflow/.local/lib/python3.7/site-packages/airflow/example_dags/example_python_operator.py took 0.141 seconds
[2023-03-23T22:54:13.360+0000] {processor.py:154} INFO - Started process (PID=654) to work on /home/airflow/.local/lib/python3.7/site-packages/airflow/example_dags/example_python_operator.py
[2023-03-23T22:54:13.361+0000] {processor.py:756} INFO - Processing file /home/airflow/.local/lib/python3.7/site-packages/airflow/example_dags/example_python_operator.py for tasks to queue
[2023-03-23T22:54:13.361+0000] {logging_mixin.py:120} INFO - [2023-03-23T22:54:13.361+0000] {dagbag.py:537} INFO - Filling up the DagBag from /home/airflow/.local/lib/python3.7/site-packages/airflow/example_dags/example_python_operator.py
[2023-03-23T22:54:13.378+0000] {logging_mixin.py:120} INFO - [2023-03-23T22:54:13.377+0000] {taskmixin.py:205} WARNING - Dependency <Task(_PythonDecoratedOperator): print_the_context>, log_sql_query already registered for DAG: example_python_operator
[2023-03-23T22:54:13.378+0000] {logging_mixin.py:120} INFO - [2023-03-23T22:54:13.378+0000] {taskmixin.py:205} WARNING - Dependency <Task(_PythonDecoratedOperator): log_sql_query>, print_the_context already registered for DAG: example_python_operator
[2023-03-23T22:54:13.379+0000] {logging_mixin.py:120} INFO - [2023-03-23T22:54:13.379+0000] {taskmixin.py:205} WARNING - Dependency <Task(_PythonDecoratedOperator): print_the_context>, log_sql_query already registered for DAG: example_python_operator
[2023-03-23T22:54:13.380+0000] {logging_mixin.py:120} INFO - [2023-03-23T22:54:13.380+0000] {taskmixin.py:205} WARNING - Dependency <Task(_PythonDecoratedOperator): log_sql_query>, print_the_context already registered for DAG: example_python_operator
[2023-03-23T22:54:13.381+0000] {logging_mixin.py:120} INFO - [2023-03-23T22:54:13.381+0000] {taskmixin.py:205} WARNING - Dependency <Task(_PythonDecoratedOperator): print_the_context>, log_sql_query already registered for DAG: example_python_operator
[2023-03-23T22:54:13.381+0000] {logging_mixin.py:120} INFO - [2023-03-23T22:54:13.381+0000] {taskmixin.py:205} WARNING - Dependency <Task(_PythonDecoratedOperator): log_sql_query>, print_the_context already registered for DAG: example_python_operator
[2023-03-23T22:54:13.382+0000] {logging_mixin.py:120} INFO - [2023-03-23T22:54:13.382+0000] {taskmixin.py:205} WARNING - Dependency <Task(_PythonDecoratedOperator): print_the_context>, log_sql_query already registered for DAG: example_python_operator
[2023-03-23T22:54:13.383+0000] {logging_mixin.py:120} INFO - [2023-03-23T22:54:13.383+0000] {taskmixin.py:205} WARNING - Dependency <Task(_PythonDecoratedOperator): log_sql_query>, print_the_context already registered for DAG: example_python_operator
[2023-03-23T22:54:13.391+0000] {processor.py:766} INFO - DAG(s) dict_keys(['example_python_operator']) retrieved from /home/airflow/.local/lib/python3.7/site-packages/airflow/example_dags/example_python_operator.py
[2023-03-23T22:54:13.446+0000] {logging_mixin.py:120} INFO - [2023-03-23T22:54:13.446+0000] {dag.py:2585} INFO - Sync 1 DAGs
[2023-03-23T22:54:13.476+0000] {logging_mixin.py:120} INFO - [2023-03-23T22:54:13.476+0000] {dag.py:3340} INFO - Setting next_dagrun for example_python_operator to None, run_after=None
[2023-03-23T22:54:13.503+0000] {processor.py:176} INFO - Processing /home/airflow/.local/lib/python3.7/site-packages/airflow/example_dags/example_python_operator.py took 0.146 seconds
[2023-03-23T22:54:43.583+0000] {processor.py:154} INFO - Started process (PID=707) to work on /home/airflow/.local/lib/python3.7/site-packages/airflow/example_dags/example_python_operator.py
[2023-03-23T22:54:43.585+0000] {processor.py:756} INFO - Processing file /home/airflow/.local/lib/python3.7/site-packages/airflow/example_dags/example_python_operator.py for tasks to queue
[2023-03-23T22:54:43.586+0000] {logging_mixin.py:120} INFO - [2023-03-23T22:54:43.586+0000] {dagbag.py:537} INFO - Filling up the DagBag from /home/airflow/.local/lib/python3.7/site-packages/airflow/example_dags/example_python_operator.py
[2023-03-23T22:54:43.608+0000] {logging_mixin.py:120} INFO - [2023-03-23T22:54:43.607+0000] {taskmixin.py:205} WARNING - Dependency <Task(_PythonDecoratedOperator): print_the_context>, log_sql_query already registered for DAG: example_python_operator
[2023-03-23T22:54:43.608+0000] {logging_mixin.py:120} INFO - [2023-03-23T22:54:43.608+0000] {taskmixin.py:205} WARNING - Dependency <Task(_PythonDecoratedOperator): log_sql_query>, print_the_context already registered for DAG: example_python_operator
[2023-03-23T22:54:43.609+0000] {logging_mixin.py:120} INFO - [2023-03-23T22:54:43.609+0000] {taskmixin.py:205} WARNING - Dependency <Task(_PythonDecoratedOperator): print_the_context>, log_sql_query already registered for DAG: example_python_operator
[2023-03-23T22:54:43.609+0000] {logging_mixin.py:120} INFO - [2023-03-23T22:54:43.609+0000] {taskmixin.py:205} WARNING - Dependency <Task(_PythonDecoratedOperator): log_sql_query>, print_the_context already registered for DAG: example_python_operator
[2023-03-23T22:54:43.610+0000] {logging_mixin.py:120} INFO - [2023-03-23T22:54:43.610+0000] {taskmixin.py:205} WARNING - Dependency <Task(_PythonDecoratedOperator): print_the_context>, log_sql_query already registered for DAG: example_python_operator
[2023-03-23T22:54:43.610+0000] {logging_mixin.py:120} INFO - [2023-03-23T22:54:43.610+0000] {taskmixin.py:205} WARNING - Dependency <Task(_PythonDecoratedOperator): log_sql_query>, print_the_context already registered for DAG: example_python_operator
[2023-03-23T22:54:43.611+0000] {logging_mixin.py:120} INFO - [2023-03-23T22:54:43.611+0000] {taskmixin.py:205} WARNING - Dependency <Task(_PythonDecoratedOperator): print_the_context>, log_sql_query already registered for DAG: example_python_operator
[2023-03-23T22:54:43.611+0000] {logging_mixin.py:120} INFO - [2023-03-23T22:54:43.611+0000] {taskmixin.py:205} WARNING - Dependency <Task(_PythonDecoratedOperator): log_sql_query>, print_the_context already registered for DAG: example_python_operator
[2023-03-23T22:54:43.618+0000] {processor.py:766} INFO - DAG(s) dict_keys(['example_python_operator']) retrieved from /home/airflow/.local/lib/python3.7/site-packages/airflow/example_dags/example_python_operator.py
[2023-03-23T22:54:43.671+0000] {logging_mixin.py:120} INFO - [2023-03-23T22:54:43.671+0000] {dag.py:2585} INFO - Sync 1 DAGs
[2023-03-23T22:54:43.696+0000] {logging_mixin.py:120} INFO - [2023-03-23T22:54:43.696+0000] {dag.py:3340} INFO - Setting next_dagrun for example_python_operator to None, run_after=None
[2023-03-23T22:54:43.717+0000] {processor.py:176} INFO - Processing /home/airflow/.local/lib/python3.7/site-packages/airflow/example_dags/example_python_operator.py took 0.137 seconds
[2023-03-23T22:55:13.951+0000] {processor.py:154} INFO - Started process (PID=770) to work on /home/airflow/.local/lib/python3.7/site-packages/airflow/example_dags/example_python_operator.py
[2023-03-23T22:55:13.953+0000] {processor.py:756} INFO - Processing file /home/airflow/.local/lib/python3.7/site-packages/airflow/example_dags/example_python_operator.py for tasks to queue
[2023-03-23T22:55:13.953+0000] {logging_mixin.py:120} INFO - [2023-03-23T22:55:13.953+0000] {dagbag.py:537} INFO - Filling up the DagBag from /home/airflow/.local/lib/python3.7/site-packages/airflow/example_dags/example_python_operator.py
[2023-03-23T22:55:13.973+0000] {logging_mixin.py:120} INFO - [2023-03-23T22:55:13.973+0000] {taskmixin.py:205} WARNING - Dependency <Task(_PythonDecoratedOperator): print_the_context>, log_sql_query already registered for DAG: example_python_operator
[2023-03-23T22:55:13.974+0000] {logging_mixin.py:120} INFO - [2023-03-23T22:55:13.974+0000] {taskmixin.py:205} WARNING - Dependency <Task(_PythonDecoratedOperator): log_sql_query>, print_the_context already registered for DAG: example_python_operator
[2023-03-23T22:55:13.974+0000] {logging_mixin.py:120} INFO - [2023-03-23T22:55:13.974+0000] {taskmixin.py:205} WARNING - Dependency <Task(_PythonDecoratedOperator): print_the_context>, log_sql_query already registered for DAG: example_python_operator
[2023-03-23T22:55:13.975+0000] {logging_mixin.py:120} INFO - [2023-03-23T22:55:13.975+0000] {taskmixin.py:205} WARNING - Dependency <Task(_PythonDecoratedOperator): log_sql_query>, print_the_context already registered for DAG: example_python_operator
[2023-03-23T22:55:13.976+0000] {logging_mixin.py:120} INFO - [2023-03-23T22:55:13.975+0000] {taskmixin.py:205} WARNING - Dependency <Task(_PythonDecoratedOperator): print_the_context>, log_sql_query already registered for DAG: example_python_operator
[2023-03-23T22:55:13.976+0000] {logging_mixin.py:120} INFO - [2023-03-23T22:55:13.976+0000] {taskmixin.py:205} WARNING - Dependency <Task(_PythonDecoratedOperator): log_sql_query>, print_the_context already registered for DAG: example_python_operator
[2023-03-23T22:55:13.977+0000] {logging_mixin.py:120} INFO - [2023-03-23T22:55:13.976+0000] {taskmixin.py:205} WARNING - Dependency <Task(_PythonDecoratedOperator): print_the_context>, log_sql_query already registered for DAG: example_python_operator
[2023-03-23T22:55:13.977+0000] {logging_mixin.py:120} INFO - [2023-03-23T22:55:13.977+0000] {taskmixin.py:205} WARNING - Dependency <Task(_PythonDecoratedOperator): log_sql_query>, print_the_context already registered for DAG: example_python_operator
[2023-03-23T22:55:13.983+0000] {processor.py:766} INFO - DAG(s) dict_keys(['example_python_operator']) retrieved from /home/airflow/.local/lib/python3.7/site-packages/airflow/example_dags/example_python_operator.py
[2023-03-23T22:55:14.023+0000] {logging_mixin.py:120} INFO - [2023-03-23T22:55:14.023+0000] {dag.py:2585} INFO - Sync 1 DAGs
[2023-03-23T22:55:14.048+0000] {logging_mixin.py:120} INFO - [2023-03-23T22:55:14.047+0000] {dag.py:3340} INFO - Setting next_dagrun for example_python_operator to None, run_after=None
[2023-03-23T22:55:14.072+0000] {processor.py:176} INFO - Processing /home/airflow/.local/lib/python3.7/site-packages/airflow/example_dags/example_python_operator.py took 0.123 seconds
[2023-03-23T22:55:44.225+0000] {processor.py:154} INFO - Started process (PID=833) to work on /home/airflow/.local/lib/python3.7/site-packages/airflow/example_dags/example_python_operator.py
[2023-03-23T22:55:44.226+0000] {processor.py:756} INFO - Processing file /home/airflow/.local/lib/python3.7/site-packages/airflow/example_dags/example_python_operator.py for tasks to queue
[2023-03-23T22:55:44.227+0000] {logging_mixin.py:120} INFO - [2023-03-23T22:55:44.226+0000] {dagbag.py:537} INFO - Filling up the DagBag from /home/airflow/.local/lib/python3.7/site-packages/airflow/example_dags/example_python_operator.py
[2023-03-23T22:55:44.241+0000] {logging_mixin.py:120} INFO - [2023-03-23T22:55:44.241+0000] {taskmixin.py:205} WARNING - Dependency <Task(_PythonDecoratedOperator): print_the_context>, log_sql_query already registered for DAG: example_python_operator
[2023-03-23T22:55:44.242+0000] {logging_mixin.py:120} INFO - [2023-03-23T22:55:44.242+0000] {taskmixin.py:205} WARNING - Dependency <Task(_PythonDecoratedOperator): log_sql_query>, print_the_context already registered for DAG: example_python_operator
[2023-03-23T22:55:44.243+0000] {logging_mixin.py:120} INFO - [2023-03-23T22:55:44.243+0000] {taskmixin.py:205} WARNING - Dependency <Task(_PythonDecoratedOperator): print_the_context>, log_sql_query already registered for DAG: example_python_operator
[2023-03-23T22:55:44.243+0000] {logging_mixin.py:120} INFO - [2023-03-23T22:55:44.243+0000] {taskmixin.py:205} WARNING - Dependency <Task(_PythonDecoratedOperator): log_sql_query>, print_the_context already registered for DAG: example_python_operator
[2023-03-23T22:55:44.244+0000] {logging_mixin.py:120} INFO - [2023-03-23T22:55:44.244+0000] {taskmixin.py:205} WARNING - Dependency <Task(_PythonDecoratedOperator): print_the_context>, log_sql_query already registered for DAG: example_python_operator
[2023-03-23T22:55:44.245+0000] {logging_mixin.py:120} INFO - [2023-03-23T22:55:44.244+0000] {taskmixin.py:205} WARNING - Dependency <Task(_PythonDecoratedOperator): log_sql_query>, print_the_context already registered for DAG: example_python_operator
[2023-03-23T22:55:44.245+0000] {logging_mixin.py:120} INFO - [2023-03-23T22:55:44.245+0000] {taskmixin.py:205} WARNING - Dependency <Task(_PythonDecoratedOperator): print_the_context>, log_sql_query already registered for DAG: example_python_operator
[2023-03-23T22:55:44.246+0000] {logging_mixin.py:120} INFO - [2023-03-23T22:55:44.246+0000] {taskmixin.py:205} WARNING - Dependency <Task(_PythonDecoratedOperator): log_sql_query>, print_the_context already registered for DAG: example_python_operator
[2023-03-23T22:55:44.253+0000] {processor.py:766} INFO - DAG(s) dict_keys(['example_python_operator']) retrieved from /home/airflow/.local/lib/python3.7/site-packages/airflow/example_dags/example_python_operator.py
[2023-03-23T22:55:44.298+0000] {logging_mixin.py:120} INFO - [2023-03-23T22:55:44.297+0000] {dag.py:2585} INFO - Sync 1 DAGs
[2023-03-23T22:55:44.332+0000] {logging_mixin.py:120} INFO - [2023-03-23T22:55:44.331+0000] {dag.py:3340} INFO - Setting next_dagrun for example_python_operator to None, run_after=None
[2023-03-23T22:55:44.366+0000] {processor.py:176} INFO - Processing /home/airflow/.local/lib/python3.7/site-packages/airflow/example_dags/example_python_operator.py took 0.144 seconds
[2023-03-23T22:56:14.678+0000] {processor.py:154} INFO - Started process (PID=887) to work on /home/airflow/.local/lib/python3.7/site-packages/airflow/example_dags/example_python_operator.py
[2023-03-23T22:56:14.679+0000] {processor.py:756} INFO - Processing file /home/airflow/.local/lib/python3.7/site-packages/airflow/example_dags/example_python_operator.py for tasks to queue
[2023-03-23T22:56:14.680+0000] {logging_mixin.py:120} INFO - [2023-03-23T22:56:14.680+0000] {dagbag.py:537} INFO - Filling up the DagBag from /home/airflow/.local/lib/python3.7/site-packages/airflow/example_dags/example_python_operator.py
[2023-03-23T22:56:14.707+0000] {logging_mixin.py:120} INFO - [2023-03-23T22:56:14.707+0000] {taskmixin.py:205} WARNING - Dependency <Task(_PythonDecoratedOperator): print_the_context>, log_sql_query already registered for DAG: example_python_operator
[2023-03-23T22:56:14.707+0000] {logging_mixin.py:120} INFO - [2023-03-23T22:56:14.707+0000] {taskmixin.py:205} WARNING - Dependency <Task(_PythonDecoratedOperator): log_sql_query>, print_the_context already registered for DAG: example_python_operator
[2023-03-23T22:56:14.708+0000] {logging_mixin.py:120} INFO - [2023-03-23T22:56:14.708+0000] {taskmixin.py:205} WARNING - Dependency <Task(_PythonDecoratedOperator): print_the_context>, log_sql_query already registered for DAG: example_python_operator
[2023-03-23T22:56:14.709+0000] {logging_mixin.py:120} INFO - [2023-03-23T22:56:14.709+0000] {taskmixin.py:205} WARNING - Dependency <Task(_PythonDecoratedOperator): log_sql_query>, print_the_context already registered for DAG: example_python_operator
[2023-03-23T22:56:14.710+0000] {logging_mixin.py:120} INFO - [2023-03-23T22:56:14.710+0000] {taskmixin.py:205} WARNING - Dependency <Task(_PythonDecoratedOperator): print_the_context>, log_sql_query already registered for DAG: example_python_operator
[2023-03-23T22:56:14.711+0000] {logging_mixin.py:120} INFO - [2023-03-23T22:56:14.710+0000] {taskmixin.py:205} WARNING - Dependency <Task(_PythonDecoratedOperator): log_sql_query>, print_the_context already registered for DAG: example_python_operator
[2023-03-23T22:56:14.712+0000] {logging_mixin.py:120} INFO - [2023-03-23T22:56:14.712+0000] {taskmixin.py:205} WARNING - Dependency <Task(_PythonDecoratedOperator): print_the_context>, log_sql_query already registered for DAG: example_python_operator
[2023-03-23T22:56:14.713+0000] {logging_mixin.py:120} INFO - [2023-03-23T22:56:14.712+0000] {taskmixin.py:205} WARNING - Dependency <Task(_PythonDecoratedOperator): log_sql_query>, print_the_context already registered for DAG: example_python_operator
[2023-03-23T22:56:14.721+0000] {processor.py:766} INFO - DAG(s) dict_keys(['example_python_operator']) retrieved from /home/airflow/.local/lib/python3.7/site-packages/airflow/example_dags/example_python_operator.py
[2023-03-23T22:56:14.812+0000] {logging_mixin.py:120} INFO - [2023-03-23T22:56:14.811+0000] {dag.py:2585} INFO - Sync 1 DAGs
[2023-03-23T22:56:14.839+0000] {logging_mixin.py:120} INFO - [2023-03-23T22:56:14.838+0000] {dag.py:3340} INFO - Setting next_dagrun for example_python_operator to None, run_after=None
[2023-03-23T22:56:14.858+0000] {processor.py:176} INFO - Processing /home/airflow/.local/lib/python3.7/site-packages/airflow/example_dags/example_python_operator.py took 0.185 seconds
[2023-03-23T22:56:45.166+0000] {processor.py:154} INFO - Started process (PID=950) to work on /home/airflow/.local/lib/python3.7/site-packages/airflow/example_dags/example_python_operator.py
[2023-03-23T22:56:45.167+0000] {processor.py:756} INFO - Processing file /home/airflow/.local/lib/python3.7/site-packages/airflow/example_dags/example_python_operator.py for tasks to queue
[2023-03-23T22:56:45.168+0000] {logging_mixin.py:120} INFO - [2023-03-23T22:56:45.168+0000] {dagbag.py:537} INFO - Filling up the DagBag from /home/airflow/.local/lib/python3.7/site-packages/airflow/example_dags/example_python_operator.py
[2023-03-23T22:56:45.189+0000] {logging_mixin.py:120} INFO - [2023-03-23T22:56:45.189+0000] {taskmixin.py:205} WARNING - Dependency <Task(_PythonDecoratedOperator): print_the_context>, log_sql_query already registered for DAG: example_python_operator
[2023-03-23T22:56:45.190+0000] {logging_mixin.py:120} INFO - [2023-03-23T22:56:45.190+0000] {taskmixin.py:205} WARNING - Dependency <Task(_PythonDecoratedOperator): log_sql_query>, print_the_context already registered for DAG: example_python_operator
[2023-03-23T22:56:45.191+0000] {logging_mixin.py:120} INFO - [2023-03-23T22:56:45.191+0000] {taskmixin.py:205} WARNING - Dependency <Task(_PythonDecoratedOperator): print_the_context>, log_sql_query already registered for DAG: example_python_operator
[2023-03-23T22:56:45.192+0000] {logging_mixin.py:120} INFO - [2023-03-23T22:56:45.192+0000] {taskmixin.py:205} WARNING - Dependency <Task(_PythonDecoratedOperator): log_sql_query>, print_the_context already registered for DAG: example_python_operator
[2023-03-23T22:56:45.193+0000] {logging_mixin.py:120} INFO - [2023-03-23T22:56:45.193+0000] {taskmixin.py:205} WARNING - Dependency <Task(_PythonDecoratedOperator): print_the_context>, log_sql_query already registered for DAG: example_python_operator
[2023-03-23T22:56:45.194+0000] {logging_mixin.py:120} INFO - [2023-03-23T22:56:45.194+0000] {taskmixin.py:205} WARNING - Dependency <Task(_PythonDecoratedOperator): log_sql_query>, print_the_context already registered for DAG: example_python_operator
[2023-03-23T22:56:45.195+0000] {logging_mixin.py:120} INFO - [2023-03-23T22:56:45.195+0000] {taskmixin.py:205} WARNING - Dependency <Task(_PythonDecoratedOperator): print_the_context>, log_sql_query already registered for DAG: example_python_operator
[2023-03-23T22:56:45.195+0000] {logging_mixin.py:120} INFO - [2023-03-23T22:56:45.195+0000] {taskmixin.py:205} WARNING - Dependency <Task(_PythonDecoratedOperator): log_sql_query>, print_the_context already registered for DAG: example_python_operator
[2023-03-23T22:56:45.206+0000] {processor.py:766} INFO - DAG(s) dict_keys(['example_python_operator']) retrieved from /home/airflow/.local/lib/python3.7/site-packages/airflow/example_dags/example_python_operator.py
[2023-03-23T22:56:45.256+0000] {logging_mixin.py:120} INFO - [2023-03-23T22:56:45.256+0000] {dag.py:2585} INFO - Sync 1 DAGs
[2023-03-23T22:56:45.286+0000] {logging_mixin.py:120} INFO - [2023-03-23T22:56:45.286+0000] {dag.py:3340} INFO - Setting next_dagrun for example_python_operator to None, run_after=None
[2023-03-23T22:56:45.322+0000] {processor.py:176} INFO - Processing /home/airflow/.local/lib/python3.7/site-packages/airflow/example_dags/example_python_operator.py took 0.160 seconds
[2023-03-23T22:57:15.648+0000] {processor.py:154} INFO - Started process (PID=1013) to work on /home/airflow/.local/lib/python3.7/site-packages/airflow/example_dags/example_python_operator.py
[2023-03-23T22:57:15.653+0000] {processor.py:756} INFO - Processing file /home/airflow/.local/lib/python3.7/site-packages/airflow/example_dags/example_python_operator.py for tasks to queue
[2023-03-23T22:57:15.655+0000] {logging_mixin.py:120} INFO - [2023-03-23T22:57:15.654+0000] {dagbag.py:537} INFO - Filling up the DagBag from /home/airflow/.local/lib/python3.7/site-packages/airflow/example_dags/example_python_operator.py
[2023-03-23T22:57:15.686+0000] {logging_mixin.py:120} INFO - [2023-03-23T22:57:15.686+0000] {taskmixin.py:205} WARNING - Dependency <Task(_PythonDecoratedOperator): print_the_context>, log_sql_query already registered for DAG: example_python_operator
[2023-03-23T22:57:15.687+0000] {logging_mixin.py:120} INFO - [2023-03-23T22:57:15.687+0000] {taskmixin.py:205} WARNING - Dependency <Task(_PythonDecoratedOperator): log_sql_query>, print_the_context already registered for DAG: example_python_operator
[2023-03-23T22:57:15.688+0000] {logging_mixin.py:120} INFO - [2023-03-23T22:57:15.688+0000] {taskmixin.py:205} WARNING - Dependency <Task(_PythonDecoratedOperator): print_the_context>, log_sql_query already registered for DAG: example_python_operator
[2023-03-23T22:57:15.689+0000] {logging_mixin.py:120} INFO - [2023-03-23T22:57:15.689+0000] {taskmixin.py:205} WARNING - Dependency <Task(_PythonDecoratedOperator): log_sql_query>, print_the_context already registered for DAG: example_python_operator
[2023-03-23T22:57:15.690+0000] {logging_mixin.py:120} INFO - [2023-03-23T22:57:15.690+0000] {taskmixin.py:205} WARNING - Dependency <Task(_PythonDecoratedOperator): print_the_context>, log_sql_query already registered for DAG: example_python_operator
[2023-03-23T22:57:15.690+0000] {logging_mixin.py:120} INFO - [2023-03-23T22:57:15.690+0000] {taskmixin.py:205} WARNING - Dependency <Task(_PythonDecoratedOperator): log_sql_query>, print_the_context already registered for DAG: example_python_operator
[2023-03-23T22:57:15.692+0000] {logging_mixin.py:120} INFO - [2023-03-23T22:57:15.692+0000] {taskmixin.py:205} WARNING - Dependency <Task(_PythonDecoratedOperator): print_the_context>, log_sql_query already registered for DAG: example_python_operator
[2023-03-23T22:57:15.692+0000] {logging_mixin.py:120} INFO - [2023-03-23T22:57:15.692+0000] {taskmixin.py:205} WARNING - Dependency <Task(_PythonDecoratedOperator): log_sql_query>, print_the_context already registered for DAG: example_python_operator
[2023-03-23T22:57:15.702+0000] {processor.py:766} INFO - DAG(s) dict_keys(['example_python_operator']) retrieved from /home/airflow/.local/lib/python3.7/site-packages/airflow/example_dags/example_python_operator.py
[2023-03-23T22:57:15.761+0000] {logging_mixin.py:120} INFO - [2023-03-23T22:57:15.761+0000] {dag.py:2585} INFO - Sync 1 DAGs
[2023-03-23T22:57:15.796+0000] {logging_mixin.py:120} INFO - [2023-03-23T22:57:15.796+0000] {dag.py:3340} INFO - Setting next_dagrun for example_python_operator to None, run_after=None
[2023-03-23T22:57:15.822+0000] {processor.py:176} INFO - Processing /home/airflow/.local/lib/python3.7/site-packages/airflow/example_dags/example_python_operator.py took 0.178 seconds
[2023-03-23T22:57:45.922+0000] {processor.py:154} INFO - Started process (PID=1067) to work on /home/airflow/.local/lib/python3.7/site-packages/airflow/example_dags/example_python_operator.py
[2023-03-23T22:57:45.923+0000] {processor.py:756} INFO - Processing file /home/airflow/.local/lib/python3.7/site-packages/airflow/example_dags/example_python_operator.py for tasks to queue
[2023-03-23T22:57:45.924+0000] {logging_mixin.py:120} INFO - [2023-03-23T22:57:45.924+0000] {dagbag.py:537} INFO - Filling up the DagBag from /home/airflow/.local/lib/python3.7/site-packages/airflow/example_dags/example_python_operator.py
[2023-03-23T22:57:45.949+0000] {logging_mixin.py:120} INFO - [2023-03-23T22:57:45.948+0000] {taskmixin.py:205} WARNING - Dependency <Task(_PythonDecoratedOperator): print_the_context>, log_sql_query already registered for DAG: example_python_operator
[2023-03-23T22:57:45.950+0000] {logging_mixin.py:120} INFO - [2023-03-23T22:57:45.950+0000] {taskmixin.py:205} WARNING - Dependency <Task(_PythonDecoratedOperator): log_sql_query>, print_the_context already registered for DAG: example_python_operator
[2023-03-23T22:57:45.951+0000] {logging_mixin.py:120} INFO - [2023-03-23T22:57:45.951+0000] {taskmixin.py:205} WARNING - Dependency <Task(_PythonDecoratedOperator): print_the_context>, log_sql_query already registered for DAG: example_python_operator
[2023-03-23T22:57:45.952+0000] {logging_mixin.py:120} INFO - [2023-03-23T22:57:45.952+0000] {taskmixin.py:205} WARNING - Dependency <Task(_PythonDecoratedOperator): log_sql_query>, print_the_context already registered for DAG: example_python_operator
[2023-03-23T22:57:45.954+0000] {logging_mixin.py:120} INFO - [2023-03-23T22:57:45.954+0000] {taskmixin.py:205} WARNING - Dependency <Task(_PythonDecoratedOperator): print_the_context>, log_sql_query already registered for DAG: example_python_operator
[2023-03-23T22:57:45.954+0000] {logging_mixin.py:120} INFO - [2023-03-23T22:57:45.954+0000] {taskmixin.py:205} WARNING - Dependency <Task(_PythonDecoratedOperator): log_sql_query>, print_the_context already registered for DAG: example_python_operator
[2023-03-23T22:57:45.956+0000] {logging_mixin.py:120} INFO - [2023-03-23T22:57:45.956+0000] {taskmixin.py:205} WARNING - Dependency <Task(_PythonDecoratedOperator): print_the_context>, log_sql_query already registered for DAG: example_python_operator
[2023-03-23T22:57:45.956+0000] {logging_mixin.py:120} INFO - [2023-03-23T22:57:45.956+0000] {taskmixin.py:205} WARNING - Dependency <Task(_PythonDecoratedOperator): log_sql_query>, print_the_context already registered for DAG: example_python_operator
[2023-03-23T22:57:45.964+0000] {processor.py:766} INFO - DAG(s) dict_keys(['example_python_operator']) retrieved from /home/airflow/.local/lib/python3.7/site-packages/airflow/example_dags/example_python_operator.py
[2023-03-23T22:57:46.012+0000] {logging_mixin.py:120} INFO - [2023-03-23T22:57:46.012+0000] {dag.py:2585} INFO - Sync 1 DAGs
[2023-03-23T22:57:46.035+0000] {logging_mixin.py:120} INFO - [2023-03-23T22:57:46.035+0000] {dag.py:3340} INFO - Setting next_dagrun for example_python_operator to None, run_after=None
[2023-03-23T22:57:46.056+0000] {processor.py:176} INFO - Processing /home/airflow/.local/lib/python3.7/site-packages/airflow/example_dags/example_python_operator.py took 0.138 seconds
[2023-03-23T22:58:16.167+0000] {processor.py:154} INFO - Started process (PID=1130) to work on /home/airflow/.local/lib/python3.7/site-packages/airflow/example_dags/example_python_operator.py
[2023-03-23T22:58:16.168+0000] {processor.py:756} INFO - Processing file /home/airflow/.local/lib/python3.7/site-packages/airflow/example_dags/example_python_operator.py for tasks to queue
[2023-03-23T22:58:16.168+0000] {logging_mixin.py:120} INFO - [2023-03-23T22:58:16.168+0000] {dagbag.py:537} INFO - Filling up the DagBag from /home/airflow/.local/lib/python3.7/site-packages/airflow/example_dags/example_python_operator.py
[2023-03-23T22:58:16.183+0000] {logging_mixin.py:120} INFO - [2023-03-23T22:58:16.183+0000] {taskmixin.py:205} WARNING - Dependency <Task(_PythonDecoratedOperator): print_the_context>, log_sql_query already registered for DAG: example_python_operator
[2023-03-23T22:58:16.184+0000] {logging_mixin.py:120} INFO - [2023-03-23T22:58:16.184+0000] {taskmixin.py:205} WARNING - Dependency <Task(_PythonDecoratedOperator): log_sql_query>, print_the_context already registered for DAG: example_python_operator
[2023-03-23T22:58:16.186+0000] {logging_mixin.py:120} INFO - [2023-03-23T22:58:16.185+0000] {taskmixin.py:205} WARNING - Dependency <Task(_PythonDecoratedOperator): print_the_context>, log_sql_query already registered for DAG: example_python_operator
[2023-03-23T22:58:16.186+0000] {logging_mixin.py:120} INFO - [2023-03-23T22:58:16.186+0000] {taskmixin.py:205} WARNING - Dependency <Task(_PythonDecoratedOperator): log_sql_query>, print_the_context already registered for DAG: example_python_operator
[2023-03-23T22:58:16.187+0000] {logging_mixin.py:120} INFO - [2023-03-23T22:58:16.187+0000] {taskmixin.py:205} WARNING - Dependency <Task(_PythonDecoratedOperator): print_the_context>, log_sql_query already registered for DAG: example_python_operator
[2023-03-23T22:58:16.188+0000] {logging_mixin.py:120} INFO - [2023-03-23T22:58:16.188+0000] {taskmixin.py:205} WARNING - Dependency <Task(_PythonDecoratedOperator): log_sql_query>, print_the_context already registered for DAG: example_python_operator
[2023-03-23T22:58:16.189+0000] {logging_mixin.py:120} INFO - [2023-03-23T22:58:16.189+0000] {taskmixin.py:205} WARNING - Dependency <Task(_PythonDecoratedOperator): print_the_context>, log_sql_query already registered for DAG: example_python_operator
[2023-03-23T22:58:16.190+0000] {logging_mixin.py:120} INFO - [2023-03-23T22:58:16.189+0000] {taskmixin.py:205} WARNING - Dependency <Task(_PythonDecoratedOperator): log_sql_query>, print_the_context already registered for DAG: example_python_operator
[2023-03-23T22:58:16.199+0000] {processor.py:766} INFO - DAG(s) dict_keys(['example_python_operator']) retrieved from /home/airflow/.local/lib/python3.7/site-packages/airflow/example_dags/example_python_operator.py
[2023-03-23T22:58:16.239+0000] {logging_mixin.py:120} INFO - [2023-03-23T22:58:16.239+0000] {dag.py:2585} INFO - Sync 1 DAGs
[2023-03-23T22:58:16.267+0000] {logging_mixin.py:120} INFO - [2023-03-23T22:58:16.267+0000] {dag.py:3340} INFO - Setting next_dagrun for example_python_operator to None, run_after=None
[2023-03-23T22:58:16.291+0000] {processor.py:176} INFO - Processing /home/airflow/.local/lib/python3.7/site-packages/airflow/example_dags/example_python_operator.py took 0.127 seconds
[2023-03-23T22:58:46.911+0000] {processor.py:154} INFO - Started process (PID=1193) to work on /home/airflow/.local/lib/python3.7/site-packages/airflow/example_dags/example_python_operator.py
[2023-03-23T22:58:46.913+0000] {processor.py:756} INFO - Processing file /home/airflow/.local/lib/python3.7/site-packages/airflow/example_dags/example_python_operator.py for tasks to queue
[2023-03-23T22:58:46.914+0000] {logging_mixin.py:120} INFO - [2023-03-23T22:58:46.914+0000] {dagbag.py:537} INFO - Filling up the DagBag from /home/airflow/.local/lib/python3.7/site-packages/airflow/example_dags/example_python_operator.py
[2023-03-23T22:58:46.929+0000] {logging_mixin.py:120} INFO - [2023-03-23T22:58:46.929+0000] {taskmixin.py:205} WARNING - Dependency <Task(_PythonDecoratedOperator): print_the_context>, log_sql_query already registered for DAG: example_python_operator
[2023-03-23T22:58:46.930+0000] {logging_mixin.py:120} INFO - [2023-03-23T22:58:46.930+0000] {taskmixin.py:205} WARNING - Dependency <Task(_PythonDecoratedOperator): log_sql_query>, print_the_context already registered for DAG: example_python_operator
[2023-03-23T22:58:46.931+0000] {logging_mixin.py:120} INFO - [2023-03-23T22:58:46.931+0000] {taskmixin.py:205} WARNING - Dependency <Task(_PythonDecoratedOperator): print_the_context>, log_sql_query already registered for DAG: example_python_operator
[2023-03-23T22:58:46.932+0000] {logging_mixin.py:120} INFO - [2023-03-23T22:58:46.932+0000] {taskmixin.py:205} WARNING - Dependency <Task(_PythonDecoratedOperator): log_sql_query>, print_the_context already registered for DAG: example_python_operator
[2023-03-23T22:58:46.933+0000] {logging_mixin.py:120} INFO - [2023-03-23T22:58:46.933+0000] {taskmixin.py:205} WARNING - Dependency <Task(_PythonDecoratedOperator): print_the_context>, log_sql_query already registered for DAG: example_python_operator
[2023-03-23T22:58:46.934+0000] {logging_mixin.py:120} INFO - [2023-03-23T22:58:46.934+0000] {taskmixin.py:205} WARNING - Dependency <Task(_PythonDecoratedOperator): log_sql_query>, print_the_context already registered for DAG: example_python_operator
[2023-03-23T22:58:46.935+0000] {logging_mixin.py:120} INFO - [2023-03-23T22:58:46.935+0000] {taskmixin.py:205} WARNING - Dependency <Task(_PythonDecoratedOperator): print_the_context>, log_sql_query already registered for DAG: example_python_operator
[2023-03-23T22:58:46.936+0000] {logging_mixin.py:120} INFO - [2023-03-23T22:58:46.936+0000] {taskmixin.py:205} WARNING - Dependency <Task(_PythonDecoratedOperator): log_sql_query>, print_the_context already registered for DAG: example_python_operator
[2023-03-23T22:58:46.943+0000] {processor.py:766} INFO - DAG(s) dict_keys(['example_python_operator']) retrieved from /home/airflow/.local/lib/python3.7/site-packages/airflow/example_dags/example_python_operator.py
[2023-03-23T22:58:46.986+0000] {logging_mixin.py:120} INFO - [2023-03-23T22:58:46.985+0000] {dag.py:2585} INFO - Sync 1 DAGs
[2023-03-23T22:58:47.009+0000] {logging_mixin.py:120} INFO - [2023-03-23T22:58:47.008+0000] {dag.py:3340} INFO - Setting next_dagrun for example_python_operator to None, run_after=None
[2023-03-23T22:58:47.033+0000] {processor.py:176} INFO - Processing /home/airflow/.local/lib/python3.7/site-packages/airflow/example_dags/example_python_operator.py took 0.124 seconds
[2023-03-23T22:59:17.660+0000] {processor.py:154} INFO - Started process (PID=1247) to work on /home/airflow/.local/lib/python3.7/site-packages/airflow/example_dags/example_python_operator.py
[2023-03-23T22:59:17.661+0000] {processor.py:756} INFO - Processing file /home/airflow/.local/lib/python3.7/site-packages/airflow/example_dags/example_python_operator.py for tasks to queue
[2023-03-23T22:59:17.662+0000] {logging_mixin.py:120} INFO - [2023-03-23T22:59:17.662+0000] {dagbag.py:537} INFO - Filling up the DagBag from /home/airflow/.local/lib/python3.7/site-packages/airflow/example_dags/example_python_operator.py
[2023-03-23T22:59:17.677+0000] {logging_mixin.py:120} INFO - [2023-03-23T22:59:17.677+0000] {taskmixin.py:205} WARNING - Dependency <Task(_PythonDecoratedOperator): print_the_context>, log_sql_query already registered for DAG: example_python_operator
[2023-03-23T22:59:17.678+0000] {logging_mixin.py:120} INFO - [2023-03-23T22:59:17.678+0000] {taskmixin.py:205} WARNING - Dependency <Task(_PythonDecoratedOperator): log_sql_query>, print_the_context already registered for DAG: example_python_operator
[2023-03-23T22:59:17.679+0000] {logging_mixin.py:120} INFO - [2023-03-23T22:59:17.679+0000] {taskmixin.py:205} WARNING - Dependency <Task(_PythonDecoratedOperator): print_the_context>, log_sql_query already registered for DAG: example_python_operator
[2023-03-23T22:59:17.680+0000] {logging_mixin.py:120} INFO - [2023-03-23T22:59:17.680+0000] {taskmixin.py:205} WARNING - Dependency <Task(_PythonDecoratedOperator): log_sql_query>, print_the_context already registered for DAG: example_python_operator
[2023-03-23T22:59:17.681+0000] {logging_mixin.py:120} INFO - [2023-03-23T22:59:17.681+0000] {taskmixin.py:205} WARNING - Dependency <Task(_PythonDecoratedOperator): print_the_context>, log_sql_query already registered for DAG: example_python_operator
[2023-03-23T22:59:17.682+0000] {logging_mixin.py:120} INFO - [2023-03-23T22:59:17.682+0000] {taskmixin.py:205} WARNING - Dependency <Task(_PythonDecoratedOperator): log_sql_query>, print_the_context already registered for DAG: example_python_operator
[2023-03-23T22:59:17.683+0000] {logging_mixin.py:120} INFO - [2023-03-23T22:59:17.683+0000] {taskmixin.py:205} WARNING - Dependency <Task(_PythonDecoratedOperator): print_the_context>, log_sql_query already registered for DAG: example_python_operator
[2023-03-23T22:59:17.684+0000] {logging_mixin.py:120} INFO - [2023-03-23T22:59:17.684+0000] {taskmixin.py:205} WARNING - Dependency <Task(_PythonDecoratedOperator): log_sql_query>, print_the_context already registered for DAG: example_python_operator
[2023-03-23T22:59:17.691+0000] {processor.py:766} INFO - DAG(s) dict_keys(['example_python_operator']) retrieved from /home/airflow/.local/lib/python3.7/site-packages/airflow/example_dags/example_python_operator.py
[2023-03-23T22:59:17.735+0000] {logging_mixin.py:120} INFO - [2023-03-23T22:59:17.735+0000] {dag.py:2585} INFO - Sync 1 DAGs
[2023-03-23T22:59:17.758+0000] {logging_mixin.py:120} INFO - [2023-03-23T22:59:17.758+0000] {dag.py:3340} INFO - Setting next_dagrun for example_python_operator to None, run_after=None
[2023-03-23T22:59:17.782+0000] {processor.py:176} INFO - Processing /home/airflow/.local/lib/python3.7/site-packages/airflow/example_dags/example_python_operator.py took 0.125 seconds
