[2023-03-23T22:48:39.297+0000] {processor.py:154} INFO - Started process (PID=64) to work on /home/airflow/.local/lib/python3.7/site-packages/airflow/example_dags/example_dag_decorator.py
[2023-03-23T22:48:39.304+0000] {processor.py:756} INFO - Processing file /home/airflow/.local/lib/python3.7/site-packages/airflow/example_dags/example_dag_decorator.py for tasks to queue
[2023-03-23T22:48:39.306+0000] {logging_mixin.py:120} INFO - [2023-03-23T22:48:39.306+0000] {dagbag.py:537} INFO - Filling up the DagBag from /home/airflow/.local/lib/python3.7/site-packages/airflow/example_dags/example_dag_decorator.py
[2023-03-23T22:48:39.408+0000] {logging_mixin.py:120} INFO - [2023-03-23T22:48:39.408+0000] {taskmixin.py:205} WARNING - Dependency <Task(_PythonDecoratedOperator): prepare_email>, send_email already registered for DAG: example_dag_decorator
[2023-03-23T22:48:39.415+0000] {logging_mixin.py:120} INFO - [2023-03-23T22:48:39.415+0000] {taskmixin.py:205} WARNING - Dependency <Task(EmailOperator): send_email>, prepare_email already registered for DAG: example_dag_decorator
[2023-03-23T22:48:39.506+0000] {processor.py:766} INFO - DAG(s) dict_keys(['example_dag_decorator']) retrieved from /home/airflow/.local/lib/python3.7/site-packages/airflow/example_dags/example_dag_decorator.py
[2023-03-23T22:48:40.169+0000] {logging_mixin.py:120} INFO - [2023-03-23T22:48:40.168+0000] {manager.py:507} INFO - Created Permission View: can edit on DAG:example_dag_decorator
[2023-03-23T22:48:40.232+0000] {logging_mixin.py:120} INFO - [2023-03-23T22:48:40.232+0000] {manager.py:507} INFO - Created Permission View: can read on DAG:example_dag_decorator
[2023-03-23T22:48:40.307+0000] {logging_mixin.py:120} INFO - [2023-03-23T22:48:40.307+0000] {manager.py:507} INFO - Created Permission View: can delete on DAG:example_dag_decorator
[2023-03-23T22:48:40.309+0000] {logging_mixin.py:120} INFO - [2023-03-23T22:48:40.309+0000] {dag.py:2585} INFO - Sync 1 DAGs
[2023-03-23T22:48:40.378+0000] {logging_mixin.py:120} INFO - [2023-03-23T22:48:40.378+0000] {dag.py:2606} INFO - Creating ORM DAG for example_dag_decorator
[2023-03-23T22:48:40.429+0000] {logging_mixin.py:120} INFO - [2023-03-23T22:48:40.418+0000] {dag.py:3340} INFO - Setting next_dagrun for example_dag_decorator to None, run_after=None
[2023-03-23T22:48:40.513+0000] {processor.py:176} INFO - Processing /home/airflow/.local/lib/python3.7/site-packages/airflow/example_dags/example_dag_decorator.py took 1.221 seconds
[2023-03-23T22:49:16.055+0000] {processor.py:154} INFO - Started process (PID=118) to work on /home/airflow/.local/lib/python3.7/site-packages/airflow/example_dags/example_dag_decorator.py
[2023-03-23T22:49:16.100+0000] {processor.py:756} INFO - Processing file /home/airflow/.local/lib/python3.7/site-packages/airflow/example_dags/example_dag_decorator.py for tasks to queue
[2023-03-23T22:49:16.101+0000] {logging_mixin.py:120} INFO - [2023-03-23T22:49:16.101+0000] {dagbag.py:537} INFO - Filling up the DagBag from /home/airflow/.local/lib/python3.7/site-packages/airflow/example_dags/example_dag_decorator.py
[2023-03-23T22:49:16.228+0000] {logging_mixin.py:120} INFO - [2023-03-23T22:49:16.227+0000] {taskmixin.py:205} WARNING - Dependency <Task(_PythonDecoratedOperator): prepare_email>, send_email already registered for DAG: example_dag_decorator
[2023-03-23T22:49:16.229+0000] {logging_mixin.py:120} INFO - [2023-03-23T22:49:16.228+0000] {taskmixin.py:205} WARNING - Dependency <Task(EmailOperator): send_email>, prepare_email already registered for DAG: example_dag_decorator
[2023-03-23T22:49:16.323+0000] {processor.py:766} INFO - DAG(s) dict_keys(['example_dag_decorator']) retrieved from /home/airflow/.local/lib/python3.7/site-packages/airflow/example_dags/example_dag_decorator.py
[2023-03-23T22:49:16.554+0000] {logging_mixin.py:120} INFO - [2023-03-23T22:49:16.554+0000] {dag.py:2585} INFO - Sync 1 DAGs
[2023-03-23T22:49:16.661+0000] {logging_mixin.py:120} INFO - [2023-03-23T22:49:16.660+0000] {dag.py:3340} INFO - Setting next_dagrun for example_dag_decorator to None, run_after=None
[2023-03-23T22:49:16.752+0000] {processor.py:176} INFO - Processing /home/airflow/.local/lib/python3.7/site-packages/airflow/example_dags/example_dag_decorator.py took 0.731 seconds
[2023-03-23T22:49:53.713+0000] {processor.py:154} INFO - Started process (PID=173) to work on /home/airflow/.local/lib/python3.7/site-packages/airflow/example_dags/example_dag_decorator.py
[2023-03-23T22:49:53.762+0000] {processor.py:756} INFO - Processing file /home/airflow/.local/lib/python3.7/site-packages/airflow/example_dags/example_dag_decorator.py for tasks to queue
[2023-03-23T22:49:53.822+0000] {logging_mixin.py:120} INFO - [2023-03-23T22:49:53.821+0000] {dagbag.py:537} INFO - Filling up the DagBag from /home/airflow/.local/lib/python3.7/site-packages/airflow/example_dags/example_dag_decorator.py
[2023-03-23T22:49:53.881+0000] {logging_mixin.py:120} INFO - [2023-03-23T22:49:53.881+0000] {taskmixin.py:205} WARNING - Dependency <Task(_PythonDecoratedOperator): prepare_email>, send_email already registered for DAG: example_dag_decorator
[2023-03-23T22:49:53.892+0000] {logging_mixin.py:120} INFO - [2023-03-23T22:49:53.882+0000] {taskmixin.py:205} WARNING - Dependency <Task(EmailOperator): send_email>, prepare_email already registered for DAG: example_dag_decorator
[2023-03-23T22:49:53.927+0000] {processor.py:766} INFO - DAG(s) dict_keys(['example_dag_decorator']) retrieved from /home/airflow/.local/lib/python3.7/site-packages/airflow/example_dags/example_dag_decorator.py
[2023-03-23T22:49:54.054+0000] {logging_mixin.py:120} INFO - [2023-03-23T22:49:54.053+0000] {dag.py:2585} INFO - Sync 1 DAGs
[2023-03-23T22:49:54.184+0000] {logging_mixin.py:120} INFO - [2023-03-23T22:49:54.184+0000] {dag.py:3340} INFO - Setting next_dagrun for example_dag_decorator to None, run_after=None
[2023-03-23T22:49:54.398+0000] {processor.py:176} INFO - Processing /home/airflow/.local/lib/python3.7/site-packages/airflow/example_dags/example_dag_decorator.py took 0.691 seconds
[2023-03-23T22:50:24.885+0000] {processor.py:154} INFO - Started process (PID=227) to work on /home/airflow/.local/lib/python3.7/site-packages/airflow/example_dags/example_dag_decorator.py
[2023-03-23T22:50:24.900+0000] {processor.py:756} INFO - Processing file /home/airflow/.local/lib/python3.7/site-packages/airflow/example_dags/example_dag_decorator.py for tasks to queue
[2023-03-23T22:50:24.904+0000] {logging_mixin.py:120} INFO - [2023-03-23T22:50:24.904+0000] {dagbag.py:537} INFO - Filling up the DagBag from /home/airflow/.local/lib/python3.7/site-packages/airflow/example_dags/example_dag_decorator.py
[2023-03-23T22:50:24.951+0000] {logging_mixin.py:120} INFO - [2023-03-23T22:50:24.951+0000] {taskmixin.py:205} WARNING - Dependency <Task(_PythonDecoratedOperator): prepare_email>, send_email already registered for DAG: example_dag_decorator
[2023-03-23T22:50:24.961+0000] {logging_mixin.py:120} INFO - [2023-03-23T22:50:24.960+0000] {taskmixin.py:205} WARNING - Dependency <Task(EmailOperator): send_email>, prepare_email already registered for DAG: example_dag_decorator
[2023-03-23T22:50:25.037+0000] {processor.py:766} INFO - DAG(s) dict_keys(['example_dag_decorator']) retrieved from /home/airflow/.local/lib/python3.7/site-packages/airflow/example_dags/example_dag_decorator.py
[2023-03-23T22:50:25.358+0000] {logging_mixin.py:120} INFO - [2023-03-23T22:50:25.358+0000] {dag.py:2585} INFO - Sync 1 DAGs
[2023-03-23T22:50:25.472+0000] {logging_mixin.py:120} INFO - [2023-03-23T22:50:25.472+0000] {dag.py:3340} INFO - Setting next_dagrun for example_dag_decorator to None, run_after=None
[2023-03-23T22:50:25.727+0000] {processor.py:176} INFO - Processing /home/airflow/.local/lib/python3.7/site-packages/airflow/example_dags/example_dag_decorator.py took 0.847 seconds
[2023-03-23T22:50:56.531+0000] {processor.py:154} INFO - Started process (PID=272) to work on /home/airflow/.local/lib/python3.7/site-packages/airflow/example_dags/example_dag_decorator.py
[2023-03-23T22:50:56.533+0000] {processor.py:756} INFO - Processing file /home/airflow/.local/lib/python3.7/site-packages/airflow/example_dags/example_dag_decorator.py for tasks to queue
[2023-03-23T22:50:56.544+0000] {logging_mixin.py:120} INFO - [2023-03-23T22:50:56.544+0000] {dagbag.py:537} INFO - Filling up the DagBag from /home/airflow/.local/lib/python3.7/site-packages/airflow/example_dags/example_dag_decorator.py
[2023-03-23T22:50:56.598+0000] {logging_mixin.py:120} INFO - [2023-03-23T22:50:56.598+0000] {taskmixin.py:205} WARNING - Dependency <Task(_PythonDecoratedOperator): prepare_email>, send_email already registered for DAG: example_dag_decorator
[2023-03-23T22:50:56.619+0000] {logging_mixin.py:120} INFO - [2023-03-23T22:50:56.619+0000] {taskmixin.py:205} WARNING - Dependency <Task(EmailOperator): send_email>, prepare_email already registered for DAG: example_dag_decorator
[2023-03-23T22:50:56.663+0000] {processor.py:766} INFO - DAG(s) dict_keys(['example_dag_decorator']) retrieved from /home/airflow/.local/lib/python3.7/site-packages/airflow/example_dags/example_dag_decorator.py
[2023-03-23T22:50:57.017+0000] {logging_mixin.py:120} INFO - [2023-03-23T22:50:57.016+0000] {dag.py:2585} INFO - Sync 1 DAGs
[2023-03-23T22:50:57.133+0000] {logging_mixin.py:120} INFO - [2023-03-23T22:50:57.133+0000] {dag.py:3340} INFO - Setting next_dagrun for example_dag_decorator to None, run_after=None
[2023-03-23T22:50:57.228+0000] {processor.py:176} INFO - Processing /home/airflow/.local/lib/python3.7/site-packages/airflow/example_dags/example_dag_decorator.py took 0.701 seconds
[2023-03-23T22:51:27.682+0000] {processor.py:154} INFO - Started process (PID=336) to work on /home/airflow/.local/lib/python3.7/site-packages/airflow/example_dags/example_dag_decorator.py
[2023-03-23T22:51:27.688+0000] {processor.py:756} INFO - Processing file /home/airflow/.local/lib/python3.7/site-packages/airflow/example_dags/example_dag_decorator.py for tasks to queue
[2023-03-23T22:51:27.689+0000] {logging_mixin.py:120} INFO - [2023-03-23T22:51:27.689+0000] {dagbag.py:537} INFO - Filling up the DagBag from /home/airflow/.local/lib/python3.7/site-packages/airflow/example_dags/example_dag_decorator.py
[2023-03-23T22:51:27.763+0000] {logging_mixin.py:120} INFO - [2023-03-23T22:51:27.763+0000] {taskmixin.py:205} WARNING - Dependency <Task(_PythonDecoratedOperator): prepare_email>, send_email already registered for DAG: example_dag_decorator
[2023-03-23T22:51:27.767+0000] {logging_mixin.py:120} INFO - [2023-03-23T22:51:27.767+0000] {taskmixin.py:205} WARNING - Dependency <Task(EmailOperator): send_email>, prepare_email already registered for DAG: example_dag_decorator
[2023-03-23T22:51:27.827+0000] {processor.py:766} INFO - DAG(s) dict_keys(['example_dag_decorator']) retrieved from /home/airflow/.local/lib/python3.7/site-packages/airflow/example_dags/example_dag_decorator.py
[2023-03-23T22:51:28.151+0000] {logging_mixin.py:120} INFO - [2023-03-23T22:51:28.150+0000] {dag.py:2585} INFO - Sync 1 DAGs
[2023-03-23T22:51:28.250+0000] {logging_mixin.py:120} INFO - [2023-03-23T22:51:28.249+0000] {dag.py:3340} INFO - Setting next_dagrun for example_dag_decorator to None, run_after=None
[2023-03-23T22:51:28.338+0000] {processor.py:176} INFO - Processing /home/airflow/.local/lib/python3.7/site-packages/airflow/example_dags/example_dag_decorator.py took 0.665 seconds
[2023-03-23T22:51:58.766+0000] {processor.py:154} INFO - Started process (PID=390) to work on /home/airflow/.local/lib/python3.7/site-packages/airflow/example_dags/example_dag_decorator.py
[2023-03-23T22:51:58.768+0000] {processor.py:756} INFO - Processing file /home/airflow/.local/lib/python3.7/site-packages/airflow/example_dags/example_dag_decorator.py for tasks to queue
[2023-03-23T22:51:58.769+0000] {logging_mixin.py:120} INFO - [2023-03-23T22:51:58.769+0000] {dagbag.py:537} INFO - Filling up the DagBag from /home/airflow/.local/lib/python3.7/site-packages/airflow/example_dags/example_dag_decorator.py
[2023-03-23T22:51:58.816+0000] {logging_mixin.py:120} INFO - [2023-03-23T22:51:58.815+0000] {taskmixin.py:205} WARNING - Dependency <Task(_PythonDecoratedOperator): prepare_email>, send_email already registered for DAG: example_dag_decorator
[2023-03-23T22:51:58.817+0000] {logging_mixin.py:120} INFO - [2023-03-23T22:51:58.817+0000] {taskmixin.py:205} WARNING - Dependency <Task(EmailOperator): send_email>, prepare_email already registered for DAG: example_dag_decorator
[2023-03-23T22:51:58.848+0000] {processor.py:766} INFO - DAG(s) dict_keys(['example_dag_decorator']) retrieved from /home/airflow/.local/lib/python3.7/site-packages/airflow/example_dags/example_dag_decorator.py
[2023-03-23T22:51:59.057+0000] {logging_mixin.py:120} INFO - [2023-03-23T22:51:59.057+0000] {dag.py:2585} INFO - Sync 1 DAGs
[2023-03-23T22:51:59.105+0000] {logging_mixin.py:120} INFO - [2023-03-23T22:51:59.105+0000] {dag.py:3340} INFO - Setting next_dagrun for example_dag_decorator to None, run_after=None
[2023-03-23T22:51:59.149+0000] {processor.py:176} INFO - Processing /home/airflow/.local/lib/python3.7/site-packages/airflow/example_dags/example_dag_decorator.py took 0.395 seconds
[2023-03-23T22:52:29.642+0000] {processor.py:154} INFO - Started process (PID=454) to work on /home/airflow/.local/lib/python3.7/site-packages/airflow/example_dags/example_dag_decorator.py
[2023-03-23T22:52:29.644+0000] {processor.py:756} INFO - Processing file /home/airflow/.local/lib/python3.7/site-packages/airflow/example_dags/example_dag_decorator.py for tasks to queue
[2023-03-23T22:52:29.646+0000] {logging_mixin.py:120} INFO - [2023-03-23T22:52:29.645+0000] {dagbag.py:537} INFO - Filling up the DagBag from /home/airflow/.local/lib/python3.7/site-packages/airflow/example_dags/example_dag_decorator.py
[2023-03-23T22:52:29.676+0000] {logging_mixin.py:120} INFO - [2023-03-23T22:52:29.676+0000] {taskmixin.py:205} WARNING - Dependency <Task(_PythonDecoratedOperator): prepare_email>, send_email already registered for DAG: example_dag_decorator
[2023-03-23T22:52:29.677+0000] {logging_mixin.py:120} INFO - [2023-03-23T22:52:29.677+0000] {taskmixin.py:205} WARNING - Dependency <Task(EmailOperator): send_email>, prepare_email already registered for DAG: example_dag_decorator
[2023-03-23T22:52:29.700+0000] {processor.py:766} INFO - DAG(s) dict_keys(['example_dag_decorator']) retrieved from /home/airflow/.local/lib/python3.7/site-packages/airflow/example_dags/example_dag_decorator.py
[2023-03-23T22:52:29.823+0000] {logging_mixin.py:120} INFO - [2023-03-23T22:52:29.823+0000] {dag.py:2585} INFO - Sync 1 DAGs
[2023-03-23T22:52:29.856+0000] {logging_mixin.py:120} INFO - [2023-03-23T22:52:29.856+0000] {dag.py:3340} INFO - Setting next_dagrun for example_dag_decorator to None, run_after=None
[2023-03-23T22:52:29.889+0000] {processor.py:176} INFO - Processing /home/airflow/.local/lib/python3.7/site-packages/airflow/example_dags/example_dag_decorator.py took 0.253 seconds
[2023-03-23T22:53:00.311+0000] {processor.py:154} INFO - Started process (PID=517) to work on /home/airflow/.local/lib/python3.7/site-packages/airflow/example_dags/example_dag_decorator.py
[2023-03-23T22:53:00.313+0000] {processor.py:756} INFO - Processing file /home/airflow/.local/lib/python3.7/site-packages/airflow/example_dags/example_dag_decorator.py for tasks to queue
[2023-03-23T22:53:00.314+0000] {logging_mixin.py:120} INFO - [2023-03-23T22:53:00.314+0000] {dagbag.py:537} INFO - Filling up the DagBag from /home/airflow/.local/lib/python3.7/site-packages/airflow/example_dags/example_dag_decorator.py
[2023-03-23T22:53:00.344+0000] {logging_mixin.py:120} INFO - [2023-03-23T22:53:00.344+0000] {taskmixin.py:205} WARNING - Dependency <Task(_PythonDecoratedOperator): prepare_email>, send_email already registered for DAG: example_dag_decorator
[2023-03-23T22:53:00.345+0000] {logging_mixin.py:120} INFO - [2023-03-23T22:53:00.345+0000] {taskmixin.py:205} WARNING - Dependency <Task(EmailOperator): send_email>, prepare_email already registered for DAG: example_dag_decorator
[2023-03-23T22:53:00.365+0000] {processor.py:766} INFO - DAG(s) dict_keys(['example_dag_decorator']) retrieved from /home/airflow/.local/lib/python3.7/site-packages/airflow/example_dags/example_dag_decorator.py
[2023-03-23T22:53:00.512+0000] {logging_mixin.py:120} INFO - [2023-03-23T22:53:00.512+0000] {dag.py:2585} INFO - Sync 1 DAGs
[2023-03-23T22:53:00.568+0000] {logging_mixin.py:120} INFO - [2023-03-23T22:53:00.567+0000] {dag.py:3340} INFO - Setting next_dagrun for example_dag_decorator to None, run_after=None
[2023-03-23T22:53:00.609+0000] {processor.py:176} INFO - Processing /home/airflow/.local/lib/python3.7/site-packages/airflow/example_dags/example_dag_decorator.py took 0.305 seconds
[2023-03-23T22:53:30.684+0000] {processor.py:154} INFO - Started process (PID=571) to work on /home/airflow/.local/lib/python3.7/site-packages/airflow/example_dags/example_dag_decorator.py
[2023-03-23T22:53:30.685+0000] {processor.py:756} INFO - Processing file /home/airflow/.local/lib/python3.7/site-packages/airflow/example_dags/example_dag_decorator.py for tasks to queue
[2023-03-23T22:53:30.687+0000] {logging_mixin.py:120} INFO - [2023-03-23T22:53:30.687+0000] {dagbag.py:537} INFO - Filling up the DagBag from /home/airflow/.local/lib/python3.7/site-packages/airflow/example_dags/example_dag_decorator.py
[2023-03-23T22:53:30.719+0000] {logging_mixin.py:120} INFO - [2023-03-23T22:53:30.719+0000] {taskmixin.py:205} WARNING - Dependency <Task(_PythonDecoratedOperator): prepare_email>, send_email already registered for DAG: example_dag_decorator
[2023-03-23T22:53:30.720+0000] {logging_mixin.py:120} INFO - [2023-03-23T22:53:30.720+0000] {taskmixin.py:205} WARNING - Dependency <Task(EmailOperator): send_email>, prepare_email already registered for DAG: example_dag_decorator
[2023-03-23T22:53:30.748+0000] {processor.py:766} INFO - DAG(s) dict_keys(['example_dag_decorator']) retrieved from /home/airflow/.local/lib/python3.7/site-packages/airflow/example_dags/example_dag_decorator.py
[2023-03-23T22:53:30.945+0000] {logging_mixin.py:120} INFO - [2023-03-23T22:53:30.944+0000] {dag.py:2585} INFO - Sync 1 DAGs
[2023-03-23T22:53:31.013+0000] {logging_mixin.py:120} INFO - [2023-03-23T22:53:31.013+0000] {dag.py:3340} INFO - Setting next_dagrun for example_dag_decorator to None, run_after=None
[2023-03-23T22:53:31.049+0000] {processor.py:176} INFO - Processing /home/airflow/.local/lib/python3.7/site-packages/airflow/example_dags/example_dag_decorator.py took 0.370 seconds
[2023-03-23T22:54:01.579+0000] {processor.py:154} INFO - Started process (PID=634) to work on /home/airflow/.local/lib/python3.7/site-packages/airflow/example_dags/example_dag_decorator.py
[2023-03-23T22:54:01.580+0000] {processor.py:756} INFO - Processing file /home/airflow/.local/lib/python3.7/site-packages/airflow/example_dags/example_dag_decorator.py for tasks to queue
[2023-03-23T22:54:01.581+0000] {logging_mixin.py:120} INFO - [2023-03-23T22:54:01.581+0000] {dagbag.py:537} INFO - Filling up the DagBag from /home/airflow/.local/lib/python3.7/site-packages/airflow/example_dags/example_dag_decorator.py
[2023-03-23T22:54:01.599+0000] {logging_mixin.py:120} INFO - [2023-03-23T22:54:01.599+0000] {taskmixin.py:205} WARNING - Dependency <Task(_PythonDecoratedOperator): prepare_email>, send_email already registered for DAG: example_dag_decorator
[2023-03-23T22:54:01.600+0000] {logging_mixin.py:120} INFO - [2023-03-23T22:54:01.600+0000] {taskmixin.py:205} WARNING - Dependency <Task(EmailOperator): send_email>, prepare_email already registered for DAG: example_dag_decorator
[2023-03-23T22:54:01.614+0000] {processor.py:766} INFO - DAG(s) dict_keys(['example_dag_decorator']) retrieved from /home/airflow/.local/lib/python3.7/site-packages/airflow/example_dags/example_dag_decorator.py
[2023-03-23T22:54:01.739+0000] {logging_mixin.py:120} INFO - [2023-03-23T22:54:01.738+0000] {dag.py:2585} INFO - Sync 1 DAGs
[2023-03-23T22:54:01.772+0000] {logging_mixin.py:120} INFO - [2023-03-23T22:54:01.772+0000] {dag.py:3340} INFO - Setting next_dagrun for example_dag_decorator to None, run_after=None
[2023-03-23T22:54:01.797+0000] {processor.py:176} INFO - Processing /home/airflow/.local/lib/python3.7/site-packages/airflow/example_dags/example_dag_decorator.py took 0.222 seconds
[2023-03-23T22:54:32.391+0000] {processor.py:154} INFO - Started process (PID=687) to work on /home/airflow/.local/lib/python3.7/site-packages/airflow/example_dags/example_dag_decorator.py
[2023-03-23T22:54:32.451+0000] {processor.py:756} INFO - Processing file /home/airflow/.local/lib/python3.7/site-packages/airflow/example_dags/example_dag_decorator.py for tasks to queue
[2023-03-23T22:54:32.464+0000] {logging_mixin.py:120} INFO - [2023-03-23T22:54:32.464+0000] {dagbag.py:537} INFO - Filling up the DagBag from /home/airflow/.local/lib/python3.7/site-packages/airflow/example_dags/example_dag_decorator.py
[2023-03-23T22:54:32.515+0000] {logging_mixin.py:120} INFO - [2023-03-23T22:54:32.515+0000] {taskmixin.py:205} WARNING - Dependency <Task(_PythonDecoratedOperator): prepare_email>, send_email already registered for DAG: example_dag_decorator
[2023-03-23T22:54:32.516+0000] {logging_mixin.py:120} INFO - [2023-03-23T22:54:32.516+0000] {taskmixin.py:205} WARNING - Dependency <Task(EmailOperator): send_email>, prepare_email already registered for DAG: example_dag_decorator
[2023-03-23T22:54:32.541+0000] {processor.py:766} INFO - DAG(s) dict_keys(['example_dag_decorator']) retrieved from /home/airflow/.local/lib/python3.7/site-packages/airflow/example_dags/example_dag_decorator.py
[2023-03-23T22:54:32.698+0000] {logging_mixin.py:120} INFO - [2023-03-23T22:54:32.698+0000] {dag.py:2585} INFO - Sync 1 DAGs
[2023-03-23T22:54:32.750+0000] {logging_mixin.py:120} INFO - [2023-03-23T22:54:32.749+0000] {dag.py:3340} INFO - Setting next_dagrun for example_dag_decorator to None, run_after=None
[2023-03-23T22:54:32.923+0000] {processor.py:176} INFO - Processing /home/airflow/.local/lib/python3.7/site-packages/airflow/example_dags/example_dag_decorator.py took 0.538 seconds
[2023-03-23T22:55:03.118+0000] {processor.py:154} INFO - Started process (PID=751) to work on /home/airflow/.local/lib/python3.7/site-packages/airflow/example_dags/example_dag_decorator.py
[2023-03-23T22:55:03.119+0000] {processor.py:756} INFO - Processing file /home/airflow/.local/lib/python3.7/site-packages/airflow/example_dags/example_dag_decorator.py for tasks to queue
[2023-03-23T22:55:03.120+0000] {logging_mixin.py:120} INFO - [2023-03-23T22:55:03.119+0000] {dagbag.py:537} INFO - Filling up the DagBag from /home/airflow/.local/lib/python3.7/site-packages/airflow/example_dags/example_dag_decorator.py
[2023-03-23T22:55:03.133+0000] {logging_mixin.py:120} INFO - [2023-03-23T22:55:03.133+0000] {taskmixin.py:205} WARNING - Dependency <Task(_PythonDecoratedOperator): prepare_email>, send_email already registered for DAG: example_dag_decorator
[2023-03-23T22:55:03.134+0000] {logging_mixin.py:120} INFO - [2023-03-23T22:55:03.134+0000] {taskmixin.py:205} WARNING - Dependency <Task(EmailOperator): send_email>, prepare_email already registered for DAG: example_dag_decorator
[2023-03-23T22:55:03.146+0000] {processor.py:766} INFO - DAG(s) dict_keys(['example_dag_decorator']) retrieved from /home/airflow/.local/lib/python3.7/site-packages/airflow/example_dags/example_dag_decorator.py
[2023-03-23T22:55:03.222+0000] {logging_mixin.py:120} INFO - [2023-03-23T22:55:03.222+0000] {dag.py:2585} INFO - Sync 1 DAGs
[2023-03-23T22:55:03.246+0000] {logging_mixin.py:120} INFO - [2023-03-23T22:55:03.246+0000] {dag.py:3340} INFO - Setting next_dagrun for example_dag_decorator to None, run_after=None
[2023-03-23T22:55:03.274+0000] {processor.py:176} INFO - Processing /home/airflow/.local/lib/python3.7/site-packages/airflow/example_dags/example_dag_decorator.py took 0.159 seconds
[2023-03-23T22:55:33.308+0000] {processor.py:154} INFO - Started process (PID=814) to work on /home/airflow/.local/lib/python3.7/site-packages/airflow/example_dags/example_dag_decorator.py
[2023-03-23T22:55:33.309+0000] {processor.py:756} INFO - Processing file /home/airflow/.local/lib/python3.7/site-packages/airflow/example_dags/example_dag_decorator.py for tasks to queue
[2023-03-23T22:55:33.311+0000] {logging_mixin.py:120} INFO - [2023-03-23T22:55:33.310+0000] {dagbag.py:537} INFO - Filling up the DagBag from /home/airflow/.local/lib/python3.7/site-packages/airflow/example_dags/example_dag_decorator.py
[2023-03-23T22:55:33.329+0000] {logging_mixin.py:120} INFO - [2023-03-23T22:55:33.329+0000] {taskmixin.py:205} WARNING - Dependency <Task(_PythonDecoratedOperator): prepare_email>, send_email already registered for DAG: example_dag_decorator
[2023-03-23T22:55:33.330+0000] {logging_mixin.py:120} INFO - [2023-03-23T22:55:33.330+0000] {taskmixin.py:205} WARNING - Dependency <Task(EmailOperator): send_email>, prepare_email already registered for DAG: example_dag_decorator
[2023-03-23T22:55:33.344+0000] {processor.py:766} INFO - DAG(s) dict_keys(['example_dag_decorator']) retrieved from /home/airflow/.local/lib/python3.7/site-packages/airflow/example_dags/example_dag_decorator.py
[2023-03-23T22:55:33.425+0000] {logging_mixin.py:120} INFO - [2023-03-23T22:55:33.424+0000] {dag.py:2585} INFO - Sync 1 DAGs
[2023-03-23T22:55:33.446+0000] {logging_mixin.py:120} INFO - [2023-03-23T22:55:33.445+0000] {dag.py:3340} INFO - Setting next_dagrun for example_dag_decorator to None, run_after=None
[2023-03-23T22:55:33.471+0000] {processor.py:176} INFO - Processing /home/airflow/.local/lib/python3.7/site-packages/airflow/example_dags/example_dag_decorator.py took 0.167 seconds
[2023-03-23T22:56:04.040+0000] {processor.py:154} INFO - Started process (PID=868) to work on /home/airflow/.local/lib/python3.7/site-packages/airflow/example_dags/example_dag_decorator.py
[2023-03-23T22:56:04.041+0000] {processor.py:756} INFO - Processing file /home/airflow/.local/lib/python3.7/site-packages/airflow/example_dags/example_dag_decorator.py for tasks to queue
[2023-03-23T22:56:04.043+0000] {logging_mixin.py:120} INFO - [2023-03-23T22:56:04.042+0000] {dagbag.py:537} INFO - Filling up the DagBag from /home/airflow/.local/lib/python3.7/site-packages/airflow/example_dags/example_dag_decorator.py
[2023-03-23T22:56:04.077+0000] {logging_mixin.py:120} INFO - [2023-03-23T22:56:04.077+0000] {taskmixin.py:205} WARNING - Dependency <Task(_PythonDecoratedOperator): prepare_email>, send_email already registered for DAG: example_dag_decorator
[2023-03-23T22:56:04.078+0000] {logging_mixin.py:120} INFO - [2023-03-23T22:56:04.077+0000] {taskmixin.py:205} WARNING - Dependency <Task(EmailOperator): send_email>, prepare_email already registered for DAG: example_dag_decorator
[2023-03-23T22:56:04.093+0000] {processor.py:766} INFO - DAG(s) dict_keys(['example_dag_decorator']) retrieved from /home/airflow/.local/lib/python3.7/site-packages/airflow/example_dags/example_dag_decorator.py
[2023-03-23T22:56:04.210+0000] {logging_mixin.py:120} INFO - [2023-03-23T22:56:04.210+0000] {dag.py:2585} INFO - Sync 1 DAGs
[2023-03-23T22:56:04.242+0000] {logging_mixin.py:120} INFO - [2023-03-23T22:56:04.242+0000] {dag.py:3340} INFO - Setting next_dagrun for example_dag_decorator to None, run_after=None
[2023-03-23T22:56:04.273+0000] {processor.py:176} INFO - Processing /home/airflow/.local/lib/python3.7/site-packages/airflow/example_dags/example_dag_decorator.py took 0.239 seconds
[2023-03-23T22:56:34.341+0000] {processor.py:154} INFO - Started process (PID=929) to work on /home/airflow/.local/lib/python3.7/site-packages/airflow/example_dags/example_dag_decorator.py
[2023-03-23T22:56:34.343+0000] {processor.py:756} INFO - Processing file /home/airflow/.local/lib/python3.7/site-packages/airflow/example_dags/example_dag_decorator.py for tasks to queue
[2023-03-23T22:56:34.344+0000] {logging_mixin.py:120} INFO - [2023-03-23T22:56:34.344+0000] {dagbag.py:537} INFO - Filling up the DagBag from /home/airflow/.local/lib/python3.7/site-packages/airflow/example_dags/example_dag_decorator.py
[2023-03-23T22:56:34.367+0000] {logging_mixin.py:120} INFO - [2023-03-23T22:56:34.367+0000] {taskmixin.py:205} WARNING - Dependency <Task(_PythonDecoratedOperator): prepare_email>, send_email already registered for DAG: example_dag_decorator
[2023-03-23T22:56:34.368+0000] {logging_mixin.py:120} INFO - [2023-03-23T22:56:34.368+0000] {taskmixin.py:205} WARNING - Dependency <Task(EmailOperator): send_email>, prepare_email already registered for DAG: example_dag_decorator
[2023-03-23T22:56:34.386+0000] {processor.py:766} INFO - DAG(s) dict_keys(['example_dag_decorator']) retrieved from /home/airflow/.local/lib/python3.7/site-packages/airflow/example_dags/example_dag_decorator.py
[2023-03-23T22:56:34.509+0000] {logging_mixin.py:120} INFO - [2023-03-23T22:56:34.509+0000] {dag.py:2585} INFO - Sync 1 DAGs
[2023-03-23T22:56:34.562+0000] {logging_mixin.py:120} INFO - [2023-03-23T22:56:34.562+0000] {dag.py:3340} INFO - Setting next_dagrun for example_dag_decorator to None, run_after=None
[2023-03-23T22:56:34.632+0000] {processor.py:176} INFO - Processing /home/airflow/.local/lib/python3.7/site-packages/airflow/example_dags/example_dag_decorator.py took 0.295 seconds
[2023-03-23T22:57:05.011+0000] {processor.py:154} INFO - Started process (PID=993) to work on /home/airflow/.local/lib/python3.7/site-packages/airflow/example_dags/example_dag_decorator.py
[2023-03-23T22:57:05.013+0000] {processor.py:756} INFO - Processing file /home/airflow/.local/lib/python3.7/site-packages/airflow/example_dags/example_dag_decorator.py for tasks to queue
[2023-03-23T22:57:05.014+0000] {logging_mixin.py:120} INFO - [2023-03-23T22:57:05.014+0000] {dagbag.py:537} INFO - Filling up the DagBag from /home/airflow/.local/lib/python3.7/site-packages/airflow/example_dags/example_dag_decorator.py
[2023-03-23T22:57:05.030+0000] {logging_mixin.py:120} INFO - [2023-03-23T22:57:05.030+0000] {taskmixin.py:205} WARNING - Dependency <Task(_PythonDecoratedOperator): prepare_email>, send_email already registered for DAG: example_dag_decorator
[2023-03-23T22:57:05.031+0000] {logging_mixin.py:120} INFO - [2023-03-23T22:57:05.031+0000] {taskmixin.py:205} WARNING - Dependency <Task(EmailOperator): send_email>, prepare_email already registered for DAG: example_dag_decorator
[2023-03-23T22:57:05.045+0000] {processor.py:766} INFO - DAG(s) dict_keys(['example_dag_decorator']) retrieved from /home/airflow/.local/lib/python3.7/site-packages/airflow/example_dags/example_dag_decorator.py
[2023-03-23T22:57:05.136+0000] {logging_mixin.py:120} INFO - [2023-03-23T22:57:05.136+0000] {dag.py:2585} INFO - Sync 1 DAGs
[2023-03-23T22:57:05.180+0000] {logging_mixin.py:120} INFO - [2023-03-23T22:57:05.180+0000] {dag.py:3340} INFO - Setting next_dagrun for example_dag_decorator to None, run_after=None
[2023-03-23T22:57:05.224+0000] {processor.py:176} INFO - Processing /home/airflow/.local/lib/python3.7/site-packages/airflow/example_dags/example_dag_decorator.py took 0.218 seconds
[2023-03-23T22:57:35.261+0000] {processor.py:154} INFO - Started process (PID=1048) to work on /home/airflow/.local/lib/python3.7/site-packages/airflow/example_dags/example_dag_decorator.py
[2023-03-23T22:57:35.262+0000] {processor.py:756} INFO - Processing file /home/airflow/.local/lib/python3.7/site-packages/airflow/example_dags/example_dag_decorator.py for tasks to queue
[2023-03-23T22:57:35.263+0000] {logging_mixin.py:120} INFO - [2023-03-23T22:57:35.263+0000] {dagbag.py:537} INFO - Filling up the DagBag from /home/airflow/.local/lib/python3.7/site-packages/airflow/example_dags/example_dag_decorator.py
[2023-03-23T22:57:35.280+0000] {logging_mixin.py:120} INFO - [2023-03-23T22:57:35.280+0000] {taskmixin.py:205} WARNING - Dependency <Task(_PythonDecoratedOperator): prepare_email>, send_email already registered for DAG: example_dag_decorator
[2023-03-23T22:57:35.281+0000] {logging_mixin.py:120} INFO - [2023-03-23T22:57:35.281+0000] {taskmixin.py:205} WARNING - Dependency <Task(EmailOperator): send_email>, prepare_email already registered for DAG: example_dag_decorator
[2023-03-23T22:57:35.293+0000] {processor.py:766} INFO - DAG(s) dict_keys(['example_dag_decorator']) retrieved from /home/airflow/.local/lib/python3.7/site-packages/airflow/example_dags/example_dag_decorator.py
[2023-03-23T22:57:35.401+0000] {logging_mixin.py:120} INFO - [2023-03-23T22:57:35.401+0000] {dag.py:2585} INFO - Sync 1 DAGs
[2023-03-23T22:57:35.427+0000] {logging_mixin.py:120} INFO - [2023-03-23T22:57:35.426+0000] {dag.py:3340} INFO - Setting next_dagrun for example_dag_decorator to None, run_after=None
[2023-03-23T22:57:35.458+0000] {processor.py:176} INFO - Processing /home/airflow/.local/lib/python3.7/site-packages/airflow/example_dags/example_dag_decorator.py took 0.201 seconds
[2023-03-23T22:58:06.309+0000] {processor.py:154} INFO - Started process (PID=1111) to work on /home/airflow/.local/lib/python3.7/site-packages/airflow/example_dags/example_dag_decorator.py
[2023-03-23T22:58:06.311+0000] {processor.py:756} INFO - Processing file /home/airflow/.local/lib/python3.7/site-packages/airflow/example_dags/example_dag_decorator.py for tasks to queue
[2023-03-23T22:58:06.312+0000] {logging_mixin.py:120} INFO - [2023-03-23T22:58:06.311+0000] {dagbag.py:537} INFO - Filling up the DagBag from /home/airflow/.local/lib/python3.7/site-packages/airflow/example_dags/example_dag_decorator.py
[2023-03-23T22:58:06.326+0000] {logging_mixin.py:120} INFO - [2023-03-23T22:58:06.326+0000] {taskmixin.py:205} WARNING - Dependency <Task(_PythonDecoratedOperator): prepare_email>, send_email already registered for DAG: example_dag_decorator
[2023-03-23T22:58:06.327+0000] {logging_mixin.py:120} INFO - [2023-03-23T22:58:06.327+0000] {taskmixin.py:205} WARNING - Dependency <Task(EmailOperator): send_email>, prepare_email already registered for DAG: example_dag_decorator
[2023-03-23T22:58:06.344+0000] {processor.py:766} INFO - DAG(s) dict_keys(['example_dag_decorator']) retrieved from /home/airflow/.local/lib/python3.7/site-packages/airflow/example_dags/example_dag_decorator.py
[2023-03-23T22:58:06.432+0000] {logging_mixin.py:120} INFO - [2023-03-23T22:58:06.431+0000] {dag.py:2585} INFO - Sync 1 DAGs
[2023-03-23T22:58:06.453+0000] {logging_mixin.py:120} INFO - [2023-03-23T22:58:06.453+0000] {dag.py:3340} INFO - Setting next_dagrun for example_dag_decorator to None, run_after=None
[2023-03-23T22:58:06.471+0000] {processor.py:176} INFO - Processing /home/airflow/.local/lib/python3.7/site-packages/airflow/example_dags/example_dag_decorator.py took 0.165 seconds
[2023-03-23T22:58:36.989+0000] {processor.py:154} INFO - Started process (PID=1169) to work on /home/airflow/.local/lib/python3.7/site-packages/airflow/example_dags/example_dag_decorator.py
[2023-03-23T22:58:36.991+0000] {processor.py:756} INFO - Processing file /home/airflow/.local/lib/python3.7/site-packages/airflow/example_dags/example_dag_decorator.py for tasks to queue
[2023-03-23T22:58:36.992+0000] {logging_mixin.py:120} INFO - [2023-03-23T22:58:36.992+0000] {dagbag.py:537} INFO - Filling up the DagBag from /home/airflow/.local/lib/python3.7/site-packages/airflow/example_dags/example_dag_decorator.py
[2023-03-23T22:58:37.006+0000] {logging_mixin.py:120} INFO - [2023-03-23T22:58:37.006+0000] {taskmixin.py:205} WARNING - Dependency <Task(_PythonDecoratedOperator): prepare_email>, send_email already registered for DAG: example_dag_decorator
[2023-03-23T22:58:37.007+0000] {logging_mixin.py:120} INFO - [2023-03-23T22:58:37.007+0000] {taskmixin.py:205} WARNING - Dependency <Task(EmailOperator): send_email>, prepare_email already registered for DAG: example_dag_decorator
[2023-03-23T22:58:37.019+0000] {processor.py:766} INFO - DAG(s) dict_keys(['example_dag_decorator']) retrieved from /home/airflow/.local/lib/python3.7/site-packages/airflow/example_dags/example_dag_decorator.py
[2023-03-23T22:58:37.095+0000] {logging_mixin.py:120} INFO - [2023-03-23T22:58:37.095+0000] {dag.py:2585} INFO - Sync 1 DAGs
[2023-03-23T22:58:37.117+0000] {logging_mixin.py:120} INFO - [2023-03-23T22:58:37.117+0000] {dag.py:3340} INFO - Setting next_dagrun for example_dag_decorator to None, run_after=None
[2023-03-23T22:58:37.143+0000] {processor.py:176} INFO - Processing /home/airflow/.local/lib/python3.7/site-packages/airflow/example_dags/example_dag_decorator.py took 0.156 seconds
[2023-03-23T22:59:07.562+0000] {processor.py:154} INFO - Started process (PID=1230) to work on /home/airflow/.local/lib/python3.7/site-packages/airflow/example_dags/example_dag_decorator.py
[2023-03-23T22:59:07.563+0000] {processor.py:756} INFO - Processing file /home/airflow/.local/lib/python3.7/site-packages/airflow/example_dags/example_dag_decorator.py for tasks to queue
[2023-03-23T22:59:07.564+0000] {logging_mixin.py:120} INFO - [2023-03-23T22:59:07.564+0000] {dagbag.py:537} INFO - Filling up the DagBag from /home/airflow/.local/lib/python3.7/site-packages/airflow/example_dags/example_dag_decorator.py
[2023-03-23T22:59:07.578+0000] {logging_mixin.py:120} INFO - [2023-03-23T22:59:07.577+0000] {taskmixin.py:205} WARNING - Dependency <Task(_PythonDecoratedOperator): prepare_email>, send_email already registered for DAG: example_dag_decorator
[2023-03-23T22:59:07.579+0000] {logging_mixin.py:120} INFO - [2023-03-23T22:59:07.578+0000] {taskmixin.py:205} WARNING - Dependency <Task(EmailOperator): send_email>, prepare_email already registered for DAG: example_dag_decorator
[2023-03-23T22:59:07.591+0000] {processor.py:766} INFO - DAG(s) dict_keys(['example_dag_decorator']) retrieved from /home/airflow/.local/lib/python3.7/site-packages/airflow/example_dags/example_dag_decorator.py
[2023-03-23T22:59:07.664+0000] {logging_mixin.py:120} INFO - [2023-03-23T22:59:07.664+0000] {dag.py:2585} INFO - Sync 1 DAGs
[2023-03-23T22:59:07.686+0000] {logging_mixin.py:120} INFO - [2023-03-23T22:59:07.686+0000] {dag.py:3340} INFO - Setting next_dagrun for example_dag_decorator to None, run_after=None
[2023-03-23T22:59:07.711+0000] {processor.py:176} INFO - Processing /home/airflow/.local/lib/python3.7/site-packages/airflow/example_dags/example_dag_decorator.py took 0.152 seconds
[2023-03-23T22:59:38.268+0000] {processor.py:154} INFO - Started process (PID=1286) to work on /home/airflow/.local/lib/python3.7/site-packages/airflow/example_dags/example_dag_decorator.py
[2023-03-23T22:59:38.269+0000] {processor.py:756} INFO - Processing file /home/airflow/.local/lib/python3.7/site-packages/airflow/example_dags/example_dag_decorator.py for tasks to queue
[2023-03-23T22:59:38.270+0000] {logging_mixin.py:120} INFO - [2023-03-23T22:59:38.270+0000] {dagbag.py:537} INFO - Filling up the DagBag from /home/airflow/.local/lib/python3.7/site-packages/airflow/example_dags/example_dag_decorator.py
[2023-03-23T22:59:38.285+0000] {logging_mixin.py:120} INFO - [2023-03-23T22:59:38.284+0000] {taskmixin.py:205} WARNING - Dependency <Task(_PythonDecoratedOperator): prepare_email>, send_email already registered for DAG: example_dag_decorator
[2023-03-23T22:59:38.285+0000] {logging_mixin.py:120} INFO - [2023-03-23T22:59:38.285+0000] {taskmixin.py:205} WARNING - Dependency <Task(EmailOperator): send_email>, prepare_email already registered for DAG: example_dag_decorator
[2023-03-23T22:59:38.302+0000] {processor.py:766} INFO - DAG(s) dict_keys(['example_dag_decorator']) retrieved from /home/airflow/.local/lib/python3.7/site-packages/airflow/example_dags/example_dag_decorator.py
[2023-03-23T22:59:38.410+0000] {logging_mixin.py:120} INFO - [2023-03-23T22:59:38.409+0000] {dag.py:2585} INFO - Sync 1 DAGs
[2023-03-23T22:59:38.434+0000] {logging_mixin.py:120} INFO - [2023-03-23T22:59:38.434+0000] {dag.py:3340} INFO - Setting next_dagrun for example_dag_decorator to None, run_after=None
[2023-03-23T22:59:38.459+0000] {processor.py:176} INFO - Processing /home/airflow/.local/lib/python3.7/site-packages/airflow/example_dags/example_dag_decorator.py took 0.194 seconds
