[2023-03-23T22:48:40.418+0000] {processor.py:154} INFO - Started process (PID=65) to work on /home/airflow/.local/lib/python3.7/site-packages/airflow/example_dags/example_task_group.py
[2023-03-23T22:48:40.420+0000] {processor.py:756} INFO - Processing file /home/airflow/.local/lib/python3.7/site-packages/airflow/example_dags/example_task_group.py for tasks to queue
[2023-03-23T22:48:40.422+0000] {logging_mixin.py:120} INFO - [2023-03-23T22:48:40.421+0000] {dagbag.py:537} INFO - Filling up the DagBag from /home/airflow/.local/lib/python3.7/site-packages/airflow/example_dags/example_task_group.py
[2023-03-23T22:48:40.514+0000] {processor.py:766} INFO - DAG(s) dict_keys(['example_task_group']) retrieved from /home/airflow/.local/lib/python3.7/site-packages/airflow/example_dags/example_task_group.py
[2023-03-23T22:48:41.607+0000] {logging_mixin.py:120} INFO - [2023-03-23T22:48:41.607+0000] {manager.py:507} INFO - Created Permission View: can edit on DAG:example_task_group
[2023-03-23T22:48:41.726+0000] {logging_mixin.py:120} INFO - [2023-03-23T22:48:41.725+0000] {manager.py:507} INFO - Created Permission View: can read on DAG:example_task_group
[2023-03-23T22:48:41.825+0000] {logging_mixin.py:120} INFO - [2023-03-23T22:48:41.825+0000] {manager.py:507} INFO - Created Permission View: can delete on DAG:example_task_group
[2023-03-23T22:48:41.855+0000] {logging_mixin.py:120} INFO - [2023-03-23T22:48:41.855+0000] {dag.py:2585} INFO - Sync 1 DAGs
[2023-03-23T22:48:41.934+0000] {logging_mixin.py:120} INFO - [2023-03-23T22:48:41.934+0000] {dag.py:2606} INFO - Creating ORM DAG for example_task_group
[2023-03-23T22:48:41.970+0000] {logging_mixin.py:120} INFO - [2023-03-23T22:48:41.970+0000] {dag.py:3340} INFO - Setting next_dagrun for example_task_group to 2023-03-22T22:48:41.969812+00:00, run_after=2023-03-23T22:48:41.969812+00:00
[2023-03-23T22:48:42.116+0000] {processor.py:176} INFO - Processing /home/airflow/.local/lib/python3.7/site-packages/airflow/example_dags/example_task_group.py took 1.713 seconds
[2023-03-23T22:49:16.285+0000] {processor.py:154} INFO - Started process (PID=119) to work on /home/airflow/.local/lib/python3.7/site-packages/airflow/example_dags/example_task_group.py
[2023-03-23T22:49:16.290+0000] {processor.py:756} INFO - Processing file /home/airflow/.local/lib/python3.7/site-packages/airflow/example_dags/example_task_group.py for tasks to queue
[2023-03-23T22:49:16.307+0000] {logging_mixin.py:120} INFO - [2023-03-23T22:49:16.306+0000] {dagbag.py:537} INFO - Filling up the DagBag from /home/airflow/.local/lib/python3.7/site-packages/airflow/example_dags/example_task_group.py
[2023-03-23T22:49:16.375+0000] {processor.py:766} INFO - DAG(s) dict_keys(['example_task_group']) retrieved from /home/airflow/.local/lib/python3.7/site-packages/airflow/example_dags/example_task_group.py
[2023-03-23T22:49:16.626+0000] {logging_mixin.py:120} INFO - [2023-03-23T22:49:16.626+0000] {dag.py:2585} INFO - Sync 1 DAGs
[2023-03-23T22:49:16.752+0000] {logging_mixin.py:120} INFO - [2023-03-23T22:49:16.752+0000] {dag.py:3340} INFO - Setting next_dagrun for example_task_group to 2023-03-22T22:49:16.751589+00:00, run_after=2023-03-23T22:49:16.751589+00:00
[2023-03-23T22:49:16.857+0000] {processor.py:176} INFO - Processing /home/airflow/.local/lib/python3.7/site-packages/airflow/example_dags/example_task_group.py took 0.578 seconds
[2023-03-23T22:49:54.151+0000] {processor.py:154} INFO - Started process (PID=174) to work on /home/airflow/.local/lib/python3.7/site-packages/airflow/example_dags/example_task_group.py
[2023-03-23T22:49:54.162+0000] {processor.py:756} INFO - Processing file /home/airflow/.local/lib/python3.7/site-packages/airflow/example_dags/example_task_group.py for tasks to queue
[2023-03-23T22:49:54.165+0000] {logging_mixin.py:120} INFO - [2023-03-23T22:49:54.164+0000] {dagbag.py:537} INFO - Filling up the DagBag from /home/airflow/.local/lib/python3.7/site-packages/airflow/example_dags/example_task_group.py
[2023-03-23T22:49:54.240+0000] {processor.py:766} INFO - DAG(s) dict_keys(['example_task_group']) retrieved from /home/airflow/.local/lib/python3.7/site-packages/airflow/example_dags/example_task_group.py
[2023-03-23T22:49:54.409+0000] {logging_mixin.py:120} INFO - [2023-03-23T22:49:54.409+0000] {dag.py:2585} INFO - Sync 1 DAGs
[2023-03-23T22:49:54.538+0000] {logging_mixin.py:120} INFO - [2023-03-23T22:49:54.538+0000] {dag.py:3340} INFO - Setting next_dagrun for example_task_group to 2023-03-22T22:49:54.537738+00:00, run_after=2023-03-23T22:49:54.537738+00:00
[2023-03-23T22:49:54.680+0000] {processor.py:176} INFO - Processing /home/airflow/.local/lib/python3.7/site-packages/airflow/example_dags/example_task_group.py took 0.534 seconds
[2023-03-23T22:50:25.121+0000] {processor.py:154} INFO - Started process (PID=228) to work on /home/airflow/.local/lib/python3.7/site-packages/airflow/example_dags/example_task_group.py
[2023-03-23T22:50:25.126+0000] {processor.py:756} INFO - Processing file /home/airflow/.local/lib/python3.7/site-packages/airflow/example_dags/example_task_group.py for tasks to queue
[2023-03-23T22:50:25.131+0000] {logging_mixin.py:120} INFO - [2023-03-23T22:50:25.131+0000] {dagbag.py:537} INFO - Filling up the DagBag from /home/airflow/.local/lib/python3.7/site-packages/airflow/example_dags/example_task_group.py
[2023-03-23T22:50:25.214+0000] {processor.py:766} INFO - DAG(s) dict_keys(['example_task_group']) retrieved from /home/airflow/.local/lib/python3.7/site-packages/airflow/example_dags/example_task_group.py
[2023-03-23T22:50:25.384+0000] {logging_mixin.py:120} INFO - [2023-03-23T22:50:25.384+0000] {dag.py:2585} INFO - Sync 1 DAGs
[2023-03-23T22:50:25.531+0000] {logging_mixin.py:120} INFO - [2023-03-23T22:50:25.530+0000] {dag.py:3340} INFO - Setting next_dagrun for example_task_group to 2023-03-22T22:50:25.530303+00:00, run_after=2023-03-23T22:50:25.530303+00:00
[2023-03-23T22:50:25.807+0000] {processor.py:176} INFO - Processing /home/airflow/.local/lib/python3.7/site-packages/airflow/example_dags/example_task_group.py took 0.694 seconds
[2023-03-23T22:50:56.745+0000] {processor.py:154} INFO - Started process (PID=273) to work on /home/airflow/.local/lib/python3.7/site-packages/airflow/example_dags/example_task_group.py
[2023-03-23T22:50:56.748+0000] {processor.py:756} INFO - Processing file /home/airflow/.local/lib/python3.7/site-packages/airflow/example_dags/example_task_group.py for tasks to queue
[2023-03-23T22:50:56.750+0000] {logging_mixin.py:120} INFO - [2023-03-23T22:50:56.750+0000] {dagbag.py:537} INFO - Filling up the DagBag from /home/airflow/.local/lib/python3.7/site-packages/airflow/example_dags/example_task_group.py
[2023-03-23T22:50:56.785+0000] {processor.py:766} INFO - DAG(s) dict_keys(['example_task_group']) retrieved from /home/airflow/.local/lib/python3.7/site-packages/airflow/example_dags/example_task_group.py
[2023-03-23T22:50:56.919+0000] {logging_mixin.py:120} INFO - [2023-03-23T22:50:56.918+0000] {dag.py:2585} INFO - Sync 1 DAGs
[2023-03-23T22:50:57.046+0000] {logging_mixin.py:120} INFO - [2023-03-23T22:50:57.046+0000] {dag.py:3340} INFO - Setting next_dagrun for example_task_group to 2023-03-22T22:50:57.046140+00:00, run_after=2023-03-23T22:50:57.046140+00:00
[2023-03-23T22:50:57.151+0000] {processor.py:176} INFO - Processing /home/airflow/.local/lib/python3.7/site-packages/airflow/example_dags/example_task_group.py took 0.411 seconds
[2023-03-23T22:51:27.945+0000] {processor.py:154} INFO - Started process (PID=337) to work on /home/airflow/.local/lib/python3.7/site-packages/airflow/example_dags/example_task_group.py
[2023-03-23T22:51:27.947+0000] {processor.py:756} INFO - Processing file /home/airflow/.local/lib/python3.7/site-packages/airflow/example_dags/example_task_group.py for tasks to queue
[2023-03-23T22:51:27.949+0000] {logging_mixin.py:120} INFO - [2023-03-23T22:51:27.948+0000] {dagbag.py:537} INFO - Filling up the DagBag from /home/airflow/.local/lib/python3.7/site-packages/airflow/example_dags/example_task_group.py
[2023-03-23T22:51:27.997+0000] {processor.py:766} INFO - DAG(s) dict_keys(['example_task_group']) retrieved from /home/airflow/.local/lib/python3.7/site-packages/airflow/example_dags/example_task_group.py
[2023-03-23T22:51:28.133+0000] {logging_mixin.py:120} INFO - [2023-03-23T22:51:28.132+0000] {dag.py:2585} INFO - Sync 1 DAGs
[2023-03-23T22:51:28.262+0000] {logging_mixin.py:120} INFO - [2023-03-23T22:51:28.261+0000] {dag.py:3340} INFO - Setting next_dagrun for example_task_group to 2023-03-22T22:51:28.261527+00:00, run_after=2023-03-23T22:51:28.261527+00:00
[2023-03-23T22:51:28.359+0000] {processor.py:176} INFO - Processing /home/airflow/.local/lib/python3.7/site-packages/airflow/example_dags/example_task_group.py took 0.422 seconds
[2023-03-23T22:51:58.917+0000] {processor.py:154} INFO - Started process (PID=391) to work on /home/airflow/.local/lib/python3.7/site-packages/airflow/example_dags/example_task_group.py
[2023-03-23T22:51:58.920+0000] {processor.py:756} INFO - Processing file /home/airflow/.local/lib/python3.7/site-packages/airflow/example_dags/example_task_group.py for tasks to queue
[2023-03-23T22:51:58.922+0000] {logging_mixin.py:120} INFO - [2023-03-23T22:51:58.921+0000] {dagbag.py:537} INFO - Filling up the DagBag from /home/airflow/.local/lib/python3.7/site-packages/airflow/example_dags/example_task_group.py
[2023-03-23T22:51:58.977+0000] {processor.py:766} INFO - DAG(s) dict_keys(['example_task_group']) retrieved from /home/airflow/.local/lib/python3.7/site-packages/airflow/example_dags/example_task_group.py
[2023-03-23T22:51:59.058+0000] {logging_mixin.py:120} INFO - [2023-03-23T22:51:59.058+0000] {dag.py:2585} INFO - Sync 1 DAGs
[2023-03-23T22:51:59.110+0000] {logging_mixin.py:120} INFO - [2023-03-23T22:51:59.110+0000] {dag.py:3340} INFO - Setting next_dagrun for example_task_group to 2023-03-22T22:51:59.110104+00:00, run_after=2023-03-23T22:51:59.110104+00:00
[2023-03-23T22:51:59.160+0000] {processor.py:176} INFO - Processing /home/airflow/.local/lib/python3.7/site-packages/airflow/example_dags/example_task_group.py took 0.248 seconds
[2023-03-23T22:52:29.722+0000] {processor.py:154} INFO - Started process (PID=455) to work on /home/airflow/.local/lib/python3.7/site-packages/airflow/example_dags/example_task_group.py
[2023-03-23T22:52:29.723+0000] {processor.py:756} INFO - Processing file /home/airflow/.local/lib/python3.7/site-packages/airflow/example_dags/example_task_group.py for tasks to queue
[2023-03-23T22:52:29.725+0000] {logging_mixin.py:120} INFO - [2023-03-23T22:52:29.724+0000] {dagbag.py:537} INFO - Filling up the DagBag from /home/airflow/.local/lib/python3.7/site-packages/airflow/example_dags/example_task_group.py
[2023-03-23T22:52:29.749+0000] {processor.py:766} INFO - DAG(s) dict_keys(['example_task_group']) retrieved from /home/airflow/.local/lib/python3.7/site-packages/airflow/example_dags/example_task_group.py
[2023-03-23T22:52:29.804+0000] {logging_mixin.py:120} INFO - [2023-03-23T22:52:29.804+0000] {dag.py:2585} INFO - Sync 1 DAGs
[2023-03-23T22:52:29.844+0000] {logging_mixin.py:120} INFO - [2023-03-23T22:52:29.843+0000] {dag.py:3340} INFO - Setting next_dagrun for example_task_group to 2023-03-22T22:52:29.843406+00:00, run_after=2023-03-23T22:52:29.843406+00:00
[2023-03-23T22:52:29.872+0000] {processor.py:176} INFO - Processing /home/airflow/.local/lib/python3.7/site-packages/airflow/example_dags/example_task_group.py took 0.154 seconds
[2023-03-23T22:53:00.350+0000] {processor.py:154} INFO - Started process (PID=518) to work on /home/airflow/.local/lib/python3.7/site-packages/airflow/example_dags/example_task_group.py
[2023-03-23T22:53:00.352+0000] {processor.py:756} INFO - Processing file /home/airflow/.local/lib/python3.7/site-packages/airflow/example_dags/example_task_group.py for tasks to queue
[2023-03-23T22:53:00.353+0000] {logging_mixin.py:120} INFO - [2023-03-23T22:53:00.353+0000] {dagbag.py:537} INFO - Filling up the DagBag from /home/airflow/.local/lib/python3.7/site-packages/airflow/example_dags/example_task_group.py
[2023-03-23T22:53:00.382+0000] {processor.py:766} INFO - DAG(s) dict_keys(['example_task_group']) retrieved from /home/airflow/.local/lib/python3.7/site-packages/airflow/example_dags/example_task_group.py
[2023-03-23T22:53:00.459+0000] {logging_mixin.py:120} INFO - [2023-03-23T22:53:00.458+0000] {dag.py:2585} INFO - Sync 1 DAGs
[2023-03-23T22:53:00.508+0000] {logging_mixin.py:120} INFO - [2023-03-23T22:53:00.508+0000] {dag.py:3340} INFO - Setting next_dagrun for example_task_group to 2023-03-22T22:53:00.507835+00:00, run_after=2023-03-23T22:53:00.507835+00:00
[2023-03-23T22:53:00.545+0000] {processor.py:176} INFO - Processing /home/airflow/.local/lib/python3.7/site-packages/airflow/example_dags/example_task_group.py took 0.200 seconds
[2023-03-23T22:53:30.755+0000] {processor.py:154} INFO - Started process (PID=572) to work on /home/airflow/.local/lib/python3.7/site-packages/airflow/example_dags/example_task_group.py
[2023-03-23T22:53:30.756+0000] {processor.py:756} INFO - Processing file /home/airflow/.local/lib/python3.7/site-packages/airflow/example_dags/example_task_group.py for tasks to queue
[2023-03-23T22:53:30.758+0000] {logging_mixin.py:120} INFO - [2023-03-23T22:53:30.758+0000] {dagbag.py:537} INFO - Filling up the DagBag from /home/airflow/.local/lib/python3.7/site-packages/airflow/example_dags/example_task_group.py
[2023-03-23T22:53:30.787+0000] {processor.py:766} INFO - DAG(s) dict_keys(['example_task_group']) retrieved from /home/airflow/.local/lib/python3.7/site-packages/airflow/example_dags/example_task_group.py
[2023-03-23T22:53:30.868+0000] {logging_mixin.py:120} INFO - [2023-03-23T22:53:30.868+0000] {dag.py:2585} INFO - Sync 1 DAGs
[2023-03-23T22:53:30.948+0000] {logging_mixin.py:120} INFO - [2023-03-23T22:53:30.948+0000] {dag.py:3340} INFO - Setting next_dagrun for example_task_group to 2023-03-22T22:53:30.939803+00:00, run_after=2023-03-23T22:53:30.939803+00:00
[2023-03-23T22:53:31.003+0000] {processor.py:176} INFO - Processing /home/airflow/.local/lib/python3.7/site-packages/airflow/example_dags/example_task_group.py took 0.253 seconds
[2023-03-23T22:54:01.587+0000] {processor.py:154} INFO - Started process (PID=635) to work on /home/airflow/.local/lib/python3.7/site-packages/airflow/example_dags/example_task_group.py
[2023-03-23T22:54:01.588+0000] {processor.py:756} INFO - Processing file /home/airflow/.local/lib/python3.7/site-packages/airflow/example_dags/example_task_group.py for tasks to queue
[2023-03-23T22:54:01.590+0000] {logging_mixin.py:120} INFO - [2023-03-23T22:54:01.589+0000] {dagbag.py:537} INFO - Filling up the DagBag from /home/airflow/.local/lib/python3.7/site-packages/airflow/example_dags/example_task_group.py
[2023-03-23T22:54:01.609+0000] {processor.py:766} INFO - DAG(s) dict_keys(['example_task_group']) retrieved from /home/airflow/.local/lib/python3.7/site-packages/airflow/example_dags/example_task_group.py
[2023-03-23T22:54:01.661+0000] {logging_mixin.py:120} INFO - [2023-03-23T22:54:01.661+0000] {dag.py:2585} INFO - Sync 1 DAGs
[2023-03-23T22:54:01.709+0000] {logging_mixin.py:120} INFO - [2023-03-23T22:54:01.708+0000] {dag.py:3340} INFO - Setting next_dagrun for example_task_group to 2023-03-22T22:54:01.708314+00:00, run_after=2023-03-23T22:54:01.708314+00:00
[2023-03-23T22:54:01.749+0000] {processor.py:176} INFO - Processing /home/airflow/.local/lib/python3.7/site-packages/airflow/example_dags/example_task_group.py took 0.166 seconds
[2023-03-23T22:54:32.567+0000] {processor.py:154} INFO - Started process (PID=688) to work on /home/airflow/.local/lib/python3.7/site-packages/airflow/example_dags/example_task_group.py
[2023-03-23T22:54:32.569+0000] {processor.py:756} INFO - Processing file /home/airflow/.local/lib/python3.7/site-packages/airflow/example_dags/example_task_group.py for tasks to queue
[2023-03-23T22:54:32.572+0000] {logging_mixin.py:120} INFO - [2023-03-23T22:54:32.572+0000] {dagbag.py:537} INFO - Filling up the DagBag from /home/airflow/.local/lib/python3.7/site-packages/airflow/example_dags/example_task_group.py
[2023-03-23T22:54:32.602+0000] {processor.py:766} INFO - DAG(s) dict_keys(['example_task_group']) retrieved from /home/airflow/.local/lib/python3.7/site-packages/airflow/example_dags/example_task_group.py
[2023-03-23T22:54:32.670+0000] {logging_mixin.py:120} INFO - [2023-03-23T22:54:32.670+0000] {dag.py:2585} INFO - Sync 1 DAGs
[2023-03-23T22:54:32.715+0000] {logging_mixin.py:120} INFO - [2023-03-23T22:54:32.715+0000] {dag.py:3340} INFO - Setting next_dagrun for example_task_group to 2023-03-22T22:54:32.714821+00:00, run_after=2023-03-23T22:54:32.714821+00:00
[2023-03-23T22:54:32.763+0000] {processor.py:176} INFO - Processing /home/airflow/.local/lib/python3.7/site-packages/airflow/example_dags/example_task_group.py took 0.202 seconds
[2023-03-23T22:55:02.965+0000] {processor.py:154} INFO - Started process (PID=750) to work on /home/airflow/.local/lib/python3.7/site-packages/airflow/example_dags/example_task_group.py
[2023-03-23T22:55:02.966+0000] {processor.py:756} INFO - Processing file /home/airflow/.local/lib/python3.7/site-packages/airflow/example_dags/example_task_group.py for tasks to queue
[2023-03-23T22:55:02.967+0000] {logging_mixin.py:120} INFO - [2023-03-23T22:55:02.967+0000] {dagbag.py:537} INFO - Filling up the DagBag from /home/airflow/.local/lib/python3.7/site-packages/airflow/example_dags/example_task_group.py
[2023-03-23T22:55:02.981+0000] {processor.py:766} INFO - DAG(s) dict_keys(['example_task_group']) retrieved from /home/airflow/.local/lib/python3.7/site-packages/airflow/example_dags/example_task_group.py
[2023-03-23T22:55:03.024+0000] {logging_mixin.py:120} INFO - [2023-03-23T22:55:03.024+0000] {dag.py:2585} INFO - Sync 1 DAGs
[2023-03-23T22:55:03.048+0000] {logging_mixin.py:120} INFO - [2023-03-23T22:55:03.048+0000] {dag.py:3340} INFO - Setting next_dagrun for example_task_group to 2023-03-22T22:55:03.047982+00:00, run_after=2023-03-23T22:55:03.047982+00:00
[2023-03-23T22:55:03.076+0000] {processor.py:176} INFO - Processing /home/airflow/.local/lib/python3.7/site-packages/airflow/example_dags/example_task_group.py took 0.113 seconds
[2023-03-23T22:55:33.194+0000] {processor.py:154} INFO - Started process (PID=813) to work on /home/airflow/.local/lib/python3.7/site-packages/airflow/example_dags/example_task_group.py
[2023-03-23T22:55:33.195+0000] {processor.py:756} INFO - Processing file /home/airflow/.local/lib/python3.7/site-packages/airflow/example_dags/example_task_group.py for tasks to queue
[2023-03-23T22:55:33.196+0000] {logging_mixin.py:120} INFO - [2023-03-23T22:55:33.196+0000] {dagbag.py:537} INFO - Filling up the DagBag from /home/airflow/.local/lib/python3.7/site-packages/airflow/example_dags/example_task_group.py
[2023-03-23T22:55:33.214+0000] {processor.py:766} INFO - DAG(s) dict_keys(['example_task_group']) retrieved from /home/airflow/.local/lib/python3.7/site-packages/airflow/example_dags/example_task_group.py
[2023-03-23T22:55:33.256+0000] {logging_mixin.py:120} INFO - [2023-03-23T22:55:33.256+0000] {dag.py:2585} INFO - Sync 1 DAGs
[2023-03-23T22:55:33.281+0000] {logging_mixin.py:120} INFO - [2023-03-23T22:55:33.281+0000] {dag.py:3340} INFO - Setting next_dagrun for example_task_group to 2023-03-22T22:55:33.281562+00:00, run_after=2023-03-23T22:55:33.281562+00:00
[2023-03-23T22:55:33.312+0000] {processor.py:176} INFO - Processing /home/airflow/.local/lib/python3.7/site-packages/airflow/example_dags/example_task_group.py took 0.122 seconds
[2023-03-23T22:56:03.842+0000] {processor.py:154} INFO - Started process (PID=865) to work on /home/airflow/.local/lib/python3.7/site-packages/airflow/example_dags/example_task_group.py
[2023-03-23T22:56:03.843+0000] {processor.py:756} INFO - Processing file /home/airflow/.local/lib/python3.7/site-packages/airflow/example_dags/example_task_group.py for tasks to queue
[2023-03-23T22:56:03.844+0000] {logging_mixin.py:120} INFO - [2023-03-23T22:56:03.844+0000] {dagbag.py:537} INFO - Filling up the DagBag from /home/airflow/.local/lib/python3.7/site-packages/airflow/example_dags/example_task_group.py
[2023-03-23T22:56:03.868+0000] {processor.py:766} INFO - DAG(s) dict_keys(['example_task_group']) retrieved from /home/airflow/.local/lib/python3.7/site-packages/airflow/example_dags/example_task_group.py
[2023-03-23T22:56:03.931+0000] {logging_mixin.py:120} INFO - [2023-03-23T22:56:03.931+0000] {dag.py:2585} INFO - Sync 1 DAGs
[2023-03-23T22:56:03.981+0000] {logging_mixin.py:120} INFO - [2023-03-23T22:56:03.980+0000] {dag.py:3340} INFO - Setting next_dagrun for example_task_group to 2023-03-22T22:56:03.980147+00:00, run_after=2023-03-23T22:56:03.980147+00:00
[2023-03-23T22:56:04.050+0000] {processor.py:176} INFO - Processing /home/airflow/.local/lib/python3.7/site-packages/airflow/example_dags/example_task_group.py took 0.211 seconds
[2023-03-23T22:56:34.373+0000] {processor.py:154} INFO - Started process (PID=930) to work on /home/airflow/.local/lib/python3.7/site-packages/airflow/example_dags/example_task_group.py
[2023-03-23T22:56:34.374+0000] {processor.py:756} INFO - Processing file /home/airflow/.local/lib/python3.7/site-packages/airflow/example_dags/example_task_group.py for tasks to queue
[2023-03-23T22:56:34.375+0000] {logging_mixin.py:120} INFO - [2023-03-23T22:56:34.375+0000] {dagbag.py:537} INFO - Filling up the DagBag from /home/airflow/.local/lib/python3.7/site-packages/airflow/example_dags/example_task_group.py
[2023-03-23T22:56:34.395+0000] {processor.py:766} INFO - DAG(s) dict_keys(['example_task_group']) retrieved from /home/airflow/.local/lib/python3.7/site-packages/airflow/example_dags/example_task_group.py
[2023-03-23T22:56:34.454+0000] {logging_mixin.py:120} INFO - [2023-03-23T22:56:34.454+0000] {dag.py:2585} INFO - Sync 1 DAGs
[2023-03-23T22:56:34.495+0000] {logging_mixin.py:120} INFO - [2023-03-23T22:56:34.495+0000] {dag.py:3340} INFO - Setting next_dagrun for example_task_group to 2023-03-22T22:56:34.495243+00:00, run_after=2023-03-23T22:56:34.495243+00:00
[2023-03-23T22:56:34.529+0000] {processor.py:176} INFO - Processing /home/airflow/.local/lib/python3.7/site-packages/airflow/example_dags/example_task_group.py took 0.161 seconds
[2023-03-23T22:57:04.759+0000] {processor.py:154} INFO - Started process (PID=991) to work on /home/airflow/.local/lib/python3.7/site-packages/airflow/example_dags/example_task_group.py
[2023-03-23T22:57:04.760+0000] {processor.py:756} INFO - Processing file /home/airflow/.local/lib/python3.7/site-packages/airflow/example_dags/example_task_group.py for tasks to queue
[2023-03-23T22:57:04.761+0000] {logging_mixin.py:120} INFO - [2023-03-23T22:57:04.760+0000] {dagbag.py:537} INFO - Filling up the DagBag from /home/airflow/.local/lib/python3.7/site-packages/airflow/example_dags/example_task_group.py
[2023-03-23T22:57:04.776+0000] {processor.py:766} INFO - DAG(s) dict_keys(['example_task_group']) retrieved from /home/airflow/.local/lib/python3.7/site-packages/airflow/example_dags/example_task_group.py
[2023-03-23T22:57:04.820+0000] {logging_mixin.py:120} INFO - [2023-03-23T22:57:04.819+0000] {dag.py:2585} INFO - Sync 1 DAGs
[2023-03-23T22:57:04.852+0000] {logging_mixin.py:120} INFO - [2023-03-23T22:57:04.852+0000] {dag.py:3340} INFO - Setting next_dagrun for example_task_group to 2023-03-22T22:57:04.851713+00:00, run_after=2023-03-23T22:57:04.851713+00:00
[2023-03-23T22:57:04.874+0000] {processor.py:176} INFO - Processing /home/airflow/.local/lib/python3.7/site-packages/airflow/example_dags/example_task_group.py took 0.118 seconds
[2023-03-23T22:57:35.077+0000] {processor.py:154} INFO - Started process (PID=1045) to work on /home/airflow/.local/lib/python3.7/site-packages/airflow/example_dags/example_task_group.py
[2023-03-23T22:57:35.078+0000] {processor.py:756} INFO - Processing file /home/airflow/.local/lib/python3.7/site-packages/airflow/example_dags/example_task_group.py for tasks to queue
[2023-03-23T22:57:35.079+0000] {logging_mixin.py:120} INFO - [2023-03-23T22:57:35.079+0000] {dagbag.py:537} INFO - Filling up the DagBag from /home/airflow/.local/lib/python3.7/site-packages/airflow/example_dags/example_task_group.py
[2023-03-23T22:57:35.094+0000] {processor.py:766} INFO - DAG(s) dict_keys(['example_task_group']) retrieved from /home/airflow/.local/lib/python3.7/site-packages/airflow/example_dags/example_task_group.py
[2023-03-23T22:57:35.136+0000] {logging_mixin.py:120} INFO - [2023-03-23T22:57:35.136+0000] {dag.py:2585} INFO - Sync 1 DAGs
[2023-03-23T22:57:35.162+0000] {logging_mixin.py:120} INFO - [2023-03-23T22:57:35.162+0000] {dag.py:3340} INFO - Setting next_dagrun for example_task_group to 2023-03-22T22:57:35.161988+00:00, run_after=2023-03-23T22:57:35.161988+00:00
[2023-03-23T22:57:35.187+0000] {processor.py:176} INFO - Processing /home/airflow/.local/lib/python3.7/site-packages/airflow/example_dags/example_task_group.py took 0.112 seconds
[2023-03-23T22:58:05.781+0000] {processor.py:154} INFO - Started process (PID=1105) to work on /home/airflow/.local/lib/python3.7/site-packages/airflow/example_dags/example_task_group.py
[2023-03-23T22:58:05.782+0000] {processor.py:756} INFO - Processing file /home/airflow/.local/lib/python3.7/site-packages/airflow/example_dags/example_task_group.py for tasks to queue
[2023-03-23T22:58:05.784+0000] {logging_mixin.py:120} INFO - [2023-03-23T22:58:05.783+0000] {dagbag.py:537} INFO - Filling up the DagBag from /home/airflow/.local/lib/python3.7/site-packages/airflow/example_dags/example_task_group.py
[2023-03-23T22:58:05.810+0000] {processor.py:766} INFO - DAG(s) dict_keys(['example_task_group']) retrieved from /home/airflow/.local/lib/python3.7/site-packages/airflow/example_dags/example_task_group.py
[2023-03-23T22:58:05.852+0000] {logging_mixin.py:120} INFO - [2023-03-23T22:58:05.852+0000] {dag.py:2585} INFO - Sync 1 DAGs
[2023-03-23T22:58:05.878+0000] {logging_mixin.py:120} INFO - [2023-03-23T22:58:05.878+0000] {dag.py:3340} INFO - Setting next_dagrun for example_task_group to 2023-03-22T22:58:05.877855+00:00, run_after=2023-03-23T22:58:05.877855+00:00
[2023-03-23T22:58:05.898+0000] {processor.py:176} INFO - Processing /home/airflow/.local/lib/python3.7/site-packages/airflow/example_dags/example_task_group.py took 0.122 seconds
[2023-03-23T22:58:35.963+0000] {processor.py:154} INFO - Started process (PID=1168) to work on /home/airflow/.local/lib/python3.7/site-packages/airflow/example_dags/example_task_group.py
[2023-03-23T22:58:35.964+0000] {processor.py:756} INFO - Processing file /home/airflow/.local/lib/python3.7/site-packages/airflow/example_dags/example_task_group.py for tasks to queue
[2023-03-23T22:58:35.965+0000] {logging_mixin.py:120} INFO - [2023-03-23T22:58:35.964+0000] {dagbag.py:537} INFO - Filling up the DagBag from /home/airflow/.local/lib/python3.7/site-packages/airflow/example_dags/example_task_group.py
[2023-03-23T22:58:35.980+0000] {processor.py:766} INFO - DAG(s) dict_keys(['example_task_group']) retrieved from /home/airflow/.local/lib/python3.7/site-packages/airflow/example_dags/example_task_group.py
[2023-03-23T22:58:36.026+0000] {logging_mixin.py:120} INFO - [2023-03-23T22:58:36.026+0000] {dag.py:2585} INFO - Sync 1 DAGs
[2023-03-23T22:58:36.051+0000] {logging_mixin.py:120} INFO - [2023-03-23T22:58:36.051+0000] {dag.py:3340} INFO - Setting next_dagrun for example_task_group to 2023-03-22T22:58:36.051242+00:00, run_after=2023-03-23T22:58:36.051242+00:00
[2023-03-23T22:58:36.071+0000] {processor.py:176} INFO - Processing /home/airflow/.local/lib/python3.7/site-packages/airflow/example_dags/example_task_group.py took 0.112 seconds
[2023-03-23T22:59:06.556+0000] {processor.py:154} INFO - Started process (PID=1222) to work on /home/airflow/.local/lib/python3.7/site-packages/airflow/example_dags/example_task_group.py
[2023-03-23T22:59:06.557+0000] {processor.py:756} INFO - Processing file /home/airflow/.local/lib/python3.7/site-packages/airflow/example_dags/example_task_group.py for tasks to queue
[2023-03-23T22:59:06.558+0000] {logging_mixin.py:120} INFO - [2023-03-23T22:59:06.558+0000] {dagbag.py:537} INFO - Filling up the DagBag from /home/airflow/.local/lib/python3.7/site-packages/airflow/example_dags/example_task_group.py
[2023-03-23T22:59:06.572+0000] {processor.py:766} INFO - DAG(s) dict_keys(['example_task_group']) retrieved from /home/airflow/.local/lib/python3.7/site-packages/airflow/example_dags/example_task_group.py
[2023-03-23T22:59:06.613+0000] {logging_mixin.py:120} INFO - [2023-03-23T22:59:06.612+0000] {dag.py:2585} INFO - Sync 1 DAGs
[2023-03-23T22:59:06.635+0000] {logging_mixin.py:120} INFO - [2023-03-23T22:59:06.635+0000] {dag.py:3340} INFO - Setting next_dagrun for example_task_group to 2023-03-22T22:59:06.635385+00:00, run_after=2023-03-23T22:59:06.635385+00:00
[2023-03-23T22:59:06.657+0000] {processor.py:176} INFO - Processing /home/airflow/.local/lib/python3.7/site-packages/airflow/example_dags/example_task_group.py took 0.104 seconds
[2023-03-23T22:59:37.251+0000] {processor.py:154} INFO - Started process (PID=1285) to work on /home/airflow/.local/lib/python3.7/site-packages/airflow/example_dags/example_task_group.py
[2023-03-23T22:59:37.252+0000] {processor.py:756} INFO - Processing file /home/airflow/.local/lib/python3.7/site-packages/airflow/example_dags/example_task_group.py for tasks to queue
[2023-03-23T22:59:37.253+0000] {logging_mixin.py:120} INFO - [2023-03-23T22:59:37.253+0000] {dagbag.py:537} INFO - Filling up the DagBag from /home/airflow/.local/lib/python3.7/site-packages/airflow/example_dags/example_task_group.py
[2023-03-23T22:59:37.267+0000] {processor.py:766} INFO - DAG(s) dict_keys(['example_task_group']) retrieved from /home/airflow/.local/lib/python3.7/site-packages/airflow/example_dags/example_task_group.py
[2023-03-23T22:59:37.309+0000] {logging_mixin.py:120} INFO - [2023-03-23T22:59:37.309+0000] {dag.py:2585} INFO - Sync 1 DAGs
[2023-03-23T22:59:37.335+0000] {logging_mixin.py:120} INFO - [2023-03-23T22:59:37.335+0000] {dag.py:3340} INFO - Setting next_dagrun for example_task_group to 2023-03-22T22:59:37.335182+00:00, run_after=2023-03-23T22:59:37.335182+00:00
[2023-03-23T22:59:37.357+0000] {processor.py:176} INFO - Processing /home/airflow/.local/lib/python3.7/site-packages/airflow/example_dags/example_task_group.py took 0.108 seconds
