[2023-03-23T22:49:06.088+0000] {processor.py:154} INFO - Started process (PID=94) to work on /home/airflow/.local/lib/python3.7/site-packages/airflow/example_dags/example_trigger_controller_dag.py
[2023-03-23T22:49:06.096+0000] {processor.py:756} INFO - Processing file /home/airflow/.local/lib/python3.7/site-packages/airflow/example_dags/example_trigger_controller_dag.py for tasks to queue
[2023-03-23T22:49:06.102+0000] {logging_mixin.py:120} INFO - [2023-03-23T22:49:06.101+0000] {dagbag.py:537} INFO - Filling up the DagBag from /home/airflow/.local/lib/python3.7/site-packages/airflow/example_dags/example_trigger_controller_dag.py
[2023-03-23T22:49:06.181+0000] {processor.py:766} INFO - DAG(s) dict_keys(['example_trigger_controller_dag']) retrieved from /home/airflow/.local/lib/python3.7/site-packages/airflow/example_dags/example_trigger_controller_dag.py
[2023-03-23T22:49:06.903+0000] {logging_mixin.py:120} INFO - [2023-03-23T22:49:06.902+0000] {manager.py:507} INFO - Created Permission View: can edit on DAG:example_trigger_controller_dag
[2023-03-23T22:49:06.955+0000] {logging_mixin.py:120} INFO - [2023-03-23T22:49:06.955+0000] {manager.py:507} INFO - Created Permission View: can read on DAG:example_trigger_controller_dag
[2023-03-23T22:49:07.005+0000] {logging_mixin.py:120} INFO - [2023-03-23T22:49:07.005+0000] {manager.py:507} INFO - Created Permission View: can delete on DAG:example_trigger_controller_dag
[2023-03-23T22:49:07.013+0000] {logging_mixin.py:120} INFO - [2023-03-23T22:49:07.013+0000] {dag.py:2585} INFO - Sync 1 DAGs
[2023-03-23T22:49:07.086+0000] {logging_mixin.py:120} INFO - [2023-03-23T22:49:07.086+0000] {dag.py:2606} INFO - Creating ORM DAG for example_trigger_controller_dag
[2023-03-23T22:49:07.152+0000] {logging_mixin.py:120} INFO - [2023-03-23T22:49:07.152+0000] {dag.py:3340} INFO - Setting next_dagrun for example_trigger_controller_dag to 2021-01-01T00:00:00+00:00, run_after=2021-01-01T00:00:00+00:00
[2023-03-23T22:49:07.268+0000] {processor.py:176} INFO - Processing /home/airflow/.local/lib/python3.7/site-packages/airflow/example_dags/example_trigger_controller_dag.py took 1.185 seconds
[2023-03-23T22:49:38.415+0000] {processor.py:154} INFO - Started process (PID=149) to work on /home/airflow/.local/lib/python3.7/site-packages/airflow/example_dags/example_trigger_controller_dag.py
[2023-03-23T22:49:38.423+0000] {processor.py:756} INFO - Processing file /home/airflow/.local/lib/python3.7/site-packages/airflow/example_dags/example_trigger_controller_dag.py for tasks to queue
[2023-03-23T22:49:38.427+0000] {logging_mixin.py:120} INFO - [2023-03-23T22:49:38.427+0000] {dagbag.py:537} INFO - Filling up the DagBag from /home/airflow/.local/lib/python3.7/site-packages/airflow/example_dags/example_trigger_controller_dag.py
[2023-03-23T22:49:38.471+0000] {processor.py:766} INFO - DAG(s) dict_keys(['example_trigger_controller_dag']) retrieved from /home/airflow/.local/lib/python3.7/site-packages/airflow/example_dags/example_trigger_controller_dag.py
[2023-03-23T22:49:38.615+0000] {logging_mixin.py:120} INFO - [2023-03-23T22:49:38.614+0000] {dag.py:2585} INFO - Sync 1 DAGs
[2023-03-23T22:49:38.722+0000] {logging_mixin.py:120} INFO - [2023-03-23T22:49:38.712+0000] {dag.py:3340} INFO - Setting next_dagrun for example_trigger_controller_dag to 2021-01-01T00:00:00+00:00, run_after=2021-01-01T00:00:00+00:00
[2023-03-23T22:49:40.967+0000] {processor.py:176} INFO - Processing /home/airflow/.local/lib/python3.7/site-packages/airflow/example_dags/example_trigger_controller_dag.py took 2.567 seconds
[2023-03-23T22:50:12.951+0000] {processor.py:154} INFO - Started process (PID=203) to work on /home/airflow/.local/lib/python3.7/site-packages/airflow/example_dags/example_trigger_controller_dag.py
[2023-03-23T22:50:12.959+0000] {processor.py:756} INFO - Processing file /home/airflow/.local/lib/python3.7/site-packages/airflow/example_dags/example_trigger_controller_dag.py for tasks to queue
[2023-03-23T22:50:12.977+0000] {logging_mixin.py:120} INFO - [2023-03-23T22:50:12.976+0000] {dagbag.py:537} INFO - Filling up the DagBag from /home/airflow/.local/lib/python3.7/site-packages/airflow/example_dags/example_trigger_controller_dag.py
[2023-03-23T22:50:13.040+0000] {processor.py:766} INFO - DAG(s) dict_keys(['example_trigger_controller_dag']) retrieved from /home/airflow/.local/lib/python3.7/site-packages/airflow/example_dags/example_trigger_controller_dag.py
[2023-03-23T22:50:13.250+0000] {logging_mixin.py:120} INFO - [2023-03-23T22:50:13.250+0000] {dag.py:2585} INFO - Sync 1 DAGs
[2023-03-23T22:50:13.392+0000] {logging_mixin.py:120} INFO - [2023-03-23T22:50:13.392+0000] {dag.py:3340} INFO - Setting next_dagrun for example_trigger_controller_dag to 2021-01-01T00:00:00+00:00, run_after=2021-01-01T00:00:00+00:00
[2023-03-23T22:50:13.496+0000] {processor.py:176} INFO - Processing /home/airflow/.local/lib/python3.7/site-packages/airflow/example_dags/example_trigger_controller_dag.py took 0.550 seconds
[2023-03-23T22:50:47.431+0000] {processor.py:154} INFO - Started process (PID=257) to work on /home/airflow/.local/lib/python3.7/site-packages/airflow/example_dags/example_trigger_controller_dag.py
[2023-03-23T22:50:47.433+0000] {processor.py:756} INFO - Processing file /home/airflow/.local/lib/python3.7/site-packages/airflow/example_dags/example_trigger_controller_dag.py for tasks to queue
[2023-03-23T22:50:47.444+0000] {logging_mixin.py:120} INFO - [2023-03-23T22:50:47.444+0000] {dagbag.py:537} INFO - Filling up the DagBag from /home/airflow/.local/lib/python3.7/site-packages/airflow/example_dags/example_trigger_controller_dag.py
[2023-03-23T22:50:47.471+0000] {processor.py:766} INFO - DAG(s) dict_keys(['example_trigger_controller_dag']) retrieved from /home/airflow/.local/lib/python3.7/site-packages/airflow/example_dags/example_trigger_controller_dag.py
[2023-03-23T22:50:47.623+0000] {logging_mixin.py:120} INFO - [2023-03-23T22:50:47.623+0000] {dag.py:2585} INFO - Sync 1 DAGs
[2023-03-23T22:50:47.750+0000] {logging_mixin.py:120} INFO - [2023-03-23T22:50:47.750+0000] {dag.py:3340} INFO - Setting next_dagrun for example_trigger_controller_dag to 2021-01-01T00:00:00+00:00, run_after=2021-01-01T00:00:00+00:00
[2023-03-23T22:50:47.825+0000] {processor.py:176} INFO - Processing /home/airflow/.local/lib/python3.7/site-packages/airflow/example_dags/example_trigger_controller_dag.py took 0.399 seconds
[2023-03-23T22:51:22.555+0000] {processor.py:154} INFO - Started process (PID=313) to work on /home/airflow/.local/lib/python3.7/site-packages/airflow/example_dags/example_trigger_controller_dag.py
[2023-03-23T22:51:22.562+0000] {processor.py:756} INFO - Processing file /home/airflow/.local/lib/python3.7/site-packages/airflow/example_dags/example_trigger_controller_dag.py for tasks to queue
[2023-03-23T22:51:22.570+0000] {logging_mixin.py:120} INFO - [2023-03-23T22:51:22.570+0000] {dagbag.py:537} INFO - Filling up the DagBag from /home/airflow/.local/lib/python3.7/site-packages/airflow/example_dags/example_trigger_controller_dag.py
[2023-03-23T22:51:22.599+0000] {processor.py:766} INFO - DAG(s) dict_keys(['example_trigger_controller_dag']) retrieved from /home/airflow/.local/lib/python3.7/site-packages/airflow/example_dags/example_trigger_controller_dag.py
[2023-03-23T22:51:22.791+0000] {logging_mixin.py:120} INFO - [2023-03-23T22:51:22.791+0000] {dag.py:2585} INFO - Sync 1 DAGs
[2023-03-23T22:51:22.901+0000] {logging_mixin.py:120} INFO - [2023-03-23T22:51:22.891+0000] {dag.py:3340} INFO - Setting next_dagrun for example_trigger_controller_dag to 2021-01-01T00:00:00+00:00, run_after=2021-01-01T00:00:00+00:00
[2023-03-23T22:51:23.033+0000] {processor.py:176} INFO - Processing /home/airflow/.local/lib/python3.7/site-packages/airflow/example_dags/example_trigger_controller_dag.py took 0.486 seconds
[2023-03-23T22:51:54.892+0000] {processor.py:154} INFO - Started process (PID=375) to work on /home/airflow/.local/lib/python3.7/site-packages/airflow/example_dags/example_trigger_controller_dag.py
[2023-03-23T22:51:54.898+0000] {processor.py:756} INFO - Processing file /home/airflow/.local/lib/python3.7/site-packages/airflow/example_dags/example_trigger_controller_dag.py for tasks to queue
[2023-03-23T22:51:54.913+0000] {logging_mixin.py:120} INFO - [2023-03-23T22:51:54.913+0000] {dagbag.py:537} INFO - Filling up the DagBag from /home/airflow/.local/lib/python3.7/site-packages/airflow/example_dags/example_trigger_controller_dag.py
[2023-03-23T22:51:54.964+0000] {processor.py:766} INFO - DAG(s) dict_keys(['example_trigger_controller_dag']) retrieved from /home/airflow/.local/lib/python3.7/site-packages/airflow/example_dags/example_trigger_controller_dag.py
[2023-03-23T22:51:55.102+0000] {logging_mixin.py:120} INFO - [2023-03-23T22:51:55.101+0000] {dag.py:2585} INFO - Sync 1 DAGs
[2023-03-23T22:51:55.232+0000] {logging_mixin.py:120} INFO - [2023-03-23T22:51:55.231+0000] {dag.py:3340} INFO - Setting next_dagrun for example_trigger_controller_dag to 2021-01-01T00:00:00+00:00, run_after=2021-01-01T00:00:00+00:00
[2023-03-23T22:51:55.340+0000] {processor.py:176} INFO - Processing /home/airflow/.local/lib/python3.7/site-packages/airflow/example_dags/example_trigger_controller_dag.py took 0.455 seconds
[2023-03-23T22:52:26.198+0000] {processor.py:154} INFO - Started process (PID=441) to work on /home/airflow/.local/lib/python3.7/site-packages/airflow/example_dags/example_trigger_controller_dag.py
[2023-03-23T22:52:26.199+0000] {processor.py:756} INFO - Processing file /home/airflow/.local/lib/python3.7/site-packages/airflow/example_dags/example_trigger_controller_dag.py for tasks to queue
[2023-03-23T22:52:26.200+0000] {logging_mixin.py:120} INFO - [2023-03-23T22:52:26.200+0000] {dagbag.py:537} INFO - Filling up the DagBag from /home/airflow/.local/lib/python3.7/site-packages/airflow/example_dags/example_trigger_controller_dag.py
[2023-03-23T22:52:26.217+0000] {processor.py:766} INFO - DAG(s) dict_keys(['example_trigger_controller_dag']) retrieved from /home/airflow/.local/lib/python3.7/site-packages/airflow/example_dags/example_trigger_controller_dag.py
[2023-03-23T22:52:26.280+0000] {logging_mixin.py:120} INFO - [2023-03-23T22:52:26.279+0000] {dag.py:2585} INFO - Sync 1 DAGs
[2023-03-23T22:52:26.325+0000] {logging_mixin.py:120} INFO - [2023-03-23T22:52:26.324+0000] {dag.py:3340} INFO - Setting next_dagrun for example_trigger_controller_dag to 2021-01-01T00:00:00+00:00, run_after=2021-01-01T00:00:00+00:00
[2023-03-23T22:52:26.356+0000] {processor.py:176} INFO - Processing /home/airflow/.local/lib/python3.7/site-packages/airflow/example_dags/example_trigger_controller_dag.py took 0.161 seconds
[2023-03-23T22:52:56.686+0000] {processor.py:154} INFO - Started process (PID=495) to work on /home/airflow/.local/lib/python3.7/site-packages/airflow/example_dags/example_trigger_controller_dag.py
[2023-03-23T22:52:56.687+0000] {processor.py:756} INFO - Processing file /home/airflow/.local/lib/python3.7/site-packages/airflow/example_dags/example_trigger_controller_dag.py for tasks to queue
[2023-03-23T22:52:56.688+0000] {logging_mixin.py:120} INFO - [2023-03-23T22:52:56.688+0000] {dagbag.py:537} INFO - Filling up the DagBag from /home/airflow/.local/lib/python3.7/site-packages/airflow/example_dags/example_trigger_controller_dag.py
[2023-03-23T22:52:56.700+0000] {processor.py:766} INFO - DAG(s) dict_keys(['example_trigger_controller_dag']) retrieved from /home/airflow/.local/lib/python3.7/site-packages/airflow/example_dags/example_trigger_controller_dag.py
[2023-03-23T22:52:56.743+0000] {logging_mixin.py:120} INFO - [2023-03-23T22:52:56.743+0000] {dag.py:2585} INFO - Sync 1 DAGs
[2023-03-23T22:52:56.771+0000] {logging_mixin.py:120} INFO - [2023-03-23T22:52:56.771+0000] {dag.py:3340} INFO - Setting next_dagrun for example_trigger_controller_dag to 2021-01-01T00:00:00+00:00, run_after=2021-01-01T00:00:00+00:00
[2023-03-23T22:52:56.794+0000] {processor.py:176} INFO - Processing /home/airflow/.local/lib/python3.7/site-packages/airflow/example_dags/example_trigger_controller_dag.py took 0.111 seconds
[2023-03-23T22:53:27.434+0000] {processor.py:154} INFO - Started process (PID=558) to work on /home/airflow/.local/lib/python3.7/site-packages/airflow/example_dags/example_trigger_controller_dag.py
[2023-03-23T22:53:27.436+0000] {processor.py:756} INFO - Processing file /home/airflow/.local/lib/python3.7/site-packages/airflow/example_dags/example_trigger_controller_dag.py for tasks to queue
[2023-03-23T22:53:27.437+0000] {logging_mixin.py:120} INFO - [2023-03-23T22:53:27.437+0000] {dagbag.py:537} INFO - Filling up the DagBag from /home/airflow/.local/lib/python3.7/site-packages/airflow/example_dags/example_trigger_controller_dag.py
[2023-03-23T22:53:27.449+0000] {processor.py:766} INFO - DAG(s) dict_keys(['example_trigger_controller_dag']) retrieved from /home/airflow/.local/lib/python3.7/site-packages/airflow/example_dags/example_trigger_controller_dag.py
[2023-03-23T22:53:27.492+0000] {logging_mixin.py:120} INFO - [2023-03-23T22:53:27.492+0000] {dag.py:2585} INFO - Sync 1 DAGs
[2023-03-23T22:53:27.518+0000] {logging_mixin.py:120} INFO - [2023-03-23T22:53:27.518+0000] {dag.py:3340} INFO - Setting next_dagrun for example_trigger_controller_dag to 2021-01-01T00:00:00+00:00, run_after=2021-01-01T00:00:00+00:00
[2023-03-23T22:53:27.545+0000] {processor.py:176} INFO - Processing /home/airflow/.local/lib/python3.7/site-packages/airflow/example_dags/example_trigger_controller_dag.py took 0.113 seconds
[2023-03-23T22:53:57.788+0000] {processor.py:154} INFO - Started process (PID=612) to work on /home/airflow/.local/lib/python3.7/site-packages/airflow/example_dags/example_trigger_controller_dag.py
[2023-03-23T22:53:57.790+0000] {processor.py:756} INFO - Processing file /home/airflow/.local/lib/python3.7/site-packages/airflow/example_dags/example_trigger_controller_dag.py for tasks to queue
[2023-03-23T22:53:57.791+0000] {logging_mixin.py:120} INFO - [2023-03-23T22:53:57.791+0000] {dagbag.py:537} INFO - Filling up the DagBag from /home/airflow/.local/lib/python3.7/site-packages/airflow/example_dags/example_trigger_controller_dag.py
[2023-03-23T22:53:57.806+0000] {processor.py:766} INFO - DAG(s) dict_keys(['example_trigger_controller_dag']) retrieved from /home/airflow/.local/lib/python3.7/site-packages/airflow/example_dags/example_trigger_controller_dag.py
[2023-03-23T22:53:57.858+0000] {logging_mixin.py:120} INFO - [2023-03-23T22:53:57.858+0000] {dag.py:2585} INFO - Sync 1 DAGs
[2023-03-23T22:53:57.892+0000] {logging_mixin.py:120} INFO - [2023-03-23T22:53:57.892+0000] {dag.py:3340} INFO - Setting next_dagrun for example_trigger_controller_dag to 2021-01-01T00:00:00+00:00, run_after=2021-01-01T00:00:00+00:00
[2023-03-23T22:53:57.920+0000] {processor.py:176} INFO - Processing /home/airflow/.local/lib/python3.7/site-packages/airflow/example_dags/example_trigger_controller_dag.py took 0.135 seconds
[2023-03-23T22:54:28.445+0000] {processor.py:154} INFO - Started process (PID=674) to work on /home/airflow/.local/lib/python3.7/site-packages/airflow/example_dags/example_trigger_controller_dag.py
[2023-03-23T22:54:28.446+0000] {processor.py:756} INFO - Processing file /home/airflow/.local/lib/python3.7/site-packages/airflow/example_dags/example_trigger_controller_dag.py for tasks to queue
[2023-03-23T22:54:28.447+0000] {logging_mixin.py:120} INFO - [2023-03-23T22:54:28.447+0000] {dagbag.py:537} INFO - Filling up the DagBag from /home/airflow/.local/lib/python3.7/site-packages/airflow/example_dags/example_trigger_controller_dag.py
[2023-03-23T22:54:28.461+0000] {processor.py:766} INFO - DAG(s) dict_keys(['example_trigger_controller_dag']) retrieved from /home/airflow/.local/lib/python3.7/site-packages/airflow/example_dags/example_trigger_controller_dag.py
[2023-03-23T22:54:28.509+0000] {logging_mixin.py:120} INFO - [2023-03-23T22:54:28.509+0000] {dag.py:2585} INFO - Sync 1 DAGs
[2023-03-23T22:54:28.533+0000] {logging_mixin.py:120} INFO - [2023-03-23T22:54:28.533+0000] {dag.py:3340} INFO - Setting next_dagrun for example_trigger_controller_dag to 2021-01-01T00:00:00+00:00, run_after=2021-01-01T00:00:00+00:00
[2023-03-23T22:54:28.558+0000] {processor.py:176} INFO - Processing /home/airflow/.local/lib/python3.7/site-packages/airflow/example_dags/example_trigger_controller_dag.py took 0.117 seconds
[2023-03-23T22:54:58.624+0000] {processor.py:154} INFO - Started process (PID=737) to work on /home/airflow/.local/lib/python3.7/site-packages/airflow/example_dags/example_trigger_controller_dag.py
[2023-03-23T22:54:58.625+0000] {processor.py:756} INFO - Processing file /home/airflow/.local/lib/python3.7/site-packages/airflow/example_dags/example_trigger_controller_dag.py for tasks to queue
[2023-03-23T22:54:58.627+0000] {logging_mixin.py:120} INFO - [2023-03-23T22:54:58.627+0000] {dagbag.py:537} INFO - Filling up the DagBag from /home/airflow/.local/lib/python3.7/site-packages/airflow/example_dags/example_trigger_controller_dag.py
[2023-03-23T22:54:58.640+0000] {processor.py:766} INFO - DAG(s) dict_keys(['example_trigger_controller_dag']) retrieved from /home/airflow/.local/lib/python3.7/site-packages/airflow/example_dags/example_trigger_controller_dag.py
[2023-03-23T22:54:58.693+0000] {logging_mixin.py:120} INFO - [2023-03-23T22:54:58.693+0000] {dag.py:2585} INFO - Sync 1 DAGs
[2023-03-23T22:54:58.730+0000] {logging_mixin.py:120} INFO - [2023-03-23T22:54:58.730+0000] {dag.py:3340} INFO - Setting next_dagrun for example_trigger_controller_dag to 2021-01-01T00:00:00+00:00, run_after=2021-01-01T00:00:00+00:00
[2023-03-23T22:54:58.757+0000] {processor.py:176} INFO - Processing /home/airflow/.local/lib/python3.7/site-packages/airflow/example_dags/example_trigger_controller_dag.py took 0.137 seconds
[2023-03-23T22:55:29.128+0000] {processor.py:154} INFO - Started process (PID=791) to work on /home/airflow/.local/lib/python3.7/site-packages/airflow/example_dags/example_trigger_controller_dag.py
[2023-03-23T22:55:29.129+0000] {processor.py:756} INFO - Processing file /home/airflow/.local/lib/python3.7/site-packages/airflow/example_dags/example_trigger_controller_dag.py for tasks to queue
[2023-03-23T22:55:29.130+0000] {logging_mixin.py:120} INFO - [2023-03-23T22:55:29.130+0000] {dagbag.py:537} INFO - Filling up the DagBag from /home/airflow/.local/lib/python3.7/site-packages/airflow/example_dags/example_trigger_controller_dag.py
[2023-03-23T22:55:29.141+0000] {processor.py:766} INFO - DAG(s) dict_keys(['example_trigger_controller_dag']) retrieved from /home/airflow/.local/lib/python3.7/site-packages/airflow/example_dags/example_trigger_controller_dag.py
[2023-03-23T22:55:29.181+0000] {logging_mixin.py:120} INFO - [2023-03-23T22:55:29.181+0000] {dag.py:2585} INFO - Sync 1 DAGs
[2023-03-23T22:55:29.208+0000] {logging_mixin.py:120} INFO - [2023-03-23T22:55:29.208+0000] {dag.py:3340} INFO - Setting next_dagrun for example_trigger_controller_dag to 2021-01-01T00:00:00+00:00, run_after=2021-01-01T00:00:00+00:00
[2023-03-23T22:55:29.233+0000] {processor.py:176} INFO - Processing /home/airflow/.local/lib/python3.7/site-packages/airflow/example_dags/example_trigger_controller_dag.py took 0.108 seconds
[2023-03-23T22:55:59.533+0000] {processor.py:154} INFO - Started process (PID=854) to work on /home/airflow/.local/lib/python3.7/site-packages/airflow/example_dags/example_trigger_controller_dag.py
[2023-03-23T22:55:59.534+0000] {processor.py:756} INFO - Processing file /home/airflow/.local/lib/python3.7/site-packages/airflow/example_dags/example_trigger_controller_dag.py for tasks to queue
[2023-03-23T22:55:59.536+0000] {logging_mixin.py:120} INFO - [2023-03-23T22:55:59.535+0000] {dagbag.py:537} INFO - Filling up the DagBag from /home/airflow/.local/lib/python3.7/site-packages/airflow/example_dags/example_trigger_controller_dag.py
[2023-03-23T22:55:59.549+0000] {processor.py:766} INFO - DAG(s) dict_keys(['example_trigger_controller_dag']) retrieved from /home/airflow/.local/lib/python3.7/site-packages/airflow/example_dags/example_trigger_controller_dag.py
[2023-03-23T22:55:59.593+0000] {logging_mixin.py:120} INFO - [2023-03-23T22:55:59.593+0000] {dag.py:2585} INFO - Sync 1 DAGs
[2023-03-23T22:55:59.631+0000] {logging_mixin.py:120} INFO - [2023-03-23T22:55:59.630+0000] {dag.py:3340} INFO - Setting next_dagrun for example_trigger_controller_dag to 2021-01-01T00:00:00+00:00, run_after=2021-01-01T00:00:00+00:00
[2023-03-23T22:55:59.662+0000] {processor.py:176} INFO - Processing /home/airflow/.local/lib/python3.7/site-packages/airflow/example_dags/example_trigger_controller_dag.py took 0.132 seconds
[2023-03-23T22:56:29.805+0000] {processor.py:154} INFO - Started process (PID=917) to work on /home/airflow/.local/lib/python3.7/site-packages/airflow/example_dags/example_trigger_controller_dag.py
[2023-03-23T22:56:29.806+0000] {processor.py:756} INFO - Processing file /home/airflow/.local/lib/python3.7/site-packages/airflow/example_dags/example_trigger_controller_dag.py for tasks to queue
[2023-03-23T22:56:29.807+0000] {logging_mixin.py:120} INFO - [2023-03-23T22:56:29.807+0000] {dagbag.py:537} INFO - Filling up the DagBag from /home/airflow/.local/lib/python3.7/site-packages/airflow/example_dags/example_trigger_controller_dag.py
[2023-03-23T22:56:29.819+0000] {processor.py:766} INFO - DAG(s) dict_keys(['example_trigger_controller_dag']) retrieved from /home/airflow/.local/lib/python3.7/site-packages/airflow/example_dags/example_trigger_controller_dag.py
[2023-03-23T22:56:29.871+0000] {logging_mixin.py:120} INFO - [2023-03-23T22:56:29.871+0000] {dag.py:2585} INFO - Sync 1 DAGs
[2023-03-23T22:56:29.898+0000] {logging_mixin.py:120} INFO - [2023-03-23T22:56:29.898+0000] {dag.py:3340} INFO - Setting next_dagrun for example_trigger_controller_dag to 2021-01-01T00:00:00+00:00, run_after=2021-01-01T00:00:00+00:00
[2023-03-23T22:56:29.919+0000] {processor.py:176} INFO - Processing /home/airflow/.local/lib/python3.7/site-packages/airflow/example_dags/example_trigger_controller_dag.py took 0.118 seconds
[2023-03-23T22:57:00.355+0000] {processor.py:154} INFO - Started process (PID=971) to work on /home/airflow/.local/lib/python3.7/site-packages/airflow/example_dags/example_trigger_controller_dag.py
[2023-03-23T22:57:00.356+0000] {processor.py:756} INFO - Processing file /home/airflow/.local/lib/python3.7/site-packages/airflow/example_dags/example_trigger_controller_dag.py for tasks to queue
[2023-03-23T22:57:00.357+0000] {logging_mixin.py:120} INFO - [2023-03-23T22:57:00.357+0000] {dagbag.py:537} INFO - Filling up the DagBag from /home/airflow/.local/lib/python3.7/site-packages/airflow/example_dags/example_trigger_controller_dag.py
[2023-03-23T22:57:00.369+0000] {processor.py:766} INFO - DAG(s) dict_keys(['example_trigger_controller_dag']) retrieved from /home/airflow/.local/lib/python3.7/site-packages/airflow/example_dags/example_trigger_controller_dag.py
[2023-03-23T22:57:00.419+0000] {logging_mixin.py:120} INFO - [2023-03-23T22:57:00.419+0000] {dag.py:2585} INFO - Sync 1 DAGs
[2023-03-23T22:57:00.451+0000] {logging_mixin.py:120} INFO - [2023-03-23T22:57:00.451+0000] {dag.py:3340} INFO - Setting next_dagrun for example_trigger_controller_dag to 2021-01-01T00:00:00+00:00, run_after=2021-01-01T00:00:00+00:00
[2023-03-23T22:57:00.476+0000] {processor.py:176} INFO - Processing /home/airflow/.local/lib/python3.7/site-packages/airflow/example_dags/example_trigger_controller_dag.py took 0.124 seconds
[2023-03-23T22:57:30.656+0000] {processor.py:154} INFO - Started process (PID=1034) to work on /home/airflow/.local/lib/python3.7/site-packages/airflow/example_dags/example_trigger_controller_dag.py
[2023-03-23T22:57:30.657+0000] {processor.py:756} INFO - Processing file /home/airflow/.local/lib/python3.7/site-packages/airflow/example_dags/example_trigger_controller_dag.py for tasks to queue
[2023-03-23T22:57:30.658+0000] {logging_mixin.py:120} INFO - [2023-03-23T22:57:30.658+0000] {dagbag.py:537} INFO - Filling up the DagBag from /home/airflow/.local/lib/python3.7/site-packages/airflow/example_dags/example_trigger_controller_dag.py
[2023-03-23T22:57:30.674+0000] {processor.py:766} INFO - DAG(s) dict_keys(['example_trigger_controller_dag']) retrieved from /home/airflow/.local/lib/python3.7/site-packages/airflow/example_dags/example_trigger_controller_dag.py
[2023-03-23T22:57:30.732+0000] {logging_mixin.py:120} INFO - [2023-03-23T22:57:30.731+0000] {dag.py:2585} INFO - Sync 1 DAGs
[2023-03-23T22:57:30.785+0000] {logging_mixin.py:120} INFO - [2023-03-23T22:57:30.777+0000] {dag.py:3340} INFO - Setting next_dagrun for example_trigger_controller_dag to 2021-01-01T00:00:00+00:00, run_after=2021-01-01T00:00:00+00:00
[2023-03-23T22:57:30.826+0000] {processor.py:176} INFO - Processing /home/airflow/.local/lib/python3.7/site-packages/airflow/example_dags/example_trigger_controller_dag.py took 0.174 seconds
[2023-03-23T22:58:01.095+0000] {processor.py:154} INFO - Started process (PID=1097) to work on /home/airflow/.local/lib/python3.7/site-packages/airflow/example_dags/example_trigger_controller_dag.py
[2023-03-23T22:58:01.096+0000] {processor.py:756} INFO - Processing file /home/airflow/.local/lib/python3.7/site-packages/airflow/example_dags/example_trigger_controller_dag.py for tasks to queue
[2023-03-23T22:58:01.097+0000] {logging_mixin.py:120} INFO - [2023-03-23T22:58:01.097+0000] {dagbag.py:537} INFO - Filling up the DagBag from /home/airflow/.local/lib/python3.7/site-packages/airflow/example_dags/example_trigger_controller_dag.py
[2023-03-23T22:58:01.112+0000] {processor.py:766} INFO - DAG(s) dict_keys(['example_trigger_controller_dag']) retrieved from /home/airflow/.local/lib/python3.7/site-packages/airflow/example_dags/example_trigger_controller_dag.py
[2023-03-23T22:58:01.157+0000] {logging_mixin.py:120} INFO - [2023-03-23T22:58:01.157+0000] {dag.py:2585} INFO - Sync 1 DAGs
[2023-03-23T22:58:01.184+0000] {logging_mixin.py:120} INFO - [2023-03-23T22:58:01.184+0000] {dag.py:3340} INFO - Setting next_dagrun for example_trigger_controller_dag to 2021-01-01T00:00:00+00:00, run_after=2021-01-01T00:00:00+00:00
[2023-03-23T22:58:01.205+0000] {processor.py:176} INFO - Processing /home/airflow/.local/lib/python3.7/site-packages/airflow/example_dags/example_trigger_controller_dag.py took 0.115 seconds
[2023-03-23T22:58:31.304+0000] {processor.py:154} INFO - Started process (PID=1151) to work on /home/airflow/.local/lib/python3.7/site-packages/airflow/example_dags/example_trigger_controller_dag.py
[2023-03-23T22:58:31.306+0000] {processor.py:756} INFO - Processing file /home/airflow/.local/lib/python3.7/site-packages/airflow/example_dags/example_trigger_controller_dag.py for tasks to queue
[2023-03-23T22:58:31.307+0000] {logging_mixin.py:120} INFO - [2023-03-23T22:58:31.307+0000] {dagbag.py:537} INFO - Filling up the DagBag from /home/airflow/.local/lib/python3.7/site-packages/airflow/example_dags/example_trigger_controller_dag.py
[2023-03-23T22:58:31.318+0000] {processor.py:766} INFO - DAG(s) dict_keys(['example_trigger_controller_dag']) retrieved from /home/airflow/.local/lib/python3.7/site-packages/airflow/example_dags/example_trigger_controller_dag.py
[2023-03-23T22:58:31.360+0000] {logging_mixin.py:120} INFO - [2023-03-23T22:58:31.360+0000] {dag.py:2585} INFO - Sync 1 DAGs
[2023-03-23T22:58:31.385+0000] {logging_mixin.py:120} INFO - [2023-03-23T22:58:31.385+0000] {dag.py:3340} INFO - Setting next_dagrun for example_trigger_controller_dag to 2021-01-01T00:00:00+00:00, run_after=2021-01-01T00:00:00+00:00
[2023-03-23T22:58:31.411+0000] {processor.py:176} INFO - Processing /home/airflow/.local/lib/python3.7/site-packages/airflow/example_dags/example_trigger_controller_dag.py took 0.111 seconds
[2023-03-23T22:59:01.774+0000] {processor.py:154} INFO - Started process (PID=1214) to work on /home/airflow/.local/lib/python3.7/site-packages/airflow/example_dags/example_trigger_controller_dag.py
[2023-03-23T22:59:01.775+0000] {processor.py:756} INFO - Processing file /home/airflow/.local/lib/python3.7/site-packages/airflow/example_dags/example_trigger_controller_dag.py for tasks to queue
[2023-03-23T22:59:01.777+0000] {logging_mixin.py:120} INFO - [2023-03-23T22:59:01.776+0000] {dagbag.py:537} INFO - Filling up the DagBag from /home/airflow/.local/lib/python3.7/site-packages/airflow/example_dags/example_trigger_controller_dag.py
[2023-03-23T22:59:01.795+0000] {processor.py:766} INFO - DAG(s) dict_keys(['example_trigger_controller_dag']) retrieved from /home/airflow/.local/lib/python3.7/site-packages/airflow/example_dags/example_trigger_controller_dag.py
[2023-03-23T22:59:01.847+0000] {logging_mixin.py:120} INFO - [2023-03-23T22:59:01.846+0000] {dag.py:2585} INFO - Sync 1 DAGs
[2023-03-23T22:59:01.878+0000] {logging_mixin.py:120} INFO - [2023-03-23T22:59:01.878+0000] {dag.py:3340} INFO - Setting next_dagrun for example_trigger_controller_dag to 2021-01-01T00:00:00+00:00, run_after=2021-01-01T00:00:00+00:00
[2023-03-23T22:59:01.905+0000] {processor.py:176} INFO - Processing /home/airflow/.local/lib/python3.7/site-packages/airflow/example_dags/example_trigger_controller_dag.py took 0.135 seconds
[2023-03-23T22:59:32.631+0000] {processor.py:154} INFO - Started process (PID=1277) to work on /home/airflow/.local/lib/python3.7/site-packages/airflow/example_dags/example_trigger_controller_dag.py
[2023-03-23T22:59:32.633+0000] {processor.py:756} INFO - Processing file /home/airflow/.local/lib/python3.7/site-packages/airflow/example_dags/example_trigger_controller_dag.py for tasks to queue
[2023-03-23T22:59:32.634+0000] {logging_mixin.py:120} INFO - [2023-03-23T22:59:32.633+0000] {dagbag.py:537} INFO - Filling up the DagBag from /home/airflow/.local/lib/python3.7/site-packages/airflow/example_dags/example_trigger_controller_dag.py
[2023-03-23T22:59:32.646+0000] {processor.py:766} INFO - DAG(s) dict_keys(['example_trigger_controller_dag']) retrieved from /home/airflow/.local/lib/python3.7/site-packages/airflow/example_dags/example_trigger_controller_dag.py
[2023-03-23T22:59:32.689+0000] {logging_mixin.py:120} INFO - [2023-03-23T22:59:32.689+0000] {dag.py:2585} INFO - Sync 1 DAGs
[2023-03-23T22:59:32.718+0000] {logging_mixin.py:120} INFO - [2023-03-23T22:59:32.717+0000] {dag.py:3340} INFO - Setting next_dagrun for example_trigger_controller_dag to 2021-01-01T00:00:00+00:00, run_after=2021-01-01T00:00:00+00:00
[2023-03-23T22:59:32.742+0000] {processor.py:176} INFO - Processing /home/airflow/.local/lib/python3.7/site-packages/airflow/example_dags/example_trigger_controller_dag.py took 0.114 seconds
