[2023-03-23T22:48:44.834+0000] {processor.py:154} INFO - Started process (PID=71) to work on /home/airflow/.local/lib/python3.7/site-packages/airflow/example_dags/example_short_circuit_decorator.py
[2023-03-23T22:48:44.847+0000] {processor.py:756} INFO - Processing file /home/airflow/.local/lib/python3.7/site-packages/airflow/example_dags/example_short_circuit_decorator.py for tasks to queue
[2023-03-23T22:48:44.849+0000] {logging_mixin.py:120} INFO - [2023-03-23T22:48:44.849+0000] {dagbag.py:537} INFO - Filling up the DagBag from /home/airflow/.local/lib/python3.7/site-packages/airflow/example_dags/example_short_circuit_decorator.py
[2023-03-23T22:48:44.959+0000] {processor.py:766} INFO - DAG(s) dict_keys(['example_short_circuit_decorator']) retrieved from /home/airflow/.local/lib/python3.7/site-packages/airflow/example_dags/example_short_circuit_decorator.py
[2023-03-23T22:48:45.423+0000] {logging_mixin.py:120} INFO - [2023-03-23T22:48:45.423+0000] {manager.py:507} INFO - Created Permission View: can edit on DAG:example_short_circuit_decorator
[2023-03-23T22:48:45.508+0000] {logging_mixin.py:120} INFO - [2023-03-23T22:48:45.508+0000] {manager.py:507} INFO - Created Permission View: can read on DAG:example_short_circuit_decorator
[2023-03-23T22:48:45.617+0000] {logging_mixin.py:120} INFO - [2023-03-23T22:48:45.617+0000] {manager.py:507} INFO - Created Permission View: can delete on DAG:example_short_circuit_decorator
[2023-03-23T22:48:45.618+0000] {logging_mixin.py:120} INFO - [2023-03-23T22:48:45.618+0000] {dag.py:2585} INFO - Sync 1 DAGs
[2023-03-23T22:48:45.666+0000] {logging_mixin.py:120} INFO - [2023-03-23T22:48:45.666+0000] {dag.py:2606} INFO - Creating ORM DAG for example_short_circuit_decorator
[2023-03-23T22:48:45.728+0000] {logging_mixin.py:120} INFO - [2023-03-23T22:48:45.728+0000] {dag.py:3340} INFO - Setting next_dagrun for example_short_circuit_decorator to 2023-03-22T22:48:45.728235+00:00, run_after=2023-03-23T22:48:45.728235+00:00
[2023-03-23T22:48:45.841+0000] {processor.py:176} INFO - Processing /home/airflow/.local/lib/python3.7/site-packages/airflow/example_dags/example_short_circuit_decorator.py took 1.012 seconds
[2023-03-23T22:49:18.654+0000] {processor.py:154} INFO - Started process (PID=125) to work on /home/airflow/.local/lib/python3.7/site-packages/airflow/example_dags/example_short_circuit_decorator.py
[2023-03-23T22:49:18.658+0000] {processor.py:756} INFO - Processing file /home/airflow/.local/lib/python3.7/site-packages/airflow/example_dags/example_short_circuit_decorator.py for tasks to queue
[2023-03-23T22:49:18.661+0000] {logging_mixin.py:120} INFO - [2023-03-23T22:49:18.661+0000] {dagbag.py:537} INFO - Filling up the DagBag from /home/airflow/.local/lib/python3.7/site-packages/airflow/example_dags/example_short_circuit_decorator.py
[2023-03-23T22:49:18.733+0000] {processor.py:766} INFO - DAG(s) dict_keys(['example_short_circuit_decorator']) retrieved from /home/airflow/.local/lib/python3.7/site-packages/airflow/example_dags/example_short_circuit_decorator.py
[2023-03-23T22:49:18.905+0000] {logging_mixin.py:120} INFO - [2023-03-23T22:49:18.905+0000] {dag.py:2585} INFO - Sync 1 DAGs
[2023-03-23T22:49:19.062+0000] {logging_mixin.py:120} INFO - [2023-03-23T22:49:19.062+0000] {dag.py:3340} INFO - Setting next_dagrun for example_short_circuit_decorator to 2023-03-22T22:49:19.061693+00:00, run_after=2023-03-23T22:49:19.061693+00:00
[2023-03-23T22:49:19.149+0000] {processor.py:176} INFO - Processing /home/airflow/.local/lib/python3.7/site-packages/airflow/example_dags/example_short_circuit_decorator.py took 0.501 seconds
[2023-03-23T22:49:56.217+0000] {processor.py:154} INFO - Started process (PID=180) to work on /home/airflow/.local/lib/python3.7/site-packages/airflow/example_dags/example_short_circuit_decorator.py
[2023-03-23T22:49:56.230+0000] {processor.py:756} INFO - Processing file /home/airflow/.local/lib/python3.7/site-packages/airflow/example_dags/example_short_circuit_decorator.py for tasks to queue
[2023-03-23T22:49:56.238+0000] {logging_mixin.py:120} INFO - [2023-03-23T22:49:56.238+0000] {dagbag.py:537} INFO - Filling up the DagBag from /home/airflow/.local/lib/python3.7/site-packages/airflow/example_dags/example_short_circuit_decorator.py
[2023-03-23T22:49:56.379+0000] {processor.py:766} INFO - DAG(s) dict_keys(['example_short_circuit_decorator']) retrieved from /home/airflow/.local/lib/python3.7/site-packages/airflow/example_dags/example_short_circuit_decorator.py
[2023-03-23T22:49:56.572+0000] {logging_mixin.py:120} INFO - [2023-03-23T22:49:56.572+0000] {dag.py:2585} INFO - Sync 1 DAGs
[2023-03-23T22:49:56.665+0000] {logging_mixin.py:120} INFO - [2023-03-23T22:49:56.665+0000] {dag.py:3340} INFO - Setting next_dagrun for example_short_circuit_decorator to 2023-03-22T22:49:56.664474+00:00, run_after=2023-03-23T22:49:56.664474+00:00
[2023-03-23T22:49:56.735+0000] {processor.py:176} INFO - Processing /home/airflow/.local/lib/python3.7/site-packages/airflow/example_dags/example_short_circuit_decorator.py took 0.526 seconds
[2023-03-23T22:50:31.080+0000] {processor.py:154} INFO - Started process (PID=234) to work on /home/airflow/.local/lib/python3.7/site-packages/airflow/example_dags/example_short_circuit_decorator.py
[2023-03-23T22:50:31.081+0000] {processor.py:756} INFO - Processing file /home/airflow/.local/lib/python3.7/site-packages/airflow/example_dags/example_short_circuit_decorator.py for tasks to queue
[2023-03-23T22:50:31.083+0000] {logging_mixin.py:120} INFO - [2023-03-23T22:50:31.082+0000] {dagbag.py:537} INFO - Filling up the DagBag from /home/airflow/.local/lib/python3.7/site-packages/airflow/example_dags/example_short_circuit_decorator.py
[2023-03-23T22:50:31.189+0000] {processor.py:766} INFO - DAG(s) dict_keys(['example_short_circuit_decorator']) retrieved from /home/airflow/.local/lib/python3.7/site-packages/airflow/example_dags/example_short_circuit_decorator.py
[2023-03-23T22:50:31.352+0000] {logging_mixin.py:120} INFO - [2023-03-23T22:50:31.352+0000] {dag.py:2585} INFO - Sync 1 DAGs
[2023-03-23T22:50:31.448+0000] {logging_mixin.py:120} INFO - [2023-03-23T22:50:31.448+0000] {dag.py:3340} INFO - Setting next_dagrun for example_short_circuit_decorator to 2023-03-22T22:50:31.447993+00:00, run_after=2023-03-23T22:50:31.447993+00:00
[2023-03-23T22:50:31.537+0000] {processor.py:176} INFO - Processing /home/airflow/.local/lib/python3.7/site-packages/airflow/example_dags/example_short_circuit_decorator.py took 0.461 seconds
[2023-03-23T22:51:01.890+0000] {processor.py:154} INFO - Started process (PID=288) to work on /home/airflow/.local/lib/python3.7/site-packages/airflow/example_dags/example_short_circuit_decorator.py
[2023-03-23T22:51:01.891+0000] {processor.py:756} INFO - Processing file /home/airflow/.local/lib/python3.7/site-packages/airflow/example_dags/example_short_circuit_decorator.py for tasks to queue
[2023-03-23T22:51:01.893+0000] {logging_mixin.py:120} INFO - [2023-03-23T22:51:01.892+0000] {dagbag.py:537} INFO - Filling up the DagBag from /home/airflow/.local/lib/python3.7/site-packages/airflow/example_dags/example_short_circuit_decorator.py
[2023-03-23T22:51:01.971+0000] {processor.py:766} INFO - DAG(s) dict_keys(['example_short_circuit_decorator']) retrieved from /home/airflow/.local/lib/python3.7/site-packages/airflow/example_dags/example_short_circuit_decorator.py
[2023-03-23T22:51:02.092+0000] {logging_mixin.py:120} INFO - [2023-03-23T22:51:02.092+0000] {dag.py:2585} INFO - Sync 1 DAGs
[2023-03-23T22:51:02.188+0000] {logging_mixin.py:120} INFO - [2023-03-23T22:51:02.188+0000] {dag.py:3340} INFO - Setting next_dagrun for example_short_circuit_decorator to 2023-03-22T22:51:02.187835+00:00, run_after=2023-03-23T22:51:02.187835+00:00
[2023-03-23T22:51:02.254+0000] {processor.py:176} INFO - Processing /home/airflow/.local/lib/python3.7/site-packages/airflow/example_dags/example_short_circuit_decorator.py took 0.373 seconds
[2023-03-23T22:51:36.342+0000] {processor.py:154} INFO - Started process (PID=343) to work on /home/airflow/.local/lib/python3.7/site-packages/airflow/example_dags/example_short_circuit_decorator.py
[2023-03-23T22:51:36.437+0000] {processor.py:756} INFO - Processing file /home/airflow/.local/lib/python3.7/site-packages/airflow/example_dags/example_short_circuit_decorator.py for tasks to queue
[2023-03-23T22:51:36.441+0000] {logging_mixin.py:120} INFO - [2023-03-23T22:51:36.441+0000] {dagbag.py:537} INFO - Filling up the DagBag from /home/airflow/.local/lib/python3.7/site-packages/airflow/example_dags/example_short_circuit_decorator.py
[2023-03-23T22:51:36.510+0000] {processor.py:766} INFO - DAG(s) dict_keys(['example_short_circuit_decorator']) retrieved from /home/airflow/.local/lib/python3.7/site-packages/airflow/example_dags/example_short_circuit_decorator.py
[2023-03-23T22:51:36.663+0000] {logging_mixin.py:120} INFO - [2023-03-23T22:51:36.663+0000] {dag.py:2585} INFO - Sync 1 DAGs
[2023-03-23T22:51:36.772+0000] {logging_mixin.py:120} INFO - [2023-03-23T22:51:36.770+0000] {dag.py:3340} INFO - Setting next_dagrun for example_short_circuit_decorator to 2023-03-22T22:51:36.770442+00:00, run_after=2023-03-23T22:51:36.770442+00:00
[2023-03-23T22:51:36.819+0000] {processor.py:176} INFO - Processing /home/airflow/.local/lib/python3.7/site-packages/airflow/example_dags/example_short_circuit_decorator.py took 0.482 seconds
[2023-03-23T22:52:07.259+0000] {processor.py:154} INFO - Started process (PID=407) to work on /home/airflow/.local/lib/python3.7/site-packages/airflow/example_dags/example_short_circuit_decorator.py
[2023-03-23T22:52:07.263+0000] {processor.py:756} INFO - Processing file /home/airflow/.local/lib/python3.7/site-packages/airflow/example_dags/example_short_circuit_decorator.py for tasks to queue
[2023-03-23T22:52:07.265+0000] {logging_mixin.py:120} INFO - [2023-03-23T22:52:07.265+0000] {dagbag.py:537} INFO - Filling up the DagBag from /home/airflow/.local/lib/python3.7/site-packages/airflow/example_dags/example_short_circuit_decorator.py
[2023-03-23T22:52:07.358+0000] {processor.py:766} INFO - DAG(s) dict_keys(['example_short_circuit_decorator']) retrieved from /home/airflow/.local/lib/python3.7/site-packages/airflow/example_dags/example_short_circuit_decorator.py
[2023-03-23T22:52:07.467+0000] {logging_mixin.py:120} INFO - [2023-03-23T22:52:07.467+0000] {dag.py:2585} INFO - Sync 1 DAGs
[2023-03-23T22:52:07.561+0000] {logging_mixin.py:120} INFO - [2023-03-23T22:52:07.561+0000] {dag.py:3340} INFO - Setting next_dagrun for example_short_circuit_decorator to 2023-03-22T22:52:07.561174+00:00, run_after=2023-03-23T22:52:07.561174+00:00
[2023-03-23T22:52:07.626+0000] {processor.py:176} INFO - Processing /home/airflow/.local/lib/python3.7/site-packages/airflow/example_dags/example_short_circuit_decorator.py took 0.374 seconds
[2023-03-23T22:52:38.324+0000] {processor.py:154} INFO - Started process (PID=470) to work on /home/airflow/.local/lib/python3.7/site-packages/airflow/example_dags/example_short_circuit_decorator.py
[2023-03-23T22:52:38.325+0000] {processor.py:756} INFO - Processing file /home/airflow/.local/lib/python3.7/site-packages/airflow/example_dags/example_short_circuit_decorator.py for tasks to queue
[2023-03-23T22:52:38.327+0000] {logging_mixin.py:120} INFO - [2023-03-23T22:52:38.327+0000] {dagbag.py:537} INFO - Filling up the DagBag from /home/airflow/.local/lib/python3.7/site-packages/airflow/example_dags/example_short_circuit_decorator.py
[2023-03-23T22:52:38.354+0000] {processor.py:766} INFO - DAG(s) dict_keys(['example_short_circuit_decorator']) retrieved from /home/airflow/.local/lib/python3.7/site-packages/airflow/example_dags/example_short_circuit_decorator.py
[2023-03-23T22:52:38.399+0000] {logging_mixin.py:120} INFO - [2023-03-23T22:52:38.398+0000] {dag.py:2585} INFO - Sync 1 DAGs
[2023-03-23T22:52:38.425+0000] {logging_mixin.py:120} INFO - [2023-03-23T22:52:38.424+0000] {dag.py:3340} INFO - Setting next_dagrun for example_short_circuit_decorator to 2023-03-22T22:52:38.424699+00:00, run_after=2023-03-23T22:52:38.424699+00:00
[2023-03-23T22:52:38.448+0000] {processor.py:176} INFO - Processing /home/airflow/.local/lib/python3.7/site-packages/airflow/example_dags/example_short_circuit_decorator.py took 0.128 seconds
[2023-03-23T22:53:08.988+0000] {processor.py:154} INFO - Started process (PID=524) to work on /home/airflow/.local/lib/python3.7/site-packages/airflow/example_dags/example_short_circuit_decorator.py
[2023-03-23T22:53:08.989+0000] {processor.py:756} INFO - Processing file /home/airflow/.local/lib/python3.7/site-packages/airflow/example_dags/example_short_circuit_decorator.py for tasks to queue
[2023-03-23T22:53:08.991+0000] {logging_mixin.py:120} INFO - [2023-03-23T22:53:08.990+0000] {dagbag.py:537} INFO - Filling up the DagBag from /home/airflow/.local/lib/python3.7/site-packages/airflow/example_dags/example_short_circuit_decorator.py
[2023-03-23T22:53:09.026+0000] {processor.py:766} INFO - DAG(s) dict_keys(['example_short_circuit_decorator']) retrieved from /home/airflow/.local/lib/python3.7/site-packages/airflow/example_dags/example_short_circuit_decorator.py
[2023-03-23T22:53:09.084+0000] {logging_mixin.py:120} INFO - [2023-03-23T22:53:09.083+0000] {dag.py:2585} INFO - Sync 1 DAGs
[2023-03-23T22:53:09.119+0000] {logging_mixin.py:120} INFO - [2023-03-23T22:53:09.119+0000] {dag.py:3340} INFO - Setting next_dagrun for example_short_circuit_decorator to 2023-03-22T22:53:09.118795+00:00, run_after=2023-03-23T22:53:09.118795+00:00
[2023-03-23T22:53:09.148+0000] {processor.py:176} INFO - Processing /home/airflow/.local/lib/python3.7/site-packages/airflow/example_dags/example_short_circuit_decorator.py took 0.165 seconds
[2023-03-23T22:53:39.493+0000] {processor.py:154} INFO - Started process (PID=587) to work on /home/airflow/.local/lib/python3.7/site-packages/airflow/example_dags/example_short_circuit_decorator.py
[2023-03-23T22:53:39.494+0000] {processor.py:756} INFO - Processing file /home/airflow/.local/lib/python3.7/site-packages/airflow/example_dags/example_short_circuit_decorator.py for tasks to queue
[2023-03-23T22:53:39.495+0000] {logging_mixin.py:120} INFO - [2023-03-23T22:53:39.495+0000] {dagbag.py:537} INFO - Filling up the DagBag from /home/airflow/.local/lib/python3.7/site-packages/airflow/example_dags/example_short_circuit_decorator.py
[2023-03-23T22:53:39.532+0000] {processor.py:766} INFO - DAG(s) dict_keys(['example_short_circuit_decorator']) retrieved from /home/airflow/.local/lib/python3.7/site-packages/airflow/example_dags/example_short_circuit_decorator.py
[2023-03-23T22:53:39.590+0000] {logging_mixin.py:120} INFO - [2023-03-23T22:53:39.589+0000] {dag.py:2585} INFO - Sync 1 DAGs
[2023-03-23T22:53:39.622+0000] {logging_mixin.py:120} INFO - [2023-03-23T22:53:39.622+0000] {dag.py:3340} INFO - Setting next_dagrun for example_short_circuit_decorator to 2023-03-22T22:53:39.621889+00:00, run_after=2023-03-23T22:53:39.621889+00:00
[2023-03-23T22:53:39.659+0000] {processor.py:176} INFO - Processing /home/airflow/.local/lib/python3.7/site-packages/airflow/example_dags/example_short_circuit_decorator.py took 0.170 seconds
[2023-03-23T22:54:10.170+0000] {processor.py:154} INFO - Started process (PID=641) to work on /home/airflow/.local/lib/python3.7/site-packages/airflow/example_dags/example_short_circuit_decorator.py
[2023-03-23T22:54:10.171+0000] {processor.py:756} INFO - Processing file /home/airflow/.local/lib/python3.7/site-packages/airflow/example_dags/example_short_circuit_decorator.py for tasks to queue
[2023-03-23T22:54:10.172+0000] {logging_mixin.py:120} INFO - [2023-03-23T22:54:10.172+0000] {dagbag.py:537} INFO - Filling up the DagBag from /home/airflow/.local/lib/python3.7/site-packages/airflow/example_dags/example_short_circuit_decorator.py
[2023-03-23T22:54:10.195+0000] {processor.py:766} INFO - DAG(s) dict_keys(['example_short_circuit_decorator']) retrieved from /home/airflow/.local/lib/python3.7/site-packages/airflow/example_dags/example_short_circuit_decorator.py
[2023-03-23T22:54:10.243+0000] {logging_mixin.py:120} INFO - [2023-03-23T22:54:10.243+0000] {dag.py:2585} INFO - Sync 1 DAGs
[2023-03-23T22:54:10.272+0000] {logging_mixin.py:120} INFO - [2023-03-23T22:54:10.272+0000] {dag.py:3340} INFO - Setting next_dagrun for example_short_circuit_decorator to 2023-03-22T22:54:10.271592+00:00, run_after=2023-03-23T22:54:10.271592+00:00
[2023-03-23T22:54:10.300+0000] {processor.py:176} INFO - Processing /home/airflow/.local/lib/python3.7/site-packages/airflow/example_dags/example_short_circuit_decorator.py took 0.133 seconds
[2023-03-23T22:54:40.398+0000] {processor.py:154} INFO - Started process (PID=703) to work on /home/airflow/.local/lib/python3.7/site-packages/airflow/example_dags/example_short_circuit_decorator.py
[2023-03-23T22:54:40.399+0000] {processor.py:756} INFO - Processing file /home/airflow/.local/lib/python3.7/site-packages/airflow/example_dags/example_short_circuit_decorator.py for tasks to queue
[2023-03-23T22:54:40.400+0000] {logging_mixin.py:120} INFO - [2023-03-23T22:54:40.400+0000] {dagbag.py:537} INFO - Filling up the DagBag from /home/airflow/.local/lib/python3.7/site-packages/airflow/example_dags/example_short_circuit_decorator.py
[2023-03-23T22:54:40.427+0000] {processor.py:766} INFO - DAG(s) dict_keys(['example_short_circuit_decorator']) retrieved from /home/airflow/.local/lib/python3.7/site-packages/airflow/example_dags/example_short_circuit_decorator.py
[2023-03-23T22:54:40.465+0000] {logging_mixin.py:120} INFO - [2023-03-23T22:54:40.465+0000] {dag.py:2585} INFO - Sync 1 DAGs
[2023-03-23T22:54:40.494+0000] {logging_mixin.py:120} INFO - [2023-03-23T22:54:40.493+0000] {dag.py:3340} INFO - Setting next_dagrun for example_short_circuit_decorator to 2023-03-22T22:54:40.493718+00:00, run_after=2023-03-23T22:54:40.493718+00:00
[2023-03-23T22:54:40.521+0000] {processor.py:176} INFO - Processing /home/airflow/.local/lib/python3.7/site-packages/airflow/example_dags/example_short_circuit_decorator.py took 0.127 seconds
[2023-03-23T22:55:10.734+0000] {processor.py:154} INFO - Started process (PID=766) to work on /home/airflow/.local/lib/python3.7/site-packages/airflow/example_dags/example_short_circuit_decorator.py
[2023-03-23T22:55:10.736+0000] {processor.py:756} INFO - Processing file /home/airflow/.local/lib/python3.7/site-packages/airflow/example_dags/example_short_circuit_decorator.py for tasks to queue
[2023-03-23T22:55:10.737+0000] {logging_mixin.py:120} INFO - [2023-03-23T22:55:10.737+0000] {dagbag.py:537} INFO - Filling up the DagBag from /home/airflow/.local/lib/python3.7/site-packages/airflow/example_dags/example_short_circuit_decorator.py
[2023-03-23T22:55:10.773+0000] {processor.py:766} INFO - DAG(s) dict_keys(['example_short_circuit_decorator']) retrieved from /home/airflow/.local/lib/python3.7/site-packages/airflow/example_dags/example_short_circuit_decorator.py
[2023-03-23T22:55:10.822+0000] {logging_mixin.py:120} INFO - [2023-03-23T22:55:10.822+0000] {dag.py:2585} INFO - Sync 1 DAGs
[2023-03-23T22:55:10.872+0000] {logging_mixin.py:120} INFO - [2023-03-23T22:55:10.872+0000] {dag.py:3340} INFO - Setting next_dagrun for example_short_circuit_decorator to 2023-03-22T22:55:10.871812+00:00, run_after=2023-03-23T22:55:10.871812+00:00
[2023-03-23T22:55:10.898+0000] {processor.py:176} INFO - Processing /home/airflow/.local/lib/python3.7/site-packages/airflow/example_dags/example_short_circuit_decorator.py took 0.175 seconds
[2023-03-23T22:55:41.050+0000] {processor.py:154} INFO - Started process (PID=820) to work on /home/airflow/.local/lib/python3.7/site-packages/airflow/example_dags/example_short_circuit_decorator.py
[2023-03-23T22:55:41.051+0000] {processor.py:756} INFO - Processing file /home/airflow/.local/lib/python3.7/site-packages/airflow/example_dags/example_short_circuit_decorator.py for tasks to queue
[2023-03-23T22:55:41.052+0000] {logging_mixin.py:120} INFO - [2023-03-23T22:55:41.052+0000] {dagbag.py:537} INFO - Filling up the DagBag from /home/airflow/.local/lib/python3.7/site-packages/airflow/example_dags/example_short_circuit_decorator.py
[2023-03-23T22:55:41.076+0000] {processor.py:766} INFO - DAG(s) dict_keys(['example_short_circuit_decorator']) retrieved from /home/airflow/.local/lib/python3.7/site-packages/airflow/example_dags/example_short_circuit_decorator.py
[2023-03-23T22:55:41.115+0000] {logging_mixin.py:120} INFO - [2023-03-23T22:55:41.115+0000] {dag.py:2585} INFO - Sync 1 DAGs
[2023-03-23T22:55:41.143+0000] {logging_mixin.py:120} INFO - [2023-03-23T22:55:41.143+0000] {dag.py:3340} INFO - Setting next_dagrun for example_short_circuit_decorator to 2023-03-22T22:55:41.143081+00:00, run_after=2023-03-23T22:55:41.143081+00:00
[2023-03-23T22:55:41.167+0000] {processor.py:176} INFO - Processing /home/airflow/.local/lib/python3.7/site-packages/airflow/example_dags/example_short_circuit_decorator.py took 0.120 seconds
[2023-03-23T22:56:11.460+0000] {processor.py:154} INFO - Started process (PID=883) to work on /home/airflow/.local/lib/python3.7/site-packages/airflow/example_dags/example_short_circuit_decorator.py
[2023-03-23T22:56:11.462+0000] {processor.py:756} INFO - Processing file /home/airflow/.local/lib/python3.7/site-packages/airflow/example_dags/example_short_circuit_decorator.py for tasks to queue
[2023-03-23T22:56:11.463+0000] {logging_mixin.py:120} INFO - [2023-03-23T22:56:11.463+0000] {dagbag.py:537} INFO - Filling up the DagBag from /home/airflow/.local/lib/python3.7/site-packages/airflow/example_dags/example_short_circuit_decorator.py
[2023-03-23T22:56:11.497+0000] {processor.py:766} INFO - DAG(s) dict_keys(['example_short_circuit_decorator']) retrieved from /home/airflow/.local/lib/python3.7/site-packages/airflow/example_dags/example_short_circuit_decorator.py
[2023-03-23T22:56:11.553+0000] {logging_mixin.py:120} INFO - [2023-03-23T22:56:11.553+0000] {dag.py:2585} INFO - Sync 1 DAGs
[2023-03-23T22:56:11.583+0000] {logging_mixin.py:120} INFO - [2023-03-23T22:56:11.583+0000] {dag.py:3340} INFO - Setting next_dagrun for example_short_circuit_decorator to 2023-03-22T22:56:11.582840+00:00, run_after=2023-03-23T22:56:11.582840+00:00
[2023-03-23T22:56:11.614+0000] {processor.py:176} INFO - Processing /home/airflow/.local/lib/python3.7/site-packages/airflow/example_dags/example_short_circuit_decorator.py took 0.157 seconds
[2023-03-23T22:56:41.977+0000] {processor.py:154} INFO - Started process (PID=946) to work on /home/airflow/.local/lib/python3.7/site-packages/airflow/example_dags/example_short_circuit_decorator.py
[2023-03-23T22:56:41.978+0000] {processor.py:756} INFO - Processing file /home/airflow/.local/lib/python3.7/site-packages/airflow/example_dags/example_short_circuit_decorator.py for tasks to queue
[2023-03-23T22:56:41.980+0000] {logging_mixin.py:120} INFO - [2023-03-23T22:56:41.980+0000] {dagbag.py:537} INFO - Filling up the DagBag from /home/airflow/.local/lib/python3.7/site-packages/airflow/example_dags/example_short_circuit_decorator.py
[2023-03-23T22:56:42.008+0000] {processor.py:766} INFO - DAG(s) dict_keys(['example_short_circuit_decorator']) retrieved from /home/airflow/.local/lib/python3.7/site-packages/airflow/example_dags/example_short_circuit_decorator.py
[2023-03-23T22:56:42.052+0000] {logging_mixin.py:120} INFO - [2023-03-23T22:56:42.052+0000] {dag.py:2585} INFO - Sync 1 DAGs
[2023-03-23T22:56:42.080+0000] {logging_mixin.py:120} INFO - [2023-03-23T22:56:42.080+0000] {dag.py:3340} INFO - Setting next_dagrun for example_short_circuit_decorator to 2023-03-22T22:56:42.079743+00:00, run_after=2023-03-23T22:56:42.079743+00:00
[2023-03-23T22:56:42.106+0000] {processor.py:176} INFO - Processing /home/airflow/.local/lib/python3.7/site-packages/airflow/example_dags/example_short_circuit_decorator.py took 0.132 seconds
[2023-03-23T22:57:12.470+0000] {processor.py:154} INFO - Started process (PID=1000) to work on /home/airflow/.local/lib/python3.7/site-packages/airflow/example_dags/example_short_circuit_decorator.py
[2023-03-23T22:57:12.472+0000] {processor.py:756} INFO - Processing file /home/airflow/.local/lib/python3.7/site-packages/airflow/example_dags/example_short_circuit_decorator.py for tasks to queue
[2023-03-23T22:57:12.473+0000] {logging_mixin.py:120} INFO - [2023-03-23T22:57:12.472+0000] {dagbag.py:537} INFO - Filling up the DagBag from /home/airflow/.local/lib/python3.7/site-packages/airflow/example_dags/example_short_circuit_decorator.py
[2023-03-23T22:57:12.501+0000] {processor.py:766} INFO - DAG(s) dict_keys(['example_short_circuit_decorator']) retrieved from /home/airflow/.local/lib/python3.7/site-packages/airflow/example_dags/example_short_circuit_decorator.py
[2023-03-23T22:57:12.542+0000] {logging_mixin.py:120} INFO - [2023-03-23T22:57:12.542+0000] {dag.py:2585} INFO - Sync 1 DAGs
[2023-03-23T22:57:12.570+0000] {logging_mixin.py:120} INFO - [2023-03-23T22:57:12.570+0000] {dag.py:3340} INFO - Setting next_dagrun for example_short_circuit_decorator to 2023-03-22T22:57:12.570044+00:00, run_after=2023-03-23T22:57:12.570044+00:00
[2023-03-23T22:57:12.593+0000] {processor.py:176} INFO - Processing /home/airflow/.local/lib/python3.7/site-packages/airflow/example_dags/example_short_circuit_decorator.py took 0.127 seconds
[2023-03-23T22:57:42.651+0000] {processor.py:154} INFO - Started process (PID=1063) to work on /home/airflow/.local/lib/python3.7/site-packages/airflow/example_dags/example_short_circuit_decorator.py
[2023-03-23T22:57:42.652+0000] {processor.py:756} INFO - Processing file /home/airflow/.local/lib/python3.7/site-packages/airflow/example_dags/example_short_circuit_decorator.py for tasks to queue
[2023-03-23T22:57:42.657+0000] {logging_mixin.py:120} INFO - [2023-03-23T22:57:42.657+0000] {dagbag.py:537} INFO - Filling up the DagBag from /home/airflow/.local/lib/python3.7/site-packages/airflow/example_dags/example_short_circuit_decorator.py
[2023-03-23T22:57:42.685+0000] {processor.py:766} INFO - DAG(s) dict_keys(['example_short_circuit_decorator']) retrieved from /home/airflow/.local/lib/python3.7/site-packages/airflow/example_dags/example_short_circuit_decorator.py
[2023-03-23T22:57:42.730+0000] {logging_mixin.py:120} INFO - [2023-03-23T22:57:42.729+0000] {dag.py:2585} INFO - Sync 1 DAGs
[2023-03-23T22:57:42.763+0000] {logging_mixin.py:120} INFO - [2023-03-23T22:57:42.763+0000] {dag.py:3340} INFO - Setting next_dagrun for example_short_circuit_decorator to 2023-03-22T22:57:42.763507+00:00, run_after=2023-03-23T22:57:42.763507+00:00
[2023-03-23T22:57:42.791+0000] {processor.py:176} INFO - Processing /home/airflow/.local/lib/python3.7/site-packages/airflow/example_dags/example_short_circuit_decorator.py took 0.144 seconds
[2023-03-23T22:58:12.986+0000] {processor.py:154} INFO - Started process (PID=1126) to work on /home/airflow/.local/lib/python3.7/site-packages/airflow/example_dags/example_short_circuit_decorator.py
[2023-03-23T22:58:12.987+0000] {processor.py:756} INFO - Processing file /home/airflow/.local/lib/python3.7/site-packages/airflow/example_dags/example_short_circuit_decorator.py for tasks to queue
[2023-03-23T22:58:12.989+0000] {logging_mixin.py:120} INFO - [2023-03-23T22:58:12.988+0000] {dagbag.py:537} INFO - Filling up the DagBag from /home/airflow/.local/lib/python3.7/site-packages/airflow/example_dags/example_short_circuit_decorator.py
[2023-03-23T22:58:13.012+0000] {processor.py:766} INFO - DAG(s) dict_keys(['example_short_circuit_decorator']) retrieved from /home/airflow/.local/lib/python3.7/site-packages/airflow/example_dags/example_short_circuit_decorator.py
[2023-03-23T22:58:13.053+0000] {logging_mixin.py:120} INFO - [2023-03-23T22:58:13.052+0000] {dag.py:2585} INFO - Sync 1 DAGs
[2023-03-23T22:58:13.078+0000] {logging_mixin.py:120} INFO - [2023-03-23T22:58:13.078+0000] {dag.py:3340} INFO - Setting next_dagrun for example_short_circuit_decorator to 2023-03-22T22:58:13.078417+00:00, run_after=2023-03-23T22:58:13.078417+00:00
[2023-03-23T22:58:13.105+0000] {processor.py:176} INFO - Processing /home/airflow/.local/lib/python3.7/site-packages/airflow/example_dags/example_short_circuit_decorator.py took 0.122 seconds
[2023-03-23T22:58:43.725+0000] {processor.py:154} INFO - Started process (PID=1180) to work on /home/airflow/.local/lib/python3.7/site-packages/airflow/example_dags/example_short_circuit_decorator.py
[2023-03-23T22:58:43.727+0000] {processor.py:756} INFO - Processing file /home/airflow/.local/lib/python3.7/site-packages/airflow/example_dags/example_short_circuit_decorator.py for tasks to queue
[2023-03-23T22:58:43.728+0000] {logging_mixin.py:120} INFO - [2023-03-23T22:58:43.728+0000] {dagbag.py:537} INFO - Filling up the DagBag from /home/airflow/.local/lib/python3.7/site-packages/airflow/example_dags/example_short_circuit_decorator.py
[2023-03-23T22:58:43.755+0000] {processor.py:766} INFO - DAG(s) dict_keys(['example_short_circuit_decorator']) retrieved from /home/airflow/.local/lib/python3.7/site-packages/airflow/example_dags/example_short_circuit_decorator.py
[2023-03-23T22:58:43.796+0000] {logging_mixin.py:120} INFO - [2023-03-23T22:58:43.796+0000] {dag.py:2585} INFO - Sync 1 DAGs
[2023-03-23T22:58:43.822+0000] {logging_mixin.py:120} INFO - [2023-03-23T22:58:43.822+0000] {dag.py:3340} INFO - Setting next_dagrun for example_short_circuit_decorator to 2023-03-22T22:58:43.821880+00:00, run_after=2023-03-23T22:58:43.821880+00:00
[2023-03-23T22:58:43.844+0000] {processor.py:176} INFO - Processing /home/airflow/.local/lib/python3.7/site-packages/airflow/example_dags/example_short_circuit_decorator.py took 0.122 seconds
[2023-03-23T22:59:14.324+0000] {processor.py:154} INFO - Started process (PID=1243) to work on /home/airflow/.local/lib/python3.7/site-packages/airflow/example_dags/example_short_circuit_decorator.py
[2023-03-23T22:59:14.325+0000] {processor.py:756} INFO - Processing file /home/airflow/.local/lib/python3.7/site-packages/airflow/example_dags/example_short_circuit_decorator.py for tasks to queue
[2023-03-23T22:59:14.326+0000] {logging_mixin.py:120} INFO - [2023-03-23T22:59:14.326+0000] {dagbag.py:537} INFO - Filling up the DagBag from /home/airflow/.local/lib/python3.7/site-packages/airflow/example_dags/example_short_circuit_decorator.py
[2023-03-23T22:59:14.358+0000] {processor.py:766} INFO - DAG(s) dict_keys(['example_short_circuit_decorator']) retrieved from /home/airflow/.local/lib/python3.7/site-packages/airflow/example_dags/example_short_circuit_decorator.py
[2023-03-23T22:59:14.411+0000] {logging_mixin.py:120} INFO - [2023-03-23T22:59:14.410+0000] {dag.py:2585} INFO - Sync 1 DAGs
[2023-03-23T22:59:14.446+0000] {logging_mixin.py:120} INFO - [2023-03-23T22:59:14.446+0000] {dag.py:3340} INFO - Setting next_dagrun for example_short_circuit_decorator to 2023-03-22T22:59:14.445981+00:00, run_after=2023-03-23T22:59:14.445981+00:00
[2023-03-23T22:59:14.476+0000] {processor.py:176} INFO - Processing /home/airflow/.local/lib/python3.7/site-packages/airflow/example_dags/example_short_circuit_decorator.py took 0.157 seconds
