[2023-03-23T22:48:43.827+0000] {processor.py:154} INFO - Started process (PID=69) to work on /home/airflow/.local/lib/python3.7/site-packages/airflow/example_dags/tutorial.py
[2023-03-23T22:48:43.828+0000] {processor.py:756} INFO - Processing file /home/airflow/.local/lib/python3.7/site-packages/airflow/example_dags/tutorial.py for tasks to queue
[2023-03-23T22:48:43.837+0000] {logging_mixin.py:120} INFO - [2023-03-23T22:48:43.837+0000] {dagbag.py:537} INFO - Filling up the DagBag from /home/airflow/.local/lib/python3.7/site-packages/airflow/example_dags/tutorial.py
[2023-03-23T22:48:43.867+0000] {processor.py:766} INFO - DAG(s) dict_keys(['tutorial']) retrieved from /home/airflow/.local/lib/python3.7/site-packages/airflow/example_dags/tutorial.py
[2023-03-23T22:48:44.401+0000] {logging_mixin.py:120} INFO - [2023-03-23T22:48:44.401+0000] {manager.py:507} INFO - Created Permission View: can edit on DAG:tutorial
[2023-03-23T22:48:44.476+0000] {logging_mixin.py:120} INFO - [2023-03-23T22:48:44.476+0000] {manager.py:507} INFO - Created Permission View: can read on DAG:tutorial
[2023-03-23T22:48:44.506+0000] {logging_mixin.py:120} INFO - [2023-03-23T22:48:44.506+0000] {manager.py:507} INFO - Created Permission View: can delete on DAG:tutorial
[2023-03-23T22:48:44.507+0000] {logging_mixin.py:120} INFO - [2023-03-23T22:48:44.507+0000] {dag.py:2585} INFO - Sync 1 DAGs
[2023-03-23T22:48:44.568+0000] {logging_mixin.py:120} INFO - [2023-03-23T22:48:44.567+0000] {dag.py:2606} INFO - Creating ORM DAG for tutorial
[2023-03-23T22:48:44.615+0000] {logging_mixin.py:120} INFO - [2023-03-23T22:48:44.615+0000] {dag.py:3340} INFO - Setting next_dagrun for tutorial to 2023-03-22T22:48:44.615234+00:00, run_after=2023-03-23T22:48:44.615234+00:00
[2023-03-23T22:48:44.724+0000] {processor.py:176} INFO - Processing /home/airflow/.local/lib/python3.7/site-packages/airflow/example_dags/tutorial.py took 0.902 seconds
[2023-03-23T22:49:18.012+0000] {processor.py:154} INFO - Started process (PID=123) to work on /home/airflow/.local/lib/python3.7/site-packages/airflow/example_dags/tutorial.py
[2023-03-23T22:49:18.044+0000] {processor.py:756} INFO - Processing file /home/airflow/.local/lib/python3.7/site-packages/airflow/example_dags/tutorial.py for tasks to queue
[2023-03-23T22:49:18.050+0000] {logging_mixin.py:120} INFO - [2023-03-23T22:49:18.049+0000] {dagbag.py:537} INFO - Filling up the DagBag from /home/airflow/.local/lib/python3.7/site-packages/airflow/example_dags/tutorial.py
[2023-03-23T22:49:18.098+0000] {processor.py:766} INFO - DAG(s) dict_keys(['tutorial']) retrieved from /home/airflow/.local/lib/python3.7/site-packages/airflow/example_dags/tutorial.py
[2023-03-23T22:49:18.327+0000] {logging_mixin.py:120} INFO - [2023-03-23T22:49:18.327+0000] {dag.py:2585} INFO - Sync 1 DAGs
[2023-03-23T22:49:18.436+0000] {logging_mixin.py:120} INFO - [2023-03-23T22:49:18.435+0000] {dag.py:3340} INFO - Setting next_dagrun for tutorial to 2023-03-22T22:49:18.435183+00:00, run_after=2023-03-23T22:49:18.435183+00:00
[2023-03-23T22:49:18.547+0000] {processor.py:176} INFO - Processing /home/airflow/.local/lib/python3.7/site-packages/airflow/example_dags/tutorial.py took 0.540 seconds
[2023-03-23T22:49:55.583+0000] {processor.py:154} INFO - Started process (PID=178) to work on /home/airflow/.local/lib/python3.7/site-packages/airflow/example_dags/tutorial.py
[2023-03-23T22:49:55.595+0000] {processor.py:756} INFO - Processing file /home/airflow/.local/lib/python3.7/site-packages/airflow/example_dags/tutorial.py for tasks to queue
[2023-03-23T22:49:55.633+0000] {logging_mixin.py:120} INFO - [2023-03-23T22:49:55.633+0000] {dagbag.py:537} INFO - Filling up the DagBag from /home/airflow/.local/lib/python3.7/site-packages/airflow/example_dags/tutorial.py
[2023-03-23T22:49:55.720+0000] {processor.py:766} INFO - DAG(s) dict_keys(['tutorial']) retrieved from /home/airflow/.local/lib/python3.7/site-packages/airflow/example_dags/tutorial.py
[2023-03-23T22:49:55.892+0000] {logging_mixin.py:120} INFO - [2023-03-23T22:49:55.892+0000] {dag.py:2585} INFO - Sync 1 DAGs
[2023-03-23T22:49:56.035+0000] {logging_mixin.py:120} INFO - [2023-03-23T22:49:56.035+0000] {dag.py:3340} INFO - Setting next_dagrun for tutorial to 2023-03-22T22:49:56.035253+00:00, run_after=2023-03-23T22:49:56.035253+00:00
[2023-03-23T22:49:56.152+0000] {processor.py:176} INFO - Processing /home/airflow/.local/lib/python3.7/site-packages/airflow/example_dags/tutorial.py took 0.574 seconds
[2023-03-23T22:50:30.440+0000] {processor.py:154} INFO - Started process (PID=232) to work on /home/airflow/.local/lib/python3.7/site-packages/airflow/example_dags/tutorial.py
[2023-03-23T22:50:30.441+0000] {processor.py:756} INFO - Processing file /home/airflow/.local/lib/python3.7/site-packages/airflow/example_dags/tutorial.py for tasks to queue
[2023-03-23T22:50:30.443+0000] {logging_mixin.py:120} INFO - [2023-03-23T22:50:30.443+0000] {dagbag.py:537} INFO - Filling up the DagBag from /home/airflow/.local/lib/python3.7/site-packages/airflow/example_dags/tutorial.py
[2023-03-23T22:50:30.483+0000] {processor.py:766} INFO - DAG(s) dict_keys(['tutorial']) retrieved from /home/airflow/.local/lib/python3.7/site-packages/airflow/example_dags/tutorial.py
[2023-03-23T22:50:30.725+0000] {logging_mixin.py:120} INFO - [2023-03-23T22:50:30.724+0000] {dag.py:2585} INFO - Sync 1 DAGs
[2023-03-23T22:50:30.839+0000] {logging_mixin.py:120} INFO - [2023-03-23T22:50:30.839+0000] {dag.py:3340} INFO - Setting next_dagrun for tutorial to 2023-03-22T22:50:30.839050+00:00, run_after=2023-03-23T22:50:30.839050+00:00
[2023-03-23T22:50:30.919+0000] {processor.py:176} INFO - Processing /home/airflow/.local/lib/python3.7/site-packages/airflow/example_dags/tutorial.py took 0.485 seconds
[2023-03-23T22:51:01.269+0000] {processor.py:154} INFO - Started process (PID=286) to work on /home/airflow/.local/lib/python3.7/site-packages/airflow/example_dags/tutorial.py
[2023-03-23T22:51:01.279+0000] {processor.py:756} INFO - Processing file /home/airflow/.local/lib/python3.7/site-packages/airflow/example_dags/tutorial.py for tasks to queue
[2023-03-23T22:51:01.284+0000] {logging_mixin.py:120} INFO - [2023-03-23T22:51:01.283+0000] {dagbag.py:537} INFO - Filling up the DagBag from /home/airflow/.local/lib/python3.7/site-packages/airflow/example_dags/tutorial.py
[2023-03-23T22:51:01.348+0000] {processor.py:766} INFO - DAG(s) dict_keys(['tutorial']) retrieved from /home/airflow/.local/lib/python3.7/site-packages/airflow/example_dags/tutorial.py
[2023-03-23T22:51:01.585+0000] {logging_mixin.py:120} INFO - [2023-03-23T22:51:01.584+0000] {dag.py:2585} INFO - Sync 1 DAGs
[2023-03-23T22:51:01.715+0000] {logging_mixin.py:120} INFO - [2023-03-23T22:51:01.714+0000] {dag.py:3340} INFO - Setting next_dagrun for tutorial to 2023-03-22T22:51:01.714487+00:00, run_after=2023-03-23T22:51:01.714487+00:00
[2023-03-23T22:51:01.801+0000] {processor.py:176} INFO - Processing /home/airflow/.local/lib/python3.7/site-packages/airflow/example_dags/tutorial.py took 0.536 seconds
[2023-03-23T22:51:32.460+0000] {processor.py:154} INFO - Started process (PID=341) to work on /home/airflow/.local/lib/python3.7/site-packages/airflow/example_dags/tutorial.py
[2023-03-23T22:51:32.466+0000] {processor.py:756} INFO - Processing file /home/airflow/.local/lib/python3.7/site-packages/airflow/example_dags/tutorial.py for tasks to queue
[2023-03-23T22:51:32.470+0000] {logging_mixin.py:120} INFO - [2023-03-23T22:51:32.469+0000] {dagbag.py:537} INFO - Filling up the DagBag from /home/airflow/.local/lib/python3.7/site-packages/airflow/example_dags/tutorial.py
[2023-03-23T22:51:32.542+0000] {processor.py:766} INFO - DAG(s) dict_keys(['tutorial']) retrieved from /home/airflow/.local/lib/python3.7/site-packages/airflow/example_dags/tutorial.py
[2023-03-23T22:51:32.727+0000] {logging_mixin.py:120} INFO - [2023-03-23T22:51:32.727+0000] {dag.py:2585} INFO - Sync 1 DAGs
[2023-03-23T22:51:32.858+0000] {logging_mixin.py:120} INFO - [2023-03-23T22:51:32.857+0000] {dag.py:3340} INFO - Setting next_dagrun for tutorial to 2023-03-22T22:51:32.856874+00:00, run_after=2023-03-23T22:51:32.856874+00:00
[2023-03-23T22:51:35.724+0000] {processor.py:176} INFO - Processing /home/airflow/.local/lib/python3.7/site-packages/airflow/example_dags/tutorial.py took 3.270 seconds
[2023-03-23T22:52:06.437+0000] {processor.py:154} INFO - Started process (PID=399) to work on /home/airflow/.local/lib/python3.7/site-packages/airflow/example_dags/tutorial.py
[2023-03-23T22:52:06.439+0000] {processor.py:756} INFO - Processing file /home/airflow/.local/lib/python3.7/site-packages/airflow/example_dags/tutorial.py for tasks to queue
[2023-03-23T22:52:06.440+0000] {logging_mixin.py:120} INFO - [2023-03-23T22:52:06.440+0000] {dagbag.py:537} INFO - Filling up the DagBag from /home/airflow/.local/lib/python3.7/site-packages/airflow/example_dags/tutorial.py
[2023-03-23T22:52:06.466+0000] {processor.py:766} INFO - DAG(s) dict_keys(['tutorial']) retrieved from /home/airflow/.local/lib/python3.7/site-packages/airflow/example_dags/tutorial.py
[2023-03-23T22:52:06.561+0000] {logging_mixin.py:120} INFO - [2023-03-23T22:52:06.561+0000] {dag.py:2585} INFO - Sync 1 DAGs
[2023-03-23T22:52:06.645+0000] {logging_mixin.py:120} INFO - [2023-03-23T22:52:06.645+0000] {dag.py:3340} INFO - Setting next_dagrun for tutorial to 2023-03-23T22:51:32.856874+00:00, run_after=2023-03-24T22:51:32.856874+00:00
[2023-03-23T22:52:06.714+0000] {processor.py:176} INFO - Processing /home/airflow/.local/lib/python3.7/site-packages/airflow/example_dags/tutorial.py took 0.281 seconds
[2023-03-23T22:52:37.168+0000] {processor.py:154} INFO - Started process (PID=468) to work on /home/airflow/.local/lib/python3.7/site-packages/airflow/example_dags/tutorial.py
[2023-03-23T22:52:37.169+0000] {processor.py:756} INFO - Processing file /home/airflow/.local/lib/python3.7/site-packages/airflow/example_dags/tutorial.py for tasks to queue
[2023-03-23T22:52:37.170+0000] {logging_mixin.py:120} INFO - [2023-03-23T22:52:37.170+0000] {dagbag.py:537} INFO - Filling up the DagBag from /home/airflow/.local/lib/python3.7/site-packages/airflow/example_dags/tutorial.py
[2023-03-23T22:52:37.185+0000] {processor.py:766} INFO - DAG(s) dict_keys(['tutorial']) retrieved from /home/airflow/.local/lib/python3.7/site-packages/airflow/example_dags/tutorial.py
[2023-03-23T22:52:37.226+0000] {logging_mixin.py:120} INFO - [2023-03-23T22:52:37.225+0000] {dag.py:2585} INFO - Sync 1 DAGs
[2023-03-23T22:52:37.257+0000] {logging_mixin.py:120} INFO - [2023-03-23T22:52:37.257+0000] {dag.py:3340} INFO - Setting next_dagrun for tutorial to 2023-03-23T22:51:32.856874+00:00, run_after=2023-03-24T22:51:32.856874+00:00
[2023-03-23T22:52:37.284+0000] {processor.py:176} INFO - Processing /home/airflow/.local/lib/python3.7/site-packages/airflow/example_dags/tutorial.py took 0.119 seconds
[2023-03-23T22:53:07.816+0000] {processor.py:154} INFO - Started process (PID=522) to work on /home/airflow/.local/lib/python3.7/site-packages/airflow/example_dags/tutorial.py
[2023-03-23T22:53:07.817+0000] {processor.py:756} INFO - Processing file /home/airflow/.local/lib/python3.7/site-packages/airflow/example_dags/tutorial.py for tasks to queue
[2023-03-23T22:53:07.818+0000] {logging_mixin.py:120} INFO - [2023-03-23T22:53:07.818+0000] {dagbag.py:537} INFO - Filling up the DagBag from /home/airflow/.local/lib/python3.7/site-packages/airflow/example_dags/tutorial.py
[2023-03-23T22:53:07.835+0000] {processor.py:766} INFO - DAG(s) dict_keys(['tutorial']) retrieved from /home/airflow/.local/lib/python3.7/site-packages/airflow/example_dags/tutorial.py
[2023-03-23T22:53:07.887+0000] {logging_mixin.py:120} INFO - [2023-03-23T22:53:07.887+0000] {dag.py:2585} INFO - Sync 1 DAGs
[2023-03-23T22:53:07.917+0000] {logging_mixin.py:120} INFO - [2023-03-23T22:53:07.917+0000] {dag.py:3340} INFO - Setting next_dagrun for tutorial to 2023-03-23T22:51:32.856874+00:00, run_after=2023-03-24T22:51:32.856874+00:00
[2023-03-23T22:53:07.946+0000] {processor.py:176} INFO - Processing /home/airflow/.local/lib/python3.7/site-packages/airflow/example_dags/tutorial.py took 0.134 seconds
[2023-03-23T22:53:38.326+0000] {processor.py:154} INFO - Started process (PID=585) to work on /home/airflow/.local/lib/python3.7/site-packages/airflow/example_dags/tutorial.py
[2023-03-23T22:53:38.328+0000] {processor.py:756} INFO - Processing file /home/airflow/.local/lib/python3.7/site-packages/airflow/example_dags/tutorial.py for tasks to queue
[2023-03-23T22:53:38.329+0000] {logging_mixin.py:120} INFO - [2023-03-23T22:53:38.329+0000] {dagbag.py:537} INFO - Filling up the DagBag from /home/airflow/.local/lib/python3.7/site-packages/airflow/example_dags/tutorial.py
[2023-03-23T22:53:38.344+0000] {processor.py:766} INFO - DAG(s) dict_keys(['tutorial']) retrieved from /home/airflow/.local/lib/python3.7/site-packages/airflow/example_dags/tutorial.py
[2023-03-23T22:53:38.390+0000] {logging_mixin.py:120} INFO - [2023-03-23T22:53:38.390+0000] {dag.py:2585} INFO - Sync 1 DAGs
[2023-03-23T22:53:38.420+0000] {logging_mixin.py:120} INFO - [2023-03-23T22:53:38.420+0000] {dag.py:3340} INFO - Setting next_dagrun for tutorial to 2023-03-23T22:51:32.856874+00:00, run_after=2023-03-24T22:51:32.856874+00:00
[2023-03-23T22:53:38.450+0000] {processor.py:176} INFO - Processing /home/airflow/.local/lib/python3.7/site-packages/airflow/example_dags/tutorial.py took 0.127 seconds
[2023-03-23T22:54:09.000+0000] {processor.py:154} INFO - Started process (PID=639) to work on /home/airflow/.local/lib/python3.7/site-packages/airflow/example_dags/tutorial.py
[2023-03-23T22:54:09.001+0000] {processor.py:756} INFO - Processing file /home/airflow/.local/lib/python3.7/site-packages/airflow/example_dags/tutorial.py for tasks to queue
[2023-03-23T22:54:09.002+0000] {logging_mixin.py:120} INFO - [2023-03-23T22:54:09.002+0000] {dagbag.py:537} INFO - Filling up the DagBag from /home/airflow/.local/lib/python3.7/site-packages/airflow/example_dags/tutorial.py
[2023-03-23T22:54:09.018+0000] {processor.py:766} INFO - DAG(s) dict_keys(['tutorial']) retrieved from /home/airflow/.local/lib/python3.7/site-packages/airflow/example_dags/tutorial.py
[2023-03-23T22:54:09.065+0000] {logging_mixin.py:120} INFO - [2023-03-23T22:54:09.065+0000] {dag.py:2585} INFO - Sync 1 DAGs
[2023-03-23T22:54:09.101+0000] {logging_mixin.py:120} INFO - [2023-03-23T22:54:09.101+0000] {dag.py:3340} INFO - Setting next_dagrun for tutorial to 2023-03-23T22:51:32.856874+00:00, run_after=2023-03-24T22:51:32.856874+00:00
[2023-03-23T22:54:09.126+0000] {processor.py:176} INFO - Processing /home/airflow/.local/lib/python3.7/site-packages/airflow/example_dags/tutorial.py took 0.129 seconds
[2023-03-23T22:54:39.195+0000] {processor.py:154} INFO - Started process (PID=701) to work on /home/airflow/.local/lib/python3.7/site-packages/airflow/example_dags/tutorial.py
[2023-03-23T22:54:39.197+0000] {processor.py:756} INFO - Processing file /home/airflow/.local/lib/python3.7/site-packages/airflow/example_dags/tutorial.py for tasks to queue
[2023-03-23T22:54:39.198+0000] {logging_mixin.py:120} INFO - [2023-03-23T22:54:39.197+0000] {dagbag.py:537} INFO - Filling up the DagBag from /home/airflow/.local/lib/python3.7/site-packages/airflow/example_dags/tutorial.py
[2023-03-23T22:54:39.213+0000] {processor.py:766} INFO - DAG(s) dict_keys(['tutorial']) retrieved from /home/airflow/.local/lib/python3.7/site-packages/airflow/example_dags/tutorial.py
[2023-03-23T22:54:39.265+0000] {logging_mixin.py:120} INFO - [2023-03-23T22:54:39.265+0000] {dag.py:2585} INFO - Sync 1 DAGs
[2023-03-23T22:54:39.311+0000] {logging_mixin.py:120} INFO - [2023-03-23T22:54:39.310+0000] {dag.py:3340} INFO - Setting next_dagrun for tutorial to 2023-03-23T22:51:32.856874+00:00, run_after=2023-03-24T22:51:32.856874+00:00
[2023-03-23T22:54:39.353+0000] {processor.py:176} INFO - Processing /home/airflow/.local/lib/python3.7/site-packages/airflow/example_dags/tutorial.py took 0.162 seconds
[2023-03-23T22:55:09.531+0000] {processor.py:154} INFO - Started process (PID=755) to work on /home/airflow/.local/lib/python3.7/site-packages/airflow/example_dags/tutorial.py
[2023-03-23T22:55:09.532+0000] {processor.py:756} INFO - Processing file /home/airflow/.local/lib/python3.7/site-packages/airflow/example_dags/tutorial.py for tasks to queue
[2023-03-23T22:55:09.533+0000] {logging_mixin.py:120} INFO - [2023-03-23T22:55:09.533+0000] {dagbag.py:537} INFO - Filling up the DagBag from /home/airflow/.local/lib/python3.7/site-packages/airflow/example_dags/tutorial.py
[2023-03-23T22:55:09.548+0000] {processor.py:766} INFO - DAG(s) dict_keys(['tutorial']) retrieved from /home/airflow/.local/lib/python3.7/site-packages/airflow/example_dags/tutorial.py
[2023-03-23T22:55:09.589+0000] {logging_mixin.py:120} INFO - [2023-03-23T22:55:09.589+0000] {dag.py:2585} INFO - Sync 1 DAGs
[2023-03-23T22:55:09.616+0000] {logging_mixin.py:120} INFO - [2023-03-23T22:55:09.616+0000] {dag.py:3340} INFO - Setting next_dagrun for tutorial to 2023-03-23T22:51:32.856874+00:00, run_after=2023-03-24T22:51:32.856874+00:00
[2023-03-23T22:55:09.639+0000] {processor.py:176} INFO - Processing /home/airflow/.local/lib/python3.7/site-packages/airflow/example_dags/tutorial.py took 0.111 seconds
[2023-03-23T22:55:39.719+0000] {processor.py:154} INFO - Started process (PID=818) to work on /home/airflow/.local/lib/python3.7/site-packages/airflow/example_dags/tutorial.py
[2023-03-23T22:55:39.721+0000] {processor.py:756} INFO - Processing file /home/airflow/.local/lib/python3.7/site-packages/airflow/example_dags/tutorial.py for tasks to queue
[2023-03-23T22:55:39.721+0000] {logging_mixin.py:120} INFO - [2023-03-23T22:55:39.721+0000] {dagbag.py:537} INFO - Filling up the DagBag from /home/airflow/.local/lib/python3.7/site-packages/airflow/example_dags/tutorial.py
[2023-03-23T22:55:39.734+0000] {processor.py:766} INFO - DAG(s) dict_keys(['tutorial']) retrieved from /home/airflow/.local/lib/python3.7/site-packages/airflow/example_dags/tutorial.py
[2023-03-23T22:55:39.775+0000] {logging_mixin.py:120} INFO - [2023-03-23T22:55:39.774+0000] {dag.py:2585} INFO - Sync 1 DAGs
[2023-03-23T22:55:39.800+0000] {logging_mixin.py:120} INFO - [2023-03-23T22:55:39.800+0000] {dag.py:3340} INFO - Setting next_dagrun for tutorial to 2023-03-23T22:51:32.856874+00:00, run_after=2023-03-24T22:51:32.856874+00:00
[2023-03-23T22:55:39.830+0000] {processor.py:176} INFO - Processing /home/airflow/.local/lib/python3.7/site-packages/airflow/example_dags/tutorial.py took 0.115 seconds
[2023-03-23T22:56:10.292+0000] {processor.py:154} INFO - Started process (PID=881) to work on /home/airflow/.local/lib/python3.7/site-packages/airflow/example_dags/tutorial.py
[2023-03-23T22:56:10.293+0000] {processor.py:756} INFO - Processing file /home/airflow/.local/lib/python3.7/site-packages/airflow/example_dags/tutorial.py for tasks to queue
[2023-03-23T22:56:10.296+0000] {logging_mixin.py:120} INFO - [2023-03-23T22:56:10.295+0000] {dagbag.py:537} INFO - Filling up the DagBag from /home/airflow/.local/lib/python3.7/site-packages/airflow/example_dags/tutorial.py
[2023-03-23T22:56:10.317+0000] {processor.py:766} INFO - DAG(s) dict_keys(['tutorial']) retrieved from /home/airflow/.local/lib/python3.7/site-packages/airflow/example_dags/tutorial.py
[2023-03-23T22:56:10.370+0000] {logging_mixin.py:120} INFO - [2023-03-23T22:56:10.370+0000] {dag.py:2585} INFO - Sync 1 DAGs
[2023-03-23T22:56:10.394+0000] {logging_mixin.py:120} INFO - [2023-03-23T22:56:10.394+0000] {dag.py:3340} INFO - Setting next_dagrun for tutorial to 2023-03-23T22:51:32.856874+00:00, run_after=2023-03-24T22:51:32.856874+00:00
[2023-03-23T22:56:10.419+0000] {processor.py:176} INFO - Processing /home/airflow/.local/lib/python3.7/site-packages/airflow/example_dags/tutorial.py took 0.131 seconds
[2023-03-23T22:56:40.790+0000] {processor.py:154} INFO - Started process (PID=942) to work on /home/airflow/.local/lib/python3.7/site-packages/airflow/example_dags/tutorial.py
[2023-03-23T22:56:40.791+0000] {processor.py:756} INFO - Processing file /home/airflow/.local/lib/python3.7/site-packages/airflow/example_dags/tutorial.py for tasks to queue
[2023-03-23T22:56:40.792+0000] {logging_mixin.py:120} INFO - [2023-03-23T22:56:40.792+0000] {dagbag.py:537} INFO - Filling up the DagBag from /home/airflow/.local/lib/python3.7/site-packages/airflow/example_dags/tutorial.py
[2023-03-23T22:56:40.813+0000] {processor.py:766} INFO - DAG(s) dict_keys(['tutorial']) retrieved from /home/airflow/.local/lib/python3.7/site-packages/airflow/example_dags/tutorial.py
[2023-03-23T22:56:40.882+0000] {logging_mixin.py:120} INFO - [2023-03-23T22:56:40.881+0000] {dag.py:2585} INFO - Sync 1 DAGs
[2023-03-23T22:56:40.914+0000] {logging_mixin.py:120} INFO - [2023-03-23T22:56:40.914+0000] {dag.py:3340} INFO - Setting next_dagrun for tutorial to 2023-03-23T22:51:32.856874+00:00, run_after=2023-03-24T22:51:32.856874+00:00
[2023-03-23T22:56:40.935+0000] {processor.py:176} INFO - Processing /home/airflow/.local/lib/python3.7/site-packages/airflow/example_dags/tutorial.py took 0.149 seconds
[2023-03-23T22:57:11.321+0000] {processor.py:154} INFO - Started process (PID=998) to work on /home/airflow/.local/lib/python3.7/site-packages/airflow/example_dags/tutorial.py
[2023-03-23T22:57:11.322+0000] {processor.py:756} INFO - Processing file /home/airflow/.local/lib/python3.7/site-packages/airflow/example_dags/tutorial.py for tasks to queue
[2023-03-23T22:57:11.323+0000] {logging_mixin.py:120} INFO - [2023-03-23T22:57:11.323+0000] {dagbag.py:537} INFO - Filling up the DagBag from /home/airflow/.local/lib/python3.7/site-packages/airflow/example_dags/tutorial.py
[2023-03-23T22:57:11.339+0000] {processor.py:766} INFO - DAG(s) dict_keys(['tutorial']) retrieved from /home/airflow/.local/lib/python3.7/site-packages/airflow/example_dags/tutorial.py
[2023-03-23T22:57:11.379+0000] {logging_mixin.py:120} INFO - [2023-03-23T22:57:11.379+0000] {dag.py:2585} INFO - Sync 1 DAGs
[2023-03-23T22:57:11.406+0000] {logging_mixin.py:120} INFO - [2023-03-23T22:57:11.406+0000] {dag.py:3340} INFO - Setting next_dagrun for tutorial to 2023-03-23T22:51:32.856874+00:00, run_after=2023-03-24T22:51:32.856874+00:00
[2023-03-23T22:57:11.431+0000] {processor.py:176} INFO - Processing /home/airflow/.local/lib/python3.7/site-packages/airflow/example_dags/tutorial.py took 0.113 seconds
[2023-03-23T22:57:41.504+0000] {processor.py:154} INFO - Started process (PID=1061) to work on /home/airflow/.local/lib/python3.7/site-packages/airflow/example_dags/tutorial.py
[2023-03-23T22:57:41.505+0000] {processor.py:756} INFO - Processing file /home/airflow/.local/lib/python3.7/site-packages/airflow/example_dags/tutorial.py for tasks to queue
[2023-03-23T22:57:41.506+0000] {logging_mixin.py:120} INFO - [2023-03-23T22:57:41.505+0000] {dagbag.py:537} INFO - Filling up the DagBag from /home/airflow/.local/lib/python3.7/site-packages/airflow/example_dags/tutorial.py
[2023-03-23T22:57:41.520+0000] {processor.py:766} INFO - DAG(s) dict_keys(['tutorial']) retrieved from /home/airflow/.local/lib/python3.7/site-packages/airflow/example_dags/tutorial.py
[2023-03-23T22:57:41.566+0000] {logging_mixin.py:120} INFO - [2023-03-23T22:57:41.566+0000] {dag.py:2585} INFO - Sync 1 DAGs
[2023-03-23T22:57:41.593+0000] {logging_mixin.py:120} INFO - [2023-03-23T22:57:41.593+0000] {dag.py:3340} INFO - Setting next_dagrun for tutorial to 2023-03-23T22:51:32.856874+00:00, run_after=2023-03-24T22:51:32.856874+00:00
[2023-03-23T22:57:41.619+0000] {processor.py:176} INFO - Processing /home/airflow/.local/lib/python3.7/site-packages/airflow/example_dags/tutorial.py took 0.119 seconds
[2023-03-23T22:58:11.691+0000] {processor.py:154} INFO - Started process (PID=1124) to work on /home/airflow/.local/lib/python3.7/site-packages/airflow/example_dags/tutorial.py
[2023-03-23T22:58:11.692+0000] {processor.py:756} INFO - Processing file /home/airflow/.local/lib/python3.7/site-packages/airflow/example_dags/tutorial.py for tasks to queue
[2023-03-23T22:58:11.692+0000] {logging_mixin.py:120} INFO - [2023-03-23T22:58:11.692+0000] {dagbag.py:537} INFO - Filling up the DagBag from /home/airflow/.local/lib/python3.7/site-packages/airflow/example_dags/tutorial.py
[2023-03-23T22:58:11.705+0000] {processor.py:766} INFO - DAG(s) dict_keys(['tutorial']) retrieved from /home/airflow/.local/lib/python3.7/site-packages/airflow/example_dags/tutorial.py
[2023-03-23T22:58:11.747+0000] {logging_mixin.py:120} INFO - [2023-03-23T22:58:11.747+0000] {dag.py:2585} INFO - Sync 1 DAGs
[2023-03-23T22:58:11.773+0000] {logging_mixin.py:120} INFO - [2023-03-23T22:58:11.773+0000] {dag.py:3340} INFO - Setting next_dagrun for tutorial to 2023-03-23T22:51:32.856874+00:00, run_after=2023-03-24T22:51:32.856874+00:00
[2023-03-23T22:58:11.799+0000] {processor.py:176} INFO - Processing /home/airflow/.local/lib/python3.7/site-packages/airflow/example_dags/tutorial.py took 0.111 seconds
[2023-03-23T22:58:42.695+0000] {processor.py:154} INFO - Started process (PID=1178) to work on /home/airflow/.local/lib/python3.7/site-packages/airflow/example_dags/tutorial.py
[2023-03-23T22:58:42.696+0000] {processor.py:756} INFO - Processing file /home/airflow/.local/lib/python3.7/site-packages/airflow/example_dags/tutorial.py for tasks to queue
[2023-03-23T22:58:42.697+0000] {logging_mixin.py:120} INFO - [2023-03-23T22:58:42.696+0000] {dagbag.py:537} INFO - Filling up the DagBag from /home/airflow/.local/lib/python3.7/site-packages/airflow/example_dags/tutorial.py
[2023-03-23T22:58:42.709+0000] {processor.py:766} INFO - DAG(s) dict_keys(['tutorial']) retrieved from /home/airflow/.local/lib/python3.7/site-packages/airflow/example_dags/tutorial.py
[2023-03-23T22:58:42.748+0000] {logging_mixin.py:120} INFO - [2023-03-23T22:58:42.748+0000] {dag.py:2585} INFO - Sync 1 DAGs
[2023-03-23T22:58:42.777+0000] {logging_mixin.py:120} INFO - [2023-03-23T22:58:42.777+0000] {dag.py:3340} INFO - Setting next_dagrun for tutorial to 2023-03-23T22:51:32.856874+00:00, run_after=2023-03-24T22:51:32.856874+00:00
[2023-03-23T22:58:42.801+0000] {processor.py:176} INFO - Processing /home/airflow/.local/lib/python3.7/site-packages/airflow/example_dags/tutorial.py took 0.111 seconds
[2023-03-23T22:59:13.264+0000] {processor.py:154} INFO - Started process (PID=1241) to work on /home/airflow/.local/lib/python3.7/site-packages/airflow/example_dags/tutorial.py
[2023-03-23T22:59:13.265+0000] {processor.py:756} INFO - Processing file /home/airflow/.local/lib/python3.7/site-packages/airflow/example_dags/tutorial.py for tasks to queue
[2023-03-23T22:59:13.266+0000] {logging_mixin.py:120} INFO - [2023-03-23T22:59:13.266+0000] {dagbag.py:537} INFO - Filling up the DagBag from /home/airflow/.local/lib/python3.7/site-packages/airflow/example_dags/tutorial.py
[2023-03-23T22:59:13.279+0000] {processor.py:766} INFO - DAG(s) dict_keys(['tutorial']) retrieved from /home/airflow/.local/lib/python3.7/site-packages/airflow/example_dags/tutorial.py
[2023-03-23T22:59:13.318+0000] {logging_mixin.py:120} INFO - [2023-03-23T22:59:13.318+0000] {dag.py:2585} INFO - Sync 1 DAGs
[2023-03-23T22:59:13.345+0000] {logging_mixin.py:120} INFO - [2023-03-23T22:59:13.345+0000] {dag.py:3340} INFO - Setting next_dagrun for tutorial to 2023-03-23T22:51:32.856874+00:00, run_after=2023-03-24T22:51:32.856874+00:00
[2023-03-23T22:59:13.368+0000] {processor.py:176} INFO - Processing /home/airflow/.local/lib/python3.7/site-packages/airflow/example_dags/tutorial.py took 0.107 seconds
