[2023-03-23T22:48:44.806+0000] {processor.py:154} INFO - Started process (PID=70) to work on /home/airflow/.local/lib/python3.7/site-packages/airflow/example_dags/tutorial_dag.py
[2023-03-23T22:48:44.810+0000] {processor.py:756} INFO - Processing file /home/airflow/.local/lib/python3.7/site-packages/airflow/example_dags/tutorial_dag.py for tasks to queue
[2023-03-23T22:48:44.816+0000] {logging_mixin.py:120} INFO - [2023-03-23T22:48:44.816+0000] {dagbag.py:537} INFO - Filling up the DagBag from /home/airflow/.local/lib/python3.7/site-packages/airflow/example_dags/tutorial_dag.py
[2023-03-23T22:48:44.866+0000] {processor.py:766} INFO - DAG(s) dict_keys(['tutorial_dag']) retrieved from /home/airflow/.local/lib/python3.7/site-packages/airflow/example_dags/tutorial_dag.py
[2023-03-23T22:48:45.620+0000] {logging_mixin.py:120} INFO - [2023-03-23T22:48:45.619+0000] {manager.py:507} INFO - Created Permission View: can edit on DAG:tutorial_dag
[2023-03-23T22:48:45.691+0000] {logging_mixin.py:120} INFO - [2023-03-23T22:48:45.690+0000] {manager.py:507} INFO - Created Permission View: can read on DAG:tutorial_dag
[2023-03-23T22:48:45.745+0000] {logging_mixin.py:120} INFO - [2023-03-23T22:48:45.745+0000] {manager.py:507} INFO - Created Permission View: can delete on DAG:tutorial_dag
[2023-03-23T22:48:45.748+0000] {logging_mixin.py:120} INFO - [2023-03-23T22:48:45.747+0000] {dag.py:2585} INFO - Sync 1 DAGs
[2023-03-23T22:48:45.835+0000] {logging_mixin.py:120} INFO - [2023-03-23T22:48:45.834+0000] {dag.py:2606} INFO - Creating ORM DAG for tutorial_dag
[2023-03-23T22:48:45.899+0000] {logging_mixin.py:120} INFO - [2023-03-23T22:48:45.899+0000] {dag.py:3340} INFO - Setting next_dagrun for tutorial_dag to None, run_after=None
[2023-03-23T22:48:46.015+0000] {processor.py:176} INFO - Processing /home/airflow/.local/lib/python3.7/site-packages/airflow/example_dags/tutorial_dag.py took 1.219 seconds
[2023-03-23T22:49:18.338+0000] {processor.py:154} INFO - Started process (PID=124) to work on /home/airflow/.local/lib/python3.7/site-packages/airflow/example_dags/tutorial_dag.py
[2023-03-23T22:49:18.344+0000] {processor.py:756} INFO - Processing file /home/airflow/.local/lib/python3.7/site-packages/airflow/example_dags/tutorial_dag.py for tasks to queue
[2023-03-23T22:49:18.348+0000] {logging_mixin.py:120} INFO - [2023-03-23T22:49:18.347+0000] {dagbag.py:537} INFO - Filling up the DagBag from /home/airflow/.local/lib/python3.7/site-packages/airflow/example_dags/tutorial_dag.py
[2023-03-23T22:49:18.402+0000] {processor.py:766} INFO - DAG(s) dict_keys(['tutorial_dag']) retrieved from /home/airflow/.local/lib/python3.7/site-packages/airflow/example_dags/tutorial_dag.py
[2023-03-23T22:49:18.590+0000] {logging_mixin.py:120} INFO - [2023-03-23T22:49:18.589+0000] {dag.py:2585} INFO - Sync 1 DAGs
[2023-03-23T22:49:18.745+0000] {logging_mixin.py:120} INFO - [2023-03-23T22:49:18.744+0000] {dag.py:3340} INFO - Setting next_dagrun for tutorial_dag to None, run_after=None
[2023-03-23T22:49:18.868+0000] {processor.py:176} INFO - Processing /home/airflow/.local/lib/python3.7/site-packages/airflow/example_dags/tutorial_dag.py took 0.548 seconds
[2023-03-23T22:49:55.879+0000] {processor.py:154} INFO - Started process (PID=179) to work on /home/airflow/.local/lib/python3.7/site-packages/airflow/example_dags/tutorial_dag.py
[2023-03-23T22:49:55.889+0000] {processor.py:756} INFO - Processing file /home/airflow/.local/lib/python3.7/site-packages/airflow/example_dags/tutorial_dag.py for tasks to queue
[2023-03-23T22:49:55.891+0000] {logging_mixin.py:120} INFO - [2023-03-23T22:49:55.891+0000] {dagbag.py:537} INFO - Filling up the DagBag from /home/airflow/.local/lib/python3.7/site-packages/airflow/example_dags/tutorial_dag.py
[2023-03-23T22:49:55.968+0000] {processor.py:766} INFO - DAG(s) dict_keys(['tutorial_dag']) retrieved from /home/airflow/.local/lib/python3.7/site-packages/airflow/example_dags/tutorial_dag.py
[2023-03-23T22:49:56.118+0000] {logging_mixin.py:120} INFO - [2023-03-23T22:49:56.118+0000] {dag.py:2585} INFO - Sync 1 DAGs
[2023-03-23T22:49:56.199+0000] {logging_mixin.py:120} INFO - [2023-03-23T22:49:56.199+0000] {dag.py:3340} INFO - Setting next_dagrun for tutorial_dag to None, run_after=None
[2023-03-23T22:49:56.299+0000] {processor.py:176} INFO - Processing /home/airflow/.local/lib/python3.7/site-packages/airflow/example_dags/tutorial_dag.py took 0.425 seconds
[2023-03-23T22:50:30.421+0000] {processor.py:154} INFO - Started process (PID=233) to work on /home/airflow/.local/lib/python3.7/site-packages/airflow/example_dags/tutorial_dag.py
[2023-03-23T22:50:30.434+0000] {processor.py:756} INFO - Processing file /home/airflow/.local/lib/python3.7/site-packages/airflow/example_dags/tutorial_dag.py for tasks to queue
[2023-03-23T22:50:30.437+0000] {logging_mixin.py:120} INFO - [2023-03-23T22:50:30.436+0000] {dagbag.py:537} INFO - Filling up the DagBag from /home/airflow/.local/lib/python3.7/site-packages/airflow/example_dags/tutorial_dag.py
[2023-03-23T22:50:30.501+0000] {processor.py:766} INFO - DAG(s) dict_keys(['tutorial_dag']) retrieved from /home/airflow/.local/lib/python3.7/site-packages/airflow/example_dags/tutorial_dag.py
[2023-03-23T22:50:30.668+0000] {logging_mixin.py:120} INFO - [2023-03-23T22:50:30.668+0000] {dag.py:2585} INFO - Sync 1 DAGs
[2023-03-23T22:50:30.795+0000] {logging_mixin.py:120} INFO - [2023-03-23T22:50:30.795+0000] {dag.py:3340} INFO - Setting next_dagrun for tutorial_dag to None, run_after=None
[2023-03-23T22:50:30.855+0000] {processor.py:176} INFO - Processing /home/airflow/.local/lib/python3.7/site-packages/airflow/example_dags/tutorial_dag.py took 0.440 seconds
[2023-03-23T22:51:01.286+0000] {processor.py:154} INFO - Started process (PID=287) to work on /home/airflow/.local/lib/python3.7/site-packages/airflow/example_dags/tutorial_dag.py
[2023-03-23T22:51:01.295+0000] {processor.py:756} INFO - Processing file /home/airflow/.local/lib/python3.7/site-packages/airflow/example_dags/tutorial_dag.py for tasks to queue
[2023-03-23T22:51:01.297+0000] {logging_mixin.py:120} INFO - [2023-03-23T22:51:01.296+0000] {dagbag.py:537} INFO - Filling up the DagBag from /home/airflow/.local/lib/python3.7/site-packages/airflow/example_dags/tutorial_dag.py
[2023-03-23T22:51:01.353+0000] {processor.py:766} INFO - DAG(s) dict_keys(['tutorial_dag']) retrieved from /home/airflow/.local/lib/python3.7/site-packages/airflow/example_dags/tutorial_dag.py
[2023-03-23T22:51:01.573+0000] {logging_mixin.py:120} INFO - [2023-03-23T22:51:01.573+0000] {dag.py:2585} INFO - Sync 1 DAGs
[2023-03-23T22:51:01.725+0000] {logging_mixin.py:120} INFO - [2023-03-23T22:51:01.714+0000] {dag.py:3340} INFO - Setting next_dagrun for tutorial_dag to None, run_after=None
[2023-03-23T22:51:01.809+0000] {processor.py:176} INFO - Processing /home/airflow/.local/lib/python3.7/site-packages/airflow/example_dags/tutorial_dag.py took 0.528 seconds
[2023-03-23T22:51:35.801+0000] {processor.py:154} INFO - Started process (PID=342) to work on /home/airflow/.local/lib/python3.7/site-packages/airflow/example_dags/tutorial_dag.py
[2023-03-23T22:51:35.823+0000] {processor.py:756} INFO - Processing file /home/airflow/.local/lib/python3.7/site-packages/airflow/example_dags/tutorial_dag.py for tasks to queue
[2023-03-23T22:51:35.825+0000] {logging_mixin.py:120} INFO - [2023-03-23T22:51:35.824+0000] {dagbag.py:537} INFO - Filling up the DagBag from /home/airflow/.local/lib/python3.7/site-packages/airflow/example_dags/tutorial_dag.py
[2023-03-23T22:51:35.867+0000] {processor.py:766} INFO - DAG(s) dict_keys(['tutorial_dag']) retrieved from /home/airflow/.local/lib/python3.7/site-packages/airflow/example_dags/tutorial_dag.py
[2023-03-23T22:51:36.013+0000] {logging_mixin.py:120} INFO - [2023-03-23T22:51:36.013+0000] {dag.py:2585} INFO - Sync 1 DAGs
[2023-03-23T22:51:36.098+0000] {logging_mixin.py:120} INFO - [2023-03-23T22:51:36.098+0000] {dag.py:3340} INFO - Setting next_dagrun for tutorial_dag to None, run_after=None
[2023-03-23T22:51:36.190+0000] {processor.py:176} INFO - Processing /home/airflow/.local/lib/python3.7/site-packages/airflow/example_dags/tutorial_dag.py took 0.393 seconds
[2023-03-23T22:52:06.755+0000] {processor.py:154} INFO - Started process (PID=400) to work on /home/airflow/.local/lib/python3.7/site-packages/airflow/example_dags/tutorial_dag.py
[2023-03-23T22:52:06.757+0000] {processor.py:756} INFO - Processing file /home/airflow/.local/lib/python3.7/site-packages/airflow/example_dags/tutorial_dag.py for tasks to queue
[2023-03-23T22:52:06.758+0000] {logging_mixin.py:120} INFO - [2023-03-23T22:52:06.758+0000] {dagbag.py:537} INFO - Filling up the DagBag from /home/airflow/.local/lib/python3.7/site-packages/airflow/example_dags/tutorial_dag.py
[2023-03-23T22:52:06.780+0000] {processor.py:766} INFO - DAG(s) dict_keys(['tutorial_dag']) retrieved from /home/airflow/.local/lib/python3.7/site-packages/airflow/example_dags/tutorial_dag.py
[2023-03-23T22:52:06.936+0000] {logging_mixin.py:120} INFO - [2023-03-23T22:52:06.936+0000] {dag.py:2585} INFO - Sync 1 DAGs
[2023-03-23T22:52:07.041+0000] {logging_mixin.py:120} INFO - [2023-03-23T22:52:07.041+0000] {dag.py:3340} INFO - Setting next_dagrun for tutorial_dag to None, run_after=None
[2023-03-23T22:52:07.147+0000] {processor.py:176} INFO - Processing /home/airflow/.local/lib/python3.7/site-packages/airflow/example_dags/tutorial_dag.py took 0.397 seconds
[2023-03-23T22:52:37.317+0000] {processor.py:154} INFO - Started process (PID=469) to work on /home/airflow/.local/lib/python3.7/site-packages/airflow/example_dags/tutorial_dag.py
[2023-03-23T22:52:37.319+0000] {processor.py:756} INFO - Processing file /home/airflow/.local/lib/python3.7/site-packages/airflow/example_dags/tutorial_dag.py for tasks to queue
[2023-03-23T22:52:37.320+0000] {logging_mixin.py:120} INFO - [2023-03-23T22:52:37.319+0000] {dagbag.py:537} INFO - Filling up the DagBag from /home/airflow/.local/lib/python3.7/site-packages/airflow/example_dags/tutorial_dag.py
[2023-03-23T22:52:37.334+0000] {processor.py:766} INFO - DAG(s) dict_keys(['tutorial_dag']) retrieved from /home/airflow/.local/lib/python3.7/site-packages/airflow/example_dags/tutorial_dag.py
[2023-03-23T22:52:37.382+0000] {logging_mixin.py:120} INFO - [2023-03-23T22:52:37.382+0000] {dag.py:2585} INFO - Sync 1 DAGs
[2023-03-23T22:52:37.412+0000] {logging_mixin.py:120} INFO - [2023-03-23T22:52:37.412+0000] {dag.py:3340} INFO - Setting next_dagrun for tutorial_dag to None, run_after=None
[2023-03-23T22:52:37.437+0000] {processor.py:176} INFO - Processing /home/airflow/.local/lib/python3.7/site-packages/airflow/example_dags/tutorial_dag.py took 0.122 seconds
[2023-03-23T22:53:07.983+0000] {processor.py:154} INFO - Started process (PID=523) to work on /home/airflow/.local/lib/python3.7/site-packages/airflow/example_dags/tutorial_dag.py
[2023-03-23T22:53:07.984+0000] {processor.py:756} INFO - Processing file /home/airflow/.local/lib/python3.7/site-packages/airflow/example_dags/tutorial_dag.py for tasks to queue
[2023-03-23T22:53:07.985+0000] {logging_mixin.py:120} INFO - [2023-03-23T22:53:07.985+0000] {dagbag.py:537} INFO - Filling up the DagBag from /home/airflow/.local/lib/python3.7/site-packages/airflow/example_dags/tutorial_dag.py
[2023-03-23T22:53:08.000+0000] {processor.py:766} INFO - DAG(s) dict_keys(['tutorial_dag']) retrieved from /home/airflow/.local/lib/python3.7/site-packages/airflow/example_dags/tutorial_dag.py
[2023-03-23T22:53:08.054+0000] {logging_mixin.py:120} INFO - [2023-03-23T22:53:08.054+0000] {dag.py:2585} INFO - Sync 1 DAGs
[2023-03-23T22:53:08.081+0000] {logging_mixin.py:120} INFO - [2023-03-23T22:53:08.081+0000] {dag.py:3340} INFO - Setting next_dagrun for tutorial_dag to None, run_after=None
[2023-03-23T22:53:08.111+0000] {processor.py:176} INFO - Processing /home/airflow/.local/lib/python3.7/site-packages/airflow/example_dags/tutorial_dag.py took 0.131 seconds
[2023-03-23T22:53:38.481+0000] {processor.py:154} INFO - Started process (PID=586) to work on /home/airflow/.local/lib/python3.7/site-packages/airflow/example_dags/tutorial_dag.py
[2023-03-23T22:53:38.482+0000] {processor.py:756} INFO - Processing file /home/airflow/.local/lib/python3.7/site-packages/airflow/example_dags/tutorial_dag.py for tasks to queue
[2023-03-23T22:53:38.483+0000] {logging_mixin.py:120} INFO - [2023-03-23T22:53:38.483+0000] {dagbag.py:537} INFO - Filling up the DagBag from /home/airflow/.local/lib/python3.7/site-packages/airflow/example_dags/tutorial_dag.py
[2023-03-23T22:53:38.497+0000] {processor.py:766} INFO - DAG(s) dict_keys(['tutorial_dag']) retrieved from /home/airflow/.local/lib/python3.7/site-packages/airflow/example_dags/tutorial_dag.py
[2023-03-23T22:53:38.539+0000] {logging_mixin.py:120} INFO - [2023-03-23T22:53:38.539+0000] {dag.py:2585} INFO - Sync 1 DAGs
[2023-03-23T22:53:38.565+0000] {logging_mixin.py:120} INFO - [2023-03-23T22:53:38.565+0000] {dag.py:3340} INFO - Setting next_dagrun for tutorial_dag to None, run_after=None
[2023-03-23T22:53:38.595+0000] {processor.py:176} INFO - Processing /home/airflow/.local/lib/python3.7/site-packages/airflow/example_dags/tutorial_dag.py took 0.117 seconds
[2023-03-23T22:54:09.146+0000] {processor.py:154} INFO - Started process (PID=640) to work on /home/airflow/.local/lib/python3.7/site-packages/airflow/example_dags/tutorial_dag.py
[2023-03-23T22:54:09.147+0000] {processor.py:756} INFO - Processing file /home/airflow/.local/lib/python3.7/site-packages/airflow/example_dags/tutorial_dag.py for tasks to queue
[2023-03-23T22:54:09.148+0000] {logging_mixin.py:120} INFO - [2023-03-23T22:54:09.148+0000] {dagbag.py:537} INFO - Filling up the DagBag from /home/airflow/.local/lib/python3.7/site-packages/airflow/example_dags/tutorial_dag.py
[2023-03-23T22:54:09.160+0000] {processor.py:766} INFO - DAG(s) dict_keys(['tutorial_dag']) retrieved from /home/airflow/.local/lib/python3.7/site-packages/airflow/example_dags/tutorial_dag.py
[2023-03-23T22:54:09.199+0000] {logging_mixin.py:120} INFO - [2023-03-23T22:54:09.199+0000] {dag.py:2585} INFO - Sync 1 DAGs
[2023-03-23T22:54:09.228+0000] {logging_mixin.py:120} INFO - [2023-03-23T22:54:09.228+0000] {dag.py:3340} INFO - Setting next_dagrun for tutorial_dag to None, run_after=None
[2023-03-23T22:54:09.253+0000] {processor.py:176} INFO - Processing /home/airflow/.local/lib/python3.7/site-packages/airflow/example_dags/tutorial_dag.py took 0.110 seconds
[2023-03-23T22:54:39.389+0000] {processor.py:154} INFO - Started process (PID=702) to work on /home/airflow/.local/lib/python3.7/site-packages/airflow/example_dags/tutorial_dag.py
[2023-03-23T22:54:39.390+0000] {processor.py:756} INFO - Processing file /home/airflow/.local/lib/python3.7/site-packages/airflow/example_dags/tutorial_dag.py for tasks to queue
[2023-03-23T22:54:39.392+0000] {logging_mixin.py:120} INFO - [2023-03-23T22:54:39.391+0000] {dagbag.py:537} INFO - Filling up the DagBag from /home/airflow/.local/lib/python3.7/site-packages/airflow/example_dags/tutorial_dag.py
[2023-03-23T22:54:39.414+0000] {processor.py:766} INFO - DAG(s) dict_keys(['tutorial_dag']) retrieved from /home/airflow/.local/lib/python3.7/site-packages/airflow/example_dags/tutorial_dag.py
[2023-03-23T22:54:39.497+0000] {logging_mixin.py:120} INFO - [2023-03-23T22:54:39.497+0000] {dag.py:2585} INFO - Sync 1 DAGs
[2023-03-23T22:54:39.538+0000] {logging_mixin.py:120} INFO - [2023-03-23T22:54:39.538+0000] {dag.py:3340} INFO - Setting next_dagrun for tutorial_dag to None, run_after=None
[2023-03-23T22:54:39.583+0000] {processor.py:176} INFO - Processing /home/airflow/.local/lib/python3.7/site-packages/airflow/example_dags/tutorial_dag.py took 0.198 seconds
[2023-03-23T22:55:09.695+0000] {processor.py:154} INFO - Started process (PID=758) to work on /home/airflow/.local/lib/python3.7/site-packages/airflow/example_dags/tutorial_dag.py
[2023-03-23T22:55:09.696+0000] {processor.py:756} INFO - Processing file /home/airflow/.local/lib/python3.7/site-packages/airflow/example_dags/tutorial_dag.py for tasks to queue
[2023-03-23T22:55:09.697+0000] {logging_mixin.py:120} INFO - [2023-03-23T22:55:09.697+0000] {dagbag.py:537} INFO - Filling up the DagBag from /home/airflow/.local/lib/python3.7/site-packages/airflow/example_dags/tutorial_dag.py
[2023-03-23T22:55:09.711+0000] {processor.py:766} INFO - DAG(s) dict_keys(['tutorial_dag']) retrieved from /home/airflow/.local/lib/python3.7/site-packages/airflow/example_dags/tutorial_dag.py
[2023-03-23T22:55:09.754+0000] {logging_mixin.py:120} INFO - [2023-03-23T22:55:09.754+0000] {dag.py:2585} INFO - Sync 1 DAGs
[2023-03-23T22:55:09.780+0000] {logging_mixin.py:120} INFO - [2023-03-23T22:55:09.780+0000] {dag.py:3340} INFO - Setting next_dagrun for tutorial_dag to None, run_after=None
[2023-03-23T22:55:09.804+0000] {processor.py:176} INFO - Processing /home/airflow/.local/lib/python3.7/site-packages/airflow/example_dags/tutorial_dag.py took 0.112 seconds
[2023-03-23T22:55:39.862+0000] {processor.py:154} INFO - Started process (PID=819) to work on /home/airflow/.local/lib/python3.7/site-packages/airflow/example_dags/tutorial_dag.py
[2023-03-23T22:55:39.863+0000] {processor.py:756} INFO - Processing file /home/airflow/.local/lib/python3.7/site-packages/airflow/example_dags/tutorial_dag.py for tasks to queue
[2023-03-23T22:55:39.864+0000] {logging_mixin.py:120} INFO - [2023-03-23T22:55:39.864+0000] {dagbag.py:537} INFO - Filling up the DagBag from /home/airflow/.local/lib/python3.7/site-packages/airflow/example_dags/tutorial_dag.py
[2023-03-23T22:55:39.877+0000] {processor.py:766} INFO - DAG(s) dict_keys(['tutorial_dag']) retrieved from /home/airflow/.local/lib/python3.7/site-packages/airflow/example_dags/tutorial_dag.py
[2023-03-23T22:55:39.921+0000] {logging_mixin.py:120} INFO - [2023-03-23T22:55:39.920+0000] {dag.py:2585} INFO - Sync 1 DAGs
[2023-03-23T22:55:39.945+0000] {logging_mixin.py:120} INFO - [2023-03-23T22:55:39.945+0000] {dag.py:3340} INFO - Setting next_dagrun for tutorial_dag to None, run_after=None
[2023-03-23T22:55:39.967+0000] {processor.py:176} INFO - Processing /home/airflow/.local/lib/python3.7/site-packages/airflow/example_dags/tutorial_dag.py took 0.108 seconds
[2023-03-23T22:56:10.449+0000] {processor.py:154} INFO - Started process (PID=882) to work on /home/airflow/.local/lib/python3.7/site-packages/airflow/example_dags/tutorial_dag.py
[2023-03-23T22:56:10.450+0000] {processor.py:756} INFO - Processing file /home/airflow/.local/lib/python3.7/site-packages/airflow/example_dags/tutorial_dag.py for tasks to queue
[2023-03-23T22:56:10.451+0000] {logging_mixin.py:120} INFO - [2023-03-23T22:56:10.451+0000] {dagbag.py:537} INFO - Filling up the DagBag from /home/airflow/.local/lib/python3.7/site-packages/airflow/example_dags/tutorial_dag.py
[2023-03-23T22:56:10.463+0000] {processor.py:766} INFO - DAG(s) dict_keys(['tutorial_dag']) retrieved from /home/airflow/.local/lib/python3.7/site-packages/airflow/example_dags/tutorial_dag.py
[2023-03-23T22:56:10.513+0000] {logging_mixin.py:120} INFO - [2023-03-23T22:56:10.513+0000] {dag.py:2585} INFO - Sync 1 DAGs
[2023-03-23T22:56:10.546+0000] {logging_mixin.py:120} INFO - [2023-03-23T22:56:10.546+0000] {dag.py:3340} INFO - Setting next_dagrun for tutorial_dag to None, run_after=None
[2023-03-23T22:56:10.594+0000] {processor.py:176} INFO - Processing /home/airflow/.local/lib/python3.7/site-packages/airflow/example_dags/tutorial_dag.py took 0.148 seconds
[2023-03-23T22:56:40.959+0000] {processor.py:154} INFO - Started process (PID=945) to work on /home/airflow/.local/lib/python3.7/site-packages/airflow/example_dags/tutorial_dag.py
[2023-03-23T22:56:40.959+0000] {processor.py:756} INFO - Processing file /home/airflow/.local/lib/python3.7/site-packages/airflow/example_dags/tutorial_dag.py for tasks to queue
[2023-03-23T22:56:40.960+0000] {logging_mixin.py:120} INFO - [2023-03-23T22:56:40.960+0000] {dagbag.py:537} INFO - Filling up the DagBag from /home/airflow/.local/lib/python3.7/site-packages/airflow/example_dags/tutorial_dag.py
[2023-03-23T22:56:40.973+0000] {processor.py:766} INFO - DAG(s) dict_keys(['tutorial_dag']) retrieved from /home/airflow/.local/lib/python3.7/site-packages/airflow/example_dags/tutorial_dag.py
[2023-03-23T22:56:41.012+0000] {logging_mixin.py:120} INFO - [2023-03-23T22:56:41.012+0000] {dag.py:2585} INFO - Sync 1 DAGs
[2023-03-23T22:56:41.040+0000] {logging_mixin.py:120} INFO - [2023-03-23T22:56:41.039+0000] {dag.py:3340} INFO - Setting next_dagrun for tutorial_dag to None, run_after=None
[2023-03-23T22:56:41.062+0000] {processor.py:176} INFO - Processing /home/airflow/.local/lib/python3.7/site-packages/airflow/example_dags/tutorial_dag.py took 0.107 seconds
[2023-03-23T22:57:11.466+0000] {processor.py:154} INFO - Started process (PID=999) to work on /home/airflow/.local/lib/python3.7/site-packages/airflow/example_dags/tutorial_dag.py
[2023-03-23T22:57:11.467+0000] {processor.py:756} INFO - Processing file /home/airflow/.local/lib/python3.7/site-packages/airflow/example_dags/tutorial_dag.py for tasks to queue
[2023-03-23T22:57:11.468+0000] {logging_mixin.py:120} INFO - [2023-03-23T22:57:11.468+0000] {dagbag.py:537} INFO - Filling up the DagBag from /home/airflow/.local/lib/python3.7/site-packages/airflow/example_dags/tutorial_dag.py
[2023-03-23T22:57:11.480+0000] {processor.py:766} INFO - DAG(s) dict_keys(['tutorial_dag']) retrieved from /home/airflow/.local/lib/python3.7/site-packages/airflow/example_dags/tutorial_dag.py
[2023-03-23T22:57:11.525+0000] {logging_mixin.py:120} INFO - [2023-03-23T22:57:11.524+0000] {dag.py:2585} INFO - Sync 1 DAGs
[2023-03-23T22:57:11.558+0000] {logging_mixin.py:120} INFO - [2023-03-23T22:57:11.558+0000] {dag.py:3340} INFO - Setting next_dagrun for tutorial_dag to None, run_after=None
[2023-03-23T22:57:11.584+0000] {processor.py:176} INFO - Processing /home/airflow/.local/lib/python3.7/site-packages/airflow/example_dags/tutorial_dag.py took 0.122 seconds
[2023-03-23T22:57:42.537+0000] {processor.py:154} INFO - Started process (PID=1062) to work on /home/airflow/.local/lib/python3.7/site-packages/airflow/example_dags/tutorial_dag.py
[2023-03-23T22:57:42.538+0000] {processor.py:756} INFO - Processing file /home/airflow/.local/lib/python3.7/site-packages/airflow/example_dags/tutorial_dag.py for tasks to queue
[2023-03-23T22:57:42.539+0000] {logging_mixin.py:120} INFO - [2023-03-23T22:57:42.539+0000] {dagbag.py:537} INFO - Filling up the DagBag from /home/airflow/.local/lib/python3.7/site-packages/airflow/example_dags/tutorial_dag.py
[2023-03-23T22:57:42.552+0000] {processor.py:766} INFO - DAG(s) dict_keys(['tutorial_dag']) retrieved from /home/airflow/.local/lib/python3.7/site-packages/airflow/example_dags/tutorial_dag.py
[2023-03-23T22:57:42.593+0000] {logging_mixin.py:120} INFO - [2023-03-23T22:57:42.593+0000] {dag.py:2585} INFO - Sync 1 DAGs
[2023-03-23T22:57:42.617+0000] {logging_mixin.py:120} INFO - [2023-03-23T22:57:42.616+0000] {dag.py:3340} INFO - Setting next_dagrun for tutorial_dag to None, run_after=None
[2023-03-23T22:57:42.644+0000] {processor.py:176} INFO - Processing /home/airflow/.local/lib/python3.7/site-packages/airflow/example_dags/tutorial_dag.py took 0.110 seconds
[2023-03-23T22:58:12.850+0000] {processor.py:154} INFO - Started process (PID=1125) to work on /home/airflow/.local/lib/python3.7/site-packages/airflow/example_dags/tutorial_dag.py
[2023-03-23T22:58:12.851+0000] {processor.py:756} INFO - Processing file /home/airflow/.local/lib/python3.7/site-packages/airflow/example_dags/tutorial_dag.py for tasks to queue
[2023-03-23T22:58:12.852+0000] {logging_mixin.py:120} INFO - [2023-03-23T22:58:12.852+0000] {dagbag.py:537} INFO - Filling up the DagBag from /home/airflow/.local/lib/python3.7/site-packages/airflow/example_dags/tutorial_dag.py
[2023-03-23T22:58:12.864+0000] {processor.py:766} INFO - DAG(s) dict_keys(['tutorial_dag']) retrieved from /home/airflow/.local/lib/python3.7/site-packages/airflow/example_dags/tutorial_dag.py
[2023-03-23T22:58:12.905+0000] {logging_mixin.py:120} INFO - [2023-03-23T22:58:12.904+0000] {dag.py:2585} INFO - Sync 1 DAGs
[2023-03-23T22:58:12.926+0000] {logging_mixin.py:120} INFO - [2023-03-23T22:58:12.926+0000] {dag.py:3340} INFO - Setting next_dagrun for tutorial_dag to None, run_after=None
[2023-03-23T22:58:12.953+0000] {processor.py:176} INFO - Processing /home/airflow/.local/lib/python3.7/site-packages/airflow/example_dags/tutorial_dag.py took 0.106 seconds
[2023-03-23T22:58:43.727+0000] {processor.py:154} INFO - Started process (PID=1179) to work on /home/airflow/.local/lib/python3.7/site-packages/airflow/example_dags/tutorial_dag.py
[2023-03-23T22:58:43.728+0000] {processor.py:756} INFO - Processing file /home/airflow/.local/lib/python3.7/site-packages/airflow/example_dags/tutorial_dag.py for tasks to queue
[2023-03-23T22:58:43.729+0000] {logging_mixin.py:120} INFO - [2023-03-23T22:58:43.729+0000] {dagbag.py:537} INFO - Filling up the DagBag from /home/airflow/.local/lib/python3.7/site-packages/airflow/example_dags/tutorial_dag.py
[2023-03-23T22:58:43.746+0000] {processor.py:766} INFO - DAG(s) dict_keys(['tutorial_dag']) retrieved from /home/airflow/.local/lib/python3.7/site-packages/airflow/example_dags/tutorial_dag.py
[2023-03-23T22:58:43.789+0000] {logging_mixin.py:120} INFO - [2023-03-23T22:58:43.788+0000] {dag.py:2585} INFO - Sync 1 DAGs
[2023-03-23T22:58:43.814+0000] {logging_mixin.py:120} INFO - [2023-03-23T22:58:43.813+0000] {dag.py:3340} INFO - Setting next_dagrun for tutorial_dag to None, run_after=None
[2023-03-23T22:58:43.836+0000] {processor.py:176} INFO - Processing /home/airflow/.local/lib/python3.7/site-packages/airflow/example_dags/tutorial_dag.py took 0.114 seconds
[2023-03-23T22:59:14.324+0000] {processor.py:154} INFO - Started process (PID=1242) to work on /home/airflow/.local/lib/python3.7/site-packages/airflow/example_dags/tutorial_dag.py
[2023-03-23T22:59:14.325+0000] {processor.py:756} INFO - Processing file /home/airflow/.local/lib/python3.7/site-packages/airflow/example_dags/tutorial_dag.py for tasks to queue
[2023-03-23T22:59:14.326+0000] {logging_mixin.py:120} INFO - [2023-03-23T22:59:14.326+0000] {dagbag.py:537} INFO - Filling up the DagBag from /home/airflow/.local/lib/python3.7/site-packages/airflow/example_dags/tutorial_dag.py
[2023-03-23T22:59:14.342+0000] {processor.py:766} INFO - DAG(s) dict_keys(['tutorial_dag']) retrieved from /home/airflow/.local/lib/python3.7/site-packages/airflow/example_dags/tutorial_dag.py
[2023-03-23T22:59:14.392+0000] {logging_mixin.py:120} INFO - [2023-03-23T22:59:14.392+0000] {dag.py:2585} INFO - Sync 1 DAGs
[2023-03-23T22:59:14.426+0000] {logging_mixin.py:120} INFO - [2023-03-23T22:59:14.426+0000] {dag.py:3340} INFO - Setting next_dagrun for tutorial_dag to None, run_after=None
[2023-03-23T22:59:14.452+0000] {processor.py:176} INFO - Processing /home/airflow/.local/lib/python3.7/site-packages/airflow/example_dags/tutorial_dag.py took 0.133 seconds
